[32m[Pascal][0m Running with ['cores', 'input', 'repetitions']
[32m[Pascal][0m Cores: 128 Input: 0 
[32m[Pascal][0m Total time 0.019929170608520508
[32m[Pascal][0m Total time 0.015182018280029297
[32m[Pascal][0m Total time 0.016178607940673828
[32m[Pascal][0m Total time 0.017236948013305664
[32m[Pascal][0m Total time 0.016229867935180664
[32m[Pascal][0m Total time 0.017337322235107422
[32m[Pascal][0m Total time 0.01823902130126953
[32m[Pascal][0m Total time 0.015573263168334961
[32m[Pascal][0m Total time 0.0177609920501709
[32m[Pascal][0m Total time 0.015876293182373047
[32m[Pascal][0m Cores: 128 Input: 1 
[32m[Pascal][0m Total time 0.0202028751373291
[32m[Pascal][0m Total time 0.020109176635742188
[32m[Pascal][0m Total time 0.020009756088256836
[32m[Pascal][0m Total time 0.02090287208557129
[32m[Pascal][0m Total time 0.024251937866210938
[32m[Pascal][0m Total time 0.02358102798461914
[32m[Pascal][0m Total time 0.017365455627441406
[32m[Pascal][0m Total time 0.02013707160949707
[32m[Pascal][0m Total time 0.020811796188354492
[32m[Pascal][0m Total time 0.02161884307861328
[32m[Pascal][0m Cores: 128 Input: 2 
[32m[Pascal][0m Total time 0.039906978607177734
[32m[Pascal][0m Total time 0.0422513484954834
[32m[Pascal][0m Total time 0.04332685470581055
[32m[Pascal][0m Total time 0.04175376892089844
[32m[Pascal][0m Total time 0.042386531829833984
[32m[Pascal][0m Total time 0.0421595573425293
[32m[Pascal][0m Total time 0.04096579551696777
[32m[Pascal][0m Total time 0.042958736419677734
[32m[Pascal][0m Total time 0.038492679595947266
[32m[Pascal][0m Total time 0.0382540225982666
[32m[Pascal][0m Cores: 128 Input: 3 
[32m[Pascal][0m Total time 0.16678452491760254
[32m[Pascal][0m Total time 0.17308950424194336
[32m[Pascal][0m Total time 0.17319941520690918
[32m[Pascal][0m Total time 0.18239593505859375
[32m[Pascal][0m Total time 0.1728057861328125
[32m[Pascal][0m Total time 0.16813302040100098
[32m[Pascal][0m Total time 0.1738142967224121
[32m[Pascal][0m Total time 0.17235374450683594
[32m[Pascal][0m Total time 0.18244552612304688
[32m[Pascal][0m Total time 0.18007516860961914
[32m[Pascal][0m Cores: 128 Input: 4 
[32m[Pascal][0m Total time 1.1534781455993652
[32m[Pascal][0m Total time 1.1363167762756348
[32m[Pascal][0m Total time 1.148449420928955
[32m[Pascal][0m Total time 1.1499335765838623
[32m[Pascal][0m Total time 1.1886708736419678
[32m[Pascal][0m Total time 1.1790556907653809
[32m[Pascal][0m Total time 1.1802163124084473
[32m[Pascal][0m Total time 1.204573392868042
[32m[Pascal][0m Total time 1.1114075183868408
[32m[Pascal][0m Total time 1.1487071514129639
[32m[Pascal][0m Cores: 64 Input: 0 
[32m[Pascal][0m Total time 0.015245437622070312
[32m[Pascal][0m Total time 0.014299869537353516
[32m[Pascal][0m Total time 0.013574361801147461
[32m[Pascal][0m Total time 0.012909412384033203
[32m[Pascal][0m Total time 0.012536048889160156
[32m[Pascal][0m Total time 0.011659383773803711
[32m[Pascal][0m Total time 0.013324737548828125
[32m[Pascal][0m Total time 0.012804269790649414
[32m[Pascal][0m Total time 0.011509418487548828
[32m[Pascal][0m Total time 0.011320114135742188
[32m[Pascal][0m Cores: 64 Input: 1 
[32m[Pascal][0m Total time 0.017934560775756836
[32m[Pascal][0m Total time 0.0177309513092041
[32m[Pascal][0m Total time 0.018019914627075195
[32m[Pascal][0m Total time 0.017152786254882812
[32m[Pascal][0m Total time 0.018407821655273438
[32m[Pascal][0m Total time 0.016615867614746094
[32m[Pascal][0m Total time 0.01706099510192871
[32m[Pascal][0m Total time 0.016709566116333008
[32m[Pascal][0m Total time 0.015741348266601562
[32m[Pascal][0m Total time 0.017078161239624023
[32m[Pascal][0m Cores: 64 Input: 2 
[32m[Pascal][0m Total time 0.04591703414916992
[32m[Pascal][0m Total time 0.04627680778503418
[32m[Pascal][0m Total time 0.04541730880737305
[32m[Pascal][0m Total time 0.04769396781921387
[32m[Pascal][0m Total time 0.045916080474853516
[32m[Pascal][0m Total time 0.046120405197143555
[32m[Pascal][0m Total time 0.04651904106140137
[32m[Pascal][0m Total time 0.04575347900390625
[32m[Pascal][0m Total time 0.04783153533935547
[32m[Pascal][0m Total time 0.07729148864746094
[32m[Pascal][0m Cores: 64 Input: 3 
[32m[Pascal][0m Total time 0.26207923889160156
[32m[Pascal][0m Total time 0.26476120948791504
[32m[Pascal][0m Total time 0.26836299896240234
[32m[Pascal][0m Total time 0.263355016708374
[32m[Pascal][0m Total time 0.3219907283782959
[32m[Pascal][0m Total time 0.2683389186859131
[32m[Pascal][0m Total time 0.26341700553894043
[32m[Pascal][0m Total time 0.26320528984069824
[32m[Pascal][0m Total time 0.26460790634155273
[32m[Pascal][0m Total time 0.264894962310791
[32m[Pascal][0m Cores: 64 Input: 4 
[32m[Pascal][0m Total time 1.861711025238037
[32m[Pascal][0m Total time 1.883194923400879
[32m[Pascal][0m Total time 1.8533637523651123
[32m[Pascal][0m Total time 1.8546748161315918
[32m[Pascal][0m Total time 1.8726022243499756
[32m[Pascal][0m Total time 1.8639211654663086
[32m[Pascal][0m Total time 1.8891749382019043
[32m[Pascal][0m Total time 1.8724298477172852
[32m[Pascal][0m Total time 1.9003102779388428
[32m[Pascal][0m Total time 1.8898587226867676
[32m[Pascal][0m Cores: 32 Input: 0 
[32m[Pascal][0m Total time 0.011530399322509766
[32m[Pascal][0m Total time 0.01170969009399414
[32m[Pascal][0m Total time 0.011532068252563477
[32m[Pascal][0m Total time 0.010946512222290039
[32m[Pascal][0m Total time 0.010829448699951172
[32m[Pascal][0m Total time 0.00997781753540039
[32m[Pascal][0m Total time 0.009942770004272461
[32m[Pascal][0m Total time 0.010080337524414062
[32m[Pascal][0m Total time 0.009269475936889648
[32m[Pascal][0m Total time 0.00937509536743164
[32m[Pascal][0m Cores: 32 Input: 1 
[32m[Pascal][0m Total time 0.016008853912353516
[32m[Pascal][0m Total time 0.016213655471801758
[32m[Pascal][0m Total time 0.016254663467407227
[32m[Pascal][0m Total time 0.016190767288208008
[32m[Pascal][0m Total time 0.015978336334228516
[32m[Pascal][0m Total time 0.016458511352539062
[32m[Pascal][0m Total time 0.016876220703125
[32m[Pascal][0m Total time 0.017464876174926758
[32m[Pascal][0m Total time 0.015513181686401367
[32m[Pascal][0m Total time 0.01605677604675293
[32m[Pascal][0m Cores: 32 Input: 2 
[32m[Pascal][0m Total time 0.06151700019836426
[32m[Pascal][0m Total time 0.061675071716308594
[32m[Pascal][0m Total time 0.062215328216552734
[32m[Pascal][0m Total time 0.06262493133544922
[32m[Pascal][0m Total time 0.06259775161743164
[32m[Pascal][0m Total time 0.06216764450073242
[32m[Pascal][0m Total time 0.06205606460571289
[32m[Pascal][0m Total time 0.06174206733703613
[32m[Pascal][0m Total time 0.06205344200134277
[32m[Pascal][0m Total time 0.06220579147338867
[32m[Pascal][0m Cores: 32 Input: 3 
[32m[Pascal][0m Total time 0.3850522041320801
[32m[Pascal][0m Total time 0.38309144973754883
[32m[Pascal][0m Total time 0.3799598217010498
[32m[Pascal][0m Total time 0.3859586715698242
[32m[Pascal][0m Total time 0.3790311813354492
[32m[Pascal][0m Total time 0.38558387756347656
[32m[Pascal][0m Total time 0.3851766586303711
[32m[Pascal][0m Total time 0.3830883502960205
[32m[Pascal][0m Total time 0.3881804943084717
[32m[Pascal][0m Total time 0.3854799270629883
[32m[Pascal][0m Cores: 32 Input: 4 
[32m[Pascal][0m Total time 2.7941741943359375
[32m[Pascal][0m Total time 3.079699993133545
[32m[Pascal][0m Total time 2.8051300048828125
[32m[Pascal][0m Total time 2.838006019592285
[32m[Pascal][0m Total time 2.814563512802124
[32m[Pascal][0m Total time 2.7940969467163086
[32m[Pascal][0m Total time 2.8143436908721924
[32m[Pascal][0m Total time 2.8085439205169678
[32m[Pascal][0m Total time 2.8365535736083984
[32m[Pascal][0m Total time 2.8076748847961426
[32m[Pascal][0m Cores: 16 Input: 0 
[32m[Pascal][0m Total time 0.011818408966064453
[32m[Pascal][0m Total time 0.011491537094116211
[32m[Pascal][0m Total time 0.010794401168823242
[32m[Pascal][0m Total time 0.010609626770019531
[32m[Pascal][0m Total time 0.010388612747192383
[32m[Pascal][0m Total time 0.009701967239379883
[32m[Pascal][0m Total time 0.010135173797607422
[32m[Pascal][0m Total time 0.008483171463012695
[32m[Pascal][0m Total time 0.009729862213134766
[32m[Pascal][0m Total time 0.009855985641479492
[32m[Pascal][0m Cores: 16 Input: 1 
[32m[Pascal][0m Total time 0.02066659927368164
[32m[Pascal][0m Total time 0.020035266876220703
[32m[Pascal][0m Total time 0.02026844024658203
[32m[Pascal][0m Total time 0.020302772521972656
[32m[Pascal][0m Total time 0.02044677734375
[32m[Pascal][0m Total time 0.020953655242919922
[32m[Pascal][0m Total time 0.020887136459350586
[32m[Pascal][0m Total time 0.020352840423583984
[32m[Pascal][0m Total time 0.020201683044433594
[32m[Pascal][0m Total time 0.02086162567138672
[32m[Pascal][0m Cores: 16 Input: 2 
[32m[Pascal][0m Total time 0.10464286804199219
[32m[Pascal][0m Total time 0.10106801986694336
[32m[Pascal][0m Total time 0.10075831413269043
[32m[Pascal][0m Total time 0.10119891166687012
[32m[Pascal][0m Total time 0.10104155540466309
[32m[Pascal][0m Total time 0.10089325904846191
[32m[Pascal][0m Total time 0.10108828544616699
[32m[Pascal][0m Total time 0.10112452507019043
[32m[Pascal][0m Total time 0.10112333297729492
[32m[Pascal][0m Total time 0.10074543952941895
[32m[Pascal][0m Cores: 16 Input: 3 
[32m[Pascal][0m Total time 0.6913261413574219
[32m[Pascal][0m Total time 0.6931214332580566
[32m[Pascal][0m Total time 0.692368745803833
[32m[Pascal][0m Total time 0.6934502124786377
[32m[Pascal][0m Total time 0.6966383457183838
[32m[Pascal][0m Total time 0.6938900947570801
[32m[Pascal][0m Total time 0.7017991542816162
[32m[Pascal][0m Total time 0.690009593963623
[32m[Pascal][0m Total time 0.6925716400146484
[32m[Pascal][0m Total time 0.6921505928039551
[32m[Pascal][0m Cores: 16 Input: 4 
[32m[Pascal][0m Total time 5.523533582687378
[32m[Pascal][0m Total time 5.495195388793945
[32m[Pascal][0m Total time 5.525362491607666
[32m[Pascal][0m Total time 5.519463300704956
[32m[Pascal][0m Total time 5.461621999740601
[32m[Pascal][0m Total time 5.470103740692139
[32m[Pascal][0m Total time 5.547306537628174
[32m[Pascal][0m Total time 5.530141115188599
[32m[Pascal][0m Total time 5.475654363632202
[32m[Pascal][0m Total time 5.476916551589966
[32m[Pascal][0m Cores: 8 Input: 0 
[32m[Pascal][0m Total time 0.013281822204589844
[32m[Pascal][0m Total time 0.013205289840698242
[32m[Pascal][0m Total time 0.012079954147338867
[32m[Pascal][0m Total time 0.011925935745239258
[32m[Pascal][0m Total time 0.011512517929077148
[32m[Pascal][0m Total time 0.011458635330200195
[32m[Pascal][0m Total time 0.01124119758605957
[32m[Pascal][0m Total time 0.01148533821105957
[32m[Pascal][0m Total time 0.011718273162841797
[32m[Pascal][0m Total time 0.011601924896240234
[32m[Pascal][0m Cores: 8 Input: 1 
[32m[Pascal][0m Total time 0.031211376190185547
[32m[Pascal][0m Total time 0.031355857849121094
[32m[Pascal][0m Total time 0.03131294250488281
[32m[Pascal][0m Total time 0.03107738494873047
[32m[Pascal][0m Total time 0.031384944915771484
[32m[Pascal][0m Total time 0.03138303756713867
[32m[Pascal][0m Total time 0.03141188621520996
[32m[Pascal][0m Total time 0.031255245208740234
[32m[Pascal][0m Total time 0.031081676483154297
[32m[Pascal][0m Total time 0.03129267692565918
[32m[Pascal][0m Cores: 8 Input: 2 
[32m[Pascal][0m Total time 0.17917180061340332
[32m[Pascal][0m Total time 0.17864537239074707
[32m[Pascal][0m Total time 0.1846606731414795
[32m[Pascal][0m Total time 0.18390297889709473
[32m[Pascal][0m Total time 0.17934370040893555
[32m[Pascal][0m Total time 0.17865633964538574
[32m[Pascal][0m Total time 0.17873501777648926
[32m[Pascal][0m Total time 0.17880535125732422
[32m[Pascal][0m Total time 0.1790173053741455
[32m[Pascal][0m Total time 0.17853522300720215
[32m[Pascal][0m Cores: 8 Input: 3 
[32m[Pascal][0m Total time 1.3470706939697266
[32m[Pascal][0m Total time 1.3494741916656494
[32m[Pascal][0m Total time 1.33384108543396
[32m[Pascal][0m Total time 1.367356300354004
[32m[Pascal][0m Total time 1.343731164932251
[32m[Pascal][0m Total time 1.3412888050079346
[32m[Pascal][0m Total time 1.3398325443267822
[32m[Pascal][0m Total time 1.3429479598999023
[32m[Pascal][0m Total time 1.347975254058838
[32m[Pascal][0m Total time 1.341728925704956
[32m[Pascal][0m Cores: 8 Input: 4 
[32m[Pascal][0m Total time 10.860517501831055
[32m[Pascal][0m Total time 10.849815845489502
[32m[Pascal][0m Total time 10.908093929290771
[32m[Pascal][0m Total time 10.890936613082886
[32m[Pascal][0m Total time 10.807464122772217
[32m[Pascal][0m Total time 10.917157649993896
[32m[Pascal][0m Total time 10.912214756011963
[32m[Pascal][0m Total time 10.86327600479126
[32m[Pascal][0m Total time 10.750805139541626
[32m[Pascal][0m Total time 10.84660792350769
[32m[Pascal][0m Cores: 4 Input: 0 
[32m[Pascal][0m Total time 0.017608642578125
[32m[Pascal][0m Total time 0.01622605323791504
[32m[Pascal][0m Total time 0.015095233917236328
[32m[Pascal][0m Total time 0.014266014099121094
[32m[Pascal][0m Total time 0.01454305648803711
[32m[Pascal][0m Total time 0.014471054077148438
[32m[Pascal][0m Total time 0.014771461486816406
[32m[Pascal][0m Total time 0.014722347259521484
[32m[Pascal][0m Total time 0.014335870742797852
[32m[Pascal][0m Total time 0.014172792434692383
[32m[Pascal][0m Cores: 4 Input: 1 
[32m[Pascal][0m Total time 0.051987409591674805
[32m[Pascal][0m Total time 0.05257010459899902
[32m[Pascal][0m Total time 0.05193662643432617
[32m[Pascal][0m Total time 0.0518193244934082
[32m[Pascal][0m Total time 0.05238533020019531
[32m[Pascal][0m Total time 0.05190587043762207
[32m[Pascal][0m Total time 0.05237460136413574
[32m[Pascal][0m Total time 0.051889657974243164
[32m[Pascal][0m Total time 0.05196380615234375
[32m[Pascal][0m Total time 0.051976919174194336
[32m[Pascal][0m Cores: 4 Input: 2 
[32m[Pascal][0m Total time 0.3413665294647217
[32m[Pascal][0m Total time 0.3410530090332031
[32m[Pascal][0m Total time 0.33997058868408203
[32m[Pascal][0m Total time 0.34160566329956055
[32m[Pascal][0m Total time 0.3416421413421631
[32m[Pascal][0m Total time 0.341231107711792
[32m[Pascal][0m Total time 0.3411109447479248
[32m[Pascal][0m Total time 0.3403043746948242
[32m[Pascal][0m Total time 0.3406832218170166
[32m[Pascal][0m Total time 0.3409702777862549
[32m[Pascal][0m Cores: 4 Input: 3 
[32m[Pascal][0m Total time 2.624783992767334
[32m[Pascal][0m Total time 2.6245834827423096
[32m[Pascal][0m Total time 2.6143455505371094
[32m[Pascal][0m Total time 2.611438274383545
[32m[Pascal][0m Total time 2.608717441558838
[32m[Pascal][0m Total time 2.642472267150879
[32m[Pascal][0m Total time 2.7549679279327393
[32m[Pascal][0m Total time 2.652742385864258
[32m[Pascal][0m Total time 2.657494306564331
[32m[Pascal][0m Total time 2.683608055114746
[32m[Pascal][0m Cores: 4 Input: 4 
[32m[Pascal][0m Total time 21.902687072753906
[32m[Pascal][0m Total time 21.377720832824707
[32m[Pascal][0m Total time 21.344534873962402
[32m[Pascal][0m Total time 21.418679237365723
[32m[Pascal][0m Total time 21.334527492523193
[32m[Pascal][0m Total time 21.62228775024414
[32m[Pascal][0m Total time 21.283008098602295
[32m[Pascal][0m Total time 21.47353196144104
[32m[Pascal][0m Total time 21.51595401763916
[32m[Pascal][0m Total time 21.272865772247314
[32m[Pascal][0m Cores: 2 Input: 0 
[32m[Pascal][0m Total time 0.021744489669799805
[32m[Pascal][0m Total time 0.021414518356323242
[32m[Pascal][0m Total time 0.019923686981201172
[32m[Pascal][0m Total time 0.019716978073120117
[32m[Pascal][0m Total time 0.019537925720214844
[32m[Pascal][0m Total time 0.01929926872253418
[32m[Pascal][0m Total time 0.019898176193237305
[32m[Pascal][0m Total time 0.019788503646850586
[32m[Pascal][0m Total time 0.019188880920410156
[32m[Pascal][0m Total time 0.01939558982849121
[32m[Pascal][0m Cores: 2 Input: 1 
[32m[Pascal][0m Total time 0.09229159355163574
[32m[Pascal][0m Total time 0.0921018123626709
[32m[Pascal][0m Total time 0.09247612953186035
[32m[Pascal][0m Total time 0.09267497062683105
[32m[Pascal][0m Total time 0.0926671028137207
[32m[Pascal][0m Total time 0.09233856201171875
[32m[Pascal][0m Total time 0.09220314025878906
[32m[Pascal][0m Total time 0.09333324432373047
[32m[Pascal][0m Total time 0.09224987030029297
[32m[Pascal][0m Total time 0.09273910522460938
[32m[Pascal][0m Cores: 2 Input: 2 
[32m[Pascal][0m Total time 0.6653728485107422
[32m[Pascal][0m Total time 0.6601989269256592
[32m[Pascal][0m Total time 0.65643310546875
[32m[Pascal][0m Total time 0.6574134826660156
[32m[Pascal][0m Total time 0.6627733707427979
[32m[Pascal][0m Total time 0.657473087310791
[32m[Pascal][0m Total time 0.6597354412078857
[32m[Pascal][0m Total time 0.6549875736236572
[32m[Pascal][0m Total time 0.6575376987457275
[32m[Pascal][0m Total time 0.6593449115753174
[32m[Pascal][0m Cores: 2 Input: 3 
[32m[Pascal][0m Total time 5.176372528076172
[32m[Pascal][0m Total time 5.172090530395508
[32m[Pascal][0m Total time 5.180496454238892
[32m[Pascal][0m Total time 5.2157301902771
[32m[Pascal][0m Total time 5.1887900829315186
[32m[Pascal][0m Total time 5.194161415100098
[32m[Pascal][0m Total time 5.1727635860443115
[32m[Pascal][0m Total time 5.204001188278198
[32m[Pascal][0m Total time 5.234642505645752
[32m[Pascal][0m Total time 5.287653684616089
[32m[Pascal][0m Cores: 2 Input: 4 
[32m[Pascal][0m Total time 42.84556293487549
[32m[Pascal][0m Total time 42.60130190849304
[32m[Pascal][0m Total time 43.56674003601074
[32m[Pascal][0m Total time 42.78545522689819
[32m[Pascal][0m Total time 42.7182936668396
[32m[Pascal][0m Total time 42.9512734413147
[32m[Pascal][0m Total time 42.57228922843933
[32m[Pascal][0m Total time 42.72484111785889
[32m[Pascal][0m Total time 42.617143630981445
[32m[Pascal][0m Total time 42.79784536361694
[32m[Pascal][0m Cores: 1 Input: 0 
[32m[Pascal][0m Total time 0.03192925453186035
[32m[Pascal][0m Total time 0.029818296432495117
[32m[Pascal][0m Total time 0.029686927795410156
[32m[Pascal][0m Total time 0.03002023696899414
[32m[Pascal][0m Total time 0.0296480655670166
[32m[Pascal][0m Total time 0.029907703399658203
[32m[Pascal][0m Total time 0.02967548370361328
[32m[Pascal][0m Total time 0.03028392791748047
[32m[Pascal][0m Total time 0.0299072265625
[32m[Pascal][0m Total time 0.029931068420410156
[32m[Pascal][0m Cores: 1 Input: 1 
[32m[Pascal][0m Total time 0.1729443073272705
[32m[Pascal][0m Total time 0.1730051040649414
[32m[Pascal][0m Total time 0.17249441146850586
[32m[Pascal][0m Total time 0.1729283332824707
[32m[Pascal][0m Total time 0.17330503463745117
[32m[Pascal][0m Total time 0.17294645309448242
[32m[Pascal][0m Total time 0.17244911193847656
[32m[Pascal][0m Total time 0.1727452278137207
[32m[Pascal][0m Total time 0.1730937957763672
[32m[Pascal][0m Total time 0.17381787300109863
[32m[Pascal][0m Cores: 1 Input: 2 
[32m[Pascal][0m Total time 1.2966933250427246
[32m[Pascal][0m Total time 1.3051502704620361
[32m[Pascal][0m Total time 1.3053524494171143
[32m[Pascal][0m Total time 1.2984156608581543
[32m[Pascal][0m Total time 1.29435133934021
[32m[Pascal][0m Total time 1.299001932144165
[32m[Pascal][0m Total time 1.3019394874572754
[32m[Pascal][0m Total time 1.2973377704620361
[32m[Pascal][0m Total time 1.3333666324615479
[32m[Pascal][0m Total time 1.29799222946167
[32m[Pascal][0m Cores: 1 Input: 3 
[32m[Pascal][0m Total time 10.349346160888672
[32m[Pascal][0m Total time 10.331167221069336
[32m[Pascal][0m Total time 10.339247465133667
[32m[Pascal][0m Total time 10.30985164642334
[32m[Pascal][0m Total time 10.542952060699463
[32m[Pascal][0m Total time 10.31833791732788
[32m[Pascal][0m Total time 10.345145463943481
[32m[Pascal][0m Total time 10.702980279922485
[32m[Pascal][0m Total time 10.599812507629395
[32m[Pascal][0m Total time 10.347625017166138
[32m[Pascal][0m Cores: 1 Input: 4 
[32m[Pascal][0m Total time 86.23867297172546
[32m[Pascal][0m Total time 86.04592418670654
[32m[Pascal][0m Total time 85.72325325012207
[32m[Pascal][0m Total time 85.70029973983765
[32m[Pascal][0m Total time 85.2761664390564
[32m[Pascal][0m Total time 85.55397987365723
[32m[Pascal][0m Total time 87.19179725646973
[32m[Pascal][0m Total time 85.72133421897888
[32m[Pascal][0m Total time 85.20844841003418
[32m[Pascal][0m Total time 84.75962400436401
[32m[Pascal][0m ***** Done! *****
[32m[Pascal][0m Saving data
