[32m[Pascal][0m Running with ['cores', 'input', 'repetitions']
[32m[Pascal][0m Cores: 128 Input: 0 
[32m[Pascal][0m Total time 0.0200350284576416
[32m[Pascal][0m Total time 0.019074440002441406
[32m[Pascal][0m Total time 0.017725706100463867
[32m[Pascal][0m Total time 0.017190217971801758
[32m[Pascal][0m Total time 0.017617225646972656
[32m[Pascal][0m Total time 0.01778268814086914
[32m[Pascal][0m Total time 0.01935291290283203
[32m[Pascal][0m Total time 0.015473127365112305
[32m[Pascal][0m Total time 0.016051054000854492
[32m[Pascal][0m Total time 0.015296697616577148
[32m[Pascal][0m Cores: 128 Input: 1 
[32m[Pascal][0m Total time 0.021084308624267578
[32m[Pascal][0m Total time 0.02102828025817871
[32m[Pascal][0m Total time 0.021229267120361328
[32m[Pascal][0m Total time 0.02098393440246582
[32m[Pascal][0m Total time 0.019804000854492188
[32m[Pascal][0m Total time 0.02050161361694336
[32m[Pascal][0m Total time 0.022216796875
[32m[Pascal][0m Total time 0.021481037139892578
[32m[Pascal][0m Total time 0.021387338638305664
[32m[Pascal][0m Total time 0.02074599266052246
[32m[Pascal][0m Cores: 128 Input: 2 
[32m[Pascal][0m Total time 0.052815914154052734
[32m[Pascal][0m Total time 0.05265069007873535
[32m[Pascal][0m Total time 0.052643775939941406
[32m[Pascal][0m Total time 0.05265378952026367
[32m[Pascal][0m Total time 0.05224728584289551
[32m[Pascal][0m Total time 0.05242776870727539
[32m[Pascal][0m Total time 0.05367469787597656
[32m[Pascal][0m Total time 0.05679488182067871
[32m[Pascal][0m Total time 0.05687761306762695
[32m[Pascal][0m Total time 0.05362391471862793
[32m[Pascal][0m Cores: 128 Input: 3 
[32m[Pascal][0m Total time 0.27532267570495605
[32m[Pascal][0m Total time 0.2938840389251709
[32m[Pascal][0m Total time 0.28516459465026855
[32m[Pascal][0m Total time 0.28125858306884766
[32m[Pascal][0m Total time 0.288654088973999
[32m[Pascal][0m Total time 0.2771878242492676
[32m[Pascal][0m Total time 0.28076839447021484
[32m[Pascal][0m Total time 0.2799232006072998
[32m[Pascal][0m Total time 0.28005528450012207
[32m[Pascal][0m Total time 0.2786085605621338
[32m[Pascal][0m Cores: 128 Input: 4 
[32m[Pascal][0m Total time 2.067906141281128
[32m[Pascal][0m Total time 2.023960590362549
[32m[Pascal][0m Total time 2.129533529281616
[32m[Pascal][0m Total time 2.0621092319488525
[32m[Pascal][0m Total time 2.004387140274048
[32m[Pascal][0m Total time 2.2425308227539062
[32m[Pascal][0m Total time 2.097712516784668
[32m[Pascal][0m Total time 2.143519401550293
[32m[Pascal][0m Total time 2.0235397815704346
[32m[Pascal][0m Total time 1.9687507152557373
[32m[Pascal][0m Cores: 64 Input: 0 
[32m[Pascal][0m Total time 0.015021562576293945
[32m[Pascal][0m Total time 0.014274358749389648
[32m[Pascal][0m Total time 0.013241291046142578
[32m[Pascal][0m Total time 0.012392997741699219
[32m[Pascal][0m Total time 0.011805057525634766
[32m[Pascal][0m Total time 0.012122392654418945
[32m[Pascal][0m Total time 0.011185646057128906
[32m[Pascal][0m Total time 0.010744094848632812
[32m[Pascal][0m Total time 0.012592792510986328
[32m[Pascal][0m Total time 0.009973526000976562
[32m[Pascal][0m Cores: 64 Input: 1 
[32m[Pascal][0m Total time 0.01867222785949707
[32m[Pascal][0m Total time 0.018960952758789062
[32m[Pascal][0m Total time 0.018100738525390625
[32m[Pascal][0m Total time 0.01909017562866211
[32m[Pascal][0m Total time 0.019047260284423828
[32m[Pascal][0m Total time 0.01838994026184082
[32m[Pascal][0m Total time 0.01749444007873535
[32m[Pascal][0m Total time 0.018723487854003906
[32m[Pascal][0m Total time 0.02072286605834961
[32m[Pascal][0m Total time 0.016987323760986328
[32m[Pascal][0m Cores: 64 Input: 2 
[32m[Pascal][0m Total time 0.10923385620117188
[32m[Pascal][0m Total time 0.07296299934387207
[32m[Pascal][0m Total time 0.07097220420837402
[32m[Pascal][0m Total time 0.07185840606689453
[32m[Pascal][0m Total time 0.07445812225341797
[32m[Pascal][0m Total time 0.07265496253967285
[32m[Pascal][0m Total time 0.07104110717773438
[32m[Pascal][0m Total time 0.07224488258361816
[32m[Pascal][0m Total time 0.07069563865661621
[32m[Pascal][0m Total time 0.07314729690551758
[32m[Pascal][0m Cores: 64 Input: 3 
[32m[Pascal][0m Total time 0.43766212463378906
[32m[Pascal][0m Total time 0.44516849517822266
[32m[Pascal][0m Total time 0.44451427459716797
[32m[Pascal][0m Total time 0.4448208808898926
[32m[Pascal][0m Total time 0.44497060775756836
[32m[Pascal][0m Total time 0.4473567008972168
[32m[Pascal][0m Total time 0.4454965591430664
[32m[Pascal][0m Total time 0.4486196041107178
[32m[Pascal][0m Total time 0.4433562755584717
[32m[Pascal][0m Total time 0.44795870780944824
[32m[Pascal][0m Cores: 64 Input: 4 
[32m[Pascal][0m Total time 3.435349225997925
[32m[Pascal][0m Total time 3.383505344390869
[32m[Pascal][0m Total time 3.4261670112609863
[32m[Pascal][0m Total time 3.4436256885528564
[32m[Pascal][0m Total time 3.3988916873931885
[32m[Pascal][0m Total time 3.4217071533203125
[32m[Pascal][0m Total time 3.430088996887207
[32m[Pascal][0m Total time 3.3921539783477783
[32m[Pascal][0m Total time 3.411203622817993
[32m[Pascal][0m Total time 3.440427780151367
[32m[Pascal][0m Cores: 32 Input: 0 
[32m[Pascal][0m Total time 0.012078523635864258
[32m[Pascal][0m Total time 0.01262044906616211
[32m[Pascal][0m Total time 0.010897159576416016
[32m[Pascal][0m Total time 0.010839700698852539
[32m[Pascal][0m Total time 0.010644197463989258
[32m[Pascal][0m Total time 0.010989189147949219
[32m[Pascal][0m Total time 0.009864568710327148
[32m[Pascal][0m Total time 0.009956598281860352
[32m[Pascal][0m Total time 0.009743690490722656
[32m[Pascal][0m Total time 0.01074075698852539
[32m[Pascal][0m Cores: 32 Input: 1 
[32m[Pascal][0m Total time 0.022127628326416016
[32m[Pascal][0m Total time 0.021153926849365234
[32m[Pascal][0m Total time 0.02154707908630371
[32m[Pascal][0m Total time 0.02034926414489746
[32m[Pascal][0m Total time 0.02028059959411621
[32m[Pascal][0m Total time 0.021333694458007812
[32m[Pascal][0m Total time 0.021064281463623047
[32m[Pascal][0m Total time 0.02111363410949707
[32m[Pascal][0m Total time 0.02145218849182129
[32m[Pascal][0m Total time 0.02046680450439453
[32m[Pascal][0m Cores: 32 Input: 2 
[32m[Pascal][0m Total time 0.10350775718688965
[32m[Pascal][0m Total time 0.10152029991149902
[32m[Pascal][0m Total time 0.10170817375183105
[32m[Pascal][0m Total time 0.10045528411865234
[32m[Pascal][0m Total time 0.10088086128234863
[32m[Pascal][0m Total time 0.10089707374572754
[32m[Pascal][0m Total time 0.10106897354125977
[32m[Pascal][0m Total time 0.1003563404083252
[32m[Pascal][0m Total time 0.10126781463623047
[32m[Pascal][0m Total time 0.10135316848754883
[32m[Pascal][0m Cores: 32 Input: 3 
[32m[Pascal][0m Total time 0.6928830146789551
[32m[Pascal][0m Total time 0.6927952766418457
[32m[Pascal][0m Total time 0.6935133934020996
[32m[Pascal][0m Total time 0.6921074390411377
[32m[Pascal][0m Total time 0.6887903213500977
[32m[Pascal][0m Total time 0.6930389404296875
[32m[Pascal][0m Total time 0.6946597099304199
[32m[Pascal][0m Total time 0.6962530612945557
[32m[Pascal][0m Total time 0.6920380592346191
[32m[Pascal][0m Total time 0.6948337554931641
[32m[Pascal][0m Cores: 32 Input: 4 
[32m[Pascal][0m Total time 5.490128040313721
[32m[Pascal][0m Total time 5.497349739074707
[32m[Pascal][0m Total time 5.546006917953491
[32m[Pascal][0m Total time 5.531587362289429
[32m[Pascal][0m Total time 5.492129325866699
[32m[Pascal][0m Total time 5.535731792449951
[32m[Pascal][0m Total time 5.545083045959473
[32m[Pascal][0m Total time 5.509270668029785
[32m[Pascal][0m Total time 5.516049146652222
[32m[Pascal][0m Total time 5.505187273025513
[32m[Pascal][0m Cores: 16 Input: 0 
[32m[Pascal][0m Total time 0.012689352035522461
[32m[Pascal][0m Total time 0.012999773025512695
[32m[Pascal][0m Total time 0.012036800384521484
[32m[Pascal][0m Total time 0.011749744415283203
[32m[Pascal][0m Total time 0.01089620590209961
[32m[Pascal][0m Total time 0.010421991348266602
[32m[Pascal][0m Total time 0.01104426383972168
[32m[Pascal][0m Total time 0.01076960563659668
[32m[Pascal][0m Total time 0.010418176651000977
[32m[Pascal][0m Total time 0.011142730712890625
[32m[Pascal][0m Cores: 16 Input: 1 
[32m[Pascal][0m Total time 0.030825138092041016
[32m[Pascal][0m Total time 0.030589818954467773
[32m[Pascal][0m Total time 0.02988910675048828
[32m[Pascal][0m Total time 0.029996871948242188
[32m[Pascal][0m Total time 0.03076004981994629
[32m[Pascal][0m Total time 0.030580520629882812
[32m[Pascal][0m Total time 0.03148055076599121
[32m[Pascal][0m Total time 0.030991315841674805
[32m[Pascal][0m Total time 0.03032374382019043
[32m[Pascal][0m Total time 0.03001880645751953
[32m[Pascal][0m Cores: 16 Input: 2 
[32m[Pascal][0m Total time 0.1769242286682129
[32m[Pascal][0m Total time 0.1779017448425293
[32m[Pascal][0m Total time 0.17876887321472168
[32m[Pascal][0m Total time 0.1787865161895752
[32m[Pascal][0m Total time 0.2239830493927002
[32m[Pascal][0m Total time 0.17824268341064453
[32m[Pascal][0m Total time 0.1790149211883545
[32m[Pascal][0m Total time 0.1784532070159912
[32m[Pascal][0m Total time 0.17854762077331543
[32m[Pascal][0m Total time 0.17829012870788574
[32m[Pascal][0m Cores: 16 Input: 3 
[32m[Pascal][0m Total time 1.3553762435913086
[32m[Pascal][0m Total time 1.3390114307403564
[32m[Pascal][0m Total time 1.3495171070098877
[32m[Pascal][0m Total time 1.344731330871582
[32m[Pascal][0m Total time 1.354351282119751
[32m[Pascal][0m Total time 1.3564016819000244
[32m[Pascal][0m Total time 1.353271484375
[32m[Pascal][0m Total time 1.3553547859191895
[32m[Pascal][0m Total time 1.3451957702636719
[32m[Pascal][0m Total time 1.354297161102295
[32m[Pascal][0m Cores: 16 Input: 4 
[32m[Pascal][0m Total time 10.892874479293823
[32m[Pascal][0m Total time 10.833336591720581
[32m[Pascal][0m Total time 10.890048027038574
[32m[Pascal][0m Total time 10.79087233543396
[32m[Pascal][0m Total time 10.841181516647339
[32m[Pascal][0m Total time 10.826152086257935
[32m[Pascal][0m Total time 10.91701602935791
[32m[Pascal][0m Total time 10.88069224357605
[32m[Pascal][0m Total time 10.951327323913574
[32m[Pascal][0m Total time 10.840712547302246
[32m[Pascal][0m Cores: 8 Input: 0 
[32m[Pascal][0m Total time 0.016368627548217773
[32m[Pascal][0m Total time 0.015981197357177734
[32m[Pascal][0m Total time 0.01425623893737793
[32m[Pascal][0m Total time 0.013750553131103516
[32m[Pascal][0m Total time 0.013675212860107422
[32m[Pascal][0m Total time 0.013640880584716797
[32m[Pascal][0m Total time 0.013772010803222656
[32m[Pascal][0m Total time 0.013936281204223633
[32m[Pascal][0m Total time 0.013462305068969727
[32m[Pascal][0m Total time 0.013791322708129883
[32m[Pascal][0m Cores: 8 Input: 1 
[32m[Pascal][0m Total time 0.05083823204040527
[32m[Pascal][0m Total time 0.05066251754760742
[32m[Pascal][0m Total time 0.05107927322387695
[32m[Pascal][0m Total time 0.050792694091796875
[32m[Pascal][0m Total time 0.05108284950256348
[32m[Pascal][0m Total time 0.05109000205993652
[32m[Pascal][0m Total time 0.05092144012451172
[32m[Pascal][0m Total time 0.05077648162841797
[32m[Pascal][0m Total time 0.050759315490722656
[32m[Pascal][0m Total time 0.0509946346282959
[32m[Pascal][0m Cores: 8 Input: 2 
[32m[Pascal][0m Total time 0.3401763439178467
[32m[Pascal][0m Total time 0.33946847915649414
[32m[Pascal][0m Total time 0.3389852046966553
[32m[Pascal][0m Total time 0.3398916721343994
[32m[Pascal][0m Total time 0.3397023677825928
[32m[Pascal][0m Total time 0.33888888359069824
[32m[Pascal][0m Total time 0.3394618034362793
[32m[Pascal][0m Total time 0.3418853282928467
[32m[Pascal][0m Total time 0.34018969535827637
[32m[Pascal][0m Total time 0.33965373039245605
[32m[Pascal][0m Cores: 8 Input: 3 
[32m[Pascal][0m Total time 2.6517529487609863
[32m[Pascal][0m Total time 2.649777889251709
[32m[Pascal][0m Total time 2.6594135761260986
[32m[Pascal][0m Total time 2.686713218688965
[32m[Pascal][0m Total time 2.6584889888763428
[32m[Pascal][0m Total time 2.656207799911499
[32m[Pascal][0m Total time 2.653254747390747
[32m[Pascal][0m Total time 2.6354892253875732
[32m[Pascal][0m Total time 2.6509721279144287
[32m[Pascal][0m Total time 2.6436073780059814
[32m[Pascal][0m Cores: 8 Input: 4 
[32m[Pascal][0m Total time 21.262471199035645
[32m[Pascal][0m Total time 21.24426770210266
[32m[Pascal][0m Total time 21.47075366973877
[32m[Pascal][0m Total time 21.49355721473694
[32m[Pascal][0m Total time 21.450242042541504
[32m[Pascal][0m Total time 21.443678379058838
[32m[Pascal][0m Total time 21.390371322631836
[32m[Pascal][0m Total time 21.380128383636475
[32m[Pascal][0m Total time 21.482819318771362
[32m[Pascal][0m Total time 21.315353870391846
[32m[Pascal][0m Cores: 4 Input: 0 
[32m[Pascal][0m Total time 0.021027565002441406
[32m[Pascal][0m Total time 0.020925521850585938
[32m[Pascal][0m Total time 0.01923823356628418
[32m[Pascal][0m Total time 0.018761157989501953
[32m[Pascal][0m Total time 0.019056081771850586
[32m[Pascal][0m Total time 0.019103050231933594
[32m[Pascal][0m Total time 0.018871068954467773
[32m[Pascal][0m Total time 0.019272565841674805
[32m[Pascal][0m Total time 0.01908254623413086
[32m[Pascal][0m Total time 0.019365787506103516
[32m[Pascal][0m Cores: 4 Input: 1 
[32m[Pascal][0m Total time 0.09185504913330078
[32m[Pascal][0m Total time 0.09158444404602051
[32m[Pascal][0m Total time 0.09111976623535156
[32m[Pascal][0m Total time 0.09177899360656738
[32m[Pascal][0m Total time 0.09136700630187988
[32m[Pascal][0m Total time 0.09152388572692871
[32m[Pascal][0m Total time 0.09138774871826172
[32m[Pascal][0m Total time 0.09147858619689941
[32m[Pascal][0m Total time 0.09154295921325684
[32m[Pascal][0m Total time 0.09201979637145996
[32m[Pascal][0m Cores: 4 Input: 2 
[32m[Pascal][0m Total time 0.6568927764892578
[32m[Pascal][0m Total time 0.6565513610839844
[32m[Pascal][0m Total time 0.6581590175628662
[32m[Pascal][0m Total time 0.6572041511535645
[32m[Pascal][0m Total time 0.6556107997894287
[32m[Pascal][0m Total time 0.65625
[32m[Pascal][0m Total time 0.6607391834259033
[32m[Pascal][0m Total time 0.66335129737854
[32m[Pascal][0m Total time 0.6647441387176514
[32m[Pascal][0m Total time 0.6549623012542725
[32m[Pascal][0m Cores: 4 Input: 3 
[32m[Pascal][0m Total time 5.221476316452026
[32m[Pascal][0m Total time 5.2248876094818115
[32m[Pascal][0m Total time 5.2278454303741455
[32m[Pascal][0m Total time 5.246093273162842
[32m[Pascal][0m Total time 5.22710919380188
[32m[Pascal][0m Total time 5.229621887207031
[32m[Pascal][0m Total time 5.221237897872925
[32m[Pascal][0m Total time 5.235971212387085
[32m[Pascal][0m Total time 5.2184929847717285
[32m[Pascal][0m Total time 5.236151695251465
[32m[Pascal][0m Cores: 4 Input: 4 
[32m[Pascal][0m Total time 42.56576943397522
[32m[Pascal][0m Total time 42.36371564865112
[32m[Pascal][0m Total time 42.36804413795471
[32m[Pascal][0m Total time 43.07075262069702
[32m[Pascal][0m Total time 42.81343340873718
[32m[Pascal][0m Total time 42.705931425094604
[32m[Pascal][0m Total time 46.80028438568115
[32m[Pascal][0m Total time 42.934691190719604
[32m[Pascal][0m Total time 42.39888548851013
[32m[Pascal][0m Total time 43.07247018814087
[32m[Pascal][0m Cores: 2 Input: 0 
[32m[Pascal][0m Total time 0.03150296211242676
[32m[Pascal][0m Total time 0.03007984161376953
[32m[Pascal][0m Total time 0.029775381088256836
[32m[Pascal][0m Total time 0.029661893844604492
[32m[Pascal][0m Total time 0.030369997024536133
[32m[Pascal][0m Total time 0.029874801635742188
[32m[Pascal][0m Total time 0.029555320739746094
[32m[Pascal][0m Total time 0.02999281883239746
[32m[Pascal][0m Total time 0.029810667037963867
[32m[Pascal][0m Total time 0.02962970733642578
[32m[Pascal][0m Cores: 2 Input: 1 
[32m[Pascal][0m Total time 0.17216825485229492
[32m[Pascal][0m Total time 0.1721172332763672
[32m[Pascal][0m Total time 0.17396855354309082
[32m[Pascal][0m Total time 0.17362761497497559
[32m[Pascal][0m Total time 0.17184185981750488
[32m[Pascal][0m Total time 0.1724717617034912
[32m[Pascal][0m Total time 0.1720893383026123
[32m[Pascal][0m Total time 0.17211484909057617
[32m[Pascal][0m Total time 0.17188763618469238
[32m[Pascal][0m Total time 0.1717531681060791
[32m[Pascal][0m Cores: 2 Input: 2 
[32m[Pascal][0m Total time 1.2962348461151123
[32m[Pascal][0m Total time 1.2962162494659424
[32m[Pascal][0m Total time 1.3024544715881348
[32m[Pascal][0m Total time 1.295680046081543
[32m[Pascal][0m Total time 1.2997875213623047
[32m[Pascal][0m Total time 1.3065857887268066
[32m[Pascal][0m Total time 1.3078665733337402
[32m[Pascal][0m Total time 1.3055193424224854
[32m[Pascal][0m Total time 1.3029556274414062
[32m[Pascal][0m Total time 1.2975661754608154
[32m[Pascal][0m Cores: 2 Input: 3 
[32m[Pascal][0m Total time 10.433288097381592
[32m[Pascal][0m Total time 10.711149215698242
[32m[Pascal][0m Total time 10.53734827041626
[32m[Pascal][0m Total time 10.405029535293579
[32m[Pascal][0m Total time 10.423000812530518
[32m[Pascal][0m Total time 10.740695714950562
[32m[Pascal][0m Total time 10.494659900665283
[32m[Pascal][0m Total time 10.648242473602295
[32m[Pascal][0m Total time 10.522949457168579
[32m[Pascal][0m Total time 10.44865345954895
[32m[Pascal][0m Cores: 2 Input: 4 
[32m[Pascal][0m Total time 84.68476676940918
[32m[Pascal][0m Total time 84.59822607040405
[32m[Pascal][0m Total time 84.69883918762207
[32m[Pascal][0m Total time 84.93572950363159
[32m[Pascal][0m Total time 84.46413707733154
[32m[Pascal][0m Total time 84.54714608192444
[32m[Pascal][0m Total time 84.55138969421387
[32m[Pascal][0m Total time 85.03343534469604
[32m[Pascal][0m Total time 84.3788628578186
[32m[Pascal][0m Total time 84.87310361862183
[32m[Pascal][0m Cores: 1 Input: 0 
[32m[Pascal][0m Total time 0.05177164077758789
[32m[Pascal][0m Total time 0.0513613224029541
[32m[Pascal][0m Total time 0.05064558982849121
[32m[Pascal][0m Total time 0.0505213737487793
[32m[Pascal][0m Total time 0.05034780502319336
[32m[Pascal][0m Total time 0.05027318000793457
[32m[Pascal][0m Total time 0.050956010818481445
[32m[Pascal][0m Total time 0.05058550834655762
[32m[Pascal][0m Total time 0.05071568489074707
[32m[Pascal][0m Total time 0.05033421516418457
[32m[Pascal][0m Cores: 1 Input: 1 
[32m[Pascal][0m Total time 0.33350467681884766
[32m[Pascal][0m Total time 0.33219051361083984
[32m[Pascal][0m Total time 0.33417844772338867
[32m[Pascal][0m Total time 0.33328938484191895
[32m[Pascal][0m Total time 0.3342106342315674
[32m[Pascal][0m Total time 0.33339524269104004
[32m[Pascal][0m Total time 0.33290743827819824
[32m[Pascal][0m Total time 0.3329179286956787
[32m[Pascal][0m Total time 0.3328742980957031
[32m[Pascal][0m Total time 0.3331902027130127
[32m[Pascal][0m Cores: 1 Input: 2 
[32m[Pascal][0m Total time 2.5831432342529297
[32m[Pascal][0m Total time 2.576688766479492
[32m[Pascal][0m Total time 2.578244686126709
[32m[Pascal][0m Total time 2.576693534851074
[32m[Pascal][0m Total time 2.574540376663208
[32m[Pascal][0m Total time 2.586256742477417
[32m[Pascal][0m Total time 2.5808329582214355
[32m[Pascal][0m Total time 2.59364914894104
[32m[Pascal][0m Total time 2.5769028663635254
[32m[Pascal][0m Total time 2.584665298461914
[32m[Pascal][0m Cores: 1 Input: 3 
[32m[Pascal][0m Total time 20.723901510238647
[32m[Pascal][0m Total time 20.712815761566162
[32m[Pascal][0m Total time 20.765637636184692
[32m[Pascal][0m Total time 20.671637296676636
[32m[Pascal][0m Total time 21.039987087249756
[32m[Pascal][0m Total time 20.4476797580719
[32m[Pascal][0m Total time 20.931232213974
[32m[Pascal][0m Total time 20.57149910926819
[32m[Pascal][0m Total time 20.673868894577026
[32m[Pascal][0m Total time 20.732861757278442
[32m[Pascal][0m Cores: 1 Input: 4 
[32m[Pascal][0m Total time 169.61184692382812
[32m[Pascal][0m Total time 174.01524448394775
[32m[Pascal][0m Total time 169.7369773387909
[32m[Pascal][0m Total time 173.74580121040344
[32m[Pascal][0m Total time 170.79562067985535
[32m[Pascal][0m Total time 169.37546634674072
[32m[Pascal][0m Total time 170.71528363227844
[32m[Pascal][0m Total time 170.6060917377472
[32m[Pascal][0m Total time 170.78836941719055
[32m[Pascal][0m Total time 169.19090461730957
[32m[Pascal][0m ***** Done! *****
[32m[Pascal][0m Saving data
