[32m[Pascal][0m Running with ['cores', 'input', 'repetitions']
[32m[Pascal][0m Cores: 128 Input: 0 
[32m[Pascal][0m Total time 0.020176172256469727
[32m[Pascal][0m Total time 0.019358396530151367
[32m[Pascal][0m Total time 0.018524885177612305
[32m[Pascal][0m Total time 0.0178072452545166
[32m[Pascal][0m Total time 0.018631458282470703
[32m[Pascal][0m Total time 0.01594066619873047
[32m[Pascal][0m Total time 0.01583409309387207
[32m[Pascal][0m Total time 0.014960765838623047
[32m[Pascal][0m Total time 0.016948461532592773
[32m[Pascal][0m Total time 0.01797628402709961
[32m[Pascal][0m Cores: 128 Input: 1 
[32m[Pascal][0m Total time 0.021302461624145508
[32m[Pascal][0m Total time 0.02318596839904785
[32m[Pascal][0m Total time 0.024793148040771484
[32m[Pascal][0m Total time 0.02396106719970703
[32m[Pascal][0m Total time 0.025026798248291016
[32m[Pascal][0m Total time 0.024611949920654297
[32m[Pascal][0m Total time 0.02527332305908203
[32m[Pascal][0m Total time 0.024480581283569336
[32m[Pascal][0m Total time 0.022421598434448242
[32m[Pascal][0m Total time 0.02447199821472168
[32m[Pascal][0m Cores: 128 Input: 2 
[32m[Pascal][0m Total time 0.06931662559509277
[32m[Pascal][0m Total time 0.06974530220031738
[32m[Pascal][0m Total time 0.0715785026550293
[32m[Pascal][0m Total time 0.07105326652526855
[32m[Pascal][0m Total time 0.07160401344299316
[32m[Pascal][0m Total time 0.07305026054382324
[32m[Pascal][0m Total time 0.07540440559387207
[32m[Pascal][0m Total time 0.0716402530670166
[32m[Pascal][0m Total time 0.07029581069946289
[32m[Pascal][0m Total time 0.07019782066345215
[32m[Pascal][0m Cores: 128 Input: 3 
[32m[Pascal][0m Total time 0.41248345375061035
[32m[Pascal][0m Total time 0.42235302925109863
[32m[Pascal][0m Total time 0.429868221282959
[32m[Pascal][0m Total time 0.4194495677947998
[32m[Pascal][0m Total time 0.4182116985321045
[32m[Pascal][0m Total time 0.41964125633239746
[32m[Pascal][0m Total time 0.42661452293395996
[32m[Pascal][0m Total time 0.4166226387023926
[32m[Pascal][0m Total time 0.4236140251159668
[32m[Pascal][0m Total time 0.4196145534515381
[32m[Pascal][0m Cores: 128 Input: 4 
[32m[Pascal][0m Total time 3.4214844703674316
[32m[Pascal][0m Total time 3.4385437965393066
[32m[Pascal][0m Total time 3.516674757003784
[32m[Pascal][0m Total time 3.4207212924957275
[32m[Pascal][0m Total time 3.390798807144165
[32m[Pascal][0m Total time 3.5999085903167725
[32m[Pascal][0m Total time 3.4682202339172363
[32m[Pascal][0m Total time 3.544583797454834
[32m[Pascal][0m Total time 3.4028172492980957
[32m[Pascal][0m Total time 3.509317398071289
[32m[Pascal][0m Cores: 64 Input: 0 
[32m[Pascal][0m Total time 0.013316631317138672
[32m[Pascal][0m Total time 0.012725591659545898
[32m[Pascal][0m Total time 0.014896869659423828
[32m[Pascal][0m Total time 0.01387643814086914
[32m[Pascal][0m Total time 0.013030529022216797
[32m[Pascal][0m Total time 0.01318812370300293
[32m[Pascal][0m Total time 0.012720584869384766
[32m[Pascal][0m Total time 0.014693021774291992
[32m[Pascal][0m Total time 0.014019012451171875
[32m[Pascal][0m Total time 0.012359619140625
[32m[Pascal][0m Cores: 64 Input: 1 
[32m[Pascal][0m Total time 0.02573370933532715
[32m[Pascal][0m Total time 0.02524399757385254
[32m[Pascal][0m Total time 0.024126291275024414
[32m[Pascal][0m Total time 0.024656057357788086
[32m[Pascal][0m Total time 0.026192188262939453
[32m[Pascal][0m Total time 0.026753664016723633
[32m[Pascal][0m Total time 0.025111675262451172
[32m[Pascal][0m Total time 0.026230812072753906
[32m[Pascal][0m Total time 0.026057958602905273
[32m[Pascal][0m Total time 0.02422499656677246
[32m[Pascal][0m Cores: 64 Input: 2 
[32m[Pascal][0m Total time 0.1132967472076416
[32m[Pascal][0m Total time 0.11356067657470703
[32m[Pascal][0m Total time 0.11134696006774902
[32m[Pascal][0m Total time 0.1130220890045166
[32m[Pascal][0m Total time 0.1118474006652832
[32m[Pascal][0m Total time 0.11204218864440918
[32m[Pascal][0m Total time 0.11393618583679199
[32m[Pascal][0m Total time 0.11276960372924805
[32m[Pascal][0m Total time 0.1140451431274414
[32m[Pascal][0m Total time 0.11172699928283691
[32m[Pascal][0m Cores: 64 Input: 3 
[32m[Pascal][0m Total time 0.8279106616973877
[32m[Pascal][0m Total time 0.7588620185852051
[32m[Pascal][0m Total time 0.7578794956207275
[32m[Pascal][0m Total time 0.7583351135253906
[32m[Pascal][0m Total time 0.7579777240753174
[32m[Pascal][0m Total time 0.7590024471282959
[32m[Pascal][0m Total time 0.758662223815918
[32m[Pascal][0m Total time 0.7586913108825684
[32m[Pascal][0m Total time 0.760108470916748
[32m[Pascal][0m Total time 0.7570652961730957
[32m[Pascal][0m Cores: 64 Input: 4 
[32m[Pascal][0m Total time 6.333587884902954
[32m[Pascal][0m Total time 6.286608695983887
[32m[Pascal][0m Total time 6.288092136383057
[32m[Pascal][0m Total time 6.260751008987427
[32m[Pascal][0m Total time 6.249979496002197
[32m[Pascal][0m Total time 6.33497953414917
[32m[Pascal][0m Total time 6.276010513305664
[32m[Pascal][0m Total time 6.36024022102356
[32m[Pascal][0m Total time 6.286413908004761
[32m[Pascal][0m Total time 6.336564779281616
[32m[Pascal][0m Cores: 32 Input: 0 
[32m[Pascal][0m Total time 0.013584136962890625
[32m[Pascal][0m Total time 0.01488041877746582
[32m[Pascal][0m Total time 0.014092206954956055
[32m[Pascal][0m Total time 0.013739347457885742
[32m[Pascal][0m Total time 0.011873245239257812
[32m[Pascal][0m Total time 0.012680292129516602
[32m[Pascal][0m Total time 0.013042688369750977
[32m[Pascal][0m Total time 0.011566400527954102
[32m[Pascal][0m Total time 0.011668920516967773
[32m[Pascal][0m Total time 0.011371850967407227
[32m[Pascal][0m Cores: 32 Input: 1 
[32m[Pascal][0m Total time 0.02942490577697754
[32m[Pascal][0m Total time 0.031278133392333984
[32m[Pascal][0m Total time 0.0304110050201416
[32m[Pascal][0m Total time 0.030506134033203125
[32m[Pascal][0m Total time 0.03009963035583496
[32m[Pascal][0m Total time 0.029354333877563477
[32m[Pascal][0m Total time 0.02901005744934082
[32m[Pascal][0m Total time 0.030696392059326172
[32m[Pascal][0m Total time 0.029270410537719727
[32m[Pascal][0m Total time 0.03021526336669922
[32m[Pascal][0m Cores: 32 Input: 2 
[32m[Pascal][0m Total time 0.16561651229858398
[32m[Pascal][0m Total time 0.16839170455932617
[32m[Pascal][0m Total time 0.16875314712524414
[32m[Pascal][0m Total time 0.1670370101928711
[32m[Pascal][0m Total time 0.16733407974243164
[32m[Pascal][0m Total time 0.16748356819152832
[32m[Pascal][0m Total time 0.16667413711547852
[32m[Pascal][0m Total time 0.16675281524658203
[32m[Pascal][0m Total time 0.16772890090942383
[32m[Pascal][0m Total time 0.16762614250183105
[32m[Pascal][0m Cores: 32 Input: 3 
[32m[Pascal][0m Total time 1.251676321029663
[32m[Pascal][0m Total time 1.2597181797027588
[32m[Pascal][0m Total time 1.2536163330078125
[32m[Pascal][0m Total time 1.258826732635498
[32m[Pascal][0m Total time 1.2616033554077148
[32m[Pascal][0m Total time 1.267350673675537
[32m[Pascal][0m Total time 1.3155229091644287
[32m[Pascal][0m Total time 1.2589354515075684
[32m[Pascal][0m Total time 1.2609295845031738
[32m[Pascal][0m Total time 1.2636008262634277
[32m[Pascal][0m Cores: 32 Input: 4 
[32m[Pascal][0m Total time 9.994696617126465
[32m[Pascal][0m Total time 10.054811239242554
[32m[Pascal][0m Total time 10.053187370300293
[32m[Pascal][0m Total time 10.042091608047485
[32m[Pascal][0m Total time 10.04602336883545
[32m[Pascal][0m Total time 10.093866109848022
[32m[Pascal][0m Total time 10.04580569267273
[32m[Pascal][0m Total time 9.959147930145264
[32m[Pascal][0m Total time 10.264403581619263
[32m[Pascal][0m Total time 10.154621362686157
[32m[Pascal][0m Cores: 16 Input: 0 
[32m[Pascal][0m Total time 0.016549110412597656
[32m[Pascal][0m Total time 0.017118453979492188
[32m[Pascal][0m Total time 0.013353109359741211
[32m[Pascal][0m Total time 0.013233184814453125
[32m[Pascal][0m Total time 0.012369394302368164
[32m[Pascal][0m Total time 0.012608051300048828
[32m[Pascal][0m Total time 0.013586759567260742
[32m[Pascal][0m Total time 0.012009143829345703
[32m[Pascal][0m Total time 0.01235055923461914
[32m[Pascal][0m Total time 0.013821125030517578
[32m[Pascal][0m Cores: 16 Input: 1 
[32m[Pascal][0m Total time 0.0482020378112793
[32m[Pascal][0m Total time 0.04658079147338867
[32m[Pascal][0m Total time 0.047893524169921875
[32m[Pascal][0m Total time 0.04695892333984375
[32m[Pascal][0m Total time 0.046653032302856445
[32m[Pascal][0m Total time 0.047814130783081055
[32m[Pascal][0m Total time 0.04728078842163086
[32m[Pascal][0m Total time 0.04842638969421387
[32m[Pascal][0m Total time 0.046564579010009766
[32m[Pascal][0m Total time 0.047890663146972656
[32m[Pascal][0m Cores: 16 Input: 2 
[32m[Pascal][0m Total time 0.31525278091430664
[32m[Pascal][0m Total time 0.31508755683898926
[32m[Pascal][0m Total time 0.3164253234863281
[32m[Pascal][0m Total time 0.3167147636413574
[32m[Pascal][0m Total time 0.3766911029815674
[32m[Pascal][0m Total time 0.3178069591522217
[32m[Pascal][0m Total time 0.3182387351989746
[32m[Pascal][0m Total time 0.31571078300476074
[32m[Pascal][0m Total time 0.31583547592163086
[32m[Pascal][0m Total time 0.316953182220459
[32m[Pascal][0m Cores: 16 Input: 3 
[32m[Pascal][0m Total time 2.4574875831604004
[32m[Pascal][0m Total time 2.4250190258026123
[32m[Pascal][0m Total time 2.4661781787872314
[32m[Pascal][0m Total time 2.464816093444824
[32m[Pascal][0m Total time 2.4501748085021973
[32m[Pascal][0m Total time 2.461634635925293
[32m[Pascal][0m Total time 2.4458117485046387
[32m[Pascal][0m Total time 2.461524486541748
[32m[Pascal][0m Total time 2.465895652770996
[32m[Pascal][0m Total time 2.453674793243408
[32m[Pascal][0m Cores: 16 Input: 4 
[32m[Pascal][0m Total time 19.915653705596924
[32m[Pascal][0m Total time 19.910240173339844
[32m[Pascal][0m Total time 19.882853984832764
[32m[Pascal][0m Total time 19.84342908859253
[32m[Pascal][0m Total time 19.86255168914795
[32m[Pascal][0m Total time 19.80682682991028
[32m[Pascal][0m Total time 19.884223461151123
[32m[Pascal][0m Total time 19.824753046035767
[32m[Pascal][0m Total time 19.796007871627808
[32m[Pascal][0m Total time 19.893595457077026
[32m[Pascal][0m Cores: 8 Input: 0 
[32m[Pascal][0m Total time 0.022311925888061523
[32m[Pascal][0m Total time 0.024852275848388672
[32m[Pascal][0m Total time 0.020441532135009766
[32m[Pascal][0m Total time 0.019834041595458984
[32m[Pascal][0m Total time 0.019194841384887695
[32m[Pascal][0m Total time 0.01933908462524414
[32m[Pascal][0m Total time 0.019628047943115234
[32m[Pascal][0m Total time 0.019710540771484375
[32m[Pascal][0m Total time 0.01918816566467285
[32m[Pascal][0m Total time 0.019002676010131836
[32m[Pascal][0m Cores: 8 Input: 1 
[32m[Pascal][0m Total time 0.08633899688720703
[32m[Pascal][0m Total time 0.08663177490234375
[32m[Pascal][0m Total time 0.08661103248596191
[32m[Pascal][0m Total time 0.08612775802612305
[32m[Pascal][0m Total time 0.08693289756774902
[32m[Pascal][0m Total time 0.08620047569274902
[32m[Pascal][0m Total time 0.08645915985107422
[32m[Pascal][0m Total time 0.0888824462890625
[32m[Pascal][0m Total time 0.09191155433654785
[32m[Pascal][0m Total time 0.08604001998901367
[32m[Pascal][0m Cores: 8 Input: 2 
[32m[Pascal][0m Total time 0.6151530742645264
[32m[Pascal][0m Total time 0.6153080463409424
[32m[Pascal][0m Total time 0.6143386363983154
[32m[Pascal][0m Total time 0.6145956516265869
[32m[Pascal][0m Total time 0.6251626014709473
[32m[Pascal][0m Total time 0.6152775287628174
[32m[Pascal][0m Total time 0.615267276763916
[32m[Pascal][0m Total time 0.6153767108917236
[32m[Pascal][0m Total time 0.6221532821655273
[32m[Pascal][0m Total time 0.6177921295166016
[32m[Pascal][0m Cores: 8 Input: 3 
[32m[Pascal][0m Total time 5.0710608959198
[32m[Pascal][0m Total time 4.831171274185181
[32m[Pascal][0m Total time 4.92322564125061
[32m[Pascal][0m Total time 4.927127838134766
[32m[Pascal][0m Total time 4.842954635620117
[32m[Pascal][0m Total time 4.787595748901367
[32m[Pascal][0m Total time 4.83030104637146
[32m[Pascal][0m Total time 4.946633815765381
[32m[Pascal][0m Total time 4.8222198486328125
[32m[Pascal][0m Total time 4.837334394454956
[32m[Pascal][0m Cores: 8 Input: 4 
[32m[Pascal][0m Total time 39.37692999839783
[32m[Pascal][0m Total time 39.06853413581848
[32m[Pascal][0m Total time 39.521931409835815
[32m[Pascal][0m Total time 39.25881552696228
[32m[Pascal][0m Total time 39.337313175201416
[32m[Pascal][0m Total time 39.51394724845886
[32m[Pascal][0m Total time 39.57792091369629
[32m[Pascal][0m Total time 39.43715238571167
[32m[Pascal][0m Total time 39.125653982162476
[32m[Pascal][0m Total time 38.99027705192566
[32m[Pascal][0m Cores: 4 Input: 0 
[32m[Pascal][0m Total time 0.030130863189697266
[32m[Pascal][0m Total time 0.028598785400390625
[32m[Pascal][0m Total time 0.03374934196472168
[32m[Pascal][0m Total time 0.02985382080078125
[32m[Pascal][0m Total time 0.028219938278198242
[32m[Pascal][0m Total time 0.028405189514160156
[32m[Pascal][0m Total time 0.028498411178588867
[32m[Pascal][0m Total time 0.0285947322845459
[32m[Pascal][0m Total time 0.02844858169555664
[32m[Pascal][0m Total time 0.02858901023864746
[32m[Pascal][0m Cores: 4 Input: 1 
[32m[Pascal][0m Total time 0.1605226993560791
[32m[Pascal][0m Total time 0.16088366508483887
[32m[Pascal][0m Total time 0.1608290672302246
[32m[Pascal][0m Total time 0.16199588775634766
[32m[Pascal][0m Total time 0.16069674491882324
[32m[Pascal][0m Total time 0.16066455841064453
[32m[Pascal][0m Total time 0.16104364395141602
[32m[Pascal][0m Total time 0.1607811450958252
[32m[Pascal][0m Total time 0.16074323654174805
[32m[Pascal][0m Total time 0.16061878204345703
[32m[Pascal][0m Cores: 4 Input: 2 
[32m[Pascal][0m Total time 1.2071919441223145
[32m[Pascal][0m Total time 1.2063076496124268
[32m[Pascal][0m Total time 1.2060961723327637
[32m[Pascal][0m Total time 1.2143657207489014
[32m[Pascal][0m Total time 1.214507818222046
[32m[Pascal][0m Total time 1.2124152183532715
[32m[Pascal][0m Total time 1.205195665359497
[32m[Pascal][0m Total time 1.2180638313293457
[32m[Pascal][0m Total time 1.2062678337097168
[32m[Pascal][0m Total time 1.2063050270080566
[32m[Pascal][0m Cores: 4 Input: 3 
[32m[Pascal][0m Total time 9.62744951248169
[32m[Pascal][0m Total time 9.625505685806274
[32m[Pascal][0m Total time 9.630937576293945
[32m[Pascal][0m Total time 9.584014415740967
[32m[Pascal][0m Total time 9.604313135147095
[32m[Pascal][0m Total time 9.61607837677002
[32m[Pascal][0m Total time 9.61711597442627
[32m[Pascal][0m Total time 9.648268222808838
[32m[Pascal][0m Total time 9.606437921524048
[32m[Pascal][0m Total time 9.576140403747559
[32m[Pascal][0m Cores: 4 Input: 4 
[32m[Pascal][0m Total time 78.90300750732422
[32m[Pascal][0m Total time 78.21619462966919
[32m[Pascal][0m Total time 78.57310509681702
[32m[Pascal][0m Total time 77.8544979095459
[32m[Pascal][0m Total time 77.95627188682556
[32m[Pascal][0m Total time 78.41652226448059
[32m[Pascal][0m Total time 77.67749500274658
[32m[Pascal][0m Total time 78.33552575111389
[32m[Pascal][0m Total time 77.96011209487915
[32m[Pascal][0m Total time 77.92043137550354
[32m[Pascal][0m Cores: 2 Input: 0 
[32m[Pascal][0m Total time 0.049428462982177734
[32m[Pascal][0m Total time 0.04697155952453613
[32m[Pascal][0m Total time 0.04697370529174805
[32m[Pascal][0m Total time 0.047389984130859375
[32m[Pascal][0m Total time 0.0476384162902832
[32m[Pascal][0m Total time 0.04691767692565918
[32m[Pascal][0m Total time 0.04708981513977051
[32m[Pascal][0m Total time 0.04790997505187988
[32m[Pascal][0m Total time 0.04712700843811035
[32m[Pascal][0m Total time 0.04659843444824219
[32m[Pascal][0m Cores: 2 Input: 1 
[32m[Pascal][0m Total time 0.3086087703704834
[32m[Pascal][0m Total time 0.3088524341583252
[32m[Pascal][0m Total time 0.30910491943359375
[32m[Pascal][0m Total time 0.31015658378601074
[32m[Pascal][0m Total time 0.3090682029724121
[32m[Pascal][0m Total time 0.3089313507080078
[32m[Pascal][0m Total time 0.30927157402038574
[32m[Pascal][0m Total time 0.3116316795349121
[32m[Pascal][0m Total time 0.3092193603515625
[32m[Pascal][0m Total time 0.30912256240844727
[32m[Pascal][0m Cores: 2 Input: 2 
[32m[Pascal][0m Total time 2.3921730518341064
[32m[Pascal][0m Total time 2.3958256244659424
[32m[Pascal][0m Total time 2.394268751144409
[32m[Pascal][0m Total time 2.424405813217163
[32m[Pascal][0m Total time 2.4000542163848877
[32m[Pascal][0m Total time 2.38726806640625
[32m[Pascal][0m Total time 2.3936941623687744
[32m[Pascal][0m Total time 2.39345383644104
[32m[Pascal][0m Total time 2.3889243602752686
[32m[Pascal][0m Total time 2.3894283771514893
[32m[Pascal][0m Cores: 2 Input: 3 
[32m[Pascal][0m Total time 19.096697568893433
[32m[Pascal][0m Total time 19.189109325408936
[32m[Pascal][0m Total time 19.221070051193237
[32m[Pascal][0m Total time 19.206626892089844
[32m[Pascal][0m Total time 19.118391513824463
[32m[Pascal][0m Total time 19.397939205169678
[32m[Pascal][0m Total time 19.151724338531494
[32m[Pascal][0m Total time 19.00996208190918
[32m[Pascal][0m Total time 19.406498670578003
[32m[Pascal][0m Total time 19.13247585296631
[32m[Pascal][0m Cores: 2 Input: 4 
[32m[Pascal][0m Total time 154.6065056324005
[32m[Pascal][0m Total time 158.02216172218323
[32m[Pascal][0m Total time 158.13770532608032
[32m[Pascal][0m Total time 155.63505959510803
[32m[Pascal][0m Total time 155.90077805519104
[32m[Pascal][0m Total time 158.26868200302124
[32m[Pascal][0m Total time 155.1523118019104
[32m[Pascal][0m Total time 154.46016335487366
[32m[Pascal][0m Total time 156.15531992912292
[32m[Pascal][0m Total time 155.4271640777588
[32m[Pascal][0m Cores: 1 Input: 0 
[32m[Pascal][0m Total time 0.08431148529052734
[32m[Pascal][0m Total time 0.08446002006530762
[32m[Pascal][0m Total time 0.08414864540100098
[32m[Pascal][0m Total time 0.08461499214172363
[32m[Pascal][0m Total time 0.08428502082824707
[32m[Pascal][0m Total time 0.0845499038696289
[32m[Pascal][0m Total time 0.08438634872436523
[32m[Pascal][0m Total time 0.08415389060974121
[32m[Pascal][0m Total time 0.08415079116821289
[32m[Pascal][0m Total time 0.08393073081970215
[32m[Pascal][0m Cores: 1 Input: 1 
[32m[Pascal][0m Total time 0.6035358905792236
[32m[Pascal][0m Total time 0.6066169738769531
[32m[Pascal][0m Total time 0.6077630519866943
[32m[Pascal][0m Total time 0.6042590141296387
[32m[Pascal][0m Total time 0.607515811920166
[32m[Pascal][0m Total time 0.6068019866943359
[32m[Pascal][0m Total time 0.6063539981842041
[32m[Pascal][0m Total time 0.6054902076721191
[32m[Pascal][0m Total time 0.6123144626617432
[32m[Pascal][0m Total time 0.6072919368743896
[32m[Pascal][0m Cores: 1 Input: 2 
[32m[Pascal][0m Total time 4.7624030113220215
[32m[Pascal][0m Total time 4.756072759628296
[32m[Pascal][0m Total time 4.7742908000946045
[32m[Pascal][0m Total time 4.892042398452759
[32m[Pascal][0m Total time 4.761424779891968
[32m[Pascal][0m Total time 4.948699951171875
[32m[Pascal][0m Total time 4.754122257232666
[32m[Pascal][0m Total time 4.763421535491943
[32m[Pascal][0m Total time 4.85995888710022
[32m[Pascal][0m Total time 4.763013601303101
[32m[Pascal][0m Cores: 1 Input: 3 
[32m[Pascal][0m Total time 38.15225672721863
[32m[Pascal][0m Total time 38.502907037734985
[32m[Pascal][0m Total time 38.17587757110596
[32m[Pascal][0m Total time 38.20355463027954
[32m[Pascal][0m Total time 38.06845283508301
[32m[Pascal][0m Total time 38.29525136947632
[32m[Pascal][0m Total time 38.24817395210266
[32m[Pascal][0m Total time 38.37723350524902
[32m[Pascal][0m Total time 38.98282051086426
[32m[Pascal][0m Total time 38.23304796218872
[32m[Pascal][0m Cores: 1 Input: 4 
[32m[Pascal][0m Total time 313.0889275074005
[32m[Pascal][0m Total time 313.8285734653473
[32m[Pascal][0m Total time 317.5051369667053
[32m[Pascal][0m Total time 318.71454548835754
[32m[Pascal][0m Total time 311.6327631473541
[32m[Pascal][0m Total time 312.674560546875
[32m[Pascal][0m Total time 313.0184328556061
[32m[Pascal][0m Total time 317.8458971977234
[32m[Pascal][0m Total time 317.7973163127899
[32m[Pascal][0m Total time 309.8227343559265
[32m[Pascal][0m ***** Done! *****
[32m[Pascal][0m Saving data
