[32m[Pascal][0m Running with ['cores', 'input', 'repetitions']
[32m[Pascal][0m Cores: 128 Input: 0 
[32m[Pascal][0m Total time 0.020470142364501953
[32m[Pascal][0m Total time 0.018269062042236328
[32m[Pascal][0m Total time 0.040361642837524414
[32m[Pascal][0m Total time 0.040856361389160156
[32m[Pascal][0m Total time 0.016199111938476562
[32m[Pascal][0m Total time 0.014738321304321289
[32m[Pascal][0m Total time 0.017805099487304688
[32m[Pascal][0m Total time 0.015586614608764648
[32m[Pascal][0m Total time 0.016272544860839844
[32m[Pascal][0m Total time 0.01675128936767578
[32m[Pascal][0m Cores: 128 Input: 1 
[32m[Pascal][0m Total time 0.022047996520996094
[32m[Pascal][0m Total time 0.02243804931640625
[32m[Pascal][0m Total time 0.02577066421508789
[32m[Pascal][0m Total time 0.024630069732666016
[32m[Pascal][0m Total time 0.024667978286743164
[32m[Pascal][0m Total time 0.033159494400024414
[32m[Pascal][0m Total time 0.02329397201538086
[32m[Pascal][0m Total time 0.02500128746032715
[32m[Pascal][0m Total time 0.024327993392944336
[32m[Pascal][0m Total time 0.023391246795654297
[32m[Pascal][0m Cores: 128 Input: 2 
[32m[Pascal][0m Total time 0.08460044860839844
[32m[Pascal][0m Total time 0.08608484268188477
[32m[Pascal][0m Total time 0.08728742599487305
[32m[Pascal][0m Total time 0.0946955680847168
[32m[Pascal][0m Total time 0.08661651611328125
[32m[Pascal][0m Total time 0.08833479881286621
[32m[Pascal][0m Total time 0.09693765640258789
[32m[Pascal][0m Total time 0.08562421798706055
[32m[Pascal][0m Total time 0.09215807914733887
[32m[Pascal][0m Total time 0.08629822731018066
[32m[Pascal][0m Cores: 128 Input: 3 
[32m[Pascal][0m Total time 0.5556130409240723
[32m[Pascal][0m Total time 0.5533421039581299
[32m[Pascal][0m Total time 0.5371043682098389
[32m[Pascal][0m Total time 0.5400986671447754
[32m[Pascal][0m Total time 0.543445348739624
[32m[Pascal][0m Total time 0.5479815006256104
[32m[Pascal][0m Total time 0.5422446727752686
[32m[Pascal][0m Total time 0.5397579669952393
[32m[Pascal][0m Total time 0.5385823249816895
[32m[Pascal][0m Total time 0.5409269332885742
[32m[Pascal][0m Cores: 128 Input: 4 
[32m[Pascal][0m Total time 4.7572691440582275
[32m[Pascal][0m Total time 4.981489658355713
[32m[Pascal][0m Total time 4.657094717025757
[32m[Pascal][0m Total time 4.961028575897217
[32m[Pascal][0m Total time 4.765653371810913
[32m[Pascal][0m Total time 4.892097234725952
[32m[Pascal][0m Total time 4.556809663772583
[32m[Pascal][0m Total time 4.7105348110198975
[32m[Pascal][0m Total time 4.814786195755005
[32m[Pascal][0m Total time 4.635719060897827
[32m[Pascal][0m Cores: 64 Input: 0 
[32m[Pascal][0m Total time 0.014842748641967773
[32m[Pascal][0m Total time 0.015090465545654297
[32m[Pascal][0m Total time 0.013498067855834961
[32m[Pascal][0m Total time 0.013028621673583984
[32m[Pascal][0m Total time 0.013726949691772461
[32m[Pascal][0m Total time 0.016156673431396484
[32m[Pascal][0m Total time 0.014437198638916016
[32m[Pascal][0m Total time 0.013677120208740234
[32m[Pascal][0m Total time 0.013065814971923828
[32m[Pascal][0m Total time 0.014266252517700195
[32m[Pascal][0m Cores: 64 Input: 1 
[32m[Pascal][0m Total time 0.028879880905151367
[32m[Pascal][0m Total time 0.027714252471923828
[32m[Pascal][0m Total time 0.02799201011657715
[32m[Pascal][0m Total time 0.027701139450073242
[32m[Pascal][0m Total time 0.028535127639770508
[32m[Pascal][0m Total time 0.02890300750732422
[32m[Pascal][0m Total time 0.02972698211669922
[32m[Pascal][0m Total time 0.027701377868652344
[32m[Pascal][0m Total time 0.028187036514282227
[32m[Pascal][0m Total time 0.03102254867553711
[32m[Pascal][0m Cores: 64 Input: 2 
[32m[Pascal][0m Total time 0.14263248443603516
[32m[Pascal][0m Total time 0.14293122291564941
[32m[Pascal][0m Total time 0.1465303897857666
[32m[Pascal][0m Total time 0.1436767578125
[32m[Pascal][0m Total time 0.14292073249816895
[32m[Pascal][0m Total time 0.14766287803649902
[32m[Pascal][0m Total time 0.14410972595214844
[32m[Pascal][0m Total time 0.14320635795593262
[32m[Pascal][0m Total time 0.14598917961120605
[32m[Pascal][0m Total time 0.15159058570861816
[32m[Pascal][0m Cores: 64 Input: 3 
[32m[Pascal][0m Total time 1.019859790802002
[32m[Pascal][0m Total time 1.003662347793579
[32m[Pascal][0m Total time 1.011045217514038
[32m[Pascal][0m Total time 1.0033340454101562
[32m[Pascal][0m Total time 1.0439298152923584
[32m[Pascal][0m Total time 1.0081541538238525
[32m[Pascal][0m Total time 1.0108115673065186
[32m[Pascal][0m Total time 1.0125954151153564
[32m[Pascal][0m Total time 1.0264999866485596
[32m[Pascal][0m Total time 1.0231602191925049
[32m[Pascal][0m Cores: 64 Input: 4 
[32m[Pascal][0m Total time 8.491920948028564
[32m[Pascal][0m Total time 8.394187211990356
[32m[Pascal][0m Total time 8.532474279403687
[32m[Pascal][0m Total time 8.450156450271606
[32m[Pascal][0m Total time 8.496923923492432
[32m[Pascal][0m Total time 8.46119236946106
[32m[Pascal][0m Total time 8.414886474609375
[32m[Pascal][0m Total time 8.343121767044067
[32m[Pascal][0m Total time 8.386536359786987
[32m[Pascal][0m Total time 8.516456365585327
[32m[Pascal][0m Cores: 32 Input: 0 
[32m[Pascal][0m Total time 0.013410806655883789
[32m[Pascal][0m Total time 0.012654781341552734
[32m[Pascal][0m Total time 0.011445999145507812
[32m[Pascal][0m Total time 0.0105743408203125
[32m[Pascal][0m Total time 0.012727737426757812
[32m[Pascal][0m Total time 0.011625289916992188
[32m[Pascal][0m Total time 0.011792421340942383
[32m[Pascal][0m Total time 0.011843204498291016
[32m[Pascal][0m Total time 0.011392354965209961
[32m[Pascal][0m Total time 0.01129603385925293
[32m[Pascal][0m Cores: 32 Input: 1 
[32m[Pascal][0m Total time 0.03541851043701172
[32m[Pascal][0m Total time 0.0357515811920166
[32m[Pascal][0m Total time 0.03600120544433594
[32m[Pascal][0m Total time 0.03549766540527344
[32m[Pascal][0m Total time 0.03540921211242676
[32m[Pascal][0m Total time 0.041379690170288086
[32m[Pascal][0m Total time 0.03456473350524902
[32m[Pascal][0m Total time 0.03531646728515625
[32m[Pascal][0m Total time 0.034731388092041016
[32m[Pascal][0m Total time 0.03559517860412598
[32m[Pascal][0m Cores: 32 Input: 2 
[32m[Pascal][0m Total time 0.2158801555633545
[32m[Pascal][0m Total time 0.21695256233215332
[32m[Pascal][0m Total time 0.21634125709533691
[32m[Pascal][0m Total time 0.2165682315826416
[32m[Pascal][0m Total time 0.22487878799438477
[32m[Pascal][0m Total time 0.21686530113220215
[32m[Pascal][0m Total time 0.21734309196472168
[32m[Pascal][0m Total time 0.21677589416503906
[32m[Pascal][0m Total time 0.21721696853637695
[32m[Pascal][0m Total time 0.2198014259338379
[32m[Pascal][0m Cores: 32 Input: 3 
[32m[Pascal][0m Total time 1.6779050827026367
[32m[Pascal][0m Total time 1.6881663799285889
[32m[Pascal][0m Total time 1.6695835590362549
[32m[Pascal][0m Total time 1.6833136081695557
[32m[Pascal][0m Total time 1.6807997226715088
[32m[Pascal][0m Total time 1.6834168434143066
[32m[Pascal][0m Total time 1.673675298690796
[32m[Pascal][0m Total time 1.6635522842407227
[32m[Pascal][0m Total time 1.6911966800689697
[32m[Pascal][0m Total time 1.6793162822723389
[32m[Pascal][0m Cores: 32 Input: 4 
[32m[Pascal][0m Total time 13.555850267410278
[32m[Pascal][0m Total time 13.626562356948853
[32m[Pascal][0m Total time 13.640395641326904
[32m[Pascal][0m Total time 13.481028079986572
[32m[Pascal][0m Total time 13.394708633422852
[32m[Pascal][0m Total time 13.562046527862549
[32m[Pascal][0m Total time 14.263600826263428
[32m[Pascal][0m Total time 13.440999984741211
[32m[Pascal][0m Total time 13.45353078842163
[32m[Pascal][0m Total time 13.500425100326538
[32m[Pascal][0m Cores: 16 Input: 0 
[32m[Pascal][0m Total time 0.01657247543334961
[32m[Pascal][0m Total time 0.016428470611572266
[32m[Pascal][0m Total time 0.016612768173217773
[32m[Pascal][0m Total time 0.014684200286865234
[32m[Pascal][0m Total time 0.013968229293823242
[32m[Pascal][0m Total time 0.014395475387573242
[32m[Pascal][0m Total time 0.014658689498901367
[32m[Pascal][0m Total time 0.013972282409667969
[32m[Pascal][0m Total time 0.015519380569458008
[32m[Pascal][0m Total time 0.04890084266662598
[32m[Pascal][0m Cores: 16 Input: 1 
[32m[Pascal][0m Total time 0.06054806709289551
[32m[Pascal][0m Total time 0.05906319618225098
[32m[Pascal][0m Total time 0.06038498878479004
[32m[Pascal][0m Total time 0.06154298782348633
[32m[Pascal][0m Total time 0.0740044116973877
[32m[Pascal][0m Total time 0.05945849418640137
[32m[Pascal][0m Total time 0.06023597717285156
[32m[Pascal][0m Total time 0.06046462059020996
[32m[Pascal][0m Total time 0.05959177017211914
[32m[Pascal][0m Total time 0.05996251106262207
[32m[Pascal][0m Cores: 16 Input: 2 
[32m[Pascal][0m Total time 0.42107057571411133
[32m[Pascal][0m Total time 0.41836071014404297
[32m[Pascal][0m Total time 0.41944026947021484
[32m[Pascal][0m Total time 0.42041730880737305
[32m[Pascal][0m Total time 0.41854166984558105
[32m[Pascal][0m Total time 0.4327101707458496
[32m[Pascal][0m Total time 0.42083120346069336
[32m[Pascal][0m Total time 0.42010021209716797
[32m[Pascal][0m Total time 0.42522525787353516
[32m[Pascal][0m Total time 0.4188215732574463
[32m[Pascal][0m Cores: 16 Input: 3 
[32m[Pascal][0m Total time 3.278742790222168
[32m[Pascal][0m Total time 3.3020236492156982
[32m[Pascal][0m Total time 3.2634994983673096
[32m[Pascal][0m Total time 3.292829990386963
[32m[Pascal][0m Total time 3.3139431476593018
[32m[Pascal][0m Total time 3.3358700275421143
[32m[Pascal][0m Total time 3.3034095764160156
[32m[Pascal][0m Total time 3.2853598594665527
[32m[Pascal][0m Total time 3.295116901397705
[32m[Pascal][0m Total time 3.3185768127441406
[32m[Pascal][0m Cores: 16 Input: 4 
[32m[Pascal][0m Total time 26.663298845291138
[32m[Pascal][0m Total time 26.73919105529785
[32m[Pascal][0m Total time 26.836028337478638
[32m[Pascal][0m Total time 26.749425411224365
[32m[Pascal][0m Total time 26.70596742630005
[32m[Pascal][0m Total time 26.871012449264526
[32m[Pascal][0m Total time 26.794721364974976
[32m[Pascal][0m Total time 26.698188304901123
[32m[Pascal][0m Total time 26.535215854644775
[32m[Pascal][0m Total time 26.833926916122437
[32m[Pascal][0m Cores: 8 Input: 0 
[32m[Pascal][0m Total time 0.022891998291015625
[32m[Pascal][0m Total time 0.021481037139892578
[32m[Pascal][0m Total time 0.02184152603149414
[32m[Pascal][0m Total time 0.021086931228637695
[32m[Pascal][0m Total time 0.02109360694885254
[32m[Pascal][0m Total time 0.02123856544494629
[32m[Pascal][0m Total time 0.020897388458251953
[32m[Pascal][0m Total time 0.02107834815979004
[32m[Pascal][0m Total time 0.020839214324951172
[32m[Pascal][0m Total time 0.02088308334350586
[32m[Pascal][0m Cores: 8 Input: 1 
[32m[Pascal][0m Total time 0.11148858070373535
[32m[Pascal][0m Total time 0.11120986938476562
[32m[Pascal][0m Total time 0.11123466491699219
[32m[Pascal][0m Total time 0.11165452003479004
[32m[Pascal][0m Total time 0.11154055595397949
[32m[Pascal][0m Total time 0.11113333702087402
[32m[Pascal][0m Total time 0.11188411712646484
[32m[Pascal][0m Total time 0.1114652156829834
[32m[Pascal][0m Total time 0.11179685592651367
[32m[Pascal][0m Total time 0.11167240142822266
[32m[Pascal][0m Cores: 8 Input: 2 
[32m[Pascal][0m Total time 0.8260807991027832
[32m[Pascal][0m Total time 0.8223941326141357
[32m[Pascal][0m Total time 0.8284463882446289
[32m[Pascal][0m Total time 0.8210701942443848
[32m[Pascal][0m Total time 0.830657958984375
[32m[Pascal][0m Total time 0.8263149261474609
[32m[Pascal][0m Total time 0.828010082244873
[32m[Pascal][0m Total time 0.8221948146820068
[32m[Pascal][0m Total time 0.8264353275299072
[32m[Pascal][0m Total time 0.8213822841644287
[32m[Pascal][0m Cores: 8 Input: 3 
[32m[Pascal][0m Total time 6.639446496963501
[32m[Pascal][0m Total time 6.542985677719116
[32m[Pascal][0m Total time 6.52960991859436
[32m[Pascal][0m Total time 6.5238001346588135
[32m[Pascal][0m Total time 6.6068384647369385
[32m[Pascal][0m Total time 6.518479347229004
[32m[Pascal][0m Total time 6.5324835777282715
[32m[Pascal][0m Total time 6.524406433105469
[32m[Pascal][0m Total time 6.5343523025512695
[32m[Pascal][0m Total time 6.5133466720581055
[32m[Pascal][0m Cores: 8 Input: 4 
[32m[Pascal][0m Total time 53.57369065284729
[32m[Pascal][0m Total time 53.630820512771606
[32m[Pascal][0m Total time 53.182358503341675
[32m[Pascal][0m Total time 53.36035990715027
[32m[Pascal][0m Total time 53.440577030181885
[32m[Pascal][0m Total time 53.13698410987854
[32m[Pascal][0m Total time 53.01735162734985
[32m[Pascal][0m Total time 53.32341194152832
[32m[Pascal][0m Total time 53.091859340667725
[32m[Pascal][0m Total time 53.11814856529236
[32m[Pascal][0m Cores: 4 Input: 0 
[32m[Pascal][0m Total time 0.03624320030212402
[32m[Pascal][0m Total time 0.03342771530151367
[32m[Pascal][0m Total time 0.033510684967041016
[32m[Pascal][0m Total time 0.03344869613647461
[32m[Pascal][0m Total time 0.033025264739990234
[32m[Pascal][0m Total time 0.03342461585998535
[32m[Pascal][0m Total time 0.03662514686584473
[32m[Pascal][0m Total time 0.033661603927612305
[32m[Pascal][0m Total time 0.03345894813537598
[32m[Pascal][0m Total time 0.03299379348754883
[32m[Pascal][0m Cores: 4 Input: 1 
[32m[Pascal][0m Total time 0.21159982681274414
[32m[Pascal][0m Total time 0.21076035499572754
[32m[Pascal][0m Total time 0.2101125717163086
[32m[Pascal][0m Total time 0.21068143844604492
[32m[Pascal][0m Total time 0.21115899085998535
[32m[Pascal][0m Total time 0.21038818359375
[32m[Pascal][0m Total time 0.20994901657104492
[32m[Pascal][0m Total time 0.21085762977600098
[32m[Pascal][0m Total time 0.21054601669311523
[32m[Pascal][0m Total time 0.21030902862548828
[32m[Pascal][0m Cores: 4 Input: 2 
[32m[Pascal][0m Total time 1.6224651336669922
[32m[Pascal][0m Total time 1.6206181049346924
[32m[Pascal][0m Total time 1.621291160583496
[32m[Pascal][0m Total time 1.6660895347595215
[32m[Pascal][0m Total time 1.621067762374878
[32m[Pascal][0m Total time 1.6204030513763428
[32m[Pascal][0m Total time 1.6208562850952148
[32m[Pascal][0m Total time 1.6221086978912354
[32m[Pascal][0m Total time 1.6332855224609375
[32m[Pascal][0m Total time 1.6248748302459717
[32m[Pascal][0m Cores: 4 Input: 3 
[32m[Pascal][0m Total time 13.061289072036743
[32m[Pascal][0m Total time 12.967852115631104
[32m[Pascal][0m Total time 13.00714111328125
[32m[Pascal][0m Total time 13.050009489059448
[32m[Pascal][0m Total time 13.158703327178955
[32m[Pascal][0m Total time 13.038474559783936
[32m[Pascal][0m Total time 13.085645914077759
[32m[Pascal][0m Total time 13.193658113479614
[32m[Pascal][0m Total time 12.97860860824585
[32m[Pascal][0m Total time 13.059815406799316
[32m[Pascal][0m Cores: 4 Input: 4 
[32m[Pascal][0m Total time 105.56437134742737
[32m[Pascal][0m Total time 105.04161977767944
[32m[Pascal][0m Total time 105.22284841537476
[32m[Pascal][0m Total time 105.1610779762268
[32m[Pascal][0m Total time 104.90506148338318
[32m[Pascal][0m Total time 105.02319955825806
[32m[Pascal][0m Total time 105.1254415512085
[32m[Pascal][0m Total time 105.73847103118896
[32m[Pascal][0m Total time 104.89848709106445
[32m[Pascal][0m Total time 104.7612829208374
[32m[Pascal][0m Cores: 2 Input: 0 
[32m[Pascal][0m Total time 0.060805559158325195
[32m[Pascal][0m Total time 0.05896472930908203
[32m[Pascal][0m Total time 0.05856180191040039
[32m[Pascal][0m Total time 0.05869126319885254
[32m[Pascal][0m Total time 0.05889487266540527
[32m[Pascal][0m Total time 0.05900931358337402
[32m[Pascal][0m Total time 0.058975934982299805
[32m[Pascal][0m Total time 0.059564828872680664
[32m[Pascal][0m Total time 0.05970025062561035
[32m[Pascal][0m Total time 0.059014081954956055
[32m[Pascal][0m Cores: 2 Input: 1 
[32m[Pascal][0m Total time 0.41156935691833496
[32m[Pascal][0m Total time 0.41295909881591797
[32m[Pascal][0m Total time 0.4149894714355469
[32m[Pascal][0m Total time 0.4113500118255615
[32m[Pascal][0m Total time 0.4124739170074463
[32m[Pascal][0m Total time 0.41252970695495605
[32m[Pascal][0m Total time 0.4125192165374756
[32m[Pascal][0m Total time 0.4138157367706299
[32m[Pascal][0m Total time 0.5331218242645264
[32m[Pascal][0m Total time 0.4125559329986572
[32m[Pascal][0m Cores: 2 Input: 2 
[32m[Pascal][0m Total time 3.233508825302124
[32m[Pascal][0m Total time 3.226109743118286
[32m[Pascal][0m Total time 3.2849700450897217
[32m[Pascal][0m Total time 3.280667304992676
[32m[Pascal][0m Total time 3.228579044342041
[32m[Pascal][0m Total time 3.2204782962799072
[32m[Pascal][0m Total time 3.2331457138061523
[32m[Pascal][0m Total time 3.2335121631622314
[32m[Pascal][0m Total time 3.230140209197998
[32m[Pascal][0m Total time 3.236288070678711
[32m[Pascal][0m Cores: 2 Input: 3 
[32m[Pascal][0m Total time 26.266000270843506
[32m[Pascal][0m Total time 26.124637603759766
[32m[Pascal][0m Total time 26.172915935516357
[32m[Pascal][0m Total time 25.797084093093872
[32m[Pascal][0m Total time 25.904948949813843
[32m[Pascal][0m Total time 26.563525676727295
[32m[Pascal][0m Total time 26.012226343154907
[32m[Pascal][0m Total time 26.263972282409668
[32m[Pascal][0m Total time 25.95572304725647
[32m[Pascal][0m Total time 25.81363320350647
[32m[Pascal][0m Cores: 2 Input: 4 
[32m[Pascal][0m Total time 213.51570916175842
[32m[Pascal][0m Total time 210.47359037399292
[32m[Pascal][0m Total time 212.69205904006958
[32m[Pascal][0m Total time 209.97464752197266
[32m[Pascal][0m Total time 212.299076795578
[32m[Pascal][0m Total time 209.72918915748596
[32m[Pascal][0m Total time 212.1083173751831
[32m[Pascal][0m Total time 209.60810232162476
[32m[Pascal][0m Total time 210.57897853851318
[32m[Pascal][0m Total time 209.9607367515564
[32m[Pascal][0m Cores: 1 Input: 0 
[32m[Pascal][0m Total time 0.11063599586486816
[32m[Pascal][0m Total time 0.11046338081359863
[32m[Pascal][0m Total time 0.10923004150390625
[32m[Pascal][0m Total time 0.11373186111450195
[32m[Pascal][0m Total time 0.10934925079345703
[32m[Pascal][0m Total time 0.11424708366394043
[32m[Pascal][0m Total time 0.11257600784301758
[32m[Pascal][0m Total time 0.10920405387878418
[32m[Pascal][0m Total time 0.1117708683013916
[32m[Pascal][0m Total time 0.10954737663269043
[32m[Pascal][0m Cores: 1 Input: 1 
[32m[Pascal][0m Total time 0.8154120445251465
[32m[Pascal][0m Total time 0.8147809505462646
[32m[Pascal][0m Total time 0.8180356025695801
[32m[Pascal][0m Total time 0.8152077198028564
[32m[Pascal][0m Total time 0.8157229423522949
[32m[Pascal][0m Total time 0.8161530494689941
[32m[Pascal][0m Total time 0.8204541206359863
[32m[Pascal][0m Total time 0.8148021697998047
[32m[Pascal][0m Total time 0.8177881240844727
[32m[Pascal][0m Total time 0.8219659328460693
[32m[Pascal][0m Cores: 1 Input: 2 
[32m[Pascal][0m Total time 6.452035188674927
[32m[Pascal][0m Total time 6.448566436767578
[32m[Pascal][0m Total time 6.447048187255859
[32m[Pascal][0m Total time 6.445118188858032
[32m[Pascal][0m Total time 6.444736480712891
[32m[Pascal][0m Total time 6.445351839065552
[32m[Pascal][0m Total time 6.451278448104858
[32m[Pascal][0m Total time 6.447634935379028
[32m[Pascal][0m Total time 6.449143171310425
[32m[Pascal][0m Total time 6.4402830600738525
[32m[Pascal][0m Cores: 1 Input: 3 
[32m[Pascal][0m Total time 51.87283706665039
[32m[Pascal][0m Total time 51.745036125183105
[32m[Pascal][0m Total time 51.46062660217285
[32m[Pascal][0m Total time 52.00473499298096
[32m[Pascal][0m Total time 51.796934843063354
[32m[Pascal][0m Total time 51.75139379501343
[32m[Pascal][0m Total time 51.784196853637695
[32m[Pascal][0m Total time 51.50223422050476
[32m[Pascal][0m Total time 52.19397044181824
[32m[Pascal][0m Total time 51.96771240234375
[32m[Pascal][0m Cores: 1 Input: 4 
[32m[Pascal][0m Total time 426.35670256614685
[32m[Pascal][0m Total time 421.8939120769501
[32m[Pascal][0m Total time 419.56697177886963
[32m[Pascal][0m Total time 419.61701560020447
[32m[Pascal][0m Total time 418.53483724594116
[32m[Pascal][0m Total time 419.5125641822815
[32m[Pascal][0m Total time 419.64863753318787
[32m[Pascal][0m Total time 418.0699234008789
[32m[Pascal][0m Total time 419.3274734020233
[32m[Pascal][0m Total time 419.57179594039917
[32m[Pascal][0m ***** Done! *****
[32m[Pascal][0m Saving data
