[32m[Pascal][0m Running with ['cores', 'input', 'repetitions']
[32m[Pascal][0m Cores: 128 Input: 0 
[32m[Pascal][0m Total time 0.12842965126037598
[32m[Pascal][0m Total time 0.019231796264648438
[32m[Pascal][0m Total time 0.016707658767700195
[32m[Pascal][0m Total time 0.01871466636657715
[32m[Pascal][0m Total time 0.018051624298095703
[32m[Pascal][0m Total time 0.01779651641845703
[32m[Pascal][0m Total time 0.017168760299682617
[32m[Pascal][0m Total time 0.016512632369995117
[32m[Pascal][0m Total time 0.019566059112548828
[32m[Pascal][0m Total time 0.017877578735351562
[32m[Pascal][0m Cores: 128 Input: 1 
[32m[Pascal][0m Total time 0.03098273277282715
[32m[Pascal][0m Total time 0.0704813003540039
[32m[Pascal][0m Total time 0.03302741050720215
[32m[Pascal][0m Total time 0.031243562698364258
[32m[Pascal][0m Total time 0.03241229057312012
[32m[Pascal][0m Total time 0.03182673454284668
[32m[Pascal][0m Total time 0.03173494338989258
[32m[Pascal][0m Total time 0.031025409698486328
[32m[Pascal][0m Total time 0.030198335647583008
[32m[Pascal][0m Total time 0.03092670440673828
[32m[Pascal][0m Cores: 128 Input: 2 
[32m[Pascal][0m Total time 0.14443278312683105
[32m[Pascal][0m Total time 0.14507460594177246
[32m[Pascal][0m Total time 0.14609694480895996
[32m[Pascal][0m Total time 0.14513349533081055
[32m[Pascal][0m Total time 0.14332151412963867
[32m[Pascal][0m Total time 0.14574766159057617
[32m[Pascal][0m Total time 0.2571704387664795
[32m[Pascal][0m Total time 0.14571142196655273
[32m[Pascal][0m Total time 0.14405274391174316
[32m[Pascal][0m Total time 0.14731073379516602
[32m[Pascal][0m Cores: 128 Input: 3 
[32m[Pascal][0m Total time 1.4624848365783691
[32m[Pascal][0m Total time 1.0118017196655273
[32m[Pascal][0m Total time 1.2785735130310059
[32m[Pascal][0m Total time 1.0295474529266357
[32m[Pascal][0m Total time 1.0095124244689941
[32m[Pascal][0m Total time 1.0163772106170654
[32m[Pascal][0m Total time 1.0401031970977783
[32m[Pascal][0m Total time 1.0426249504089355
[32m[Pascal][0m Total time 1.010493516921997
[32m[Pascal][0m Total time 1.0230686664581299
[32m[Pascal][0m Cores: 128 Input: 4 
[32m[Pascal][0m Total time 9.64576244354248
[32m[Pascal][0m Total time 9.43661117553711
[32m[Pascal][0m Total time 9.21345853805542
[32m[Pascal][0m Total time 11.704145431518555
[32m[Pascal][0m Total time 9.534544229507446
[32m[Pascal][0m Total time 9.535131454467773
[32m[Pascal][0m Total time 10.372659683227539
[32m[Pascal][0m Total time 9.707002401351929
[32m[Pascal][0m Total time 9.662421464920044
[32m[Pascal][0m Total time 9.518061399459839
[32m[Pascal][0m Cores: 64 Input: 0 
[32m[Pascal][0m Total time 0.01775646209716797
[32m[Pascal][0m Total time 0.01815509796142578
[32m[Pascal][0m Total time 0.016888856887817383
[32m[Pascal][0m Total time 0.016440391540527344
[32m[Pascal][0m Total time 0.03380155563354492
[32m[Pascal][0m Total time 0.014620542526245117
[32m[Pascal][0m Total time 0.015383243560791016
[32m[Pascal][0m Total time 0.014528036117553711
[32m[Pascal][0m Total time 0.014844655990600586
[32m[Pascal][0m Total time 0.015050649642944336
[32m[Pascal][0m Cores: 64 Input: 1 
[32m[Pascal][0m Total time 0.04396176338195801
[32m[Pascal][0m Total time 0.044989585876464844
[32m[Pascal][0m Total time 0.043819427490234375
[32m[Pascal][0m Total time 0.04243588447570801
[32m[Pascal][0m Total time 0.04417228698730469
[32m[Pascal][0m Total time 0.043187618255615234
[32m[Pascal][0m Total time 0.0423436164855957
[32m[Pascal][0m Total time 0.04480338096618652
[32m[Pascal][0m Total time 0.052045345306396484
[32m[Pascal][0m Total time 0.04232335090637207
[32m[Pascal][0m Cores: 64 Input: 2 
[32m[Pascal][0m Total time 0.2656078338623047
[32m[Pascal][0m Total time 0.26328372955322266
[32m[Pascal][0m Total time 0.25924062728881836
[32m[Pascal][0m Total time 0.25960421562194824
[32m[Pascal][0m Total time 0.2591056823730469
[32m[Pascal][0m Total time 0.2580690383911133
[32m[Pascal][0m Total time 0.2636873722076416
[32m[Pascal][0m Total time 0.26454615592956543
[32m[Pascal][0m Total time 0.2602689266204834
[32m[Pascal][0m Total time 0.2593045234680176
[32m[Pascal][0m Cores: 64 Input: 3 
[32m[Pascal][0m Total time 2.014864921569824
[32m[Pascal][0m Total time 2.048640251159668
[32m[Pascal][0m Total time 2.007167100906372
[32m[Pascal][0m Total time 2.037116289138794
[32m[Pascal][0m Total time 2.00066876411438
[32m[Pascal][0m Total time 2.000828266143799
[32m[Pascal][0m Total time 2.023267984390259
[32m[Pascal][0m Total time 1.9951224327087402
[32m[Pascal][0m Total time 2.0280420780181885
[32m[Pascal][0m Total time 1.9884259700775146
[32m[Pascal][0m Cores: 64 Input: 4 
[32m[Pascal][0m Total time 16.874630451202393
[32m[Pascal][0m Total time 16.76886296272278
[32m[Pascal][0m Total time 18.287602424621582
[32m[Pascal][0m Total time 16.7526433467865
[32m[Pascal][0m Total time 16.752026796340942
[32m[Pascal][0m Total time 16.779155731201172
[32m[Pascal][0m Total time 16.884987831115723
[32m[Pascal][0m Total time 16.787071704864502
[32m[Pascal][0m Total time 16.932995557785034
[32m[Pascal][0m Total time 16.75992178916931
[32m[Pascal][0m Cores: 32 Input: 0 
[32m[Pascal][0m Total time 0.018849849700927734
[32m[Pascal][0m Total time 0.016587495803833008
[32m[Pascal][0m Total time 0.016880035400390625
[32m[Pascal][0m Total time 0.023253679275512695
[32m[Pascal][0m Total time 0.01658177375793457
[32m[Pascal][0m Total time 0.016033411026000977
[32m[Pascal][0m Total time 0.017277956008911133
[32m[Pascal][0m Total time 0.0162045955657959
[32m[Pascal][0m Total time 0.01598072052001953
[32m[Pascal][0m Total time 0.01516866683959961
[32m[Pascal][0m Cores: 32 Input: 1 
[32m[Pascal][0m Total time 0.06195783615112305
[32m[Pascal][0m Total time 0.06099367141723633
[32m[Pascal][0m Total time 0.06052660942077637
[32m[Pascal][0m Total time 0.05927443504333496
[32m[Pascal][0m Total time 0.060555219650268555
[32m[Pascal][0m Total time 0.06018877029418945
[32m[Pascal][0m Total time 0.05958819389343262
[32m[Pascal][0m Total time 0.05924034118652344
[32m[Pascal][0m Total time 0.05912280082702637
[32m[Pascal][0m Total time 0.06470823287963867
[32m[Pascal][0m Cores: 32 Input: 2 
[32m[Pascal][0m Total time 0.41023802757263184
[32m[Pascal][0m Total time 0.41731882095336914
[32m[Pascal][0m Total time 0.41602277755737305
[32m[Pascal][0m Total time 0.4139986038208008
[32m[Pascal][0m Total time 0.4120371341705322
[32m[Pascal][0m Total time 0.4136381149291992
[32m[Pascal][0m Total time 0.4168405532836914
[32m[Pascal][0m Total time 0.41266703605651855
[32m[Pascal][0m Total time 0.41194939613342285
[32m[Pascal][0m Total time 0.41025304794311523
[32m[Pascal][0m Cores: 32 Input: 3 
[32m[Pascal][0m Total time 3.261988401412964
[32m[Pascal][0m Total time 3.9484150409698486
[32m[Pascal][0m Total time 3.7485532760620117
[32m[Pascal][0m Total time 3.283234119415283
[32m[Pascal][0m Total time 3.986555814743042
[32m[Pascal][0m Total time 3.246321678161621
[32m[Pascal][0m Total time 3.282017946243286
[32m[Pascal][0m Total time 3.265835762023926
[32m[Pascal][0m Total time 3.2805559635162354
[32m[Pascal][0m Total time 3.2648305892944336
[32m[Pascal][0m Cores: 32 Input: 4 
[32m[Pascal][0m Total time 27.11062741279602
[32m[Pascal][0m Total time 27.019282341003418
[32m[Pascal][0m Total time 26.954622507095337
[32m[Pascal][0m Total time 27.257731676101685
[32m[Pascal][0m Total time 27.104463577270508
[32m[Pascal][0m Total time 27.308139085769653
[32m[Pascal][0m Total time 27.11113214492798
[32m[Pascal][0m Total time 27.384904146194458
[32m[Pascal][0m Total time 26.808966875076294
[32m[Pascal][0m Total time 26.877692937850952
[32m[Pascal][0m Cores: 16 Input: 0 
[32m[Pascal][0m Total time 0.02433609962463379
[32m[Pascal][0m Total time 0.024556875228881836
[32m[Pascal][0m Total time 0.02173757553100586
[32m[Pascal][0m Total time 0.020984411239624023
[32m[Pascal][0m Total time 0.02243971824645996
[32m[Pascal][0m Total time 0.02632904052734375
[32m[Pascal][0m Total time 0.02142643928527832
[32m[Pascal][0m Total time 0.02034282684326172
[32m[Pascal][0m Total time 0.020661354064941406
[32m[Pascal][0m Total time 0.021079540252685547
[32m[Pascal][0m Cores: 16 Input: 1 
[32m[Pascal][0m Total time 0.1091165542602539
[32m[Pascal][0m Total time 0.10949850082397461
[32m[Pascal][0m Total time 0.11042022705078125
[32m[Pascal][0m Total time 0.11033487319946289
[32m[Pascal][0m Total time 0.10815119743347168
[32m[Pascal][0m Total time 0.1099238395690918
[32m[Pascal][0m Total time 0.10938882827758789
[32m[Pascal][0m Total time 0.10860037803649902
[32m[Pascal][0m Total time 0.11055207252502441
[32m[Pascal][0m Total time 0.10859847068786621
[32m[Pascal][0m Cores: 16 Input: 2 
[32m[Pascal][0m Total time 0.7987792491912842
[32m[Pascal][0m Total time 0.8064782619476318
[32m[Pascal][0m Total time 0.803203821182251
[32m[Pascal][0m Total time 0.8070197105407715
[32m[Pascal][0m Total time 0.8044657707214355
[32m[Pascal][0m Total time 0.8146777153015137
[32m[Pascal][0m Total time 0.810248851776123
[32m[Pascal][0m Total time 0.8002328872680664
[32m[Pascal][0m Total time 0.80002760887146
[32m[Pascal][0m Total time 0.8073937892913818
[32m[Pascal][0m Cores: 16 Input: 3 
[32m[Pascal][0m Total time 6.444194793701172
[32m[Pascal][0m Total time 6.55368447303772
[32m[Pascal][0m Total time 6.44782280921936
[32m[Pascal][0m Total time 6.461185455322266
[32m[Pascal][0m Total time 6.513546466827393
[32m[Pascal][0m Total time 6.469880819320679
[32m[Pascal][0m Total time 6.456010341644287
[32m[Pascal][0m Total time 6.471334218978882
[32m[Pascal][0m Total time 6.455672264099121
[32m[Pascal][0m Total time 6.514284610748291
[32m[Pascal][0m Cores: 16 Input: 4 
[32m[Pascal][0m Total time 55.14458727836609
[32m[Pascal][0m Total time 54.25916075706482
[32m[Pascal][0m Total time 53.82027554512024
[32m[Pascal][0m Total time 53.972193479537964
[32m[Pascal][0m Total time 53.645718574523926
[32m[Pascal][0m Total time 53.72772288322449
[32m[Pascal][0m Total time 55.569857358932495
[32m[Pascal][0m Total time 53.97789645195007
[32m[Pascal][0m Total time 55.668840169906616
[32m[Pascal][0m Total time 53.35919952392578
[32m[Pascal][0m Cores: 8 Input: 0 
[32m[Pascal][0m Total time 0.03709149360656738
[32m[Pascal][0m Total time 0.038242340087890625
[32m[Pascal][0m Total time 0.03463149070739746
[32m[Pascal][0m Total time 0.034171342849731445
[32m[Pascal][0m Total time 0.03436565399169922
[32m[Pascal][0m Total time 0.03484463691711426
[32m[Pascal][0m Total time 0.03476452827453613
[32m[Pascal][0m Total time 0.034894704818725586
[32m[Pascal][0m Total time 0.03467392921447754
[32m[Pascal][0m Total time 0.0346982479095459
[32m[Pascal][0m Cores: 8 Input: 1 
[32m[Pascal][0m Total time 0.20683002471923828
[32m[Pascal][0m Total time 0.20940709114074707
[32m[Pascal][0m Total time 0.20996451377868652
[32m[Pascal][0m Total time 0.2104482650756836
[32m[Pascal][0m Total time 0.20911335945129395
[32m[Pascal][0m Total time 0.20929193496704102
[32m[Pascal][0m Total time 0.20999622344970703
[32m[Pascal][0m Total time 0.20867037773132324
[32m[Pascal][0m Total time 0.20944905281066895
[32m[Pascal][0m Total time 0.2090458869934082
[32m[Pascal][0m Cores: 8 Input: 2 
[32m[Pascal][0m Total time 1.7795813083648682
[32m[Pascal][0m Total time 1.5986113548278809
[32m[Pascal][0m Total time 1.5970118045806885
[32m[Pascal][0m Total time 1.6015822887420654
[32m[Pascal][0m Total time 1.6021323204040527
[32m[Pascal][0m Total time 1.5953350067138672
[32m[Pascal][0m Total time 1.5977683067321777
[32m[Pascal][0m Total time 1.5929844379425049
[32m[Pascal][0m Total time 1.6057658195495605
[32m[Pascal][0m Total time 1.620100736618042
[32m[Pascal][0m Cores: 8 Input: 3 
[32m[Pascal][0m Total time 12.788789987564087
[32m[Pascal][0m Total time 12.852332830429077
[32m[Pascal][0m Total time 12.900367975234985
[32m[Pascal][0m Total time 12.864530324935913
[32m[Pascal][0m Total time 12.913743019104004
[32m[Pascal][0m Total time 13.006661891937256
[32m[Pascal][0m Total time 13.523290157318115
[32m[Pascal][0m Total time 12.943243265151978
[32m[Pascal][0m Total time 12.859724521636963
[32m[Pascal][0m Total time 12.990358352661133
[32m[Pascal][0m Cores: 8 Input: 4 
[32m[Pascal][0m Total time 105.83651828765869
[32m[Pascal][0m Total time 104.03977799415588
[32m[Pascal][0m Total time 103.27574157714844
[32m[Pascal][0m Total time 102.64435148239136
[32m[Pascal][0m Total time 103.60854697227478
[32m[Pascal][0m Total time 103.55215311050415
[32m[Pascal][0m Total time 103.94997811317444
[32m[Pascal][0m Total time 104.13411235809326
[32m[Pascal][0m Total time 103.07999634742737
[32m[Pascal][0m Total time 104.30678391456604
[32m[Pascal][0m Cores: 4 Input: 0 
[32m[Pascal][0m Total time 0.06078052520751953
[32m[Pascal][0m Total time 0.0609586238861084
[32m[Pascal][0m Total time 0.05763673782348633
[32m[Pascal][0m Total time 0.05791664123535156
[32m[Pascal][0m Total time 0.05797982215881348
[32m[Pascal][0m Total time 0.05788278579711914
[32m[Pascal][0m Total time 0.05818963050842285
[32m[Pascal][0m Total time 0.05791068077087402
[32m[Pascal][0m Total time 0.057785987854003906
[32m[Pascal][0m Total time 0.058002471923828125
[32m[Pascal][0m Cores: 4 Input: 1 
[32m[Pascal][0m Total time 0.40686678886413574
[32m[Pascal][0m Total time 0.5488665103912354
[32m[Pascal][0m Total time 0.4010744094848633
[32m[Pascal][0m Total time 0.4088706970214844
[32m[Pascal][0m Total time 0.4025578498840332
[32m[Pascal][0m Total time 0.40122222900390625
[32m[Pascal][0m Total time 0.4182758331298828
[32m[Pascal][0m Total time 0.4023287296295166
[32m[Pascal][0m Total time 0.4017655849456787
[32m[Pascal][0m Total time 0.4032266139984131
[32m[Pascal][0m Cores: 4 Input: 2 
[32m[Pascal][0m Total time 3.1319103240966797
[32m[Pascal][0m Total time 3.1640942096710205
[32m[Pascal][0m Total time 3.156891107559204
[32m[Pascal][0m Total time 3.1657984256744385
[32m[Pascal][0m Total time 3.2565531730651855
[32m[Pascal][0m Total time 3.168839693069458
[32m[Pascal][0m Total time 3.1692090034484863
[32m[Pascal][0m Total time 3.2782177925109863
[32m[Pascal][0m Total time 3.1657514572143555
[32m[Pascal][0m Total time 3.1578383445739746
[32m[Pascal][0m Cores: 4 Input: 3 
[32m[Pascal][0m Total time 25.815306425094604
[32m[Pascal][0m Total time 25.54070210456848
[32m[Pascal][0m Total time 25.62593364715576
[32m[Pascal][0m Total time 26.297616958618164
[32m[Pascal][0m Total time 25.99916434288025
[32m[Pascal][0m Total time 25.58170485496521
[32m[Pascal][0m Total time 25.358631134033203
[32m[Pascal][0m Total time 25.06657361984253
[32m[Pascal][0m Total time 26.164552688598633
[32m[Pascal][0m Total time 25.450136423110962
[32m[Pascal][0m Cores: 4 Input: 4 
[32m[Pascal][0m Total time 214.85644793510437
[32m[Pascal][0m Total time 202.965838432312
[32m[Pascal][0m Total time 211.13895845413208
[32m[Pascal][0m Total time 204.73499464988708
[32m[Pascal][0m Total time 210.0825333595276
[32m[Pascal][0m Total time 203.42950868606567
[32m[Pascal][0m Total time 210.65653252601624
[32m[Pascal][0m Total time 204.9331305027008
[32m[Pascal][0m Total time 209.86315488815308
[32m[Pascal][0m Total time 202.87313985824585
[32m[Pascal][0m Cores: 2 Input: 0 
[32m[Pascal][0m Total time 0.10974383354187012
[32m[Pascal][0m Total time 0.11072921752929688
[32m[Pascal][0m Total time 0.10753345489501953
[32m[Pascal][0m Total time 0.10338997840881348
[32m[Pascal][0m Total time 0.10706806182861328
[32m[Pascal][0m Total time 0.1033329963684082
[32m[Pascal][0m Total time 0.1108555793762207
[32m[Pascal][0m Total time 0.10284662246704102
[32m[Pascal][0m Total time 0.10793519020080566
[32m[Pascal][0m Total time 0.10322427749633789
[32m[Pascal][0m Cores: 2 Input: 1 
[32m[Pascal][0m Total time 0.8244309425354004
[32m[Pascal][0m Total time 0.8389682769775391
[32m[Pascal][0m Total time 0.8139142990112305
[32m[Pascal][0m Total time 0.802483320236206
[32m[Pascal][0m Total time 0.7883598804473877
[32m[Pascal][0m Total time 0.8019595146179199
[32m[Pascal][0m Total time 0.8339180946350098
[32m[Pascal][0m Total time 0.8076512813568115
[32m[Pascal][0m Total time 0.7898421287536621
[32m[Pascal][0m Total time 0.7950527667999268
[32m[Pascal][0m Cores: 2 Input: 2 
[32m[Pascal][0m Total time 6.358836889266968
[32m[Pascal][0m Total time 6.295507431030273
[32m[Pascal][0m Total time 6.383947849273682
[32m[Pascal][0m Total time 6.478390693664551
[32m[Pascal][0m Total time 6.57610297203064
[32m[Pascal][0m Total time 6.291414737701416
[32m[Pascal][0m Total time 6.451090097427368
[32m[Pascal][0m Total time 6.496073007583618
[32m[Pascal][0m Total time 6.517709493637085
[32m[Pascal][0m Total time 6.301876783370972
[32m[Pascal][0m Cores: 2 Input: 3 
[32m[Pascal][0m Total time 51.04172658920288
[32m[Pascal][0m Total time 50.08262801170349
[32m[Pascal][0m Total time 51.0799081325531
[32m[Pascal][0m Total time 50.95322632789612
[32m[Pascal][0m Total time 50.891740560531616
[32m[Pascal][0m Total time 50.25364947319031
[32m[Pascal][0m Total time 52.20037221908569
[32m[Pascal][0m Total time 50.973596811294556
[32m[Pascal][0m Total time 50.96430969238281
[32m[Pascal][0m Total time 52.15944528579712
[32m[Pascal][0m Cores: 2 Input: 4 
[32m[Pascal][0m Total time 401.17964243888855
[32m[Pascal][0m Total time 404.4922308921814
[32m[Pascal][0m Total time 404.0873553752899
[32m[Pascal][0m Total time 402.99234104156494
[32m[Pascal][0m Total time 402.5036234855652
[32m[Pascal][0m Total time 401.910521030426
[32m[Pascal][0m Total time 401.9695966243744
[32m[Pascal][0m Total time 401.94176864624023
[32m[Pascal][0m Total time 402.7171552181244
[32m[Pascal][0m Total time 402.51495909690857
[32m[Pascal][0m Cores: 1 Input: 0 
[32m[Pascal][0m Total time 0.2025291919708252
[32m[Pascal][0m Total time 0.20552659034729004
[32m[Pascal][0m Total time 0.202988862991333
[32m[Pascal][0m Total time 0.20221304893493652
[32m[Pascal][0m Total time 0.19970369338989258
[32m[Pascal][0m Total time 0.19990849494934082
[32m[Pascal][0m Total time 0.20130658149719238
[32m[Pascal][0m Total time 0.20022106170654297
[32m[Pascal][0m Total time 0.20484495162963867
[32m[Pascal][0m Total time 0.19976043701171875
[32m[Pascal][0m Cores: 1 Input: 1 
[32m[Pascal][0m Total time 1.6071460247039795
[32m[Pascal][0m Total time 1.570960283279419
[32m[Pascal][0m Total time 1.6104636192321777
[32m[Pascal][0m Total time 1.5922541618347168
[32m[Pascal][0m Total time 1.6338191032409668
[32m[Pascal][0m Total time 1.5642755031585693
[32m[Pascal][0m Total time 1.5687549114227295
[32m[Pascal][0m Total time 1.6172723770141602
[32m[Pascal][0m Total time 1.5690810680389404
[32m[Pascal][0m Total time 1.5719316005706787
[32m[Pascal][0m Cores: 1 Input: 2 
[32m[Pascal][0m Total time 12.5742928981781
[32m[Pascal][0m Total time 12.569278240203857
[32m[Pascal][0m Total time 12.606523275375366
[32m[Pascal][0m Total time 12.693422079086304
[32m[Pascal][0m Total time 12.57003116607666
[32m[Pascal][0m Total time 12.57454776763916
[32m[Pascal][0m Total time 12.959700584411621
[32m[Pascal][0m Total time 12.580863952636719
[32m[Pascal][0m Total time 12.878738641738892
[32m[Pascal][0m Total time 12.611839056015015
[32m[Pascal][0m Cores: 1 Input: 3 
[32m[Pascal][0m Total time 101.36881446838379
[32m[Pascal][0m Total time 102.18632745742798
[32m[Pascal][0m Total time 102.6891541481018
[32m[Pascal][0m Total time 98.97389125823975
[32m[Pascal][0m Total time 102.84833073616028
[32m[Pascal][0m Total time 100.4943037033081
[32m[Pascal][0m Total time 101.94752526283264
[32m[Pascal][0m Total time 101.45188212394714
[32m[Pascal][0m Total time 99.87119507789612
[32m[Pascal][0m Total time 101.94811606407166
[32m[Pascal][0m Cores: 1 Input: 4 
[32m[Pascal][0m Total time 805.3306887149811
[32m[Pascal][0m Total time 805.0513200759888
[32m[Pascal][0m Total time 819.9509749412537
[32m[Pascal][0m Total time 806.2730958461761
[32m[Pascal][0m Total time 806.5333514213562
[32m[Pascal][0m Total time 819.5884311199188
[32m[Pascal][0m Total time 805.1981883049011
[32m[Pascal][0m Total time 805.1555516719818
[32m[Pascal][0m Total time 817.732622385025
[32m[Pascal][0m Total time 804.3853187561035
[32m[Pascal][0m ***** Done! *****
[32m[Pascal][0m Saving data
