[32m[Pascal][0m Running with ['cores', 'input', 'repetitions']
[32m[Pascal][0m Cores: 128 Input: 0 
[32m[Pascal][0m Total time 0.13852930068969727
[32m[Pascal][0m Total time 0.01810598373413086
[32m[Pascal][0m Total time 0.015485286712646484
[32m[Pascal][0m Total time 0.015352725982666016
[32m[Pascal][0m Total time 0.018233537673950195
[32m[Pascal][0m Total time 0.015283584594726562
[32m[Pascal][0m Total time 0.013087034225463867
[32m[Pascal][0m Total time 0.01471257209777832
[32m[Pascal][0m Total time 0.015732288360595703
[32m[Pascal][0m Total time 0.014493227005004883
[32m[Pascal][0m Cores: 128 Input: 1 
[32m[Pascal][0m Total time 0.021578550338745117
[32m[Pascal][0m Total time 0.022702693939208984
[32m[Pascal][0m Total time 0.018062114715576172
[32m[Pascal][0m Total time 0.019648313522338867
[32m[Pascal][0m Total time 0.018093347549438477
[32m[Pascal][0m Total time 0.021057844161987305
[32m[Pascal][0m Total time 0.02243828773498535
[32m[Pascal][0m Total time 0.03240084648132324
[32m[Pascal][0m Total time 0.019339323043823242
[32m[Pascal][0m Total time 0.018300533294677734
[32m[Pascal][0m Cores: 128 Input: 2 
[32m[Pascal][0m Total time 0.04095458984375
[32m[Pascal][0m Total time 0.041625022888183594
[32m[Pascal][0m Total time 0.04065895080566406
[32m[Pascal][0m Total time 0.04439234733581543
[32m[Pascal][0m Total time 0.04394340515136719
[32m[Pascal][0m Total time 0.044899940490722656
[32m[Pascal][0m Total time 0.04065847396850586
[32m[Pascal][0m Total time 0.04526162147521973
[32m[Pascal][0m Total time 0.04637861251831055
[32m[Pascal][0m Total time 0.043938398361206055
[32m[Pascal][0m Cores: 128 Input: 3 
[32m[Pascal][0m Total time 0.19991421699523926
[32m[Pascal][0m Total time 0.307481050491333
[32m[Pascal][0m Total time 0.21353435516357422
[32m[Pascal][0m Total time 0.21661829948425293
[32m[Pascal][0m Total time 0.2145836353302002
[32m[Pascal][0m Total time 0.20948314666748047
[32m[Pascal][0m Total time 0.21448755264282227
[32m[Pascal][0m Total time 0.2165520191192627
[32m[Pascal][0m Total time 0.2112574577331543
[32m[Pascal][0m Total time 0.21039223670959473
[32m[Pascal][0m Cores: 128 Input: 4 
[32m[Pascal][0m Total time 1.3622632026672363
[32m[Pascal][0m Total time 1.1323909759521484
[32m[Pascal][0m Total time 1.1850526332855225
[32m[Pascal][0m Total time 1.1846013069152832
[32m[Pascal][0m Total time 1.1591861248016357
[32m[Pascal][0m Total time 1.194566011428833
[32m[Pascal][0m Total time 1.1702930927276611
[32m[Pascal][0m Total time 1.1481130123138428
[32m[Pascal][0m Total time 1.1594326496124268
[32m[Pascal][0m Total time 1.2173552513122559
[32m[Pascal][0m Cores: 64 Input: 0 
[32m[Pascal][0m Total time 0.014339447021484375
[32m[Pascal][0m Total time 0.012774229049682617
[32m[Pascal][0m Total time 0.01262521743774414
[32m[Pascal][0m Total time 0.012885570526123047
[32m[Pascal][0m Total time 0.01530313491821289
[32m[Pascal][0m Total time 0.014044523239135742
[32m[Pascal][0m Total time 0.015151262283325195
[32m[Pascal][0m Total time 0.014374494552612305
[32m[Pascal][0m Total time 0.013875246047973633
[32m[Pascal][0m Total time 0.013673782348632812
[32m[Pascal][0m Cores: 64 Input: 1 
[32m[Pascal][0m Total time 0.02211141586303711
[32m[Pascal][0m Total time 0.020891427993774414
[32m[Pascal][0m Total time 0.017586469650268555
[32m[Pascal][0m Total time 0.02846050262451172
[32m[Pascal][0m Total time 0.019217729568481445
[32m[Pascal][0m Total time 0.018445968627929688
[32m[Pascal][0m Total time 0.01799488067626953
[32m[Pascal][0m Total time 0.018324851989746094
[32m[Pascal][0m Total time 0.01728367805480957
[32m[Pascal][0m Total time 0.01777505874633789
[32m[Pascal][0m Cores: 64 Input: 2 
[32m[Pascal][0m Total time 0.0470271110534668
[32m[Pascal][0m Total time 0.04630899429321289
[32m[Pascal][0m Total time 0.046358346939086914
[32m[Pascal][0m Total time 0.04705333709716797
[32m[Pascal][0m Total time 0.04642319679260254
[32m[Pascal][0m Total time 0.048723459243774414
[32m[Pascal][0m Total time 0.047129154205322266
[32m[Pascal][0m Total time 0.047713518142700195
[32m[Pascal][0m Total time 0.04844045639038086
[32m[Pascal][0m Total time 0.047415733337402344
[32m[Pascal][0m Cores: 64 Input: 3 
[32m[Pascal][0m Total time 0.2409498691558838
[32m[Pascal][0m Total time 0.2512071132659912
[32m[Pascal][0m Total time 0.2521247863769531
[32m[Pascal][0m Total time 0.25243163108825684
[32m[Pascal][0m Total time 0.24840617179870605
[32m[Pascal][0m Total time 0.2678039073944092
[32m[Pascal][0m Total time 0.24300742149353027
[32m[Pascal][0m Total time 0.24319028854370117
[32m[Pascal][0m Total time 0.24600863456726074
[32m[Pascal][0m Total time 0.24364542961120605
[32m[Pascal][0m Cores: 64 Input: 4 
[32m[Pascal][0m Total time 1.7523269653320312
[32m[Pascal][0m Total time 1.7328531742095947
[32m[Pascal][0m Total time 1.7150216102600098
[32m[Pascal][0m Total time 1.6923201084136963
[32m[Pascal][0m Total time 1.7164983749389648
[32m[Pascal][0m Total time 1.6424188613891602
[32m[Pascal][0m Total time 1.7076046466827393
[32m[Pascal][0m Total time 1.7415673732757568
[32m[Pascal][0m Total time 1.739445686340332
[32m[Pascal][0m Total time 1.8102807998657227
[32m[Pascal][0m Cores: 32 Input: 0 
[32m[Pascal][0m Total time 0.012642621994018555
[32m[Pascal][0m Total time 0.011297225952148438
[32m[Pascal][0m Total time 0.01087045669555664
[32m[Pascal][0m Total time 0.01078176498413086
[32m[Pascal][0m Total time 0.01178884506225586
[32m[Pascal][0m Total time 0.012703418731689453
[32m[Pascal][0m Total time 0.013833284378051758
[32m[Pascal][0m Total time 0.012578964233398438
[32m[Pascal][0m Total time 0.012961864471435547
[32m[Pascal][0m Total time 0.010447025299072266
[32m[Pascal][0m Cores: 32 Input: 1 
[32m[Pascal][0m Total time 0.020026206970214844
[32m[Pascal][0m Total time 0.020765304565429688
[32m[Pascal][0m Total time 0.018755674362182617
[32m[Pascal][0m Total time 0.018940448760986328
[32m[Pascal][0m Total time 0.01752305030822754
[32m[Pascal][0m Total time 0.016936302185058594
[32m[Pascal][0m Total time 0.016403913497924805
[32m[Pascal][0m Total time 0.017430543899536133
[32m[Pascal][0m Total time 0.015819787979125977
[32m[Pascal][0m Total time 0.016426563262939453
[32m[Pascal][0m Cores: 32 Input: 2 
[32m[Pascal][0m Total time 0.06480836868286133
[32m[Pascal][0m Total time 0.06634068489074707
[32m[Pascal][0m Total time 0.06556582450866699
[32m[Pascal][0m Total time 0.06840729713439941
[32m[Pascal][0m Total time 0.06667351722717285
[32m[Pascal][0m Total time 0.06581687927246094
[32m[Pascal][0m Total time 0.0687711238861084
[32m[Pascal][0m Total time 0.07032060623168945
[32m[Pascal][0m Total time 0.06853747367858887
[32m[Pascal][0m Total time 0.0699317455291748
[32m[Pascal][0m Cores: 32 Input: 3 
[32m[Pascal][0m Total time 0.392214298248291
[32m[Pascal][0m Total time 0.3948202133178711
[32m[Pascal][0m Total time 0.40122032165527344
[32m[Pascal][0m Total time 0.39772844314575195
[32m[Pascal][0m Total time 0.3965308666229248
[32m[Pascal][0m Total time 0.4009978771209717
[32m[Pascal][0m Total time 0.39924144744873047
[32m[Pascal][0m Total time 0.3930497169494629
[32m[Pascal][0m Total time 0.3946707248687744
[32m[Pascal][0m Total time 0.3953676223754883
[32m[Pascal][0m Cores: 32 Input: 4 
[32m[Pascal][0m Total time 3.2385847568511963
[32m[Pascal][0m Total time 2.984821319580078
[32m[Pascal][0m Total time 3.182800531387329
[32m[Pascal][0m Total time 3.002976417541504
[32m[Pascal][0m Total time 2.976229190826416
[32m[Pascal][0m Total time 2.9596774578094482
[32m[Pascal][0m Total time 3.0060155391693115
[32m[Pascal][0m Total time 3.0220484733581543
[32m[Pascal][0m Total time 3.01045298576355
[32m[Pascal][0m Total time 2.98068904876709
[32m[Pascal][0m Cores: 16 Input: 0 
[32m[Pascal][0m Total time 0.013796806335449219
[32m[Pascal][0m Total time 0.012904882431030273
[32m[Pascal][0m Total time 0.015048027038574219
[32m[Pascal][0m Total time 0.014397382736206055
[32m[Pascal][0m Total time 0.012351512908935547
[32m[Pascal][0m Total time 0.012538433074951172
[32m[Pascal][0m Total time 0.014058828353881836
[32m[Pascal][0m Total time 0.013151884078979492
[32m[Pascal][0m Total time 0.012750387191772461
[32m[Pascal][0m Total time 0.013173818588256836
[32m[Pascal][0m Cores: 16 Input: 1 
[32m[Pascal][0m Total time 0.02394556999206543
[32m[Pascal][0m Total time 0.022691726684570312
[32m[Pascal][0m Total time 0.02607440948486328
[32m[Pascal][0m Total time 0.025241613388061523
[32m[Pascal][0m Total time 0.021254539489746094
[32m[Pascal][0m Total time 0.02325892448425293
[32m[Pascal][0m Total time 0.023984909057617188
[32m[Pascal][0m Total time 0.022676706314086914
[32m[Pascal][0m Total time 0.024363994598388672
[32m[Pascal][0m Total time 0.024616003036499023
[32m[Pascal][0m Cores: 16 Input: 2 
[32m[Pascal][0m Total time 0.10844612121582031
[32m[Pascal][0m Total time 0.10666441917419434
[32m[Pascal][0m Total time 0.10787510871887207
[32m[Pascal][0m Total time 0.16028976440429688
[32m[Pascal][0m Total time 0.11031270027160645
[32m[Pascal][0m Total time 0.10690426826477051
[32m[Pascal][0m Total time 0.10477876663208008
[32m[Pascal][0m Total time 0.10497641563415527
[32m[Pascal][0m Total time 0.10759377479553223
[32m[Pascal][0m Total time 0.10762929916381836
[32m[Pascal][0m Cores: 16 Input: 3 
[32m[Pascal][0m Total time 0.7415444850921631
[32m[Pascal][0m Total time 0.7227411270141602
[32m[Pascal][0m Total time 0.7202389240264893
[32m[Pascal][0m Total time 0.7210884094238281
[32m[Pascal][0m Total time 0.7258446216583252
[32m[Pascal][0m Total time 0.7275302410125732
[32m[Pascal][0m Total time 0.7248795032501221
[32m[Pascal][0m Total time 0.7168087959289551
[32m[Pascal][0m Total time 0.7214970588684082
[32m[Pascal][0m Total time 0.724586009979248
[32m[Pascal][0m Cores: 16 Input: 4 
[32m[Pascal][0m Total time 5.900673866271973
[32m[Pascal][0m Total time 6.067927837371826
[32m[Pascal][0m Total time 6.136095285415649
[32m[Pascal][0m Total time 6.054661989212036
[32m[Pascal][0m Total time 6.0376386642456055
[32m[Pascal][0m Total time 6.011087417602539
[32m[Pascal][0m Total time 6.0773866176605225
[32m[Pascal][0m Total time 5.987854480743408
[32m[Pascal][0m Total time 5.951806306838989
[32m[Pascal][0m Total time 5.984187841415405
[32m[Pascal][0m Cores: 8 Input: 0 
[32m[Pascal][0m Total time 0.014145851135253906
[32m[Pascal][0m Total time 0.016080141067504883
[32m[Pascal][0m Total time 0.01304173469543457
[32m[Pascal][0m Total time 0.014878511428833008
[32m[Pascal][0m Total time 0.01335453987121582
[32m[Pascal][0m Total time 0.011667013168334961
[32m[Pascal][0m Total time 0.014180898666381836
[32m[Pascal][0m Total time 0.016133546829223633
[32m[Pascal][0m Total time 0.01422882080078125
[32m[Pascal][0m Total time 0.015493154525756836
[32m[Pascal][0m Cores: 8 Input: 1 
[32m[Pascal][0m Total time 0.03523993492126465
[32m[Pascal][0m Total time 0.036066532135009766
[32m[Pascal][0m Total time 0.032691001892089844
[32m[Pascal][0m Total time 0.03607010841369629
[32m[Pascal][0m Total time 0.03370928764343262
[32m[Pascal][0m Total time 0.03317880630493164
[32m[Pascal][0m Total time 0.0323488712310791
[32m[Pascal][0m Total time 0.034185171127319336
[32m[Pascal][0m Total time 0.033075571060180664
[32m[Pascal][0m Total time 0.0352778434753418
[32m[Pascal][0m Cores: 8 Input: 2 
[32m[Pascal][0m Total time 0.18799829483032227
[32m[Pascal][0m Total time 0.18819022178649902
[32m[Pascal][0m Total time 0.18599748611450195
[32m[Pascal][0m Total time 0.18770146369934082
[32m[Pascal][0m Total time 0.18920564651489258
[32m[Pascal][0m Total time 0.18918085098266602
[32m[Pascal][0m Total time 0.18570446968078613
[32m[Pascal][0m Total time 0.1888885498046875
[32m[Pascal][0m Total time 0.1873643398284912
[32m[Pascal][0m Total time 0.1853652000427246
[32m[Pascal][0m Cores: 8 Input: 3 
[32m[Pascal][0m Total time 1.4005792140960693
[32m[Pascal][0m Total time 1.3888249397277832
[32m[Pascal][0m Total time 1.3952298164367676
[32m[Pascal][0m Total time 1.4675052165985107
[32m[Pascal][0m Total time 1.4019649028778076
[32m[Pascal][0m Total time 1.3916804790496826
[32m[Pascal][0m Total time 1.399820327758789
[32m[Pascal][0m Total time 1.625939130783081
[32m[Pascal][0m Total time 1.413909673690796
[32m[Pascal][0m Total time 1.3983800411224365
[32m[Pascal][0m Cores: 8 Input: 4 
[32m[Pascal][0m Total time 11.981293439865112
[32m[Pascal][0m Total time 12.044969081878662
[32m[Pascal][0m Total time 11.774673461914062
[32m[Pascal][0m Total time 11.689010858535767
[32m[Pascal][0m Total time 11.765552043914795
[32m[Pascal][0m Total time 11.776258945465088
[32m[Pascal][0m Total time 11.738325595855713
[32m[Pascal][0m Total time 11.846492290496826
[32m[Pascal][0m Total time 12.178228378295898
[32m[Pascal][0m Total time 11.881090879440308
[32m[Pascal][0m Cores: 4 Input: 0 
[32m[Pascal][0m Total time 0.015399932861328125
[32m[Pascal][0m Total time 0.013726234436035156
[32m[Pascal][0m Total time 0.013796806335449219
[32m[Pascal][0m Total time 0.0210111141204834
[32m[Pascal][0m Total time 0.0166170597076416
[32m[Pascal][0m Total time 0.015561819076538086
[32m[Pascal][0m Total time 0.018700361251831055
[32m[Pascal][0m Total time 0.016654253005981445
[32m[Pascal][0m Total time 0.018830060958862305
[32m[Pascal][0m Total time 0.017826318740844727
[32m[Pascal][0m Cores: 4 Input: 1 
[32m[Pascal][0m Total time 0.055300235748291016
[32m[Pascal][0m Total time 0.05278635025024414
[32m[Pascal][0m Total time 0.05428910255432129
[32m[Pascal][0m Total time 0.05232119560241699
[32m[Pascal][0m Total time 0.05255126953125
[32m[Pascal][0m Total time 0.05607008934020996
[32m[Pascal][0m Total time 0.05647921562194824
[32m[Pascal][0m Total time 0.05762290954589844
[32m[Pascal][0m Total time 0.05445694923400879
[32m[Pascal][0m Total time 0.05750632286071777
[32m[Pascal][0m Cores: 4 Input: 2 
[32m[Pascal][0m Total time 0.34855079650878906
[32m[Pascal][0m Total time 0.348114013671875
[32m[Pascal][0m Total time 0.3495945930480957
[32m[Pascal][0m Total time 0.3473470211029053
[32m[Pascal][0m Total time 0.3491818904876709
[32m[Pascal][0m Total time 0.3480696678161621
[32m[Pascal][0m Total time 0.34740686416625977
[32m[Pascal][0m Total time 0.3532075881958008
[32m[Pascal][0m Total time 0.35286974906921387
[32m[Pascal][0m Total time 0.35097599029541016
[32m[Pascal][0m Cores: 4 Input: 3 
[32m[Pascal][0m Total time 2.673492193222046
[32m[Pascal][0m Total time 2.6830623149871826
[32m[Pascal][0m Total time 2.7066879272460938
[32m[Pascal][0m Total time 2.6946234703063965
[32m[Pascal][0m Total time 2.6821277141571045
[32m[Pascal][0m Total time 2.692763566970825
[32m[Pascal][0m Total time 2.6916191577911377
[32m[Pascal][0m Total time 2.6660196781158447
[32m[Pascal][0m Total time 2.6926963329315186
[32m[Pascal][0m Total time 2.8030545711517334
[32m[Pascal][0m Cores: 4 Input: 4 
[32m[Pascal][0m Total time 25.903473615646362
[32m[Pascal][0m Total time 23.416372537612915
[32m[Pascal][0m Total time 24.28974938392639
[32m[Pascal][0m Total time 24.782045125961304
[32m[Pascal][0m Total time 22.823596715927124
[32m[Pascal][0m Total time 23.58195972442627
[32m[Pascal][0m Total time 25.364193201065063
[32m[Pascal][0m Total time 24.638930082321167
[32m[Pascal][0m Total time 23.216785192489624
[32m[Pascal][0m Total time 25.17647671699524
[32m[Pascal][0m Cores: 2 Input: 0 
[32m[Pascal][0m Total time 0.02144598960876465
[32m[Pascal][0m Total time 0.01908254623413086
[32m[Pascal][0m Total time 0.020103931427001953
[32m[Pascal][0m Total time 0.019275665283203125
[32m[Pascal][0m Total time 0.019053220748901367
[32m[Pascal][0m Total time 0.01868605613708496
[32m[Pascal][0m Total time 0.01810431480407715
[32m[Pascal][0m Total time 0.017120838165283203
[32m[Pascal][0m Total time 0.019181013107299805
[32m[Pascal][0m Total time 0.018877506256103516
[32m[Pascal][0m Cores: 2 Input: 1 
[32m[Pascal][0m Total time 0.09349298477172852
[32m[Pascal][0m Total time 0.09163761138916016
[32m[Pascal][0m Total time 0.09160804748535156
[32m[Pascal][0m Total time 0.0917351245880127
[32m[Pascal][0m Total time 0.09140777587890625
[32m[Pascal][0m Total time 0.09174966812133789
[32m[Pascal][0m Total time 0.091552734375
[32m[Pascal][0m Total time 0.09154558181762695
[32m[Pascal][0m Total time 0.09180474281311035
[32m[Pascal][0m Total time 0.09303975105285645
[32m[Pascal][0m Cores: 2 Input: 2 
[32m[Pascal][0m Total time 0.6666922569274902
[32m[Pascal][0m Total time 0.6684920787811279
[32m[Pascal][0m Total time 0.6689023971557617
[32m[Pascal][0m Total time 0.6692135334014893
[32m[Pascal][0m Total time 0.6679928302764893
[32m[Pascal][0m Total time 0.6703624725341797
[32m[Pascal][0m Total time 0.6711301803588867
[32m[Pascal][0m Total time 0.668703556060791
[32m[Pascal][0m Total time 0.6695408821105957
[32m[Pascal][0m Total time 0.6698951721191406
[32m[Pascal][0m Cores: 2 Input: 3 
[32m[Pascal][0m Total time 5.234492778778076
[32m[Pascal][0m Total time 5.2501749992370605
[32m[Pascal][0m Total time 5.2738165855407715
[32m[Pascal][0m Total time 5.272293567657471
[32m[Pascal][0m Total time 5.2317399978637695
[32m[Pascal][0m Total time 5.2769622802734375
[32m[Pascal][0m Total time 5.261148691177368
[32m[Pascal][0m Total time 5.258127927780151
[32m[Pascal][0m Total time 5.238707542419434
[32m[Pascal][0m Total time 5.266918659210205
[32m[Pascal][0m Cores: 2 Input: 4 
[32m[Pascal][0m Total time 44.28859043121338
[32m[Pascal][0m Total time 43.04119610786438
[32m[Pascal][0m Total time 42.903560400009155
[32m[Pascal][0m Total time 43.26753044128418
[32m[Pascal][0m Total time 42.88474106788635
[32m[Pascal][0m Total time 43.05231308937073
[32m[Pascal][0m Total time 42.80785894393921
[32m[Pascal][0m Total time 43.25988531112671
[32m[Pascal][0m Total time 43.01269030570984
[32m[Pascal][0m Total time 42.80334234237671
[32m[Pascal][0m Cores: 1 Input: 0 
[32m[Pascal][0m Total time 0.03126025199890137
[32m[Pascal][0m Total time 0.028676271438598633
[32m[Pascal][0m Total time 0.027460336685180664
[32m[Pascal][0m Total time 0.027494430541992188
[32m[Pascal][0m Total time 0.02798628807067871
[32m[Pascal][0m Total time 0.027622461318969727
[32m[Pascal][0m Total time 0.02784585952758789
[32m[Pascal][0m Total time 0.027616262435913086
[32m[Pascal][0m Total time 0.027562618255615234
[32m[Pascal][0m Total time 0.027783632278442383
[32m[Pascal][0m Cores: 1 Input: 1 
[32m[Pascal][0m Total time 0.17304229736328125
[32m[Pascal][0m Total time 0.17245721817016602
[32m[Pascal][0m Total time 0.17427325248718262
[32m[Pascal][0m Total time 0.17038321495056152
[32m[Pascal][0m Total time 0.16949248313903809
[32m[Pascal][0m Total time 0.170806884765625
[32m[Pascal][0m Total time 0.17014026641845703
[32m[Pascal][0m Total time 0.16991972923278809
[32m[Pascal][0m Total time 0.1702439785003662
[32m[Pascal][0m Total time 0.1708076000213623
[32m[Pascal][0m Cores: 1 Input: 2 
[32m[Pascal][0m Total time 1.3209571838378906
[32m[Pascal][0m Total time 1.3142828941345215
[32m[Pascal][0m Total time 1.324949026107788
[32m[Pascal][0m Total time 1.3207848072052002
[32m[Pascal][0m Total time 1.321155309677124
[32m[Pascal][0m Total time 1.3001558780670166
[32m[Pascal][0m Total time 1.316328525543213
[32m[Pascal][0m Total time 1.2990787029266357
[32m[Pascal][0m Total time 1.3197927474975586
[32m[Pascal][0m Total time 1.3198814392089844
[32m[Pascal][0m Cores: 1 Input: 3 
[32m[Pascal][0m Total time 10.476919412612915
[32m[Pascal][0m Total time 10.473732709884644
[32m[Pascal][0m Total time 10.507318258285522
[32m[Pascal][0m Total time 10.48502492904663
[32m[Pascal][0m Total time 10.478628873825073
[32m[Pascal][0m Total time 10.452247858047485
[32m[Pascal][0m Total time 10.449260234832764
[32m[Pascal][0m Total time 10.666335105895996
[32m[Pascal][0m Total time 10.460917472839355
[32m[Pascal][0m Total time 10.50545883178711
[32m[Pascal][0m Cores: 1 Input: 4 
[32m[Pascal][0m Total time 85.41631841659546
[32m[Pascal][0m Total time 85.51610803604126
[32m[Pascal][0m Total time 85.02469944953918
[32m[Pascal][0m Total time 84.99635338783264
[32m[Pascal][0m Total time 85.32029676437378
[32m[Pascal][0m Total time 85.04330539703369
[32m[Pascal][0m Total time 85.71031403541565
[32m[Pascal][0m Total time 84.96141815185547
[32m[Pascal][0m Total time 86.35193371772766
[32m[Pascal][0m Total time 85.04456067085266
[32m[Pascal][0m ***** Done! *****
[32m[Pascal][0m Saving data
