[32m[Pascal][0m Running with ['cores', 'input', 'repetitions']
[32m[Pascal][0m Cores: 128 Input: 0 
[32m[Pascal][0m Total time 0.017351150512695312
[32m[Pascal][0m Total time 0.015190362930297852
[32m[Pascal][0m Total time 0.01740407943725586
[32m[Pascal][0m Total time 0.016225099563598633
[32m[Pascal][0m Total time 0.013101339340209961
[32m[Pascal][0m Total time 0.01611018180847168
[32m[Pascal][0m Total time 0.015534400939941406
[32m[Pascal][0m Total time 0.016733646392822266
[32m[Pascal][0m Total time 0.016373395919799805
[32m[Pascal][0m Total time 0.013838529586791992
[32m[Pascal][0m Cores: 128 Input: 1 
[32m[Pascal][0m Total time 0.02298116683959961
[32m[Pascal][0m Total time 0.021577835083007812
[32m[Pascal][0m Total time 0.020581960678100586
[32m[Pascal][0m Total time 0.020183324813842773
[32m[Pascal][0m Total time 0.021157503128051758
[32m[Pascal][0m Total time 0.020195960998535156
[32m[Pascal][0m Total time 0.022394895553588867
[32m[Pascal][0m Total time 0.02017688751220703
[32m[Pascal][0m Total time 0.019129514694213867
[32m[Pascal][0m Total time 0.02291584014892578
[32m[Pascal][0m Cores: 128 Input: 2 
[32m[Pascal][0m Total time 0.05593109130859375
[32m[Pascal][0m Total time 0.06157541275024414
[32m[Pascal][0m Total time 0.05767464637756348
[32m[Pascal][0m Total time 0.06389307975769043
[32m[Pascal][0m Total time 0.05508685111999512
[32m[Pascal][0m Total time 0.05347156524658203
[32m[Pascal][0m Total time 0.059545040130615234
[32m[Pascal][0m Total time 0.07965826988220215
[32m[Pascal][0m Total time 0.09011530876159668
[32m[Pascal][0m Total time 0.060956716537475586
[32m[Pascal][0m Cores: 128 Input: 3 
[32m[Pascal][0m Total time 0.3172323703765869
[32m[Pascal][0m Total time 0.28144001960754395
[32m[Pascal][0m Total time 0.3055753707885742
[32m[Pascal][0m Total time 0.2827568054199219
[32m[Pascal][0m Total time 0.2922987937927246
[32m[Pascal][0m Total time 0.2797107696533203
[32m[Pascal][0m Total time 0.297147274017334
[32m[Pascal][0m Total time 0.278672456741333
[32m[Pascal][0m Total time 0.2704761028289795
[32m[Pascal][0m Total time 0.2936098575592041
[32m[Pascal][0m Cores: 128 Input: 4 
[32m[Pascal][0m Total time 2.29550838470459
[32m[Pascal][0m Total time 2.193666934967041
[32m[Pascal][0m Total time 2.1550679206848145
[32m[Pascal][0m Total time 2.2691001892089844
[32m[Pascal][0m Total time 2.0146572589874268
[32m[Pascal][0m Total time 2.1535823345184326
[32m[Pascal][0m Total time 2.2766737937927246
[32m[Pascal][0m Total time 2.156421661376953
[32m[Pascal][0m Total time 2.031024694442749
[32m[Pascal][0m Total time 2.1058154106140137
[32m[Pascal][0m Cores: 64 Input: 0 
[32m[Pascal][0m Total time 0.013835430145263672
[32m[Pascal][0m Total time 0.014945268630981445
[32m[Pascal][0m Total time 0.013715028762817383
[32m[Pascal][0m Total time 0.014724493026733398
[32m[Pascal][0m Total time 0.013942718505859375
[32m[Pascal][0m Total time 0.014775753021240234
[32m[Pascal][0m Total time 0.01594686508178711
[32m[Pascal][0m Total time 0.015565872192382812
[32m[Pascal][0m Total time 0.013924121856689453
[32m[Pascal][0m Total time 0.011923789978027344
[32m[Pascal][0m Cores: 64 Input: 1 
[32m[Pascal][0m Total time 0.021596670150756836
[32m[Pascal][0m Total time 0.01793646812438965
[32m[Pascal][0m Total time 0.0200655460357666
[32m[Pascal][0m Total time 0.018591880798339844
[32m[Pascal][0m Total time 0.018409013748168945
[32m[Pascal][0m Total time 0.017297029495239258
[32m[Pascal][0m Total time 0.01982426643371582
[32m[Pascal][0m Total time 0.019136428833007812
[32m[Pascal][0m Total time 0.017187833786010742
[32m[Pascal][0m Total time 0.019449472427368164
[32m[Pascal][0m Cores: 64 Input: 2 
[32m[Pascal][0m Total time 0.06715917587280273
[32m[Pascal][0m Total time 0.06914544105529785
[32m[Pascal][0m Total time 0.0688941478729248
[32m[Pascal][0m Total time 0.06725764274597168
[32m[Pascal][0m Total time 0.06775903701782227
[32m[Pascal][0m Total time 0.07085657119750977
[32m[Pascal][0m Total time 0.07199978828430176
[32m[Pascal][0m Total time 0.06992411613464355
[32m[Pascal][0m Total time 0.06924271583557129
[32m[Pascal][0m Total time 0.06932425498962402
[32m[Pascal][0m Cores: 64 Input: 3 
[32m[Pascal][0m Total time 0.39427900314331055
[32m[Pascal][0m Total time 0.4154982566833496
[32m[Pascal][0m Total time 0.3964242935180664
[32m[Pascal][0m Total time 0.4122788906097412
[32m[Pascal][0m Total time 0.40221381187438965
[32m[Pascal][0m Total time 0.4024648666381836
[32m[Pascal][0m Total time 0.39772844314575195
[32m[Pascal][0m Total time 0.40046000480651855
[32m[Pascal][0m Total time 0.4093358516693115
[32m[Pascal][0m Total time 0.4041779041290283
[32m[Pascal][0m Cores: 64 Input: 4 
[32m[Pascal][0m Total time 3.128697395324707
[32m[Pascal][0m Total time 2.993680000305176
[32m[Pascal][0m Total time 3.004159450531006
[32m[Pascal][0m Total time 3.0528221130371094
[32m[Pascal][0m Total time 3.0527334213256836
[32m[Pascal][0m Total time 2.9395413398742676
[32m[Pascal][0m Total time 3.030641555786133
[32m[Pascal][0m Total time 3.035546064376831
[32m[Pascal][0m Total time 3.0038375854492188
[32m[Pascal][0m Total time 3.1308157444000244
[32m[Pascal][0m Cores: 32 Input: 0 
[32m[Pascal][0m Total time 0.01242375373840332
[32m[Pascal][0m Total time 0.010716438293457031
[32m[Pascal][0m Total time 0.010535955429077148
[32m[Pascal][0m Total time 0.010043621063232422
[32m[Pascal][0m Total time 0.009922504425048828
[32m[Pascal][0m Total time 0.013084888458251953
[32m[Pascal][0m Total time 0.012856483459472656
[32m[Pascal][0m Total time 0.012601375579833984
[32m[Pascal][0m Total time 0.013381481170654297
[32m[Pascal][0m Total time 0.010668516159057617
[32m[Pascal][0m Cores: 32 Input: 1 
[32m[Pascal][0m Total time 0.024252653121948242
[32m[Pascal][0m Total time 0.02219557762145996
[32m[Pascal][0m Total time 0.024208784103393555
[32m[Pascal][0m Total time 0.021798372268676758
[32m[Pascal][0m Total time 0.022849082946777344
[32m[Pascal][0m Total time 0.022160768508911133
[32m[Pascal][0m Total time 0.02231121063232422
[32m[Pascal][0m Total time 0.024590015411376953
[32m[Pascal][0m Total time 0.023798227310180664
[32m[Pascal][0m Total time 0.02449345588684082
[32m[Pascal][0m Cores: 32 Input: 2 
[32m[Pascal][0m Total time 0.10594964027404785
[32m[Pascal][0m Total time 0.1061093807220459
[32m[Pascal][0m Total time 0.10571765899658203
[32m[Pascal][0m Total time 0.10762834548950195
[32m[Pascal][0m Total time 0.10554909706115723
[32m[Pascal][0m Total time 0.10658717155456543
[32m[Pascal][0m Total time 0.11117196083068848
[32m[Pascal][0m Total time 0.1080479621887207
[32m[Pascal][0m Total time 0.10641312599182129
[32m[Pascal][0m Total time 0.11043787002563477
[32m[Pascal][0m Cores: 32 Input: 3 
[32m[Pascal][0m Total time 0.7130670547485352
[32m[Pascal][0m Total time 0.7168762683868408
[32m[Pascal][0m Total time 0.7226288318634033
[32m[Pascal][0m Total time 0.7170207500457764
[32m[Pascal][0m Total time 0.7277083396911621
[32m[Pascal][0m Total time 0.7191596031188965
[32m[Pascal][0m Total time 0.7179596424102783
[32m[Pascal][0m Total time 0.7243807315826416
[32m[Pascal][0m Total time 0.7085778713226318
[32m[Pascal][0m Total time 0.7132015228271484
[32m[Pascal][0m Cores: 32 Input: 4 
[32m[Pascal][0m Total time 6.075703859329224
[32m[Pascal][0m Total time 5.723143100738525
[32m[Pascal][0m Total time 5.746215343475342
[32m[Pascal][0m Total time 5.7971038818359375
[32m[Pascal][0m Total time 5.7789084911346436
[32m[Pascal][0m Total time 5.80243444442749
[32m[Pascal][0m Total time 5.724725008010864
[32m[Pascal][0m Total time 5.823282957077026
[32m[Pascal][0m Total time 5.795343399047852
[32m[Pascal][0m Total time 5.81185245513916
[32m[Pascal][0m Cores: 16 Input: 0 
[32m[Pascal][0m Total time 0.014031648635864258
[32m[Pascal][0m Total time 0.01748371124267578
[32m[Pascal][0m Total time 0.014462471008300781
[32m[Pascal][0m Total time 0.012310266494750977
[32m[Pascal][0m Total time 0.01280665397644043
[32m[Pascal][0m Total time 0.01326608657836914
[32m[Pascal][0m Total time 0.012310981750488281
[32m[Pascal][0m Total time 0.013618946075439453
[32m[Pascal][0m Total time 0.013575077056884766
[32m[Pascal][0m Total time 0.013319253921508789
[32m[Pascal][0m Cores: 16 Input: 1 
[32m[Pascal][0m Total time 0.033107757568359375
[32m[Pascal][0m Total time 0.03391098976135254
[32m[Pascal][0m Total time 0.03316497802734375
[32m[Pascal][0m Total time 0.03173112869262695
[32m[Pascal][0m Total time 0.034142494201660156
[32m[Pascal][0m Total time 0.03263258934020996
[32m[Pascal][0m Total time 0.03391218185424805
[32m[Pascal][0m Total time 0.03472590446472168
[32m[Pascal][0m Total time 0.033219337463378906
[32m[Pascal][0m Total time 0.033200740814208984
[32m[Pascal][0m Cores: 16 Input: 2 
[32m[Pascal][0m Total time 0.18407964706420898
[32m[Pascal][0m Total time 0.18540620803833008
[32m[Pascal][0m Total time 0.18838834762573242
[32m[Pascal][0m Total time 0.18700695037841797
[32m[Pascal][0m Total time 0.23847413063049316
[32m[Pascal][0m Total time 0.18441343307495117
[32m[Pascal][0m Total time 0.18635892868041992
[32m[Pascal][0m Total time 0.18657803535461426
[32m[Pascal][0m Total time 0.18662452697753906
[32m[Pascal][0m Total time 0.18750786781311035
[32m[Pascal][0m Cores: 16 Input: 3 
[32m[Pascal][0m Total time 1.4138288497924805
[32m[Pascal][0m Total time 1.4350242614746094
[32m[Pascal][0m Total time 1.3934006690979004
[32m[Pascal][0m Total time 1.4181859493255615
[32m[Pascal][0m Total time 1.4078614711761475
[32m[Pascal][0m Total time 1.4257481098175049
[32m[Pascal][0m Total time 1.4005897045135498
[32m[Pascal][0m Total time 1.43831467628479
[32m[Pascal][0m Total time 1.4923934936523438
[32m[Pascal][0m Total time 1.4201061725616455
[32m[Pascal][0m Cores: 16 Input: 4 
[32m[Pascal][0m Total time 11.806123733520508
[32m[Pascal][0m Total time 11.763116121292114
[32m[Pascal][0m Total time 11.887067556381226
[32m[Pascal][0m Total time 11.709537506103516
[32m[Pascal][0m Total time 11.628320932388306
[32m[Pascal][0m Total time 11.505292177200317
[32m[Pascal][0m Total time 11.66899824142456
[32m[Pascal][0m Total time 11.74878191947937
[32m[Pascal][0m Total time 11.836427927017212
[32m[Pascal][0m Total time 11.757952451705933
[32m[Pascal][0m Cores: 8 Input: 0 
[32m[Pascal][0m Total time 0.016263723373413086
[32m[Pascal][0m Total time 0.01783013343811035
[32m[Pascal][0m Total time 0.017176151275634766
[32m[Pascal][0m Total time 0.016274452209472656
[32m[Pascal][0m Total time 0.01748943328857422
[32m[Pascal][0m Total time 0.014816999435424805
[32m[Pascal][0m Total time 0.017847061157226562
[32m[Pascal][0m Total time 0.017897605895996094
[32m[Pascal][0m Total time 0.014884233474731445
[32m[Pascal][0m Total time 0.016558408737182617
[32m[Pascal][0m Cores: 8 Input: 1 
[32m[Pascal][0m Total time 0.05440354347229004
[32m[Pascal][0m Total time 0.05525684356689453
[32m[Pascal][0m Total time 0.0535731315612793
[32m[Pascal][0m Total time 0.05676889419555664
[32m[Pascal][0m Total time 0.05605649948120117
[32m[Pascal][0m Total time 0.05663275718688965
[32m[Pascal][0m Total time 0.05646800994873047
[32m[Pascal][0m Total time 0.05514883995056152
[32m[Pascal][0m Total time 0.05613970756530762
[32m[Pascal][0m Total time 0.05262637138366699
[32m[Pascal][0m Cores: 8 Input: 2 
[32m[Pascal][0m Total time 0.35017967224121094
[32m[Pascal][0m Total time 0.35056328773498535
[32m[Pascal][0m Total time 0.3502197265625
[32m[Pascal][0m Total time 0.3485240936279297
[32m[Pascal][0m Total time 0.3593466281890869
[32m[Pascal][0m Total time 0.3473381996154785
[32m[Pascal][0m Total time 0.35566282272338867
[32m[Pascal][0m Total time 0.3502655029296875
[32m[Pascal][0m Total time 0.3501720428466797
[32m[Pascal][0m Total time 0.3492124080657959
[32m[Pascal][0m Cores: 8 Input: 3 
[32m[Pascal][0m Total time 2.734483003616333
[32m[Pascal][0m Total time 2.7128682136535645
[32m[Pascal][0m Total time 2.733552932739258
[32m[Pascal][0m Total time 2.7973568439483643
[32m[Pascal][0m Total time 2.7042741775512695
[32m[Pascal][0m Total time 2.7385237216949463
[32m[Pascal][0m Total time 2.725635290145874
[32m[Pascal][0m Total time 2.722224712371826
[32m[Pascal][0m Total time 2.7139675617218018
[32m[Pascal][0m Total time 2.6931989192962646
[32m[Pascal][0m Cores: 8 Input: 4 
[32m[Pascal][0m Total time 23.394651412963867
[32m[Pascal][0m Total time 23.910032987594604
[32m[Pascal][0m Total time 23.461529970169067
[32m[Pascal][0m Total time 23.219318866729736
[32m[Pascal][0m Total time 23.457337379455566
[32m[Pascal][0m Total time 23.6697940826416
[32m[Pascal][0m Total time 23.465883493423462
[32m[Pascal][0m Total time 23.63847255706787
[32m[Pascal][0m Total time 23.41437005996704
[32m[Pascal][0m Total time 23.7479465007782
[32m[Pascal][0m Cores: 4 Input: 0 
[32m[Pascal][0m Total time 0.01983022689819336
[32m[Pascal][0m Total time 0.0199282169342041
[32m[Pascal][0m Total time 0.02370905876159668
[32m[Pascal][0m Total time 0.02018880844116211
[32m[Pascal][0m Total time 0.018283843994140625
[32m[Pascal][0m Total time 0.018720626831054688
[32m[Pascal][0m Total time 0.023438692092895508
[32m[Pascal][0m Total time 0.02219223976135254
[32m[Pascal][0m Total time 0.02232980728149414
[32m[Pascal][0m Total time 0.020050048828125
[32m[Pascal][0m Cores: 4 Input: 1 
[32m[Pascal][0m Total time 0.09062767028808594
[32m[Pascal][0m Total time 0.09692621231079102
[32m[Pascal][0m Total time 0.09272384643554688
[32m[Pascal][0m Total time 0.09615945816040039
[32m[Pascal][0m Total time 0.0912017822265625
[32m[Pascal][0m Total time 0.09177112579345703
[32m[Pascal][0m Total time 0.09355998039245605
[32m[Pascal][0m Total time 0.09374856948852539
[32m[Pascal][0m Total time 0.09115934371948242
[32m[Pascal][0m Total time 0.09185576438903809
[32m[Pascal][0m Cores: 4 Input: 2 
[32m[Pascal][0m Total time 0.6719276905059814
[32m[Pascal][0m Total time 0.6672866344451904
[32m[Pascal][0m Total time 0.6677532196044922
[32m[Pascal][0m Total time 0.6731576919555664
[32m[Pascal][0m Total time 0.6719636917114258
[32m[Pascal][0m Total time 0.6720032691955566
[32m[Pascal][0m Total time 0.6752943992614746
[32m[Pascal][0m Total time 0.6733217239379883
[32m[Pascal][0m Total time 0.6647074222564697
[32m[Pascal][0m Total time 0.6751024723052979
[32m[Pascal][0m Cores: 4 Input: 3 
[32m[Pascal][0m Total time 5.341768264770508
[32m[Pascal][0m Total time 5.343271017074585
[32m[Pascal][0m Total time 5.307468414306641
[32m[Pascal][0m Total time 5.316412448883057
[32m[Pascal][0m Total time 5.344311475753784
[32m[Pascal][0m Total time 5.318279981613159
[32m[Pascal][0m Total time 5.31692099571228
[32m[Pascal][0m Total time 5.328244209289551
[32m[Pascal][0m Total time 5.349164962768555
[32m[Pascal][0m Total time 5.349397897720337
[32m[Pascal][0m Cores: 4 Input: 4 
[32m[Pascal][0m Total time 54.99335980415344
[32m[Pascal][0m Total time 51.09819746017456
[32m[Pascal][0m Total time 46.889235973358154
[32m[Pascal][0m Total time 47.05789494514465
[32m[Pascal][0m Total time 45.560171127319336
[32m[Pascal][0m Total time 45.626327991485596
[32m[Pascal][0m Total time 46.46672964096069
[32m[Pascal][0m Total time 52.47435808181763
[32m[Pascal][0m Total time 46.64395451545715
[32m[Pascal][0m Total time 45.417277336120605
[32m[Pascal][0m Cores: 2 Input: 0 
[32m[Pascal][0m Total time 0.0328679084777832
[32m[Pascal][0m Total time 0.0276334285736084
[32m[Pascal][0m Total time 0.028002023696899414
[32m[Pascal][0m Total time 0.026665449142456055
[32m[Pascal][0m Total time 0.026994705200195312
[32m[Pascal][0m Total time 0.028705358505249023
[32m[Pascal][0m Total time 0.02858567237854004
[32m[Pascal][0m Total time 0.028635263442993164
[32m[Pascal][0m Total time 0.028460264205932617
[32m[Pascal][0m Total time 0.028779029846191406
[32m[Pascal][0m Cores: 2 Input: 1 
[32m[Pascal][0m Total time 0.17231225967407227
[32m[Pascal][0m Total time 0.17154335975646973
[32m[Pascal][0m Total time 0.18125653266906738
[32m[Pascal][0m Total time 0.17163848876953125
[32m[Pascal][0m Total time 0.17087674140930176
[32m[Pascal][0m Total time 0.17334222793579102
[32m[Pascal][0m Total time 0.17162752151489258
[32m[Pascal][0m Total time 0.1728367805480957
[32m[Pascal][0m Total time 0.17194437980651855
[32m[Pascal][0m Total time 0.17156624794006348
[32m[Pascal][0m Cores: 2 Input: 2 
[32m[Pascal][0m Total time 1.3223612308502197
[32m[Pascal][0m Total time 1.3179700374603271
[32m[Pascal][0m Total time 1.3165030479431152
[32m[Pascal][0m Total time 1.3167037963867188
[32m[Pascal][0m Total time 1.3179130554199219
[32m[Pascal][0m Total time 1.3162784576416016
[32m[Pascal][0m Total time 1.3188438415527344
[32m[Pascal][0m Total time 1.3206725120544434
[32m[Pascal][0m Total time 1.3186569213867188
[32m[Pascal][0m Total time 1.3293192386627197
[32m[Pascal][0m Cores: 2 Input: 3 
[32m[Pascal][0m Total time 10.491913080215454
[32m[Pascal][0m Total time 10.535207033157349
[32m[Pascal][0m Total time 10.486264705657959
[32m[Pascal][0m Total time 10.47960877418518
[32m[Pascal][0m Total time 10.483330488204956
[32m[Pascal][0m Total time 10.471497297286987
[32m[Pascal][0m Total time 10.481294870376587
[32m[Pascal][0m Total time 10.49203109741211
[32m[Pascal][0m Total time 10.488586902618408
[32m[Pascal][0m Total time 10.477062940597534
[32m[Pascal][0m Cores: 2 Input: 4 
[32m[Pascal][0m Total time 86.60665321350098
[32m[Pascal][0m Total time 84.86019992828369
[32m[Pascal][0m Total time 85.07861948013306
[32m[Pascal][0m Total time 85.19826555252075
[32m[Pascal][0m Total time 85.21887469291687
[32m[Pascal][0m Total time 85.06101608276367
[32m[Pascal][0m Total time 84.1640694141388
[32m[Pascal][0m Total time 85.4300103187561
[32m[Pascal][0m Total time 85.43803596496582
[32m[Pascal][0m Total time 85.10517001152039
[32m[Pascal][0m Cores: 1 Input: 0 
[32m[Pascal][0m Total time 0.050379276275634766
[32m[Pascal][0m Total time 0.048430681228637695
[32m[Pascal][0m Total time 0.048110008239746094
[32m[Pascal][0m Total time 0.047683000564575195
[32m[Pascal][0m Total time 0.04722309112548828
[32m[Pascal][0m Total time 0.04721546173095703
[32m[Pascal][0m Total time 0.047204017639160156
[32m[Pascal][0m Total time 0.04725909233093262
[32m[Pascal][0m Total time 0.04697775840759277
[32m[Pascal][0m Total time 0.04755878448486328
[32m[Pascal][0m Cores: 1 Input: 1 
[32m[Pascal][0m Total time 0.33298826217651367
[32m[Pascal][0m Total time 0.3333721160888672
[32m[Pascal][0m Total time 0.33391284942626953
[32m[Pascal][0m Total time 0.33364105224609375
[32m[Pascal][0m Total time 0.3335452079772949
[32m[Pascal][0m Total time 0.3342456817626953
[32m[Pascal][0m Total time 0.3330671787261963
[32m[Pascal][0m Total time 0.33346986770629883
[32m[Pascal][0m Total time 0.3483426570892334
[32m[Pascal][0m Total time 0.33330225944519043
[32m[Pascal][0m Cores: 1 Input: 2 
[32m[Pascal][0m Total time 2.6225132942199707
[32m[Pascal][0m Total time 2.62048602104187
[32m[Pascal][0m Total time 2.6198041439056396
[32m[Pascal][0m Total time 2.6159541606903076
[32m[Pascal][0m Total time 2.614833116531372
[32m[Pascal][0m Total time 2.6235768795013428
[32m[Pascal][0m Total time 2.6222872734069824
[32m[Pascal][0m Total time 2.6211071014404297
[32m[Pascal][0m Total time 2.619253158569336
[32m[Pascal][0m Total time 2.6187446117401123
[32m[Pascal][0m Cores: 1 Input: 3 
[32m[Pascal][0m Total time 20.907588005065918
[32m[Pascal][0m Total time 20.94216823577881
[32m[Pascal][0m Total time 20.95420217514038
[32m[Pascal][0m Total time 20.955930709838867
[32m[Pascal][0m Total time 20.943092823028564
[32m[Pascal][0m Total time 20.91574478149414
[32m[Pascal][0m Total time 20.97535753250122
[32m[Pascal][0m Total time 20.924622774124146
[32m[Pascal][0m Total time 20.93573546409607
[32m[Pascal][0m Total time 20.829672813415527
[32m[Pascal][0m Cores: 1 Input: 4 
[32m[Pascal][0m Total time 168.84773635864258
[32m[Pascal][0m Total time 171.89755010604858
[32m[Pascal][0m Total time 168.3870973587036
[32m[Pascal][0m Total time 170.55683779716492
[32m[Pascal][0m Total time 168.67456579208374
[32m[Pascal][0m Total time 174.77608942985535
[32m[Pascal][0m Total time 169.59459853172302
[32m[Pascal][0m Total time 173.8390097618103
[32m[Pascal][0m Total time 168.88699173927307
[32m[Pascal][0m Total time 173.44883728027344
[32m[Pascal][0m ***** Done! *****
[32m[Pascal][0m Saving data
