[32m[Pascal][0m Running with ['cores', 'input', 'repetitions']
[32m[Pascal][0m Cores: 128 Input: 0 
[32m[Pascal][0m Total time 0.020809650421142578
[32m[Pascal][0m Total time 0.01682734489440918
[32m[Pascal][0m Total time 0.017018795013427734
[32m[Pascal][0m Total time 0.016192913055419922
[32m[Pascal][0m Total time 0.015318870544433594
[32m[Pascal][0m Total time 0.017531156539916992
[32m[Pascal][0m Total time 0.015474557876586914
[32m[Pascal][0m Total time 0.014525175094604492
[32m[Pascal][0m Total time 0.015397071838378906
[32m[Pascal][0m Total time 0.0174562931060791
[32m[Pascal][0m Cores: 128 Input: 1 
[32m[Pascal][0m Total time 0.021089792251586914
[32m[Pascal][0m Total time 0.02455902099609375
[32m[Pascal][0m Total time 0.024544239044189453
[32m[Pascal][0m Total time 0.02498340606689453
[32m[Pascal][0m Total time 0.024474382400512695
[32m[Pascal][0m Total time 0.024552106857299805
[32m[Pascal][0m Total time 0.023005008697509766
[32m[Pascal][0m Total time 0.025167226791381836
[32m[Pascal][0m Total time 0.03055429458618164
[32m[Pascal][0m Total time 0.02324509620666504
[32m[Pascal][0m Cores: 128 Input: 2 
[32m[Pascal][0m Total time 0.07164502143859863
[32m[Pascal][0m Total time 0.07360172271728516
[32m[Pascal][0m Total time 0.07374978065490723
[32m[Pascal][0m Total time 0.07857418060302734
[32m[Pascal][0m Total time 0.07289719581604004
[32m[Pascal][0m Total time 0.07388424873352051
[32m[Pascal][0m Total time 0.07551717758178711
[32m[Pascal][0m Total time 0.0718834400177002
[32m[Pascal][0m Total time 0.07379555702209473
[32m[Pascal][0m Total time 0.0732882022857666
[32m[Pascal][0m Cores: 128 Input: 3 
[32m[Pascal][0m Total time 0.411060094833374
[32m[Pascal][0m Total time 0.4148068428039551
[32m[Pascal][0m Total time 0.466541051864624
[32m[Pascal][0m Total time 0.4585859775543213
[32m[Pascal][0m Total time 0.4173240661621094
[32m[Pascal][0m Total time 0.41812705993652344
[32m[Pascal][0m Total time 0.43173718452453613
[32m[Pascal][0m Total time 0.4305734634399414
[32m[Pascal][0m Total time 0.4175570011138916
[32m[Pascal][0m Total time 0.42649412155151367
[32m[Pascal][0m Cores: 128 Input: 4 
[32m[Pascal][0m Total time 3.502331256866455
[32m[Pascal][0m Total time 3.697497606277466
[32m[Pascal][0m Total time 3.522770404815674
[32m[Pascal][0m Total time 3.6509625911712646
[32m[Pascal][0m Total time 3.4971916675567627
[32m[Pascal][0m Total time 3.797689914703369
[32m[Pascal][0m Total time 3.8856844902038574
[32m[Pascal][0m Total time 3.6786983013153076
[32m[Pascal][0m Total time 3.7089126110076904
[32m[Pascal][0m Total time 3.679154872894287
[32m[Pascal][0m Cores: 64 Input: 0 
[32m[Pascal][0m Total time 0.01381993293762207
[32m[Pascal][0m Total time 0.013517618179321289
[32m[Pascal][0m Total time 0.012875556945800781
[32m[Pascal][0m Total time 0.011823415756225586
[32m[Pascal][0m Total time 0.014951229095458984
[32m[Pascal][0m Total time 0.012851476669311523
[32m[Pascal][0m Total time 0.01280355453491211
[32m[Pascal][0m Total time 0.012993574142456055
[32m[Pascal][0m Total time 0.012706756591796875
[32m[Pascal][0m Total time 0.010788440704345703
[32m[Pascal][0m Cores: 64 Input: 1 
[32m[Pascal][0m Total time 0.02332782745361328
[32m[Pascal][0m Total time 0.02320694923400879
[32m[Pascal][0m Total time 0.024019718170166016
[32m[Pascal][0m Total time 0.024213075637817383
[32m[Pascal][0m Total time 0.02399730682373047
[32m[Pascal][0m Total time 0.02508997917175293
[32m[Pascal][0m Total time 0.025311946868896484
[32m[Pascal][0m Total time 0.024322986602783203
[32m[Pascal][0m Total time 0.024508953094482422
[32m[Pascal][0m Total time 0.024245738983154297
[32m[Pascal][0m Cores: 64 Input: 2 
[32m[Pascal][0m Total time 0.11120200157165527
[32m[Pascal][0m Total time 0.09831380844116211
[32m[Pascal][0m Total time 0.09919524192810059
[32m[Pascal][0m Total time 0.10099959373474121
[32m[Pascal][0m Total time 0.0989065170288086
[32m[Pascal][0m Total time 0.09996414184570312
[32m[Pascal][0m Total time 0.09862709045410156
[32m[Pascal][0m Total time 0.09966826438903809
[32m[Pascal][0m Total time 0.10082626342773438
[32m[Pascal][0m Total time 0.0972745418548584
[32m[Pascal][0m Cores: 64 Input: 3 
[32m[Pascal][0m Total time 0.6678941249847412
[32m[Pascal][0m Total time 0.8022260665893555
[32m[Pascal][0m Total time 0.6627194881439209
[32m[Pascal][0m Total time 0.6720890998840332
[32m[Pascal][0m Total time 0.6723973751068115
[32m[Pascal][0m Total time 0.6657991409301758
[32m[Pascal][0m Total time 0.6710715293884277
[32m[Pascal][0m Total time 0.6739063262939453
[32m[Pascal][0m Total time 0.6651701927185059
[32m[Pascal][0m Total time 0.6676356792449951
[32m[Pascal][0m Cores: 64 Input: 4 
[32m[Pascal][0m Total time 5.737282037734985
[32m[Pascal][0m Total time 5.469754457473755
[32m[Pascal][0m Total time 5.790043354034424
[32m[Pascal][0m Total time 5.54454231262207
[32m[Pascal][0m Total time 5.681741952896118
[32m[Pascal][0m Total time 5.777495622634888
[32m[Pascal][0m Total time 5.660048723220825
[32m[Pascal][0m Total time 5.87843132019043
[32m[Pascal][0m Total time 5.946018218994141
[32m[Pascal][0m Total time 5.946255683898926
[32m[Pascal][0m Cores: 32 Input: 0 
[32m[Pascal][0m Total time 0.011886835098266602
[32m[Pascal][0m Total time 0.01174783706665039
[32m[Pascal][0m Total time 0.01223301887512207
[32m[Pascal][0m Total time 0.010989904403686523
[32m[Pascal][0m Total time 0.010726451873779297
[32m[Pascal][0m Total time 0.011524438858032227
[32m[Pascal][0m Total time 0.013936281204223633
[32m[Pascal][0m Total time 0.013183355331420898
[32m[Pascal][0m Total time 0.012848138809204102
[32m[Pascal][0m Total time 0.012937784194946289
[32m[Pascal][0m Cores: 32 Input: 1 
[32m[Pascal][0m Total time 0.03261852264404297
[32m[Pascal][0m Total time 0.032831430435180664
[32m[Pascal][0m Total time 0.030624866485595703
[32m[Pascal][0m Total time 0.031098127365112305
[32m[Pascal][0m Total time 0.030442237854003906
[32m[Pascal][0m Total time 0.031935930252075195
[32m[Pascal][0m Total time 0.031998395919799805
[32m[Pascal][0m Total time 0.03110980987548828
[32m[Pascal][0m Total time 0.031039953231811523
[32m[Pascal][0m Total time 0.03306102752685547
[32m[Pascal][0m Cores: 32 Input: 2 
[32m[Pascal][0m Total time 0.1711435317993164
[32m[Pascal][0m Total time 0.17283225059509277
[32m[Pascal][0m Total time 0.1748363971710205
[32m[Pascal][0m Total time 0.17473459243774414
[32m[Pascal][0m Total time 0.1752922534942627
[32m[Pascal][0m Total time 0.17526507377624512
[32m[Pascal][0m Total time 0.17727088928222656
[32m[Pascal][0m Total time 0.17738556861877441
[32m[Pascal][0m Total time 0.17601919174194336
[32m[Pascal][0m Total time 0.17478108406066895
[32m[Pascal][0m Cores: 32 Input: 3 
[32m[Pascal][0m Total time 1.3295230865478516
[32m[Pascal][0m Total time 1.3294024467468262
[32m[Pascal][0m Total time 1.32057785987854
[32m[Pascal][0m Total time 1.3195278644561768
[32m[Pascal][0m Total time 1.3181772232055664
[32m[Pascal][0m Total time 1.3110377788543701
[32m[Pascal][0m Total time 1.3039288520812988
[32m[Pascal][0m Total time 1.285815954208374
[32m[Pascal][0m Total time 1.3385870456695557
[32m[Pascal][0m Total time 1.3068082332611084
[32m[Pascal][0m Cores: 32 Input: 4 
[32m[Pascal][0m Total time 10.615052700042725
[32m[Pascal][0m Total time 10.890279293060303
[32m[Pascal][0m Total time 10.872795343399048
[32m[Pascal][0m Total time 10.391538143157959
[32m[Pascal][0m Total time 10.425325393676758
[32m[Pascal][0m Total time 10.589445114135742
[32m[Pascal][0m Total time 10.53723692893982
[32m[Pascal][0m Total time 10.911704540252686
[32m[Pascal][0m Total time 10.47915267944336
[32m[Pascal][0m Total time 10.598905801773071
[32m[Pascal][0m Cores: 16 Input: 0 
[32m[Pascal][0m Total time 0.016746997833251953
[32m[Pascal][0m Total time 0.017361164093017578
[32m[Pascal][0m Total time 0.015981674194335938
[32m[Pascal][0m Total time 0.017966747283935547
[32m[Pascal][0m Total time 0.01701807975769043
[32m[Pascal][0m Total time 0.016229629516601562
[32m[Pascal][0m Total time 0.014238595962524414
[32m[Pascal][0m Total time 0.01599717140197754
[32m[Pascal][0m Total time 0.015175342559814453
[32m[Pascal][0m Total time 0.01539301872253418
[32m[Pascal][0m Cores: 16 Input: 1 
[32m[Pascal][0m Total time 0.05055570602416992
[32m[Pascal][0m Total time 0.05041694641113281
[32m[Pascal][0m Total time 0.054338932037353516
[32m[Pascal][0m Total time 0.05095815658569336
[32m[Pascal][0m Total time 0.05167436599731445
[32m[Pascal][0m Total time 0.05304574966430664
[32m[Pascal][0m Total time 0.053140878677368164
[32m[Pascal][0m Total time 0.05299782752990723
[32m[Pascal][0m Total time 0.04993462562561035
[32m[Pascal][0m Total time 0.051455020904541016
[32m[Pascal][0m Cores: 16 Input: 2 
[32m[Pascal][0m Total time 0.32626867294311523
[32m[Pascal][0m Total time 0.3256967067718506
[32m[Pascal][0m Total time 0.3255424499511719
[32m[Pascal][0m Total time 0.32528042793273926
[32m[Pascal][0m Total time 0.40642595291137695
[32m[Pascal][0m Total time 0.3247370719909668
[32m[Pascal][0m Total time 0.3233828544616699
[32m[Pascal][0m Total time 0.3256566524505615
[32m[Pascal][0m Total time 0.3258960247039795
[32m[Pascal][0m Total time 0.32813286781311035
[32m[Pascal][0m Cores: 16 Input: 3 
[32m[Pascal][0m Total time 2.5868396759033203
[32m[Pascal][0m Total time 2.5540428161621094
[32m[Pascal][0m Total time 2.5296733379364014
[32m[Pascal][0m Total time 2.545137882232666
[32m[Pascal][0m Total time 2.5234110355377197
[32m[Pascal][0m Total time 2.5363311767578125
[32m[Pascal][0m Total time 2.538665771484375
[32m[Pascal][0m Total time 2.5386602878570557
[32m[Pascal][0m Total time 2.54170298576355
[32m[Pascal][0m Total time 2.5206408500671387
[32m[Pascal][0m Cores: 16 Input: 4 
[32m[Pascal][0m Total time 21.79834222793579
[32m[Pascal][0m Total time 21.348670482635498
[32m[Pascal][0m Total time 21.393513441085815
[32m[Pascal][0m Total time 21.527587175369263
[32m[Pascal][0m Total time 21.03331708908081
[32m[Pascal][0m Total time 21.264121532440186
[32m[Pascal][0m Total time 21.460905075073242
[32m[Pascal][0m Total time 21.59711456298828
[32m[Pascal][0m Total time 21.305440425872803
[32m[Pascal][0m Total time 21.587340354919434
[32m[Pascal][0m Cores: 8 Input: 0 
[32m[Pascal][0m Total time 0.020001888275146484
[32m[Pascal][0m Total time 0.023921966552734375
[32m[Pascal][0m Total time 0.022807836532592773
[32m[Pascal][0m Total time 0.019139528274536133
[32m[Pascal][0m Total time 0.02312445640563965
[32m[Pascal][0m Total time 0.022680282592773438
[32m[Pascal][0m Total time 0.0202178955078125
[32m[Pascal][0m Total time 0.02311873435974121
[32m[Pascal][0m Total time 0.02172088623046875
[32m[Pascal][0m Total time 0.019864559173583984
[32m[Pascal][0m Cores: 8 Input: 1 
[32m[Pascal][0m Total time 0.09031891822814941
[32m[Pascal][0m Total time 0.08863210678100586
[32m[Pascal][0m Total time 0.09011554718017578
[32m[Pascal][0m Total time 0.08959460258483887
[32m[Pascal][0m Total time 0.08629226684570312
[32m[Pascal][0m Total time 0.08925604820251465
[32m[Pascal][0m Total time 0.08685421943664551
[32m[Pascal][0m Total time 0.08864068984985352
[32m[Pascal][0m Total time 0.0917348861694336
[32m[Pascal][0m Total time 0.08828091621398926
[32m[Pascal][0m Cores: 8 Input: 2 
[32m[Pascal][0m Total time 0.6261136531829834
[32m[Pascal][0m Total time 0.6243035793304443
[32m[Pascal][0m Total time 0.6246166229248047
[32m[Pascal][0m Total time 0.627230167388916
[32m[Pascal][0m Total time 0.6221351623535156
[32m[Pascal][0m Total time 0.6285288333892822
[32m[Pascal][0m Total time 0.6261940002441406
[32m[Pascal][0m Total time 0.6229648590087891
[32m[Pascal][0m Total time 0.623490571975708
[32m[Pascal][0m Total time 0.6232969760894775
[32m[Pascal][0m Cores: 8 Input: 3 
[32m[Pascal][0m Total time 4.972063064575195
[32m[Pascal][0m Total time 4.964760065078735
[32m[Pascal][0m Total time 4.972155332565308
[32m[Pascal][0m Total time 5.051050186157227
[32m[Pascal][0m Total time 4.987266302108765
[32m[Pascal][0m Total time 4.982465744018555
[32m[Pascal][0m Total time 4.968221426010132
[32m[Pascal][0m Total time 4.9683380126953125
[32m[Pascal][0m Total time 5.1440041065216064
[32m[Pascal][0m Total time 4.9742748737335205
[32m[Pascal][0m Cores: 8 Input: 4 
[32m[Pascal][0m Total time 43.62170147895813
[32m[Pascal][0m Total time 43.127471685409546
[32m[Pascal][0m Total time 42.30445408821106
[32m[Pascal][0m Total time 43.458229780197144
[32m[Pascal][0m Total time 43.46261286735535
[32m[Pascal][0m Total time 42.960625886917114
[32m[Pascal][0m Total time 42.42978596687317
[32m[Pascal][0m Total time 43.08900761604309
[32m[Pascal][0m Total time 42.86455821990967
[32m[Pascal][0m Total time 42.97179365158081
[32m[Pascal][0m Cores: 4 Input: 0 
[32m[Pascal][0m Total time 0.028374910354614258
[32m[Pascal][0m Total time 0.031976938247680664
[32m[Pascal][0m Total time 0.027625560760498047
[32m[Pascal][0m Total time 0.03203582763671875
[32m[Pascal][0m Total time 0.03170323371887207
[32m[Pascal][0m Total time 0.03139758110046387
[32m[Pascal][0m Total time 0.029923439025878906
[32m[Pascal][0m Total time 0.031223297119140625
[32m[Pascal][0m Total time 0.03143310546875
[32m[Pascal][0m Total time 0.029727458953857422
[32m[Pascal][0m Cores: 4 Input: 1 
[32m[Pascal][0m Total time 0.16260075569152832
[32m[Pascal][0m Total time 0.1633436679840088
[32m[Pascal][0m Total time 0.1652514934539795
[32m[Pascal][0m Total time 0.16324210166931152
[32m[Pascal][0m Total time 0.1605982780456543
[32m[Pascal][0m Total time 0.16357684135437012
[32m[Pascal][0m Total time 0.15958905220031738
[32m[Pascal][0m Total time 0.16256070137023926
[32m[Pascal][0m Total time 0.16060471534729004
[32m[Pascal][0m Total time 0.1650104522705078
[32m[Pascal][0m Cores: 4 Input: 2 
[32m[Pascal][0m Total time 1.2139561176300049
[32m[Pascal][0m Total time 1.2226386070251465
[32m[Pascal][0m Total time 1.2215313911437988
[32m[Pascal][0m Total time 1.219212532043457
[32m[Pascal][0m Total time 1.2194230556488037
[32m[Pascal][0m Total time 1.2305629253387451
[32m[Pascal][0m Total time 1.2243285179138184
[32m[Pascal][0m Total time 1.220146894454956
[32m[Pascal][0m Total time 1.2257742881774902
[32m[Pascal][0m Total time 1.2284457683563232
[32m[Pascal][0m Cores: 4 Input: 3 
[32m[Pascal][0m Total time 9.817837238311768
[32m[Pascal][0m Total time 9.828541994094849
[32m[Pascal][0m Total time 9.770268201828003
[32m[Pascal][0m Total time 9.822610855102539
[32m[Pascal][0m Total time 9.773145914077759
[32m[Pascal][0m Total time 9.801859378814697
[32m[Pascal][0m Total time 9.775782823562622
[32m[Pascal][0m Total time 9.769829750061035
[32m[Pascal][0m Total time 9.771952152252197
[32m[Pascal][0m Total time 9.79841160774231
[32m[Pascal][0m Cores: 4 Input: 4 
[32m[Pascal][0m Total time 83.3049943447113
[32m[Pascal][0m Total time 82.08133053779602
[32m[Pascal][0m Total time 83.70342659950256
[32m[Pascal][0m Total time 94.93954110145569
[32m[Pascal][0m Total time 92.18852663040161
[32m[Pascal][0m Total time 91.50993132591248
[32m[Pascal][0m Total time 98.51164937019348
[32m[Pascal][0m Total time 92.18533277511597
[32m[Pascal][0m Total time 98.84331917762756
[32m[Pascal][0m Total time 101.31119346618652
[32m[Pascal][0m Cores: 2 Input: 0 
[32m[Pascal][0m Total time 0.04715442657470703
[32m[Pascal][0m Total time 0.04417061805725098
[32m[Pascal][0m Total time 0.04369997978210449
[32m[Pascal][0m Total time 0.04392266273498535
[32m[Pascal][0m Total time 0.045606136322021484
[32m[Pascal][0m Total time 0.04409050941467285
[32m[Pascal][0m Total time 0.04542684555053711
[32m[Pascal][0m Total time 0.04350423812866211
[32m[Pascal][0m Total time 0.04387807846069336
[32m[Pascal][0m Total time 0.04381918907165527
[32m[Pascal][0m Cores: 2 Input: 1 
[32m[Pascal][0m Total time 0.3087449073791504
[32m[Pascal][0m Total time 0.30902528762817383
[32m[Pascal][0m Total time 0.31108713150024414
[32m[Pascal][0m Total time 0.3095083236694336
[32m[Pascal][0m Total time 0.3096349239349365
[32m[Pascal][0m Total time 0.31052470207214355
[32m[Pascal][0m Total time 0.31119418144226074
[32m[Pascal][0m Total time 0.3105432987213135
[32m[Pascal][0m Total time 0.31022167205810547
[32m[Pascal][0m Total time 0.30889225006103516
[32m[Pascal][0m Cores: 2 Input: 2 
[32m[Pascal][0m Total time 2.3944387435913086
[32m[Pascal][0m Total time 2.423273801803589
[32m[Pascal][0m Total time 2.427346706390381
[32m[Pascal][0m Total time 2.430314064025879
[32m[Pascal][0m Total time 2.427002429962158
[32m[Pascal][0m Total time 2.4299862384796143
[32m[Pascal][0m Total time 2.4217529296875
[32m[Pascal][0m Total time 2.4274649620056152
[32m[Pascal][0m Total time 2.4307451248168945
[32m[Pascal][0m Total time 2.431277275085449
[32m[Pascal][0m Cores: 2 Input: 3 
[32m[Pascal][0m Total time 19.368301391601562
[32m[Pascal][0m Total time 19.708710432052612
[32m[Pascal][0m Total time 19.38173532485962
[32m[Pascal][0m Total time 19.308085918426514
[32m[Pascal][0m Total time 19.2204749584198
[32m[Pascal][0m Total time 19.33053994178772
[32m[Pascal][0m Total time 19.39933466911316
[32m[Pascal][0m Total time 19.363593101501465
[32m[Pascal][0m Total time 19.43444800376892
[32m[Pascal][0m Total time 19.33794331550598
[32m[Pascal][0m Cores: 2 Input: 4 
[32m[Pascal][0m Total time 156.23797059059143
[32m[Pascal][0m Total time 162.13452315330505
[32m[Pascal][0m Total time 155.9438145160675
[32m[Pascal][0m Total time 157.9736680984497
[32m[Pascal][0m Total time 156.7218463420868
[32m[Pascal][0m Total time 158.45686745643616
[32m[Pascal][0m Total time 156.41326355934143
[32m[Pascal][0m Total time 159.02795267105103
[32m[Pascal][0m Total time 155.12524342536926
[32m[Pascal][0m Total time 157.79894971847534
[32m[Pascal][0m Cores: 1 Input: 0 
[32m[Pascal][0m Total time 0.08356976509094238
[32m[Pascal][0m Total time 0.08193850517272949
[32m[Pascal][0m Total time 0.08089017868041992
[32m[Pascal][0m Total time 0.08100175857543945
[32m[Pascal][0m Total time 0.08032441139221191
[32m[Pascal][0m Total time 0.08078861236572266
[32m[Pascal][0m Total time 0.08051800727844238
[32m[Pascal][0m Total time 0.08022952079772949
[32m[Pascal][0m Total time 0.08121204376220703
[32m[Pascal][0m Total time 0.08019256591796875
[32m[Pascal][0m Cores: 1 Input: 1 
[32m[Pascal][0m Total time 0.6109223365783691
[32m[Pascal][0m Total time 0.6087579727172852
[32m[Pascal][0m Total time 0.6088461875915527
[32m[Pascal][0m Total time 0.6103212833404541
[32m[Pascal][0m Total time 0.6088252067565918
[32m[Pascal][0m Total time 0.6104533672332764
[32m[Pascal][0m Total time 0.6097705364227295
[32m[Pascal][0m Total time 0.6104404926300049
[32m[Pascal][0m Total time 0.6085991859436035
[32m[Pascal][0m Total time 0.6087684631347656
[32m[Pascal][0m Cores: 1 Input: 2 
[32m[Pascal][0m Total time 4.787510633468628
[32m[Pascal][0m Total time 4.833896160125732
[32m[Pascal][0m Total time 4.80368447303772
[32m[Pascal][0m Total time 4.841176271438599
[32m[Pascal][0m Total time 4.83721399307251
[32m[Pascal][0m Total time 4.838736057281494
[32m[Pascal][0m Total time 4.841416597366333
[32m[Pascal][0m Total time 4.841850757598877
[32m[Pascal][0m Total time 4.841511249542236
[32m[Pascal][0m Total time 4.836441278457642
[32m[Pascal][0m Cores: 1 Input: 3 
[32m[Pascal][0m Total time 38.55590867996216
[32m[Pascal][0m Total time 38.762529373168945
[32m[Pascal][0m Total time 38.64883995056152
[32m[Pascal][0m Total time 38.602169036865234
[32m[Pascal][0m Total time 38.36492705345154
[32m[Pascal][0m Total time 38.96934986114502
[32m[Pascal][0m Total time 38.75819659233093
[32m[Pascal][0m Total time 38.68495750427246
[32m[Pascal][0m Total time 38.654500246047974
[32m[Pascal][0m Total time 38.709784507751465
[32m[Pascal][0m Cores: 1 Input: 4 
[32m[Pascal][0m Total time 309.49070835113525
[32m[Pascal][0m Total time 308.6207880973816
[32m[Pascal][0m Total time 310.24192929267883
[32m[Pascal][0m Total time 311.8939805030823
[32m[Pascal][0m Total time 310.4463424682617
[32m[Pascal][0m Total time 313.2156574726105
[32m[Pascal][0m Total time 316.28860545158386
[32m[Pascal][0m Total time 311.98117423057556
[32m[Pascal][0m Total time 313.09646129608154
[32m[Pascal][0m Total time 312.49802923202515
[32m[Pascal][0m ***** Done! *****
[32m[Pascal][0m Saving data
