[32m[Pascal][0m Running with ['cores', 'input', 'repetitions']
[32m[Pascal][0m Cores: 128 Input: 0 
[32m[Pascal][0m Total time 0.04032254219055176
[32m[Pascal][0m Total time 0.01642632484436035
[32m[Pascal][0m Total time 0.015983104705810547
[32m[Pascal][0m Total time 0.016305923461914062
[32m[Pascal][0m Total time 0.01581597328186035
[32m[Pascal][0m Total time 0.013649463653564453
[32m[Pascal][0m Total time 0.015558242797851562
[32m[Pascal][0m Total time 0.014990091323852539
[32m[Pascal][0m Total time 0.01553034782409668
[32m[Pascal][0m Total time 0.01792287826538086
[32m[Pascal][0m Cores: 128 Input: 1 
[32m[Pascal][0m Total time 0.027611494064331055
[32m[Pascal][0m Total time 0.024329423904418945
[32m[Pascal][0m Total time 0.02578568458557129
[32m[Pascal][0m Total time 0.023137569427490234
[32m[Pascal][0m Total time 0.027544021606445312
[32m[Pascal][0m Total time 0.03595781326293945
[32m[Pascal][0m Total time 0.02545642852783203
[32m[Pascal][0m Total time 0.02463364601135254
[32m[Pascal][0m Total time 0.022961139678955078
[32m[Pascal][0m Total time 0.024954557418823242
[32m[Pascal][0m Cores: 128 Input: 2 
[32m[Pascal][0m Total time 0.08661746978759766
[32m[Pascal][0m Total time 0.08952713012695312
[32m[Pascal][0m Total time 0.09561777114868164
[32m[Pascal][0m Total time 0.09299993515014648
[32m[Pascal][0m Total time 0.09530115127563477
[32m[Pascal][0m Total time 0.10143923759460449
[32m[Pascal][0m Total time 0.10162520408630371
[32m[Pascal][0m Total time 0.09373664855957031
[32m[Pascal][0m Total time 0.10135293006896973
[32m[Pascal][0m Total time 0.10106396675109863
[32m[Pascal][0m Cores: 128 Input: 3 
[32m[Pascal][0m Total time 0.5866415500640869
[32m[Pascal][0m Total time 0.6141448020935059
[32m[Pascal][0m Total time 0.6190526485443115
[32m[Pascal][0m Total time 0.5810096263885498
[32m[Pascal][0m Total time 0.6024115085601807
[32m[Pascal][0m Total time 0.5708441734313965
[32m[Pascal][0m Total time 0.5976166725158691
[32m[Pascal][0m Total time 0.5976462364196777
[32m[Pascal][0m Total time 0.5992879867553711
[32m[Pascal][0m Total time 0.6329126358032227
[32m[Pascal][0m Cores: 128 Input: 4 
[32m[Pascal][0m Total time 5.305941104888916
[32m[Pascal][0m Total time 5.494797945022583
[32m[Pascal][0m Total time 5.280455827713013
[32m[Pascal][0m Total time 5.282081127166748
[32m[Pascal][0m Total time 5.529998540878296
[32m[Pascal][0m Total time 5.200107574462891
[32m[Pascal][0m Total time 5.382313013076782
[32m[Pascal][0m Total time 5.497368574142456
[32m[Pascal][0m Total time 4.884002685546875
[32m[Pascal][0m Total time 4.934296369552612
[32m[Pascal][0m Cores: 64 Input: 0 
[32m[Pascal][0m Total time 0.014947652816772461
[32m[Pascal][0m Total time 0.014783382415771484
[32m[Pascal][0m Total time 0.01424717903137207
[32m[Pascal][0m Total time 0.012218236923217773
[32m[Pascal][0m Total time 0.01237940788269043
[32m[Pascal][0m Total time 0.01195216178894043
[32m[Pascal][0m Total time 0.010638236999511719
[32m[Pascal][0m Total time 0.011978864669799805
[32m[Pascal][0m Total time 0.011968135833740234
[32m[Pascal][0m Total time 0.0118408203125
[32m[Pascal][0m Cores: 64 Input: 1 
[32m[Pascal][0m Total time 0.0294189453125
[32m[Pascal][0m Total time 0.029093027114868164
[32m[Pascal][0m Total time 0.029436349868774414
[32m[Pascal][0m Total time 0.02735424041748047
[32m[Pascal][0m Total time 0.028946638107299805
[32m[Pascal][0m Total time 0.028244972229003906
[32m[Pascal][0m Total time 0.025629281997680664
[32m[Pascal][0m Total time 0.028207778930664062
[32m[Pascal][0m Total time 0.027671337127685547
[32m[Pascal][0m Total time 0.027222633361816406
[32m[Pascal][0m Cores: 64 Input: 2 
[32m[Pascal][0m Total time 0.1364579200744629
[32m[Pascal][0m Total time 0.1360924243927002
[32m[Pascal][0m Total time 0.13228869438171387
[32m[Pascal][0m Total time 0.1324021816253662
[32m[Pascal][0m Total time 0.13099384307861328
[32m[Pascal][0m Total time 0.14009761810302734
[32m[Pascal][0m Total time 0.1295006275177002
[32m[Pascal][0m Total time 0.1369614601135254
[32m[Pascal][0m Total time 0.13323068618774414
[32m[Pascal][0m Total time 0.13172030448913574
[32m[Pascal][0m Cores: 64 Input: 3 
[32m[Pascal][0m Total time 0.906151294708252
[32m[Pascal][0m Total time 0.8909950256347656
[32m[Pascal][0m Total time 0.9162297248840332
[32m[Pascal][0m Total time 0.8896775245666504
[32m[Pascal][0m Total time 0.8829948902130127
[32m[Pascal][0m Total time 0.8941364288330078
[32m[Pascal][0m Total time 0.8843629360198975
[32m[Pascal][0m Total time 1.0436460971832275
[32m[Pascal][0m Total time 0.8775007724761963
[32m[Pascal][0m Total time 0.8846821784973145
[32m[Pascal][0m Cores: 64 Input: 4 
[32m[Pascal][0m Total time 8.14609670639038
[32m[Pascal][0m Total time 7.89040207862854
[32m[Pascal][0m Total time 7.385069370269775
[32m[Pascal][0m Total time 7.331719636917114
[32m[Pascal][0m Total time 7.6378419399261475
[32m[Pascal][0m Total time 7.603677749633789
[32m[Pascal][0m Total time 8.07734227180481
[32m[Pascal][0m Total time 7.981718301773071
[32m[Pascal][0m Total time 8.096235990524292
[32m[Pascal][0m Total time 7.795732498168945
[32m[Pascal][0m Cores: 32 Input: 0 
[32m[Pascal][0m Total time 0.01421356201171875
[32m[Pascal][0m Total time 0.013603448867797852
[32m[Pascal][0m Total time 0.012209653854370117
[32m[Pascal][0m Total time 0.016673564910888672
[32m[Pascal][0m Total time 0.014231204986572266
[32m[Pascal][0m Total time 0.015190362930297852
[32m[Pascal][0m Total time 0.01419210433959961
[32m[Pascal][0m Total time 0.014147281646728516
[32m[Pascal][0m Total time 0.014175653457641602
[32m[Pascal][0m Total time 0.01383066177368164
[32m[Pascal][0m Cores: 32 Input: 1 
[32m[Pascal][0m Total time 0.039199113845825195
[32m[Pascal][0m Total time 0.042764902114868164
[32m[Pascal][0m Total time 0.04050469398498535
[32m[Pascal][0m Total time 0.04033350944519043
[32m[Pascal][0m Total time 0.04059433937072754
[32m[Pascal][0m Total time 0.039132118225097656
[32m[Pascal][0m Total time 0.03906559944152832
[32m[Pascal][0m Total time 0.037950754165649414
[32m[Pascal][0m Total time 0.039023399353027344
[32m[Pascal][0m Total time 0.039284706115722656
[32m[Pascal][0m Cores: 32 Input: 2 
[32m[Pascal][0m Total time 0.23478460311889648
[32m[Pascal][0m Total time 0.23498153686523438
[32m[Pascal][0m Total time 0.23575472831726074
[32m[Pascal][0m Total time 0.2367844581604004
[32m[Pascal][0m Total time 0.23642778396606445
[32m[Pascal][0m Total time 0.23575782775878906
[32m[Pascal][0m Total time 0.233229398727417
[32m[Pascal][0m Total time 0.23235821723937988
[32m[Pascal][0m Total time 0.23596787452697754
[32m[Pascal][0m Total time 0.2337660789489746
[32m[Pascal][0m Cores: 32 Input: 3 
[32m[Pascal][0m Total time 1.7938942909240723
[32m[Pascal][0m Total time 1.7784199714660645
[32m[Pascal][0m Total time 1.7610645294189453
[32m[Pascal][0m Total time 1.7793402671813965
[32m[Pascal][0m Total time 1.769841194152832
[32m[Pascal][0m Total time 1.734029769897461
[32m[Pascal][0m Total time 1.7342839241027832
[32m[Pascal][0m Total time 1.7742798328399658
[32m[Pascal][0m Total time 1.7464485168457031
[32m[Pascal][0m Total time 1.7414374351501465
[32m[Pascal][0m Cores: 32 Input: 4 
[32m[Pascal][0m Total time 14.437291383743286
[32m[Pascal][0m Total time 14.37920069694519
[32m[Pascal][0m Total time 14.596322774887085
[32m[Pascal][0m Total time 14.434649229049683
[32m[Pascal][0m Total time 14.457605123519897
[32m[Pascal][0m Total time 14.465809106826782
[32m[Pascal][0m Total time 14.345660924911499
[32m[Pascal][0m Total time 14.33153748512268
[32m[Pascal][0m Total time 14.630965948104858
[32m[Pascal][0m Total time 14.536648035049438
[32m[Pascal][0m Cores: 16 Input: 0 
[32m[Pascal][0m Total time 0.017409324645996094
[32m[Pascal][0m Total time 0.01906418800354004
[32m[Pascal][0m Total time 0.01815342903137207
[32m[Pascal][0m Total time 0.01715707778930664
[32m[Pascal][0m Total time 0.017937421798706055
[32m[Pascal][0m Total time 0.016954421997070312
[32m[Pascal][0m Total time 0.016915559768676758
[32m[Pascal][0m Total time 0.016396284103393555
[32m[Pascal][0m Total time 0.016490936279296875
[32m[Pascal][0m Total time 0.016554594039916992
[32m[Pascal][0m Cores: 16 Input: 1 
[32m[Pascal][0m Total time 0.06412744522094727
[32m[Pascal][0m Total time 0.06427717208862305
[32m[Pascal][0m Total time 0.06488037109375
[32m[Pascal][0m Total time 0.0642540454864502
[32m[Pascal][0m Total time 0.06557416915893555
[32m[Pascal][0m Total time 0.06438350677490234
[32m[Pascal][0m Total time 0.06367754936218262
[32m[Pascal][0m Total time 0.0648195743560791
[32m[Pascal][0m Total time 0.06464791297912598
[32m[Pascal][0m Total time 0.06392741203308105
[32m[Pascal][0m Cores: 16 Input: 2 
[32m[Pascal][0m Total time 0.43138957023620605
[32m[Pascal][0m Total time 0.43009233474731445
[32m[Pascal][0m Total time 0.42868804931640625
[32m[Pascal][0m Total time 0.44109106063842773
[32m[Pascal][0m Total time 0.4300546646118164
[32m[Pascal][0m Total time 0.4338719844818115
[32m[Pascal][0m Total time 0.42952752113342285
[32m[Pascal][0m Total time 0.4374513626098633
[32m[Pascal][0m Total time 0.42992520332336426
[32m[Pascal][0m Total time 0.4305541515350342
[32m[Pascal][0m Cores: 16 Input: 3 
[32m[Pascal][0m Total time 3.40592622756958
[32m[Pascal][0m Total time 3.417353391647339
[32m[Pascal][0m Total time 3.410492420196533
[32m[Pascal][0m Total time 3.4297640323638916
[32m[Pascal][0m Total time 3.434903144836426
[32m[Pascal][0m Total time 3.400405168533325
[32m[Pascal][0m Total time 3.415529251098633
[32m[Pascal][0m Total time 3.419238567352295
[32m[Pascal][0m Total time 3.433018922805786
[32m[Pascal][0m Total time 3.426374912261963
[32m[Pascal][0m Cores: 16 Input: 4 
[32m[Pascal][0m Total time 29.10206937789917
[32m[Pascal][0m Total time 29.250585079193115
[32m[Pascal][0m Total time 28.862523317337036
[32m[Pascal][0m Total time 29.122395515441895
[32m[Pascal][0m Total time 29.304783821105957
[32m[Pascal][0m Total time 28.52694797515869
[32m[Pascal][0m Total time 29.070260763168335
[32m[Pascal][0m Total time 28.843436241149902
[32m[Pascal][0m Total time 28.73622226715088
[32m[Pascal][0m Total time 29.11192011833191
[32m[Pascal][0m Cores: 8 Input: 0 
[32m[Pascal][0m Total time 0.023660659790039062
[32m[Pascal][0m Total time 0.024718046188354492
[32m[Pascal][0m Total time 0.025397777557373047
[32m[Pascal][0m Total time 0.02373504638671875
[32m[Pascal][0m Total time 0.0231173038482666
[32m[Pascal][0m Total time 0.021799564361572266
[32m[Pascal][0m Total time 0.024727582931518555
[32m[Pascal][0m Total time 0.023537635803222656
[32m[Pascal][0m Total time 0.024301767349243164
[32m[Pascal][0m Total time 0.02626824378967285
[32m[Pascal][0m Cores: 8 Input: 1 
[32m[Pascal][0m Total time 0.11360979080200195
[32m[Pascal][0m Total time 0.1119537353515625
[32m[Pascal][0m Total time 0.11644625663757324
[32m[Pascal][0m Total time 0.1156313419342041
[32m[Pascal][0m Total time 0.11451506614685059
[32m[Pascal][0m Total time 0.11712169647216797
[32m[Pascal][0m Total time 0.11436319351196289
[32m[Pascal][0m Total time 0.11303353309631348
[32m[Pascal][0m Total time 0.11468958854675293
[32m[Pascal][0m Total time 0.1160440444946289
[32m[Pascal][0m Cores: 8 Input: 2 
[32m[Pascal][0m Total time 0.8346688747406006
[32m[Pascal][0m Total time 0.8374626636505127
[32m[Pascal][0m Total time 0.8380136489868164
[32m[Pascal][0m Total time 0.8328976631164551
[32m[Pascal][0m Total time 0.8327856063842773
[32m[Pascal][0m Total time 0.8347890377044678
[32m[Pascal][0m Total time 0.8373260498046875
[32m[Pascal][0m Total time 0.8404741287231445
[32m[Pascal][0m Total time 0.8387510776519775
[32m[Pascal][0m Total time 0.8396499156951904
[32m[Pascal][0m Cores: 8 Input: 3 
[32m[Pascal][0m Total time 6.700603008270264
[32m[Pascal][0m Total time 6.722757577896118
[32m[Pascal][0m Total time 6.686764717102051
[32m[Pascal][0m Total time 6.684300899505615
[32m[Pascal][0m Total time 6.666750907897949
[32m[Pascal][0m Total time 6.698548793792725
[32m[Pascal][0m Total time 6.652215003967285
[32m[Pascal][0m Total time 6.700685501098633
[32m[Pascal][0m Total time 6.760187149047852
[32m[Pascal][0m Total time 6.676189184188843
[32m[Pascal][0m Cores: 8 Input: 4 
[32m[Pascal][0m Total time 57.784583568573
[32m[Pascal][0m Total time 58.54080867767334
[32m[Pascal][0m Total time 60.805700063705444
[32m[Pascal][0m Total time 58.71508550643921
[32m[Pascal][0m Total time 58.128419160842896
[32m[Pascal][0m Total time 58.23925065994263
[32m[Pascal][0m Total time 58.46412467956543
[32m[Pascal][0m Total time 58.346869468688965
[32m[Pascal][0m Total time 58.10721135139465
[32m[Pascal][0m Total time 59.59032392501831
[32m[Pascal][0m Cores: 4 Input: 0 
[32m[Pascal][0m Total time 0.03516554832458496
[32m[Pascal][0m Total time 0.03416275978088379
[32m[Pascal][0m Total time 0.03498578071594238
[32m[Pascal][0m Total time 0.03409981727600098
[32m[Pascal][0m Total time 0.03343605995178223
[32m[Pascal][0m Total time 0.034893035888671875
[32m[Pascal][0m Total time 0.03378915786743164
[32m[Pascal][0m Total time 0.033349037170410156
[32m[Pascal][0m Total time 0.03801369667053223
[32m[Pascal][0m Total time 0.03516888618469238
[32m[Pascal][0m Cores: 4 Input: 1 
[32m[Pascal][0m Total time 0.21536588668823242
[32m[Pascal][0m Total time 0.21523046493530273
[32m[Pascal][0m Total time 0.2164168357849121
[32m[Pascal][0m Total time 0.21275997161865234
[32m[Pascal][0m Total time 0.21776604652404785
[32m[Pascal][0m Total time 0.21705389022827148
[32m[Pascal][0m Total time 0.21897673606872559
[32m[Pascal][0m Total time 0.214125394821167
[32m[Pascal][0m Total time 0.21750497817993164
[32m[Pascal][0m Total time 0.21665096282958984
[32m[Pascal][0m Cores: 4 Input: 2 
[32m[Pascal][0m Total time 1.6344361305236816
[32m[Pascal][0m Total time 1.6616337299346924
[32m[Pascal][0m Total time 1.6549761295318604
[32m[Pascal][0m Total time 1.6476449966430664
[32m[Pascal][0m Total time 1.6548798084259033
[32m[Pascal][0m Total time 1.6388583183288574
[32m[Pascal][0m Total time 1.6521556377410889
[32m[Pascal][0m Total time 1.64994478225708
[32m[Pascal][0m Total time 1.661698818206787
[32m[Pascal][0m Total time 1.6482951641082764
[32m[Pascal][0m Cores: 4 Input: 3 
[32m[Pascal][0m Total time 13.190078735351562
[32m[Pascal][0m Total time 13.195516347885132
[32m[Pascal][0m Total time 13.227060556411743
[32m[Pascal][0m Total time 13.169482946395874
[32m[Pascal][0m Total time 13.243996620178223
[32m[Pascal][0m Total time 13.194997787475586
[32m[Pascal][0m Total time 13.214935779571533
[32m[Pascal][0m Total time 13.372283935546875
[32m[Pascal][0m Total time 13.202767372131348
[32m[Pascal][0m Total time 13.205272197723389
[32m[Pascal][0m Cores: 4 Input: 4 
[32m[Pascal][0m Total time 110.56915712356567
[32m[Pascal][0m Total time 110.21258521080017
[32m[Pascal][0m Total time 118.42037844657898
[32m[Pascal][0m Total time 109.46850347518921
[32m[Pascal][0m Total time 109.1434178352356
[32m[Pascal][0m Total time 108.55661535263062
[32m[Pascal][0m Total time 109.58909320831299
[32m[Pascal][0m Total time 109.19681525230408
[32m[Pascal][0m Total time 109.84931802749634
[32m[Pascal][0m Total time 109.4227945804596
[32m[Pascal][0m Cores: 2 Input: 0 
[32m[Pascal][0m Total time 0.06049919128417969
[32m[Pascal][0m Total time 0.057273149490356445
[32m[Pascal][0m Total time 0.056552886962890625
[32m[Pascal][0m Total time 0.05702710151672363
[32m[Pascal][0m Total time 0.056551218032836914
[32m[Pascal][0m Total time 0.05807018280029297
[32m[Pascal][0m Total time 0.058258056640625
[32m[Pascal][0m Total time 0.058197975158691406
[32m[Pascal][0m Total time 0.0588536262512207
[32m[Pascal][0m Total time 0.05670976638793945
[32m[Pascal][0m Cores: 2 Input: 1 
[32m[Pascal][0m Total time 0.41507840156555176
[32m[Pascal][0m Total time 0.4151158332824707
[32m[Pascal][0m Total time 0.41591858863830566
[32m[Pascal][0m Total time 0.4167470932006836
[32m[Pascal][0m Total time 0.41643548011779785
[32m[Pascal][0m Total time 0.4168856143951416
[32m[Pascal][0m Total time 0.415607213973999
[32m[Pascal][0m Total time 0.41664862632751465
[32m[Pascal][0m Total time 0.415877103805542
[32m[Pascal][0m Total time 0.4159994125366211
[32m[Pascal][0m Cores: 2 Input: 2 
[32m[Pascal][0m Total time 3.2654993534088135
[32m[Pascal][0m Total time 3.2689149379730225
[32m[Pascal][0m Total time 3.287078619003296
[32m[Pascal][0m Total time 3.288036584854126
[32m[Pascal][0m Total time 3.2845194339752197
[32m[Pascal][0m Total time 3.2900640964508057
[32m[Pascal][0m Total time 3.287017345428467
[32m[Pascal][0m Total time 3.2851524353027344
[32m[Pascal][0m Total time 3.2865498065948486
[32m[Pascal][0m Total time 3.28483510017395
[32m[Pascal][0m Cores: 2 Input: 3 
[32m[Pascal][0m Total time 26.155354499816895
[32m[Pascal][0m Total time 26.2392520904541
[32m[Pascal][0m Total time 26.119252681732178
[32m[Pascal][0m Total time 26.04327082633972
[32m[Pascal][0m Total time 26.372167825698853
[32m[Pascal][0m Total time 26.26556706428528
[32m[Pascal][0m Total time 25.99940276145935
[32m[Pascal][0m Total time 25.85236406326294
[32m[Pascal][0m Total time 26.33725643157959
[32m[Pascal][0m Total time 26.234897136688232
[32m[Pascal][0m Cores: 2 Input: 4 
[32m[Pascal][0m Total time 215.31670475006104
[32m[Pascal][0m Total time 209.79365253448486
[32m[Pascal][0m Total time 212.20280289649963
[32m[Pascal][0m Total time 209.376060962677
[32m[Pascal][0m Total time 213.2279567718506
[32m[Pascal][0m Total time 212.17594385147095
[32m[Pascal][0m Total time 211.12997579574585
[32m[Pascal][0m Total time 210.18884110450745
[32m[Pascal][0m Total time 213.24849915504456
[32m[Pascal][0m Total time 210.8149073123932
[32m[Pascal][0m Cores: 1 Input: 0 
[32m[Pascal][0m Total time 0.11061406135559082
[32m[Pascal][0m Total time 0.10775542259216309
[32m[Pascal][0m Total time 0.10870575904846191
[32m[Pascal][0m Total time 0.10735058784484863
[32m[Pascal][0m Total time 0.12285995483398438
[32m[Pascal][0m Total time 0.10681843757629395
[32m[Pascal][0m Total time 0.10723209381103516
[32m[Pascal][0m Total time 0.10660147666931152
[32m[Pascal][0m Total time 0.10663700103759766
[32m[Pascal][0m Total time 0.10654258728027344
[32m[Pascal][0m Cores: 1 Input: 1 
[32m[Pascal][0m Total time 0.8205251693725586
[32m[Pascal][0m Total time 0.8211171627044678
[32m[Pascal][0m Total time 0.8212308883666992
[32m[Pascal][0m Total time 0.8215272426605225
[32m[Pascal][0m Total time 0.822411060333252
[32m[Pascal][0m Total time 0.8222782611846924
[32m[Pascal][0m Total time 0.8215265274047852
[32m[Pascal][0m Total time 0.8217346668243408
[32m[Pascal][0m Total time 0.821028470993042
[32m[Pascal][0m Total time 0.8235385417938232
[32m[Pascal][0m Cores: 1 Input: 2 
[32m[Pascal][0m Total time 6.546841144561768
[32m[Pascal][0m Total time 6.552950143814087
[32m[Pascal][0m Total time 6.555023431777954
[32m[Pascal][0m Total time 6.548675060272217
[32m[Pascal][0m Total time 6.553461313247681
[32m[Pascal][0m Total time 6.556033611297607
[32m[Pascal][0m Total time 6.557692766189575
[32m[Pascal][0m Total time 6.558593511581421
[32m[Pascal][0m Total time 6.56007981300354
[32m[Pascal][0m Total time 6.55314040184021
[32m[Pascal][0m Cores: 1 Input: 3 
[32m[Pascal][0m Total time 51.892425298690796
[32m[Pascal][0m Total time 51.45836639404297
[32m[Pascal][0m Total time 52.411906719207764
[32m[Pascal][0m Total time 52.39338684082031
[32m[Pascal][0m Total time 52.341466665267944
[32m[Pascal][0m Total time 51.97785305976868
[32m[Pascal][0m Total time 52.4005823135376
[32m[Pascal][0m Total time 52.47084283828735
[32m[Pascal][0m Total time 52.495991706848145
[32m[Pascal][0m Total time 52.303996086120605
[32m[Pascal][0m Cores: 1 Input: 4 
[32m[Pascal][0m Total time 417.72982382774353
[32m[Pascal][0m Total time 422.3313889503479
[32m[Pascal][0m Total time 418.4275412559509
[32m[Pascal][0m Total time 416.24361777305603
[32m[Pascal][0m Total time 417.96373748779297
[32m[Pascal][0m Total time 418.8469588756561
[32m[Pascal][0m Total time 417.94843649864197
[32m[Pascal][0m Total time 418.15028405189514
[32m[Pascal][0m Total time 416.6564474105835
[32m[Pascal][0m Total time 416.9137372970581
[32m[Pascal][0m ***** Done! *****
[32m[Pascal][0m Saving data
