[32m[Pascal][0m Running with ['cores', 'input', 'repetitions']
[32m[Pascal][0m Cores: 128 Input: 0 
[32m[Pascal][0m Total time 0.019552946090698242
[32m[Pascal][0m Total time 0.01792287826538086
[32m[Pascal][0m Total time 0.017338275909423828
[32m[Pascal][0m Total time 0.014291763305664062
[32m[Pascal][0m Total time 0.01752018928527832
[32m[Pascal][0m Total time 0.016754627227783203
[32m[Pascal][0m Total time 0.01433420181274414
[32m[Pascal][0m Total time 0.01755237579345703
[32m[Pascal][0m Total time 0.01696491241455078
[32m[Pascal][0m Total time 0.015521526336669922
[32m[Pascal][0m Cores: 128 Input: 1 
[32m[Pascal][0m Total time 0.04174923896789551
[32m[Pascal][0m Total time 0.03245425224304199
[32m[Pascal][0m Total time 0.03711056709289551
[32m[Pascal][0m Total time 0.041155338287353516
[32m[Pascal][0m Total time 0.04207253456115723
[32m[Pascal][0m Total time 0.03073883056640625
[32m[Pascal][0m Total time 0.04137301445007324
[32m[Pascal][0m Total time 0.04145216941833496
[32m[Pascal][0m Total time 0.039780616760253906
[32m[Pascal][0m Total time 0.04069256782531738
[32m[Pascal][0m Cores: 128 Input: 2 
[32m[Pascal][0m Total time 0.6185910701751709
[32m[Pascal][0m Total time 0.21759343147277832
[32m[Pascal][0m Total time 0.21676158905029297
[32m[Pascal][0m Total time 0.21984624862670898
[32m[Pascal][0m Total time 0.14583778381347656
[32m[Pascal][0m Total time 0.17523193359375
[32m[Pascal][0m Total time 0.17748808860778809
[32m[Pascal][0m Total time 0.18526220321655273
[32m[Pascal][0m Total time 0.16773319244384766
[32m[Pascal][0m Total time 0.1705164909362793
[32m[Pascal][0m Cores: 128 Input: 3 
[32m[Pascal][0m Total time 1.0259199142456055
[32m[Pascal][0m Total time 5.488787412643433
[32m[Pascal][0m Total time 1.0160133838653564
[32m[Pascal][0m Total time 1.4945101737976074
[32m[Pascal][0m Total time 1.6687901020050049
[32m[Pascal][0m Total time 1.6895782947540283
[32m[Pascal][0m Total time 1.0571339130401611
[32m[Pascal][0m Total time 1.0342707633972168
[32m[Pascal][0m Total time 1.5955250263214111
[32m[Pascal][0m Total time 1.0424931049346924
[32m[Pascal][0m Cores: 128 Input: 4 
[32m[Pascal][0m Total time 12.363729476928711
[32m[Pascal][0m Total time 10.459903001785278
[32m[Pascal][0m Total time 10.514846086502075
[32m[Pascal][0m Total time 49.4613254070282
[32m[Pascal][0m Total time 11.688200235366821
[32m[Pascal][0m Total time 10.084717750549316
[32m[Pascal][0m Total time 10.528503656387329
[32m[Pascal][0m Total time 10.174498796463013
[32m[Pascal][0m Total time 11.913792848587036
[32m[Pascal][0m Total time 10.163623571395874
[32m[Pascal][0m Cores: 64 Input: 0 
[32m[Pascal][0m Total time 0.01697850227355957
[32m[Pascal][0m Total time 0.013718843460083008
[32m[Pascal][0m Total time 0.016162872314453125
[32m[Pascal][0m Total time 0.01577591896057129
[32m[Pascal][0m Total time 0.014791488647460938
[32m[Pascal][0m Total time 0.01408529281616211
[32m[Pascal][0m Total time 0.014915943145751953
[32m[Pascal][0m Total time 0.01259469985961914
[32m[Pascal][0m Total time 0.015093564987182617
[32m[Pascal][0m Total time 0.015362977981567383
[32m[Pascal][0m Cores: 64 Input: 1 
[32m[Pascal][0m Total time 0.03679084777832031
[32m[Pascal][0m Total time 0.03752779960632324
[32m[Pascal][0m Total time 0.03843426704406738
[32m[Pascal][0m Total time 0.03686165809631348
[32m[Pascal][0m Total time 0.03960919380187988
[32m[Pascal][0m Total time 0.03682708740234375
[32m[Pascal][0m Total time 0.0492703914642334
[32m[Pascal][0m Total time 0.037438392639160156
[32m[Pascal][0m Total time 0.03666377067565918
[32m[Pascal][0m Total time 0.03646540641784668
[32m[Pascal][0m Cores: 64 Input: 2 
[32m[Pascal][0m Total time 0.23391032218933105
[32m[Pascal][0m Total time 0.2184453010559082
[32m[Pascal][0m Total time 0.22610211372375488
[32m[Pascal][0m Total time 0.22439241409301758
[32m[Pascal][0m Total time 0.2248549461364746
[32m[Pascal][0m Total time 0.29410243034362793
[32m[Pascal][0m Total time 0.21880817413330078
[32m[Pascal][0m Total time 0.2216813564300537
[32m[Pascal][0m Total time 0.22391700744628906
[32m[Pascal][0m Total time 0.45534181594848633
[32m[Pascal][0m Cores: 64 Input: 3 
[32m[Pascal][0m Total time 1.745347023010254
[32m[Pascal][0m Total time 1.758791208267212
[32m[Pascal][0m Total time 1.7854664325714111
[32m[Pascal][0m Total time 1.8091986179351807
[32m[Pascal][0m Total time 1.7769596576690674
[32m[Pascal][0m Total time 1.8341128826141357
[32m[Pascal][0m Total time 1.8204078674316406
[32m[Pascal][0m Total time 1.8048601150512695
[32m[Pascal][0m Total time 1.8274242877960205
[32m[Pascal][0m Total time 1.8330578804016113
[32m[Pascal][0m Cores: 64 Input: 4 
[32m[Pascal][0m Total time 15.735706567764282
[32m[Pascal][0m Total time 16.909608840942383
[32m[Pascal][0m Total time 17.82745885848999
[32m[Pascal][0m Total time 17.428030252456665
[32m[Pascal][0m Total time 16.661222457885742
[32m[Pascal][0m Total time 17.387906312942505
[32m[Pascal][0m Total time 17.486647129058838
[32m[Pascal][0m Total time 17.2232027053833
[32m[Pascal][0m Total time 17.804022073745728
[32m[Pascal][0m Total time 20.290998220443726
[32m[Pascal][0m Cores: 32 Input: 0 
[32m[Pascal][0m Total time 0.01723647117614746
[32m[Pascal][0m Total time 0.016003847122192383
[32m[Pascal][0m Total time 0.015669584274291992
[32m[Pascal][0m Total time 0.016416549682617188
[32m[Pascal][0m Total time 0.01650524139404297
[32m[Pascal][0m Total time 0.01599264144897461
[32m[Pascal][0m Total time 0.01467275619506836
[32m[Pascal][0m Total time 0.016704559326171875
[32m[Pascal][0m Total time 0.015608787536621094
[32m[Pascal][0m Total time 0.014605998992919922
[32m[Pascal][0m Cores: 32 Input: 1 
[32m[Pascal][0m Total time 0.06069469451904297
[32m[Pascal][0m Total time 0.059279441833496094
[32m[Pascal][0m Total time 0.060127973556518555
[32m[Pascal][0m Total time 0.06478762626647949
[32m[Pascal][0m Total time 0.06101417541503906
[32m[Pascal][0m Total time 0.0620570182800293
[32m[Pascal][0m Total time 0.0598452091217041
[32m[Pascal][0m Total time 0.0628058910369873
[32m[Pascal][0m Total time 0.060688018798828125
[32m[Pascal][0m Total time 0.06435036659240723
[32m[Pascal][0m Cores: 32 Input: 2 
[32m[Pascal][0m Total time 0.4638943672180176
[32m[Pascal][0m Total time 0.4355311393737793
[32m[Pascal][0m Total time 0.4347872734069824
[32m[Pascal][0m Total time 0.43905186653137207
[32m[Pascal][0m Total time 0.4374518394470215
[32m[Pascal][0m Total time 0.43859291076660156
[32m[Pascal][0m Total time 0.4389045238494873
[32m[Pascal][0m Total time 0.5625689029693604
[32m[Pascal][0m Total time 0.4355497360229492
[32m[Pascal][0m Total time 0.4335637092590332
[32m[Pascal][0m Cores: 32 Input: 3 
[32m[Pascal][0m Total time 3.477494955062866
[32m[Pascal][0m Total time 3.432804584503174
[32m[Pascal][0m Total time 3.3938448429107666
[32m[Pascal][0m Total time 3.7820489406585693
[32m[Pascal][0m Total time 3.3198318481445312
[32m[Pascal][0m Total time 4.75518536567688
[32m[Pascal][0m Total time 3.324164628982544
[32m[Pascal][0m Total time 3.415347099304199
[32m[Pascal][0m Total time 3.327247381210327
[32m[Pascal][0m Total time 3.311382532119751
[32m[Pascal][0m Cores: 32 Input: 4 
[32m[Pascal][0m Total time 28.923272609710693
[32m[Pascal][0m Total time 30.477770805358887
[32m[Pascal][0m Total time 29.558674812316895
[32m[Pascal][0m Total time 30.31699228286743
[32m[Pascal][0m Total time 29.657881021499634
[32m[Pascal][0m Total time 29.80192732810974
[32m[Pascal][0m Total time 30.295387744903564
[32m[Pascal][0m Total time 30.98726773262024
[32m[Pascal][0m Total time 29.92146348953247
[32m[Pascal][0m Total time 28.998876333236694
[32m[Pascal][0m Cores: 16 Input: 0 
[32m[Pascal][0m Total time 0.022612810134887695
[32m[Pascal][0m Total time 0.02422356605529785
[32m[Pascal][0m Total time 0.023494720458984375
[32m[Pascal][0m Total time 0.02057337760925293
[32m[Pascal][0m Total time 0.02123117446899414
[32m[Pascal][0m Total time 0.03214597702026367
[32m[Pascal][0m Total time 0.023802995681762695
[32m[Pascal][0m Total time 0.02299952507019043
[32m[Pascal][0m Total time 0.02259349822998047
[32m[Pascal][0m Total time 0.021719932556152344
[32m[Pascal][0m Cores: 16 Input: 1 
[32m[Pascal][0m Total time 0.1114511489868164
[32m[Pascal][0m Total time 0.11020040512084961
[32m[Pascal][0m Total time 0.11184167861938477
[32m[Pascal][0m Total time 0.11072444915771484
[32m[Pascal][0m Total time 0.11240339279174805
[32m[Pascal][0m Total time 0.11500978469848633
[32m[Pascal][0m Total time 0.11229920387268066
[32m[Pascal][0m Total time 0.1124122142791748
[32m[Pascal][0m Total time 0.11080360412597656
[32m[Pascal][0m Total time 0.1111440658569336
[32m[Pascal][0m Cores: 16 Input: 2 
[32m[Pascal][0m Total time 0.9337961673736572
[32m[Pascal][0m Total time 0.8152520656585693
[32m[Pascal][0m Total time 0.8224887847900391
[32m[Pascal][0m Total time 0.8213956356048584
[32m[Pascal][0m Total time 0.8140809535980225
[32m[Pascal][0m Total time 0.822272777557373
[32m[Pascal][0m Total time 0.8135266304016113
[32m[Pascal][0m Total time 0.9899499416351318
[32m[Pascal][0m Total time 0.8679332733154297
[32m[Pascal][0m Total time 0.8144557476043701
[32m[Pascal][0m Cores: 16 Input: 3 
[32m[Pascal][0m Total time 7.345427989959717
[32m[Pascal][0m Total time 6.638885021209717
[32m[Pascal][0m Total time 6.6476476192474365
[32m[Pascal][0m Total time 6.663158893585205
[32m[Pascal][0m Total time 6.665779113769531
[32m[Pascal][0m Total time 6.639906167984009
[32m[Pascal][0m Total time 6.77515435218811
[32m[Pascal][0m Total time 6.676486015319824
[32m[Pascal][0m Total time 6.639219045639038
[32m[Pascal][0m Total time 7.28398871421814
[32m[Pascal][0m Cores: 16 Input: 4 
[32m[Pascal][0m Total time 60.28589224815369
[32m[Pascal][0m Total time 62.49577021598816
[32m[Pascal][0m Total time 60.71672487258911
[32m[Pascal][0m Total time 57.17097783088684
[32m[Pascal][0m Total time 59.53972506523132
[32m[Pascal][0m Total time 75.72434520721436
[32m[Pascal][0m Total time 59.041858434677124
[32m[Pascal][0m Total time 57.652759075164795
[32m[Pascal][0m Total time 59.15391254425049
[32m[Pascal][0m Total time 60.05525827407837
[32m[Pascal][0m Cores: 8 Input: 0 
[32m[Pascal][0m Total time 0.033837080001831055
[32m[Pascal][0m Total time 0.03896331787109375
[32m[Pascal][0m Total time 0.034773826599121094
[32m[Pascal][0m Total time 0.03848886489868164
[32m[Pascal][0m Total time 0.03582024574279785
[32m[Pascal][0m Total time 0.03726005554199219
[32m[Pascal][0m Total time 0.03653383255004883
[32m[Pascal][0m Total time 0.036092281341552734
[32m[Pascal][0m Total time 0.03536844253540039
[32m[Pascal][0m Total time 0.037020206451416016
[32m[Pascal][0m Cores: 8 Input: 1 
[32m[Pascal][0m Total time 0.20928692817687988
[32m[Pascal][0m Total time 0.21400666236877441
[32m[Pascal][0m Total time 0.2095787525177002
[32m[Pascal][0m Total time 0.2097482681274414
[32m[Pascal][0m Total time 0.20851707458496094
[32m[Pascal][0m Total time 0.20979833602905273
[32m[Pascal][0m Total time 0.21015191078186035
[32m[Pascal][0m Total time 0.20717239379882812
[32m[Pascal][0m Total time 0.21027588844299316
[32m[Pascal][0m Total time 0.20758891105651855
[32m[Pascal][0m Cores: 8 Input: 2 
[32m[Pascal][0m Total time 1.6140356063842773
[32m[Pascal][0m Total time 1.5868446826934814
[32m[Pascal][0m Total time 1.749406337738037
[32m[Pascal][0m Total time 1.6183063983917236
[32m[Pascal][0m Total time 1.641127586364746
[32m[Pascal][0m Total time 1.6132087707519531
[32m[Pascal][0m Total time 1.6128277778625488
[32m[Pascal][0m Total time 1.616084098815918
[32m[Pascal][0m Total time 1.6120824813842773
[32m[Pascal][0m Total time 1.6130616664886475
[32m[Pascal][0m Cores: 8 Input: 3 
[32m[Pascal][0m Total time 13.383412599563599
[32m[Pascal][0m Total time 13.431583166122437
[32m[Pascal][0m Total time 12.996806621551514
[32m[Pascal][0m Total time 13.055354833602905
[32m[Pascal][0m Total time 13.000925064086914
[32m[Pascal][0m Total time 13.045162916183472
[32m[Pascal][0m Total time 13.009542465209961
[32m[Pascal][0m Total time 13.004822492599487
[32m[Pascal][0m Total time 13.073800086975098
[32m[Pascal][0m Total time 13.088249444961548
[32m[Pascal][0m Cores: 8 Input: 4 
[32m[Pascal][0m Total time 119.73896265029907
[32m[Pascal][0m Total time 121.12565875053406
[32m[Pascal][0m Total time 119.58572793006897
[32m[Pascal][0m Total time 121.01687622070312
[32m[Pascal][0m Total time 116.77943634986877
[32m[Pascal][0m Total time 117.61055541038513
[32m[Pascal][0m Total time 121.59947156906128
[32m[Pascal][0m Total time 119.98756265640259
[32m[Pascal][0m Total time 120.75607061386108
[32m[Pascal][0m Total time 120.60439801216125
[32m[Pascal][0m Cores: 4 Input: 0 
[32m[Pascal][0m Total time 0.05812573432922363
[32m[Pascal][0m Total time 0.062311410903930664
[32m[Pascal][0m Total time 0.059396982192993164
[32m[Pascal][0m Total time 0.06153512001037598
[32m[Pascal][0m Total time 0.06082773208618164
[32m[Pascal][0m Total time 0.06007742881774902
[32m[Pascal][0m Total time 0.06127762794494629
[32m[Pascal][0m Total time 0.05862617492675781
[32m[Pascal][0m Total time 0.0574193000793457
[32m[Pascal][0m Total time 0.05632591247558594
[32m[Pascal][0m Cores: 4 Input: 1 
[32m[Pascal][0m Total time 0.4021608829498291
[32m[Pascal][0m Total time 0.40096449851989746
[32m[Pascal][0m Total time 0.406358003616333
[32m[Pascal][0m Total time 0.4016907215118408
[32m[Pascal][0m Total time 0.39910030364990234
[32m[Pascal][0m Total time 0.4088587760925293
[32m[Pascal][0m Total time 0.40251588821411133
[32m[Pascal][0m Total time 0.4024982452392578
[32m[Pascal][0m Total time 0.40201497077941895
[32m[Pascal][0m Total time 0.39751505851745605
[32m[Pascal][0m Cores: 4 Input: 2 
[32m[Pascal][0m Total time 3.261458158493042
[32m[Pascal][0m Total time 3.1837871074676514
[32m[Pascal][0m Total time 3.1785268783569336
[32m[Pascal][0m Total time 3.177053213119507
[32m[Pascal][0m Total time 3.2004170417785645
[32m[Pascal][0m Total time 3.1746511459350586
[32m[Pascal][0m Total time 3.2288005352020264
[32m[Pascal][0m Total time 3.1927340030670166
[32m[Pascal][0m Total time 3.3423032760620117
[32m[Pascal][0m Total time 3.2026619911193848
[32m[Pascal][0m Cores: 4 Input: 3 
[32m[Pascal][0m Total time 25.664299249649048
[32m[Pascal][0m Total time 25.294207096099854
[32m[Pascal][0m Total time 25.24708890914917
[32m[Pascal][0m Total time 25.9595046043396
[32m[Pascal][0m Total time 25.705734729766846
[32m[Pascal][0m Total time 25.814046382904053
[32m[Pascal][0m Total time 25.848199367523193
[32m[Pascal][0m Total time 25.66933035850525
[32m[Pascal][0m Total time 26.168558597564697
[32m[Pascal][0m Total time 26.3741192817688
[32m[Pascal][0m Cores: 4 Input: 4 
[32m[Pascal][0m Total time 245.61580681800842
[32m[Pascal][0m Total time 243.79369401931763
[32m[Pascal][0m Total time 263.44787073135376
[32m[Pascal][0m Total time 247.8653383255005
[32m[Pascal][0m Total time 255.9148724079132
[32m[Pascal][0m Total time 212.76218962669373
[32m[Pascal][0m Total time 216.75023818016052
[32m[Pascal][0m Total time 245.84368014335632
[32m[Pascal][0m Total time 264.80183839797974
[32m[Pascal][0m Total time 220.53970217704773
[32m[Pascal][0m Cores: 2 Input: 0 
[32m[Pascal][0m Total time 0.10723543167114258
[32m[Pascal][0m Total time 0.10374665260314941
[32m[Pascal][0m Total time 0.1042184829711914
[32m[Pascal][0m Total time 0.10280013084411621
[32m[Pascal][0m Total time 0.10299968719482422
[32m[Pascal][0m Total time 0.1045534610748291
[32m[Pascal][0m Total time 0.10335993766784668
[32m[Pascal][0m Total time 0.10430479049682617
[32m[Pascal][0m Total time 0.1045534610748291
[32m[Pascal][0m Total time 0.1039583683013916
[32m[Pascal][0m Cores: 2 Input: 1 
[32m[Pascal][0m Total time 0.791205644607544
[32m[Pascal][0m Total time 0.79050612449646
[32m[Pascal][0m Total time 0.7897682189941406
[32m[Pascal][0m Total time 0.8018405437469482
[32m[Pascal][0m Total time 0.7896890640258789
[32m[Pascal][0m Total time 0.7924017906188965
[32m[Pascal][0m Total time 0.8014678955078125
[32m[Pascal][0m Total time 0.8079788684844971
[32m[Pascal][0m Total time 0.7909712791442871
[32m[Pascal][0m Total time 0.7908511161804199
[32m[Pascal][0m Cores: 2 Input: 2 
[32m[Pascal][0m Total time 6.310435056686401
[32m[Pascal][0m Total time 6.3094000816345215
[32m[Pascal][0m Total time 6.306137561798096
[32m[Pascal][0m Total time 6.308950662612915
[32m[Pascal][0m Total time 6.317383766174316
[32m[Pascal][0m Total time 6.313719749450684
[32m[Pascal][0m Total time 6.311589479446411
[32m[Pascal][0m Total time 6.310078859329224
[32m[Pascal][0m Total time 6.316715955734253
[32m[Pascal][0m Total time 6.310834884643555
[32m[Pascal][0m Cores: 2 Input: 3 
[32m[Pascal][0m Total time 51.69069981575012
[32m[Pascal][0m Total time 51.106842041015625
[32m[Pascal][0m Total time 50.52065968513489
[32m[Pascal][0m Total time 50.96684718132019
[32m[Pascal][0m Total time 51.13555979728699
[32m[Pascal][0m Total time 51.17134714126587
[32m[Pascal][0m Total time 51.14290237426758
[32m[Pascal][0m Total time 50.09671592712402
[32m[Pascal][0m Total time 51.122477531433105
[32m[Pascal][0m Total time 51.42468762397766
[32m[Pascal][0m Cores: 2 Input: 4 
[32m[Pascal][0m Total time 406.36768889427185
[32m[Pascal][0m Total time 401.4468832015991
[32m[Pascal][0m Total time 403.8841300010681
[32m[Pascal][0m Total time 404.509153842926
[32m[Pascal][0m Total time 405.47989559173584
[32m[Pascal][0m Total time 404.72991919517517
[32m[Pascal][0m Total time 400.97496271133423
[32m[Pascal][0m Total time 405.364718914032
[32m[Pascal][0m Total time 402.2068259716034
[32m[Pascal][0m Total time 404.1710295677185
[32m[Pascal][0m Cores: 1 Input: 0 
[32m[Pascal][0m Total time 0.2012486457824707
[32m[Pascal][0m Total time 0.2026350498199463
[32m[Pascal][0m Total time 0.19894886016845703
[32m[Pascal][0m Total time 0.20637726783752441
[32m[Pascal][0m Total time 0.1993546485900879
[32m[Pascal][0m Total time 0.19859027862548828
[32m[Pascal][0m Total time 0.19877409934997559
[32m[Pascal][0m Total time 0.19919347763061523
[32m[Pascal][0m Total time 0.19899463653564453
[32m[Pascal][0m Total time 0.19872355461120605
[32m[Pascal][0m Cores: 1 Input: 1 
[32m[Pascal][0m Total time 1.5665678977966309
[32m[Pascal][0m Total time 1.5704004764556885
[32m[Pascal][0m Total time 1.568310022354126
[32m[Pascal][0m Total time 1.5688138008117676
[32m[Pascal][0m Total time 1.5685808658599854
[32m[Pascal][0m Total time 1.5694489479064941
[32m[Pascal][0m Total time 1.5683648586273193
[32m[Pascal][0m Total time 1.5690960884094238
[32m[Pascal][0m Total time 1.5689239501953125
[32m[Pascal][0m Total time 1.5711240768432617
[32m[Pascal][0m Cores: 1 Input: 2 
[32m[Pascal][0m Total time 12.583532810211182
[32m[Pascal][0m Total time 12.581621170043945
[32m[Pascal][0m Total time 12.589399814605713
[32m[Pascal][0m Total time 12.589571475982666
[32m[Pascal][0m Total time 12.594354152679443
[32m[Pascal][0m Total time 12.583254337310791
[32m[Pascal][0m Total time 12.585922718048096
[32m[Pascal][0m Total time 12.582200288772583
[32m[Pascal][0m Total time 12.595619201660156
[32m[Pascal][0m Total time 12.589277744293213
[32m[Pascal][0m Cores: 1 Input: 3 
[32m[Pascal][0m Total time 101.02939438819885
[32m[Pascal][0m Total time 102.23495149612427
[32m[Pascal][0m Total time 101.967453956604
[32m[Pascal][0m Total time 98.98435163497925
[32m[Pascal][0m Total time 102.36150598526001
[32m[Pascal][0m Total time 100.18390941619873
[32m[Pascal][0m Total time 102.02615070343018
[32m[Pascal][0m Total time 102.67648530006409
[32m[Pascal][0m Total time 98.72431778907776
[32m[Pascal][0m Total time 102.53502750396729
[32m[Pascal][0m Cores: 1 Input: 4 
[32m[Pascal][0m Total time 805.2078204154968
[32m[Pascal][0m Total time 804.3568642139435
[32m[Pascal][0m Total time 817.9542953968048
[32m[Pascal][0m Total time 803.0704758167267
[32m[Pascal][0m Total time 803.3854470252991
[32m[Pascal][0m Total time 815.1335878372192
[32m[Pascal][0m Total time 810.2547080516815
[32m[Pascal][0m Total time 808.6556739807129
[32m[Pascal][0m Total time 817.5868849754333
[32m[Pascal][0m Total time 805.4840002059937
[32m[Pascal][0m ***** Done! *****
[32m[Pascal][0m Saving data
