[32m[Pascal][0m Running with ['cores', 'input', 'repetitions']
[32m[Pascal][0m Cores: 128 Input: 0 
[32m[Pascal][0m Total time 0.12143898010253906
[32m[Pascal][0m Total time 0.01732158660888672
[32m[Pascal][0m Total time 0.016870737075805664
[32m[Pascal][0m Total time 0.018846511840820312
[32m[Pascal][0m Total time 0.015034198760986328
[32m[Pascal][0m Total time 0.015320777893066406
[32m[Pascal][0m Total time 0.014750242233276367
[32m[Pascal][0m Total time 0.014266014099121094
[32m[Pascal][0m Total time 0.016293764114379883
[32m[Pascal][0m Total time 0.01368856430053711
[32m[Pascal][0m Cores: 128 Input: 1 
[32m[Pascal][0m Total time 0.020032644271850586
[32m[Pascal][0m Total time 0.019399166107177734
[32m[Pascal][0m Total time 0.020869970321655273
[32m[Pascal][0m Total time 0.02210259437561035
[32m[Pascal][0m Total time 0.01910543441772461
[32m[Pascal][0m Total time 0.01932239532470703
[32m[Pascal][0m Total time 0.023285388946533203
[32m[Pascal][0m Total time 0.024103879928588867
[32m[Pascal][0m Total time 0.024722814559936523
[32m[Pascal][0m Total time 0.02035975456237793
[32m[Pascal][0m Cores: 128 Input: 2 
[32m[Pascal][0m Total time 0.08669686317443848
[32m[Pascal][0m Total time 0.04370570182800293
[32m[Pascal][0m Total time 0.04032278060913086
[32m[Pascal][0m Total time 0.04332089424133301
[32m[Pascal][0m Total time 0.0446934700012207
[32m[Pascal][0m Total time 0.04189705848693848
[32m[Pascal][0m Total time 0.05060625076293945
[32m[Pascal][0m Total time 0.046004295349121094
[32m[Pascal][0m Total time 0.04382967948913574
[32m[Pascal][0m Total time 0.04573392868041992
[32m[Pascal][0m Cores: 128 Input: 3 
[32m[Pascal][0m Total time 0.19951629638671875
[32m[Pascal][0m Total time 0.17106175422668457
[32m[Pascal][0m Total time 0.20464277267456055
[32m[Pascal][0m Total time 0.20855975151062012
[32m[Pascal][0m Total time 0.18206095695495605
[32m[Pascal][0m Total time 0.18184995651245117
[32m[Pascal][0m Total time 0.21001553535461426
[32m[Pascal][0m Total time 0.2104041576385498
[32m[Pascal][0m Total time 0.2020249366760254
[32m[Pascal][0m Total time 0.1955111026763916
[32m[Pascal][0m Cores: 128 Input: 4 
[32m[Pascal][0m Total time 1.290522813796997
[32m[Pascal][0m Total time 1.2009398937225342
[32m[Pascal][0m Total time 1.1706249713897705
[32m[Pascal][0m Total time 1.3296353816986084
[32m[Pascal][0m Total time 1.362616777420044
[32m[Pascal][0m Total time 1.1296703815460205
[32m[Pascal][0m Total time 1.2974286079406738
[32m[Pascal][0m Total time 1.3268067836761475
[32m[Pascal][0m Total time 1.2135100364685059
[32m[Pascal][0m Total time 1.3655545711517334
[32m[Pascal][0m Cores: 64 Input: 0 
[32m[Pascal][0m Total time 0.0165250301361084
[32m[Pascal][0m Total time 0.014850616455078125
[32m[Pascal][0m Total time 0.014523029327392578
[32m[Pascal][0m Total time 0.013187170028686523
[32m[Pascal][0m Total time 0.014097213745117188
[32m[Pascal][0m Total time 0.015419244766235352
[32m[Pascal][0m Total time 0.014528036117553711
[32m[Pascal][0m Total time 0.01587533950805664
[32m[Pascal][0m Total time 0.014359474182128906
[32m[Pascal][0m Total time 0.013762474060058594
[32m[Pascal][0m Cores: 64 Input: 1 
[32m[Pascal][0m Total time 0.019325971603393555
[32m[Pascal][0m Total time 0.02116227149963379
[32m[Pascal][0m Total time 0.02051091194152832
[32m[Pascal][0m Total time 0.019196033477783203
[32m[Pascal][0m Total time 0.0187833309173584
[32m[Pascal][0m Total time 0.018900156021118164
[32m[Pascal][0m Total time 0.01979517936706543
[32m[Pascal][0m Total time 0.01810908317565918
[32m[Pascal][0m Total time 0.018259525299072266
[32m[Pascal][0m Total time 0.020839691162109375
[32m[Pascal][0m Cores: 64 Input: 2 
[32m[Pascal][0m Total time 0.044661521911621094
[32m[Pascal][0m Total time 0.04597282409667969
[32m[Pascal][0m Total time 0.0470728874206543
[32m[Pascal][0m Total time 0.050316810607910156
[32m[Pascal][0m Total time 0.051820993423461914
[32m[Pascal][0m Total time 0.04823780059814453
[32m[Pascal][0m Total time 0.04840445518493652
[32m[Pascal][0m Total time 0.05016970634460449
[32m[Pascal][0m Total time 0.047632455825805664
[32m[Pascal][0m Total time 0.04800701141357422
[32m[Pascal][0m Cores: 64 Input: 3 
[32m[Pascal][0m Total time 0.24201226234436035
[32m[Pascal][0m Total time 0.24919843673706055
[32m[Pascal][0m Total time 0.2576446533203125
[32m[Pascal][0m Total time 0.24295926094055176
[32m[Pascal][0m Total time 0.29973673820495605
[32m[Pascal][0m Total time 0.2601125240325928
[32m[Pascal][0m Total time 0.2527644634246826
[32m[Pascal][0m Total time 0.24642586708068848
[32m[Pascal][0m Total time 0.29321813583374023
[32m[Pascal][0m Total time 0.24144458770751953
[32m[Pascal][0m Cores: 64 Input: 4 
[32m[Pascal][0m Total time 1.7548303604125977
[32m[Pascal][0m Total time 1.6228773593902588
[32m[Pascal][0m Total time 1.7091574668884277
[32m[Pascal][0m Total time 1.7172260284423828
[32m[Pascal][0m Total time 1.799222707748413
[32m[Pascal][0m Total time 1.7214534282684326
[32m[Pascal][0m Total time 1.7420434951782227
[32m[Pascal][0m Total time 1.639991044998169
[32m[Pascal][0m Total time 1.7388546466827393
[32m[Pascal][0m Total time 1.7100145816802979
[32m[Pascal][0m Cores: 32 Input: 0 
[32m[Pascal][0m Total time 0.014622926712036133
[32m[Pascal][0m Total time 0.013856887817382812
[32m[Pascal][0m Total time 0.012095451354980469
[32m[Pascal][0m Total time 0.010709047317504883
[32m[Pascal][0m Total time 0.011269569396972656
[32m[Pascal][0m Total time 0.014782905578613281
[32m[Pascal][0m Total time 0.01394796371459961
[32m[Pascal][0m Total time 0.013625383377075195
[32m[Pascal][0m Total time 0.014647245407104492
[32m[Pascal][0m Total time 0.013319015502929688
[32m[Pascal][0m Cores: 32 Input: 1 
[32m[Pascal][0m Total time 0.020471572875976562
[32m[Pascal][0m Total time 0.018958330154418945
[32m[Pascal][0m Total time 0.018778562545776367
[32m[Pascal][0m Total time 0.0189974308013916
[32m[Pascal][0m Total time 0.01941680908203125
[32m[Pascal][0m Total time 0.02070164680480957
[32m[Pascal][0m Total time 0.019936561584472656
[32m[Pascal][0m Total time 0.020770788192749023
[32m[Pascal][0m Total time 0.01775074005126953
[32m[Pascal][0m Total time 0.017763137817382812
[32m[Pascal][0m Cores: 32 Input: 2 
[32m[Pascal][0m Total time 0.06531906127929688
[32m[Pascal][0m Total time 0.06489753723144531
[32m[Pascal][0m Total time 0.06672143936157227
[32m[Pascal][0m Total time 0.06838297843933105
[32m[Pascal][0m Total time 0.06646203994750977
[32m[Pascal][0m Total time 0.06661343574523926
[32m[Pascal][0m Total time 0.06672883033752441
[32m[Pascal][0m Total time 0.06705021858215332
[32m[Pascal][0m Total time 0.06680870056152344
[32m[Pascal][0m Total time 0.06935715675354004
[32m[Pascal][0m Cores: 32 Input: 3 
[32m[Pascal][0m Total time 0.4028923511505127
[32m[Pascal][0m Total time 0.40140318870544434
[32m[Pascal][0m Total time 0.39772653579711914
[32m[Pascal][0m Total time 0.3952605724334717
[32m[Pascal][0m Total time 0.3912017345428467
[32m[Pascal][0m Total time 0.3948249816894531
[32m[Pascal][0m Total time 0.39047741889953613
[32m[Pascal][0m Total time 0.3937110900878906
[32m[Pascal][0m Total time 0.3906235694885254
[32m[Pascal][0m Total time 0.39560437202453613
[32m[Pascal][0m Cores: 32 Input: 4 
[32m[Pascal][0m Total time 3.270247220993042
[32m[Pascal][0m Total time 3.0491931438446045
[32m[Pascal][0m Total time 3.059976577758789
[32m[Pascal][0m Total time 3.07422137260437
[32m[Pascal][0m Total time 2.9549472332000732
[32m[Pascal][0m Total time 3.1013705730438232
[32m[Pascal][0m Total time 3.1317896842956543
[32m[Pascal][0m Total time 3.0766212940216064
[32m[Pascal][0m Total time 3.1208975315093994
[32m[Pascal][0m Total time 3.105330467224121
[32m[Pascal][0m Cores: 16 Input: 0 
[32m[Pascal][0m Total time 0.013619184494018555
[32m[Pascal][0m Total time 0.013333320617675781
[32m[Pascal][0m Total time 0.014903545379638672
[32m[Pascal][0m Total time 0.01116490364074707
[32m[Pascal][0m Total time 0.014802217483520508
[32m[Pascal][0m Total time 0.01353907585144043
[32m[Pascal][0m Total time 0.011035919189453125
[32m[Pascal][0m Total time 0.012437582015991211
[32m[Pascal][0m Total time 0.01329350471496582
[32m[Pascal][0m Total time 0.014389991760253906
[32m[Pascal][0m Cores: 16 Input: 1 
[32m[Pascal][0m Total time 0.02381110191345215
[32m[Pascal][0m Total time 0.025621414184570312
[32m[Pascal][0m Total time 0.025476694107055664
[32m[Pascal][0m Total time 0.02629852294921875
[32m[Pascal][0m Total time 0.027050256729125977
[32m[Pascal][0m Total time 0.026641368865966797
[32m[Pascal][0m Total time 0.024358034133911133
[32m[Pascal][0m Total time 0.02213454246520996
[32m[Pascal][0m Total time 0.024416446685791016
[32m[Pascal][0m Total time 0.026471614837646484
[32m[Pascal][0m Cores: 16 Input: 2 
[32m[Pascal][0m Total time 0.10848379135131836
[32m[Pascal][0m Total time 0.10778951644897461
[32m[Pascal][0m Total time 0.10662031173706055
[32m[Pascal][0m Total time 0.17325305938720703
[32m[Pascal][0m Total time 0.10666394233703613
[32m[Pascal][0m Total time 0.10747241973876953
[32m[Pascal][0m Total time 0.1074073314666748
[32m[Pascal][0m Total time 0.11360597610473633
[32m[Pascal][0m Total time 0.10867667198181152
[32m[Pascal][0m Total time 0.10547089576721191
[32m[Pascal][0m Cores: 16 Input: 3 
[32m[Pascal][0m Total time 0.7177188396453857
[32m[Pascal][0m Total time 0.719841718673706
[32m[Pascal][0m Total time 0.7140507698059082
[32m[Pascal][0m Total time 0.7185571193695068
[32m[Pascal][0m Total time 0.7158565521240234
[32m[Pascal][0m Total time 0.716752290725708
[32m[Pascal][0m Total time 0.7165794372558594
[32m[Pascal][0m Total time 0.7235021591186523
[32m[Pascal][0m Total time 0.720001220703125
[32m[Pascal][0m Total time 0.7237308025360107
[32m[Pascal][0m Cores: 16 Input: 4 
[32m[Pascal][0m Total time 6.176697492599487
[32m[Pascal][0m Total time 6.206120491027832
[32m[Pascal][0m Total time 6.136967897415161
[32m[Pascal][0m Total time 6.224294900894165
[32m[Pascal][0m Total time 6.142651319503784
[32m[Pascal][0m Total time 6.260804891586304
[32m[Pascal][0m Total time 6.1361329555511475
[32m[Pascal][0m Total time 6.16308069229126
[32m[Pascal][0m Total time 5.97472620010376
[32m[Pascal][0m Total time 6.165415287017822
[32m[Pascal][0m Cores: 8 Input: 0 
[32m[Pascal][0m Total time 0.014759302139282227
[32m[Pascal][0m Total time 0.01689887046813965
[32m[Pascal][0m Total time 0.013595819473266602
[32m[Pascal][0m Total time 0.016846179962158203
[32m[Pascal][0m Total time 0.017153024673461914
[32m[Pascal][0m Total time 0.014207124710083008
[32m[Pascal][0m Total time 0.01334381103515625
[32m[Pascal][0m Total time 0.015820026397705078
[32m[Pascal][0m Total time 0.015406131744384766
[32m[Pascal][0m Total time 0.011730194091796875
[32m[Pascal][0m Cores: 8 Input: 1 
[32m[Pascal][0m Total time 0.03430962562561035
[32m[Pascal][0m Total time 0.03474092483520508
[32m[Pascal][0m Total time 0.03357243537902832
[32m[Pascal][0m Total time 0.03733181953430176
[32m[Pascal][0m Total time 0.0355525016784668
[32m[Pascal][0m Total time 0.034810543060302734
[32m[Pascal][0m Total time 0.03209567070007324
[32m[Pascal][0m Total time 0.03247666358947754
[32m[Pascal][0m Total time 0.03288984298706055
[32m[Pascal][0m Total time 0.035559892654418945
[32m[Pascal][0m Cores: 8 Input: 2 
[32m[Pascal][0m Total time 0.18773603439331055
[32m[Pascal][0m Total time 0.18695664405822754
[32m[Pascal][0m Total time 0.18754363059997559
[32m[Pascal][0m Total time 0.1874849796295166
[32m[Pascal][0m Total time 0.18916916847229004
[32m[Pascal][0m Total time 0.18881511688232422
[32m[Pascal][0m Total time 0.187575101852417
[32m[Pascal][0m Total time 0.19041228294372559
[32m[Pascal][0m Total time 0.18634939193725586
[32m[Pascal][0m Total time 0.18602657318115234
[32m[Pascal][0m Cores: 8 Input: 3 
[32m[Pascal][0m Total time 1.4055259227752686
[32m[Pascal][0m Total time 1.4032249450683594
[32m[Pascal][0m Total time 1.398695945739746
[32m[Pascal][0m Total time 1.4455485343933105
[32m[Pascal][0m Total time 1.4040827751159668
[32m[Pascal][0m Total time 1.4063513278961182
[32m[Pascal][0m Total time 1.3919401168823242
[32m[Pascal][0m Total time 1.3969576358795166
[32m[Pascal][0m Total time 1.3858397006988525
[32m[Pascal][0m Total time 1.3970592021942139
[32m[Pascal][0m Cores: 8 Input: 4 
[32m[Pascal][0m Total time 12.192973136901855
[32m[Pascal][0m Total time 12.339223384857178
[32m[Pascal][0m Total time 12.234002351760864
[32m[Pascal][0m Total time 12.162692546844482
[32m[Pascal][0m Total time 12.131210088729858
[32m[Pascal][0m Total time 12.17830228805542
[32m[Pascal][0m Total time 12.167311668395996
[32m[Pascal][0m Total time 12.135941982269287
[32m[Pascal][0m Total time 12.128391027450562
[32m[Pascal][0m Total time 12.12949252128601
[32m[Pascal][0m Cores: 4 Input: 0 
[32m[Pascal][0m Total time 0.01733994483947754
[32m[Pascal][0m Total time 0.014286279678344727
[32m[Pascal][0m Total time 0.014199972152709961
[32m[Pascal][0m Total time 0.019943714141845703
[32m[Pascal][0m Total time 0.0176699161529541
[32m[Pascal][0m Total time 0.015779495239257812
[32m[Pascal][0m Total time 0.01637434959411621
[32m[Pascal][0m Total time 0.014722824096679688
[32m[Pascal][0m Total time 0.017052173614501953
[32m[Pascal][0m Total time 0.0164797306060791
[32m[Pascal][0m Cores: 4 Input: 1 
[32m[Pascal][0m Total time 0.056173086166381836
[32m[Pascal][0m Total time 0.05614924430847168
[32m[Pascal][0m Total time 0.05575227737426758
[32m[Pascal][0m Total time 0.05313730239868164
[32m[Pascal][0m Total time 0.05718731880187988
[32m[Pascal][0m Total time 0.056395530700683594
[32m[Pascal][0m Total time 0.05523562431335449
[32m[Pascal][0m Total time 0.052381277084350586
[32m[Pascal][0m Total time 0.0534970760345459
[32m[Pascal][0m Total time 0.05758404731750488
[32m[Pascal][0m Cores: 4 Input: 2 
[32m[Pascal][0m Total time 0.34769344329833984
[32m[Pascal][0m Total time 0.3492462635040283
[32m[Pascal][0m Total time 0.34874749183654785
[32m[Pascal][0m Total time 0.3484675884246826
[32m[Pascal][0m Total time 0.3479304313659668
[32m[Pascal][0m Total time 0.34864306449890137
[32m[Pascal][0m Total time 0.3479645252227783
[32m[Pascal][0m Total time 0.35140395164489746
[32m[Pascal][0m Total time 0.3489992618560791
[32m[Pascal][0m Total time 0.3465108871459961
[32m[Pascal][0m Cores: 4 Input: 3 
[32m[Pascal][0m Total time 2.6716902256011963
[32m[Pascal][0m Total time 2.6592626571655273
[32m[Pascal][0m Total time 2.683326244354248
[32m[Pascal][0m Total time 2.6913812160491943
[32m[Pascal][0m Total time 2.6999740600585938
[32m[Pascal][0m Total time 2.674309492111206
[32m[Pascal][0m Total time 2.6935038566589355
[32m[Pascal][0m Total time 2.664114475250244
[32m[Pascal][0m Total time 2.6779141426086426
[32m[Pascal][0m Total time 2.7874786853790283
[32m[Pascal][0m Cores: 4 Input: 4 
[32m[Pascal][0m Total time 26.301825761795044
[32m[Pascal][0m Total time 25.398381233215332
[32m[Pascal][0m Total time 25.469307899475098
[32m[Pascal][0m Total time 26.238633632659912
[32m[Pascal][0m Total time 24.075343132019043
[32m[Pascal][0m Total time 24.070809602737427
[32m[Pascal][0m Total time 22.933833837509155
[32m[Pascal][0m Total time 23.86378574371338
[32m[Pascal][0m Total time 24.765392065048218
[32m[Pascal][0m Total time 22.834376335144043
[32m[Pascal][0m Cores: 2 Input: 0 
[32m[Pascal][0m Total time 0.024039745330810547
[32m[Pascal][0m Total time 0.019842147827148438
[32m[Pascal][0m Total time 0.02009272575378418
[32m[Pascal][0m Total time 0.021396398544311523
[32m[Pascal][0m Total time 0.02156376838684082
[32m[Pascal][0m Total time 0.019341468811035156
[32m[Pascal][0m Total time 0.02224564552307129
[32m[Pascal][0m Total time 0.01938629150390625
[32m[Pascal][0m Total time 0.022717714309692383
[32m[Pascal][0m Total time 0.02286243438720703
[32m[Pascal][0m Cores: 2 Input: 1 
[32m[Pascal][0m Total time 0.09646487236022949
[32m[Pascal][0m Total time 0.09213137626647949
[32m[Pascal][0m Total time 0.0929880142211914
[32m[Pascal][0m Total time 0.09293723106384277
[32m[Pascal][0m Total time 0.09305834770202637
[32m[Pascal][0m Total time 0.09357285499572754
[32m[Pascal][0m Total time 0.09288740158081055
[32m[Pascal][0m Total time 0.09543490409851074
[32m[Pascal][0m Total time 0.0924062728881836
[32m[Pascal][0m Total time 0.09589123725891113
[32m[Pascal][0m Cores: 2 Input: 2 
[32m[Pascal][0m Total time 0.66265869140625
[32m[Pascal][0m Total time 0.6621630191802979
[32m[Pascal][0m Total time 0.667306661605835
[32m[Pascal][0m Total time 0.6609294414520264
[32m[Pascal][0m Total time 0.6618397235870361
[32m[Pascal][0m Total time 0.6607613563537598
[32m[Pascal][0m Total time 0.6623134613037109
[32m[Pascal][0m Total time 0.6623520851135254
[32m[Pascal][0m Total time 0.6693649291992188
[32m[Pascal][0m Total time 0.6621286869049072
[32m[Pascal][0m Cores: 2 Input: 3 
[32m[Pascal][0m Total time 5.2077929973602295
[32m[Pascal][0m Total time 5.180114984512329
[32m[Pascal][0m Total time 5.200209617614746
[32m[Pascal][0m Total time 5.191316366195679
[32m[Pascal][0m Total time 5.191217660903931
[32m[Pascal][0m Total time 5.203636407852173
[32m[Pascal][0m Total time 5.219216823577881
[32m[Pascal][0m Total time 5.19676661491394
[32m[Pascal][0m Total time 5.192637205123901
[32m[Pascal][0m Total time 5.177680015563965
[32m[Pascal][0m Cores: 2 Input: 4 
[32m[Pascal][0m Total time 43.47434139251709
[32m[Pascal][0m Total time 42.68387484550476
[32m[Pascal][0m Total time 42.82114124298096
[32m[Pascal][0m Total time 42.447609424591064
[32m[Pascal][0m Total time 42.754348278045654
[32m[Pascal][0m Total time 42.79760217666626
[32m[Pascal][0m Total time 43.00771951675415
[32m[Pascal][0m Total time 43.2796356678009
[32m[Pascal][0m Total time 42.64859366416931
[32m[Pascal][0m Total time 43.4652738571167
[32m[Pascal][0m Cores: 1 Input: 0 
[32m[Pascal][0m Total time 0.030805110931396484
[32m[Pascal][0m Total time 0.028162240982055664
[32m[Pascal][0m Total time 0.027475357055664062
[32m[Pascal][0m Total time 0.028121232986450195
[32m[Pascal][0m Total time 0.027053117752075195
[32m[Pascal][0m Total time 0.027413606643676758
[32m[Pascal][0m Total time 0.026986122131347656
[32m[Pascal][0m Total time 0.03132963180541992
[32m[Pascal][0m Total time 0.027091503143310547
[32m[Pascal][0m Total time 0.027143001556396484
[32m[Pascal][0m Cores: 1 Input: 1 
[32m[Pascal][0m Total time 0.17075824737548828
[32m[Pascal][0m Total time 0.17021751403808594
[32m[Pascal][0m Total time 0.17048072814941406
[32m[Pascal][0m Total time 0.17106342315673828
[32m[Pascal][0m Total time 0.1704113483428955
[32m[Pascal][0m Total time 0.17138290405273438
[32m[Pascal][0m Total time 0.17021942138671875
[32m[Pascal][0m Total time 0.17096304893493652
[32m[Pascal][0m Total time 0.17057418823242188
[32m[Pascal][0m Total time 0.17355108261108398
[32m[Pascal][0m Cores: 1 Input: 2 
[32m[Pascal][0m Total time 1.3045868873596191
[32m[Pascal][0m Total time 1.3017933368682861
[32m[Pascal][0m Total time 1.304316759109497
[32m[Pascal][0m Total time 1.2999646663665771
[32m[Pascal][0m Total time 1.3094775676727295
[32m[Pascal][0m Total time 1.3040087223052979
[32m[Pascal][0m Total time 1.3063342571258545
[32m[Pascal][0m Total time 1.2971649169921875
[32m[Pascal][0m Total time 1.3026728630065918
[32m[Pascal][0m Total time 1.2991738319396973
[32m[Pascal][0m Cores: 1 Input: 3 
[32m[Pascal][0m Total time 10.34326171875
[32m[Pascal][0m Total time 10.338855266571045
[32m[Pascal][0m Total time 10.357103109359741
[32m[Pascal][0m Total time 10.360169887542725
[32m[Pascal][0m Total time 10.353040218353271
[32m[Pascal][0m Total time 10.357773065567017
[32m[Pascal][0m Total time 10.353229999542236
[32m[Pascal][0m Total time 10.337846755981445
[32m[Pascal][0m Total time 10.35232925415039
[32m[Pascal][0m Total time 10.313127517700195
[32m[Pascal][0m Cores: 1 Input: 4 
[32m[Pascal][0m Total time 85.26669263839722
[32m[Pascal][0m Total time 86.29262351989746
[32m[Pascal][0m Total time 85.0958399772644
[32m[Pascal][0m Total time 86.65970921516418
[32m[Pascal][0m Total time 86.66105365753174
[32m[Pascal][0m Total time 86.1737802028656
[32m[Pascal][0m Total time 85.28466296195984
[32m[Pascal][0m Total time 85.5874650478363
[32m[Pascal][0m Total time 84.76227188110352
[32m[Pascal][0m Total time 85.4315230846405
[32m[Pascal][0m ***** Done! *****
[32m[Pascal][0m Saving data
