[32m[Pascal][0m Running with ['cores', 'input', 'repetitions']
[32m[Pascal][0m Cores: 128 Input: 0 
[32m[Pascal][0m Total time 0.020516157150268555
[32m[Pascal][0m Total time 0.01666569709777832
[32m[Pascal][0m Total time 0.01805424690246582
[32m[Pascal][0m Total time 0.016663312911987305
[32m[Pascal][0m Total time 0.01761770248413086
[32m[Pascal][0m Total time 0.016873598098754883
[32m[Pascal][0m Total time 0.01529240608215332
[32m[Pascal][0m Total time 0.014678001403808594
[32m[Pascal][0m Total time 0.015651464462280273
[32m[Pascal][0m Total time 0.014989376068115234
[32m[Pascal][0m Cores: 128 Input: 1 
[32m[Pascal][0m Total time 0.021224021911621094
[32m[Pascal][0m Total time 0.022584915161132812
[32m[Pascal][0m Total time 0.02154088020324707
[32m[Pascal][0m Total time 0.020949363708496094
[32m[Pascal][0m Total time 0.03449726104736328
[32m[Pascal][0m Total time 0.023659944534301758
[32m[Pascal][0m Total time 0.02220630645751953
[32m[Pascal][0m Total time 0.021690845489501953
[32m[Pascal][0m Total time 0.03022456169128418
[32m[Pascal][0m Total time 0.021542787551879883
[32m[Pascal][0m Cores: 128 Input: 2 
[32m[Pascal][0m Total time 0.06005597114562988
[32m[Pascal][0m Total time 0.06404232978820801
[32m[Pascal][0m Total time 0.05421113967895508
[32m[Pascal][0m Total time 0.06218361854553223
[32m[Pascal][0m Total time 0.05373716354370117
[32m[Pascal][0m Total time 0.06374692916870117
[32m[Pascal][0m Total time 0.05414938926696777
[32m[Pascal][0m Total time 0.057645559310913086
[32m[Pascal][0m Total time 0.060307979583740234
[32m[Pascal][0m Total time 0.061031341552734375
[32m[Pascal][0m Cores: 128 Input: 3 
[32m[Pascal][0m Total time 0.2802102565765381
[32m[Pascal][0m Total time 0.27097535133361816
[32m[Pascal][0m Total time 0.28097963333129883
[32m[Pascal][0m Total time 0.27538061141967773
[32m[Pascal][0m Total time 0.31625795364379883
[32m[Pascal][0m Total time 0.2938981056213379
[32m[Pascal][0m Total time 0.27715277671813965
[32m[Pascal][0m Total time 0.3100242614746094
[32m[Pascal][0m Total time 0.3051478862762451
[32m[Pascal][0m Total time 0.27005457878112793
[32m[Pascal][0m Cores: 128 Input: 4 
[32m[Pascal][0m Total time 2.0287137031555176
[32m[Pascal][0m Total time 2.119128704071045
[32m[Pascal][0m Total time 1.9829928874969482
[32m[Pascal][0m Total time 1.980506420135498
[32m[Pascal][0m Total time 2.0132622718811035
[32m[Pascal][0m Total time 2.154052734375
[32m[Pascal][0m Total time 2.11203932762146
[32m[Pascal][0m Total time 2.186058282852173
[32m[Pascal][0m Total time 2.0063936710357666
[32m[Pascal][0m Total time 2.0419390201568604
[32m[Pascal][0m Cores: 64 Input: 0 
[32m[Pascal][0m Total time 0.016668319702148438
[32m[Pascal][0m Total time 0.016681909561157227
[32m[Pascal][0m Total time 0.014373779296875
[32m[Pascal][0m Total time 0.015088319778442383
[32m[Pascal][0m Total time 0.016204833984375
[32m[Pascal][0m Total time 0.012332677841186523
[32m[Pascal][0m Total time 0.01110219955444336
[32m[Pascal][0m Total time 0.012662887573242188
[32m[Pascal][0m Total time 0.014057159423828125
[32m[Pascal][0m Total time 0.015198230743408203
[32m[Pascal][0m Cores: 64 Input: 1 
[32m[Pascal][0m Total time 0.020171165466308594
[32m[Pascal][0m Total time 0.019105195999145508
[32m[Pascal][0m Total time 0.01897144317626953
[32m[Pascal][0m Total time 0.02093338966369629
[32m[Pascal][0m Total time 0.020412921905517578
[32m[Pascal][0m Total time 0.017750978469848633
[32m[Pascal][0m Total time 0.021133899688720703
[32m[Pascal][0m Total time 0.02001023292541504
[32m[Pascal][0m Total time 0.020684242248535156
[32m[Pascal][0m Total time 0.019536256790161133
[32m[Pascal][0m Cores: 64 Input: 2 
[32m[Pascal][0m Total time 0.07154488563537598
[32m[Pascal][0m Total time 0.0714864730834961
[32m[Pascal][0m Total time 0.06909608840942383
[32m[Pascal][0m Total time 0.06789922714233398
[32m[Pascal][0m Total time 0.0692145824432373
[32m[Pascal][0m Total time 0.06960058212280273
[32m[Pascal][0m Total time 0.06882262229919434
[32m[Pascal][0m Total time 0.07081723213195801
[32m[Pascal][0m Total time 0.07089447975158691
[32m[Pascal][0m Total time 0.07203459739685059
[32m[Pascal][0m Cores: 64 Input: 3 
[32m[Pascal][0m Total time 0.4085524082183838
[32m[Pascal][0m Total time 0.3969113826751709
[32m[Pascal][0m Total time 0.3955686092376709
[32m[Pascal][0m Total time 0.40261340141296387
[32m[Pascal][0m Total time 0.3942441940307617
[32m[Pascal][0m Total time 0.39986276626586914
[32m[Pascal][0m Total time 0.4031364917755127
[32m[Pascal][0m Total time 0.4087984561920166
[32m[Pascal][0m Total time 0.3912770748138428
[32m[Pascal][0m Total time 0.42063236236572266
[32m[Pascal][0m Cores: 64 Input: 4 
[32m[Pascal][0m Total time 3.1749064922332764
[32m[Pascal][0m Total time 3.0325093269348145
[32m[Pascal][0m Total time 2.995950222015381
[32m[Pascal][0m Total time 3.050827741622925
[32m[Pascal][0m Total time 3.063166618347168
[32m[Pascal][0m Total time 3.1582977771759033
[32m[Pascal][0m Total time 3.113091468811035
[32m[Pascal][0m Total time 3.3171300888061523
[32m[Pascal][0m Total time 3.048835515975952
[32m[Pascal][0m Total time 3.1883296966552734
[32m[Pascal][0m Cores: 32 Input: 0 
[32m[Pascal][0m Total time 0.01449441909790039
[32m[Pascal][0m Total time 0.013854503631591797
[32m[Pascal][0m Total time 0.013319015502929688
[32m[Pascal][0m Total time 0.013508796691894531
[32m[Pascal][0m Total time 0.013010501861572266
[32m[Pascal][0m Total time 0.012250900268554688
[32m[Pascal][0m Total time 0.014183521270751953
[32m[Pascal][0m Total time 0.01153421401977539
[32m[Pascal][0m Total time 0.010777473449707031
[32m[Pascal][0m Total time 0.013335704803466797
[32m[Pascal][0m Cores: 32 Input: 1 
[32m[Pascal][0m Total time 0.0274660587310791
[32m[Pascal][0m Total time 0.024951696395874023
[32m[Pascal][0m Total time 0.02475142478942871
[32m[Pascal][0m Total time 0.02679729461669922
[32m[Pascal][0m Total time 0.025207996368408203
[32m[Pascal][0m Total time 0.023479223251342773
[32m[Pascal][0m Total time 0.025383710861206055
[32m[Pascal][0m Total time 0.02415180206298828
[32m[Pascal][0m Total time 0.026394367218017578
[32m[Pascal][0m Total time 0.023982524871826172
[32m[Pascal][0m Cores: 32 Input: 2 
[32m[Pascal][0m Total time 0.10689616203308105
[32m[Pascal][0m Total time 0.10740900039672852
[32m[Pascal][0m Total time 0.10799980163574219
[32m[Pascal][0m Total time 0.1054232120513916
[32m[Pascal][0m Total time 0.10578107833862305
[32m[Pascal][0m Total time 0.1074681282043457
[32m[Pascal][0m Total time 0.10662603378295898
[32m[Pascal][0m Total time 0.10798907279968262
[32m[Pascal][0m Total time 0.10797810554504395
[32m[Pascal][0m Total time 0.10864520072937012
[32m[Pascal][0m Cores: 32 Input: 3 
[32m[Pascal][0m Total time 0.7206912040710449
[32m[Pascal][0m Total time 0.7265560626983643
[32m[Pascal][0m Total time 0.7146599292755127
[32m[Pascal][0m Total time 0.7068710327148438
[32m[Pascal][0m Total time 0.7231009006500244
[32m[Pascal][0m Total time 0.7045245170593262
[32m[Pascal][0m Total time 0.701218843460083
[32m[Pascal][0m Total time 0.7074320316314697
[32m[Pascal][0m Total time 0.701066255569458
[32m[Pascal][0m Total time 0.7050461769104004
[32m[Pascal][0m Cores: 32 Input: 4 
[32m[Pascal][0m Total time 6.131537914276123
[32m[Pascal][0m Total time 6.17848539352417
[32m[Pascal][0m Total time 5.866074085235596
[32m[Pascal][0m Total time 6.152722358703613
[32m[Pascal][0m Total time 6.1632421016693115
[32m[Pascal][0m Total time 6.030911207199097
[32m[Pascal][0m Total time 6.059436082839966
[32m[Pascal][0m Total time 6.0960094928741455
[32m[Pascal][0m Total time 6.214405059814453
[32m[Pascal][0m Total time 5.9966206550598145
[32m[Pascal][0m Cores: 16 Input: 0 
[32m[Pascal][0m Total time 0.014056682586669922
[32m[Pascal][0m Total time 0.017106056213378906
[32m[Pascal][0m Total time 0.015958547592163086
[32m[Pascal][0m Total time 0.014493703842163086
[32m[Pascal][0m Total time 0.014933347702026367
[32m[Pascal][0m Total time 0.014381885528564453
[32m[Pascal][0m Total time 0.01402139663696289
[32m[Pascal][0m Total time 0.013019084930419922
[32m[Pascal][0m Total time 0.015203714370727539
[32m[Pascal][0m Total time 0.014226675033569336
[32m[Pascal][0m Cores: 16 Input: 1 
[32m[Pascal][0m Total time 0.03555178642272949
[32m[Pascal][0m Total time 0.03589892387390137
[32m[Pascal][0m Total time 0.03455376625061035
[32m[Pascal][0m Total time 0.03357648849487305
[32m[Pascal][0m Total time 0.037166595458984375
[32m[Pascal][0m Total time 0.03498697280883789
[32m[Pascal][0m Total time 0.03454756736755371
[32m[Pascal][0m Total time 0.03293204307556152
[32m[Pascal][0m Total time 0.03708219528198242
[32m[Pascal][0m Total time 0.034948110580444336
[32m[Pascal][0m Cores: 16 Input: 2 
[32m[Pascal][0m Total time 0.18834686279296875
[32m[Pascal][0m Total time 0.18977642059326172
[32m[Pascal][0m Total time 0.18717503547668457
[32m[Pascal][0m Total time 0.18778753280639648
[32m[Pascal][0m Total time 0.24741077423095703
[32m[Pascal][0m Total time 0.18696117401123047
[32m[Pascal][0m Total time 0.18694114685058594
[32m[Pascal][0m Total time 0.19575929641723633
[32m[Pascal][0m Total time 0.19179844856262207
[32m[Pascal][0m Total time 0.18820619583129883
[32m[Pascal][0m Cores: 16 Input: 3 
[32m[Pascal][0m Total time 1.4020252227783203
[32m[Pascal][0m Total time 1.4053478240966797
[32m[Pascal][0m Total time 1.4187777042388916
[32m[Pascal][0m Total time 1.4121062755584717
[32m[Pascal][0m Total time 1.4218316078186035
[32m[Pascal][0m Total time 1.4192302227020264
[32m[Pascal][0m Total time 1.4074225425720215
[32m[Pascal][0m Total time 1.4153807163238525
[32m[Pascal][0m Total time 1.4278581142425537
[32m[Pascal][0m Total time 1.4163284301757812
[32m[Pascal][0m Cores: 16 Input: 4 
[32m[Pascal][0m Total time 12.101954460144043
[32m[Pascal][0m Total time 11.833536863327026
[32m[Pascal][0m Total time 12.086970806121826
[32m[Pascal][0m Total time 12.21357774734497
[32m[Pascal][0m Total time 12.113016128540039
[32m[Pascal][0m Total time 12.08197021484375
[32m[Pascal][0m Total time 11.939711332321167
[32m[Pascal][0m Total time 12.10761833190918
[32m[Pascal][0m Total time 12.228489398956299
[32m[Pascal][0m Total time 11.796819686889648
[32m[Pascal][0m Cores: 8 Input: 0 
[32m[Pascal][0m Total time 0.016963720321655273
[32m[Pascal][0m Total time 0.018164634704589844
[32m[Pascal][0m Total time 0.018009662628173828
[32m[Pascal][0m Total time 0.017168760299682617
[32m[Pascal][0m Total time 0.015510797500610352
[32m[Pascal][0m Total time 0.018725872039794922
[32m[Pascal][0m Total time 0.018126487731933594
[32m[Pascal][0m Total time 0.016805648803710938
[32m[Pascal][0m Total time 0.015881776809692383
[32m[Pascal][0m Total time 0.01683974266052246
[32m[Pascal][0m Cores: 8 Input: 1 
[32m[Pascal][0m Total time 0.05573725700378418
[32m[Pascal][0m Total time 0.05389595031738281
[32m[Pascal][0m Total time 0.05548715591430664
[32m[Pascal][0m Total time 0.05320334434509277
[32m[Pascal][0m Total time 0.05554986000061035
[32m[Pascal][0m Total time 0.055205583572387695
[32m[Pascal][0m Total time 0.05469369888305664
[32m[Pascal][0m Total time 0.05330252647399902
[32m[Pascal][0m Total time 0.055167198181152344
[32m[Pascal][0m Total time 0.053521156311035156
[32m[Pascal][0m Cores: 8 Input: 2 
[32m[Pascal][0m Total time 0.3451569080352783
[32m[Pascal][0m Total time 0.3484487533569336
[32m[Pascal][0m Total time 0.3473224639892578
[32m[Pascal][0m Total time 0.349851131439209
[32m[Pascal][0m Total time 0.349151611328125
[32m[Pascal][0m Total time 0.348712682723999
[32m[Pascal][0m Total time 0.34844446182250977
[32m[Pascal][0m Total time 0.34780049324035645
[32m[Pascal][0m Total time 0.3500235080718994
[32m[Pascal][0m Total time 0.349773645401001
[32m[Pascal][0m Cores: 8 Input: 3 
[32m[Pascal][0m Total time 2.708345413208008
[32m[Pascal][0m Total time 2.694690465927124
[32m[Pascal][0m Total time 2.7057063579559326
[32m[Pascal][0m Total time 2.808807849884033
[32m[Pascal][0m Total time 2.687596082687378
[32m[Pascal][0m Total time 2.7145376205444336
[32m[Pascal][0m Total time 2.717799425125122
[32m[Pascal][0m Total time 2.710644483566284
[32m[Pascal][0m Total time 2.7121613025665283
[32m[Pascal][0m Total time 2.711477279663086
[32m[Pascal][0m Cores: 8 Input: 4 
[32m[Pascal][0m Total time 24.091625928878784
[32m[Pascal][0m Total time 24.00439143180847
[32m[Pascal][0m Total time 24.120554447174072
[32m[Pascal][0m Total time 24.06887173652649
[32m[Pascal][0m Total time 25.720702171325684
[32m[Pascal][0m Total time 23.825556993484497
[32m[Pascal][0m Total time 23.94785761833191
[32m[Pascal][0m Total time 24.163294315338135
[32m[Pascal][0m Total time 24.0442214012146
[32m[Pascal][0m Total time 24.118910551071167
[32m[Pascal][0m Cores: 4 Input: 0 
[32m[Pascal][0m Total time 0.021378278732299805
[32m[Pascal][0m Total time 0.024394750595092773
[32m[Pascal][0m Total time 0.022994518280029297
[32m[Pascal][0m Total time 0.022644996643066406
[32m[Pascal][0m Total time 0.022851943969726562
[32m[Pascal][0m Total time 0.022012948989868164
[32m[Pascal][0m Total time 0.021964311599731445
[32m[Pascal][0m Total time 0.021301746368408203
[32m[Pascal][0m Total time 0.02327442169189453
[32m[Pascal][0m Total time 0.019499778747558594
[32m[Pascal][0m Cores: 4 Input: 1 
[32m[Pascal][0m Total time 0.09659743309020996
[32m[Pascal][0m Total time 0.09477400779724121
[32m[Pascal][0m Total time 0.09576725959777832
[32m[Pascal][0m Total time 0.09257793426513672
[32m[Pascal][0m Total time 0.09166145324707031
[32m[Pascal][0m Total time 0.09249305725097656
[32m[Pascal][0m Total time 0.09234142303466797
[32m[Pascal][0m Total time 0.09221506118774414
[32m[Pascal][0m Total time 0.09251904487609863
[32m[Pascal][0m Total time 0.09505367279052734
[32m[Pascal][0m Cores: 4 Input: 2 
[32m[Pascal][0m Total time 0.6691713333129883
[32m[Pascal][0m Total time 0.7366025447845459
[32m[Pascal][0m Total time 0.6656627655029297
[32m[Pascal][0m Total time 0.6627798080444336
[32m[Pascal][0m Total time 0.6631906032562256
[32m[Pascal][0m Total time 0.663184642791748
[32m[Pascal][0m Total time 0.667086124420166
[32m[Pascal][0m Total time 0.6642136573791504
[32m[Pascal][0m Total time 0.6642742156982422
[32m[Pascal][0m Total time 0.6626079082489014
[32m[Pascal][0m Cores: 4 Input: 3 
[32m[Pascal][0m Total time 5.326344966888428
[32m[Pascal][0m Total time 5.316673994064331
[32m[Pascal][0m Total time 5.288568496704102
[32m[Pascal][0m Total time 5.3306450843811035
[32m[Pascal][0m Total time 5.308695554733276
[32m[Pascal][0m Total time 5.29656720161438
[32m[Pascal][0m Total time 5.319225549697876
[32m[Pascal][0m Total time 5.293576002120972
[32m[Pascal][0m Total time 5.336022615432739
[32m[Pascal][0m Total time 5.306272983551025
[32m[Pascal][0m Cores: 4 Input: 4 
[32m[Pascal][0m Total time 56.30561685562134
[32m[Pascal][0m Total time 45.904512882232666
[32m[Pascal][0m Total time 44.230648040771484
[32m[Pascal][0m Total time 46.00725960731506
[32m[Pascal][0m Total time 46.63370156288147
[32m[Pascal][0m Total time 46.04115319252014
[32m[Pascal][0m Total time 44.55116391181946
[32m[Pascal][0m Total time 48.37600135803223
[32m[Pascal][0m Total time 48.318066358566284
[32m[Pascal][0m Total time 48.61083698272705
[32m[Pascal][0m Cores: 2 Input: 0 
[32m[Pascal][0m Total time 0.03454780578613281
[32m[Pascal][0m Total time 0.028993606567382812
[32m[Pascal][0m Total time 0.028546571731567383
[32m[Pascal][0m Total time 0.028408050537109375
[32m[Pascal][0m Total time 0.030685901641845703
[32m[Pascal][0m Total time 0.028229236602783203
[32m[Pascal][0m Total time 0.028795957565307617
[32m[Pascal][0m Total time 0.027299165725708008
[32m[Pascal][0m Total time 0.02884697914123535
[32m[Pascal][0m Total time 0.029042959213256836
[32m[Pascal][0m Cores: 2 Input: 1 
[32m[Pascal][0m Total time 0.17165613174438477
[32m[Pascal][0m Total time 0.17183399200439453
[32m[Pascal][0m Total time 0.17033982276916504
[32m[Pascal][0m Total time 0.172210693359375
[32m[Pascal][0m Total time 0.17078137397766113
[32m[Pascal][0m Total time 0.1722872257232666
[32m[Pascal][0m Total time 0.17002463340759277
[32m[Pascal][0m Total time 0.17029762268066406
[32m[Pascal][0m Total time 0.17003488540649414
[32m[Pascal][0m Total time 0.16995978355407715
[32m[Pascal][0m Cores: 2 Input: 2 
[32m[Pascal][0m Total time 1.297849416732788
[32m[Pascal][0m Total time 1.301525592803955
[32m[Pascal][0m Total time 1.2999303340911865
[32m[Pascal][0m Total time 1.2998416423797607
[32m[Pascal][0m Total time 1.3054454326629639
[32m[Pascal][0m Total time 1.3030672073364258
[32m[Pascal][0m Total time 1.3025784492492676
[32m[Pascal][0m Total time 1.3017539978027344
[32m[Pascal][0m Total time 1.2986702919006348
[32m[Pascal][0m Total time 1.3031458854675293
[32m[Pascal][0m Cores: 2 Input: 3 
[32m[Pascal][0m Total time 10.38663649559021
[32m[Pascal][0m Total time 10.322728633880615
[32m[Pascal][0m Total time 10.381679058074951
[32m[Pascal][0m Total time 10.401006937026978
[32m[Pascal][0m Total time 10.383417129516602
[32m[Pascal][0m Total time 10.410790920257568
[32m[Pascal][0m Total time 10.398030996322632
[32m[Pascal][0m Total time 10.414188385009766
[32m[Pascal][0m Total time 10.386787176132202
[32m[Pascal][0m Total time 10.4079909324646
[32m[Pascal][0m Cores: 2 Input: 4 
[32m[Pascal][0m Total time 85.61139297485352
[32m[Pascal][0m Total time 85.51111197471619
[32m[Pascal][0m Total time 85.35991859436035
[32m[Pascal][0m Total time 86.01405358314514
[32m[Pascal][0m Total time 85.86270093917847
[32m[Pascal][0m Total time 84.3293080329895
[32m[Pascal][0m Total time 84.10431480407715
[32m[Pascal][0m Total time 85.04692339897156
[32m[Pascal][0m Total time 85.00397610664368
[32m[Pascal][0m Total time 86.10616946220398
[32m[Pascal][0m Cores: 1 Input: 0 
[32m[Pascal][0m Total time 0.050563812255859375
[32m[Pascal][0m Total time 0.04827713966369629
[32m[Pascal][0m Total time 0.047762393951416016
[32m[Pascal][0m Total time 0.04764604568481445
[32m[Pascal][0m Total time 0.04803109169006348
[32m[Pascal][0m Total time 0.04814457893371582
[32m[Pascal][0m Total time 0.04770374298095703
[32m[Pascal][0m Total time 0.04755282402038574
[32m[Pascal][0m Total time 0.048048973083496094
[32m[Pascal][0m Total time 0.048235177993774414
[32m[Pascal][0m Cores: 1 Input: 1 
[32m[Pascal][0m Total time 0.32973623275756836
[32m[Pascal][0m Total time 0.33043813705444336
[32m[Pascal][0m Total time 0.3305778503417969
[32m[Pascal][0m Total time 0.33254075050354004
[32m[Pascal][0m Total time 0.3307812213897705
[32m[Pascal][0m Total time 0.3308403491973877
[32m[Pascal][0m Total time 0.3313286304473877
[32m[Pascal][0m Total time 0.3319535255432129
[32m[Pascal][0m Total time 0.3310811519622803
[32m[Pascal][0m Total time 0.3313431739807129
[32m[Pascal][0m Cores: 1 Input: 2 
[32m[Pascal][0m Total time 2.5756118297576904
[32m[Pascal][0m Total time 2.575178861618042
[32m[Pascal][0m Total time 2.5794131755828857
[32m[Pascal][0m Total time 2.5783896446228027
[32m[Pascal][0m Total time 2.5757102966308594
[32m[Pascal][0m Total time 2.579444408416748
[32m[Pascal][0m Total time 2.57576847076416
[32m[Pascal][0m Total time 2.5787994861602783
[32m[Pascal][0m Total time 2.578721046447754
[32m[Pascal][0m Total time 2.578036308288574
[32m[Pascal][0m Cores: 1 Input: 3 
[32m[Pascal][0m Total time 20.635131359100342
[32m[Pascal][0m Total time 20.67081570625305
[32m[Pascal][0m Total time 20.790109634399414
[32m[Pascal][0m Total time 20.718636989593506
[32m[Pascal][0m Total time 20.662943124771118
[32m[Pascal][0m Total time 20.675636053085327
[32m[Pascal][0m Total time 20.6696195602417
[32m[Pascal][0m Total time 20.67705225944519
[32m[Pascal][0m Total time 20.647011756896973
[32m[Pascal][0m Total time 20.625924587249756
[32m[Pascal][0m Cores: 1 Input: 4 
[32m[Pascal][0m Total time 169.8847451210022
[32m[Pascal][0m Total time 171.72138786315918
[32m[Pascal][0m Total time 169.81266522407532
[32m[Pascal][0m Total time 169.49410820007324
[32m[Pascal][0m Total time 168.8086063861847
[32m[Pascal][0m Total time 172.96983242034912
[32m[Pascal][0m Total time 169.6398732662201
[32m[Pascal][0m Total time 169.90254640579224
[32m[Pascal][0m Total time 168.95908522605896
[32m[Pascal][0m Total time 172.33893537521362
[32m[Pascal][0m ***** Done! *****
[32m[Pascal][0m Saving data
