[32m[Pascal][0m Running with ['cores', 'input', 'repetitions']
[32m[Pascal][0m Cores: 128 Input: 0 
[32m[Pascal][0m Total time 0.019545316696166992
[32m[Pascal][0m Total time 0.015501976013183594
[32m[Pascal][0m Total time 0.016466379165649414
[32m[Pascal][0m Total time 0.014356613159179688
[32m[Pascal][0m Total time 0.016056299209594727
[32m[Pascal][0m Total time 0.014478206634521484
[32m[Pascal][0m Total time 0.014637470245361328
[32m[Pascal][0m Total time 0.016151905059814453
[32m[Pascal][0m Total time 0.015511035919189453
[32m[Pascal][0m Total time 0.01698136329650879
[32m[Pascal][0m Cores: 128 Input: 1 
[32m[Pascal][0m Total time 0.024887561798095703
[32m[Pascal][0m Total time 0.0195310115814209
[32m[Pascal][0m Total time 0.023396730422973633
[32m[Pascal][0m Total time 0.022301197052001953
[32m[Pascal][0m Total time 0.024120330810546875
[32m[Pascal][0m Total time 0.023788928985595703
[32m[Pascal][0m Total time 0.022200584411621094
[32m[Pascal][0m Total time 0.024094820022583008
[32m[Pascal][0m Total time 0.023711442947387695
[32m[Pascal][0m Total time 0.023437023162841797
[32m[Pascal][0m Cores: 128 Input: 2 
[32m[Pascal][0m Total time 0.06855630874633789
[32m[Pascal][0m Total time 0.07198095321655273
[32m[Pascal][0m Total time 0.0706937313079834
[32m[Pascal][0m Total time 0.0955502986907959
[32m[Pascal][0m Total time 0.08194518089294434
[32m[Pascal][0m Total time 0.07132411003112793
[32m[Pascal][0m Total time 0.2978379726409912
[32m[Pascal][0m Total time 0.07085776329040527
[32m[Pascal][0m Total time 0.07178211212158203
[32m[Pascal][0m Total time 0.07177114486694336
[32m[Pascal][0m Cores: 128 Input: 3 
[32m[Pascal][0m Total time 0.4436807632446289
[32m[Pascal][0m Total time 0.4386756420135498
[32m[Pascal][0m Total time 0.4315776824951172
[32m[Pascal][0m Total time 0.42189669609069824
[32m[Pascal][0m Total time 0.44213366508483887
[32m[Pascal][0m Total time 0.42546844482421875
[32m[Pascal][0m Total time 0.4114658832550049
[32m[Pascal][0m Total time 0.422821044921875
[32m[Pascal][0m Total time 0.4203338623046875
[32m[Pascal][0m Total time 0.4130265712738037
[32m[Pascal][0m Cores: 128 Input: 4 
[32m[Pascal][0m Total time 3.532284736633301
[32m[Pascal][0m Total time 3.428349733352661
[32m[Pascal][0m Total time 3.4599521160125732
[32m[Pascal][0m Total time 3.6510069370269775
[32m[Pascal][0m Total time 3.6705708503723145
[32m[Pascal][0m Total time 3.5183303356170654
[32m[Pascal][0m Total time 3.505058526992798
[32m[Pascal][0m Total time 3.501458168029785
[32m[Pascal][0m Total time 3.446971893310547
[32m[Pascal][0m Total time 3.447148323059082
[32m[Pascal][0m Cores: 64 Input: 0 
[32m[Pascal][0m Total time 0.014781951904296875
[32m[Pascal][0m Total time 0.015401363372802734
[32m[Pascal][0m Total time 0.013907909393310547
[32m[Pascal][0m Total time 0.013345003128051758
[32m[Pascal][0m Total time 0.014746427536010742
[32m[Pascal][0m Total time 0.013155698776245117
[32m[Pascal][0m Total time 0.014383792877197266
[32m[Pascal][0m Total time 0.013908863067626953
[32m[Pascal][0m Total time 0.01233673095703125
[32m[Pascal][0m Total time 0.013605594635009766
[32m[Pascal][0m Cores: 64 Input: 1 
[32m[Pascal][0m Total time 0.024445056915283203
[32m[Pascal][0m Total time 0.02517986297607422
[32m[Pascal][0m Total time 0.023012399673461914
[32m[Pascal][0m Total time 0.023378372192382812
[32m[Pascal][0m Total time 0.024152278900146484
[32m[Pascal][0m Total time 0.024778366088867188
[32m[Pascal][0m Total time 0.02419257164001465
[32m[Pascal][0m Total time 0.02361607551574707
[32m[Pascal][0m Total time 0.02330613136291504
[32m[Pascal][0m Total time 0.022851943969726562
[32m[Pascal][0m Cores: 64 Input: 2 
[32m[Pascal][0m Total time 0.09679341316223145
[32m[Pascal][0m Total time 0.09959983825683594
[32m[Pascal][0m Total time 0.09743666648864746
[32m[Pascal][0m Total time 0.1019127368927002
[32m[Pascal][0m Total time 0.09932994842529297
[32m[Pascal][0m Total time 0.16280579566955566
[32m[Pascal][0m Total time 0.09888005256652832
[32m[Pascal][0m Total time 0.09969186782836914
[32m[Pascal][0m Total time 0.09899210929870605
[32m[Pascal][0m Total time 0.09751152992248535
[32m[Pascal][0m Cores: 64 Input: 3 
[32m[Pascal][0m Total time 0.6672234535217285
[32m[Pascal][0m Total time 0.6679563522338867
[32m[Pascal][0m Total time 0.6686751842498779
[32m[Pascal][0m Total time 0.6724739074707031
[32m[Pascal][0m Total time 0.6733012199401855
[32m[Pascal][0m Total time 0.6692144870758057
[32m[Pascal][0m Total time 0.6623744964599609
[32m[Pascal][0m Total time 0.6681466102600098
[32m[Pascal][0m Total time 0.6718623638153076
[32m[Pascal][0m Total time 0.6691131591796875
[32m[Pascal][0m Cores: 64 Input: 4 
[32m[Pascal][0m Total time 5.819287300109863
[32m[Pascal][0m Total time 5.645654678344727
[32m[Pascal][0m Total time 5.654698610305786
[32m[Pascal][0m Total time 5.642178058624268
[32m[Pascal][0m Total time 5.4702370166778564
[32m[Pascal][0m Total time 5.7283923625946045
[32m[Pascal][0m Total time 5.7907936573028564
[32m[Pascal][0m Total time 5.743694305419922
[32m[Pascal][0m Total time 5.600570917129517
[32m[Pascal][0m Total time 5.790032625198364
[32m[Pascal][0m Cores: 32 Input: 0 
[32m[Pascal][0m Total time 0.013804435729980469
[32m[Pascal][0m Total time 0.015332460403442383
[32m[Pascal][0m Total time 0.012186288833618164
[32m[Pascal][0m Total time 0.013688087463378906
[32m[Pascal][0m Total time 0.012949228286743164
[32m[Pascal][0m Total time 0.012903928756713867
[32m[Pascal][0m Total time 0.012578487396240234
[32m[Pascal][0m Total time 0.013273239135742188
[32m[Pascal][0m Total time 0.011121273040771484
[32m[Pascal][0m Total time 0.012129068374633789
[32m[Pascal][0m Cores: 32 Input: 1 
[32m[Pascal][0m Total time 0.03337287902832031
[32m[Pascal][0m Total time 0.03106522560119629
[32m[Pascal][0m Total time 0.03189563751220703
[32m[Pascal][0m Total time 0.030714750289916992
[32m[Pascal][0m Total time 0.03215932846069336
[32m[Pascal][0m Total time 0.0308835506439209
[32m[Pascal][0m Total time 0.03197193145751953
[32m[Pascal][0m Total time 0.030368328094482422
[32m[Pascal][0m Total time 0.03375387191772461
[32m[Pascal][0m Total time 0.03287100791931152
[32m[Pascal][0m Cores: 32 Input: 2 
[32m[Pascal][0m Total time 0.16997027397155762
[32m[Pascal][0m Total time 0.1734180450439453
[32m[Pascal][0m Total time 0.17234063148498535
[32m[Pascal][0m Total time 0.17215800285339355
[32m[Pascal][0m Total time 0.17201924324035645
[32m[Pascal][0m Total time 0.17454838752746582
[32m[Pascal][0m Total time 0.17224454879760742
[32m[Pascal][0m Total time 0.17271780967712402
[32m[Pascal][0m Total time 0.17285633087158203
[32m[Pascal][0m Total time 0.17437410354614258
[32m[Pascal][0m Cores: 32 Input: 3 
[32m[Pascal][0m Total time 1.4936635494232178
[32m[Pascal][0m Total time 1.2888884544372559
[32m[Pascal][0m Total time 1.2880852222442627
[32m[Pascal][0m Total time 1.3001000881195068
[32m[Pascal][0m Total time 1.29671049118042
[32m[Pascal][0m Total time 1.3007051944732666
[32m[Pascal][0m Total time 1.2974441051483154
[32m[Pascal][0m Total time 1.280003309249878
[32m[Pascal][0m Total time 1.2806012630462646
[32m[Pascal][0m Total time 1.3140439987182617
[32m[Pascal][0m Cores: 32 Input: 4 
[32m[Pascal][0m Total time 11.016547203063965
[32m[Pascal][0m Total time 10.95834994316101
[32m[Pascal][0m Total time 11.121053695678711
[32m[Pascal][0m Total time 10.897024393081665
[32m[Pascal][0m Total time 11.002651691436768
[32m[Pascal][0m Total time 10.999801874160767
[32m[Pascal][0m Total time 10.925358772277832
[32m[Pascal][0m Total time 11.058863639831543
[32m[Pascal][0m Total time 10.996642827987671
[32m[Pascal][0m Total time 10.969364404678345
[32m[Pascal][0m Cores: 16 Input: 0 
[32m[Pascal][0m Total time 0.015652894973754883
[32m[Pascal][0m Total time 0.013834476470947266
[32m[Pascal][0m Total time 0.012848854064941406
[32m[Pascal][0m Total time 0.015550851821899414
[32m[Pascal][0m Total time 0.015572786331176758
[32m[Pascal][0m Total time 0.014079570770263672
[32m[Pascal][0m Total time 0.0136260986328125
[32m[Pascal][0m Total time 0.013410568237304688
[32m[Pascal][0m Total time 0.014645576477050781
[32m[Pascal][0m Total time 0.014092683792114258
[32m[Pascal][0m Cores: 16 Input: 1 
[32m[Pascal][0m Total time 0.04950666427612305
[32m[Pascal][0m Total time 0.05024123191833496
[32m[Pascal][0m Total time 0.05019068717956543
[32m[Pascal][0m Total time 0.05062437057495117
[32m[Pascal][0m Total time 0.04980325698852539
[32m[Pascal][0m Total time 0.04903864860534668
[32m[Pascal][0m Total time 0.048345088958740234
[32m[Pascal][0m Total time 0.049391746520996094
[32m[Pascal][0m Total time 0.05012249946594238
[32m[Pascal][0m Total time 0.04976844787597656
[32m[Pascal][0m Cores: 16 Input: 2 
[32m[Pascal][0m Total time 0.3208467960357666
[32m[Pascal][0m Total time 0.3233637809753418
[32m[Pascal][0m Total time 0.32205939292907715
[32m[Pascal][0m Total time 0.3226161003112793
[32m[Pascal][0m Total time 0.4031655788421631
[32m[Pascal][0m Total time 0.320908784866333
[32m[Pascal][0m Total time 0.3239731788635254
[32m[Pascal][0m Total time 0.32337045669555664
[32m[Pascal][0m Total time 0.324937105178833
[32m[Pascal][0m Total time 0.32421374320983887
[32m[Pascal][0m Cores: 16 Input: 3 
[32m[Pascal][0m Total time 2.5047318935394287
[32m[Pascal][0m Total time 2.5035958290100098
[32m[Pascal][0m Total time 2.5136330127716064
[32m[Pascal][0m Total time 2.523815393447876
[32m[Pascal][0m Total time 2.4950449466705322
[32m[Pascal][0m Total time 2.5184473991394043
[32m[Pascal][0m Total time 2.5247530937194824
[32m[Pascal][0m Total time 2.5233683586120605
[32m[Pascal][0m Total time 2.5122454166412354
[32m[Pascal][0m Total time 2.496103048324585
[32m[Pascal][0m Cores: 16 Input: 4 
[32m[Pascal][0m Total time 21.947104692459106
[32m[Pascal][0m Total time 22.25263214111328
[32m[Pascal][0m Total time 21.992841243743896
[32m[Pascal][0m Total time 21.860445976257324
[32m[Pascal][0m Total time 22.233205795288086
[32m[Pascal][0m Total time 22.191227436065674
[32m[Pascal][0m Total time 22.66264033317566
[32m[Pascal][0m Total time 22.618971824645996
[32m[Pascal][0m Total time 22.452284574508667
[32m[Pascal][0m Total time 22.093761205673218
[32m[Pascal][0m Cores: 8 Input: 0 
[32m[Pascal][0m Total time 0.02089071273803711
[32m[Pascal][0m Total time 0.022721529006958008
[32m[Pascal][0m Total time 0.018693208694458008
[32m[Pascal][0m Total time 0.01848602294921875
[32m[Pascal][0m Total time 0.02145075798034668
[32m[Pascal][0m Total time 0.02027297019958496
[32m[Pascal][0m Total time 0.02008986473083496
[32m[Pascal][0m Total time 0.019579410552978516
[32m[Pascal][0m Total time 0.017403602600097656
[32m[Pascal][0m Total time 0.020438671112060547
[32m[Pascal][0m Cores: 8 Input: 1 
[32m[Pascal][0m Total time 0.08627176284790039
[32m[Pascal][0m Total time 0.08844900131225586
[32m[Pascal][0m Total time 0.08926630020141602
[32m[Pascal][0m Total time 0.08782482147216797
[32m[Pascal][0m Total time 0.08723187446594238
[32m[Pascal][0m Total time 0.08552789688110352
[32m[Pascal][0m Total time 0.0858449935913086
[32m[Pascal][0m Total time 0.08525729179382324
[32m[Pascal][0m Total time 0.0898902416229248
[32m[Pascal][0m Total time 0.08672118186950684
[32m[Pascal][0m Cores: 8 Input: 2 
[32m[Pascal][0m Total time 0.619175910949707
[32m[Pascal][0m Total time 0.6200699806213379
[32m[Pascal][0m Total time 0.6185264587402344
[32m[Pascal][0m Total time 0.6215639114379883
[32m[Pascal][0m Total time 0.6225929260253906
[32m[Pascal][0m Total time 0.6208410263061523
[32m[Pascal][0m Total time 0.6222083568572998
[32m[Pascal][0m Total time 0.6230301856994629
[32m[Pascal][0m Total time 0.619286060333252
[32m[Pascal][0m Total time 0.6208112239837646
[32m[Pascal][0m Cores: 8 Input: 3 
[32m[Pascal][0m Total time 4.917774677276611
[32m[Pascal][0m Total time 4.926753759384155
[32m[Pascal][0m Total time 4.924306631088257
[32m[Pascal][0m Total time 4.9350645542144775
[32m[Pascal][0m Total time 4.910149335861206
[32m[Pascal][0m Total time 4.944667816162109
[32m[Pascal][0m Total time 4.916499376296997
[32m[Pascal][0m Total time 4.936689376831055
[32m[Pascal][0m Total time 4.914705753326416
[32m[Pascal][0m Total time 4.943821668624878
[32m[Pascal][0m Cores: 8 Input: 4 
[32m[Pascal][0m Total time 43.97700071334839
[32m[Pascal][0m Total time 43.33387994766235
[32m[Pascal][0m Total time 44.12119126319885
[32m[Pascal][0m Total time 43.578837394714355
[32m[Pascal][0m Total time 44.53808093070984
[32m[Pascal][0m Total time 44.03773546218872
[32m[Pascal][0m Total time 44.11251997947693
[32m[Pascal][0m Total time 43.991931200027466
[32m[Pascal][0m Total time 44.108375549316406
[32m[Pascal][0m Total time 43.38522267341614
[32m[Pascal][0m Cores: 4 Input: 0 
[32m[Pascal][0m Total time 0.027936935424804688
[32m[Pascal][0m Total time 0.028383493423461914
[32m[Pascal][0m Total time 0.027044057846069336
[32m[Pascal][0m Total time 0.0324254035949707
[32m[Pascal][0m Total time 0.03070211410522461
[32m[Pascal][0m Total time 0.030788183212280273
[32m[Pascal][0m Total time 0.029076814651489258
[32m[Pascal][0m Total time 0.0293424129486084
[32m[Pascal][0m Total time 0.02856135368347168
[32m[Pascal][0m Total time 0.030885696411132812
[32m[Pascal][0m Cores: 4 Input: 1 
[32m[Pascal][0m Total time 0.16367173194885254
[32m[Pascal][0m Total time 0.16102957725524902
[32m[Pascal][0m Total time 0.16376686096191406
[32m[Pascal][0m Total time 0.16546368598937988
[32m[Pascal][0m Total time 0.16347479820251465
[32m[Pascal][0m Total time 0.16138792037963867
[32m[Pascal][0m Total time 0.1778407096862793
[32m[Pascal][0m Total time 0.16039609909057617
[32m[Pascal][0m Total time 0.1601550579071045
[32m[Pascal][0m Total time 0.1598682403564453
[32m[Pascal][0m Cores: 4 Input: 2 
[32m[Pascal][0m Total time 1.214313268661499
[32m[Pascal][0m Total time 1.2137436866760254
[32m[Pascal][0m Total time 1.2099199295043945
[32m[Pascal][0m Total time 1.2143166065216064
[32m[Pascal][0m Total time 1.2181673049926758
[32m[Pascal][0m Total time 1.2190361022949219
[32m[Pascal][0m Total time 1.235990285873413
[32m[Pascal][0m Total time 1.2202894687652588
[32m[Pascal][0m Total time 1.2174811363220215
[32m[Pascal][0m Total time 1.2663757801055908
[32m[Pascal][0m Cores: 4 Input: 3 
[32m[Pascal][0m Total time 9.746538400650024
[32m[Pascal][0m Total time 9.724845170974731
[32m[Pascal][0m Total time 9.77219271659851
[32m[Pascal][0m Total time 9.769089937210083
[32m[Pascal][0m Total time 9.770100355148315
[32m[Pascal][0m Total time 9.70280933380127
[32m[Pascal][0m Total time 9.93670129776001
[32m[Pascal][0m Total time 9.774790287017822
[32m[Pascal][0m Total time 9.723629474639893
[32m[Pascal][0m Total time 9.871237516403198
[32m[Pascal][0m Cores: 4 Input: 4 
[32m[Pascal][0m Total time 94.69793820381165
[32m[Pascal][0m Total time 93.37554430961609
[32m[Pascal][0m Total time 82.73870468139648
[32m[Pascal][0m Total time 82.68266987800598
[32m[Pascal][0m Total time 81.21597290039062
[32m[Pascal][0m Total time 82.28542280197144
[32m[Pascal][0m Total time 85.63457298278809
[32m[Pascal][0m Total time 86.36914038658142
[32m[Pascal][0m Total time 82.92743062973022
[32m[Pascal][0m Total time 81.8202555179596
[32m[Pascal][0m Cores: 2 Input: 0 
[32m[Pascal][0m Total time 0.046636104583740234
[32m[Pascal][0m Total time 0.04434800148010254
[32m[Pascal][0m Total time 0.04458117485046387
[32m[Pascal][0m Total time 0.0449521541595459
[32m[Pascal][0m Total time 0.04464244842529297
[32m[Pascal][0m Total time 0.04395103454589844
[32m[Pascal][0m Total time 0.044524192810058594
[32m[Pascal][0m Total time 0.045652151107788086
[32m[Pascal][0m Total time 0.044907569885253906
[32m[Pascal][0m Total time 0.04520010948181152
[32m[Pascal][0m Cores: 2 Input: 1 
[32m[Pascal][0m Total time 0.3062741756439209
[32m[Pascal][0m Total time 0.30787086486816406
[32m[Pascal][0m Total time 0.30708861351013184
[32m[Pascal][0m Total time 0.3069620132446289
[32m[Pascal][0m Total time 0.3127303123474121
[32m[Pascal][0m Total time 0.30732178688049316
[32m[Pascal][0m Total time 0.30672574043273926
[32m[Pascal][0m Total time 0.30696892738342285
[32m[Pascal][0m Total time 0.30738210678100586
[32m[Pascal][0m Total time 0.30770421028137207
[32m[Pascal][0m Cores: 2 Input: 2 
[32m[Pascal][0m Total time 2.3906869888305664
[32m[Pascal][0m Total time 2.3920717239379883
[32m[Pascal][0m Total time 2.3961591720581055
[32m[Pascal][0m Total time 2.3934667110443115
[32m[Pascal][0m Total time 2.390601396560669
[32m[Pascal][0m Total time 2.3908965587615967
[32m[Pascal][0m Total time 2.3902082443237305
[32m[Pascal][0m Total time 2.3940508365631104
[32m[Pascal][0m Total time 2.3901007175445557
[32m[Pascal][0m Total time 2.3979830741882324
[32m[Pascal][0m Cores: 2 Input: 3 
[32m[Pascal][0m Total time 19.20841073989868
[32m[Pascal][0m Total time 19.174469470977783
[32m[Pascal][0m Total time 19.194862842559814
[32m[Pascal][0m Total time 19.190654277801514
[32m[Pascal][0m Total time 19.18501043319702
[32m[Pascal][0m Total time 19.181480169296265
[32m[Pascal][0m Total time 19.20862603187561
[32m[Pascal][0m Total time 19.160858869552612
[32m[Pascal][0m Total time 19.189717292785645
[32m[Pascal][0m Total time 19.179185152053833
[32m[Pascal][0m Cores: 2 Input: 4 
[32m[Pascal][0m Total time 156.024915933609
[32m[Pascal][0m Total time 157.91134309768677
[32m[Pascal][0m Total time 156.26670813560486
[32m[Pascal][0m Total time 159.1827483177185
[32m[Pascal][0m Total time 155.84292030334473
[32m[Pascal][0m Total time 156.81379222869873
[32m[Pascal][0m Total time 157.114572763443
[32m[Pascal][0m Total time 157.1802053451538
[32m[Pascal][0m Total time 157.94741773605347
[32m[Pascal][0m Total time 158.2425217628479
[32m[Pascal][0m Cores: 1 Input: 0 
[32m[Pascal][0m Total time 0.08366131782531738
[32m[Pascal][0m Total time 0.0812532901763916
[32m[Pascal][0m Total time 0.08153223991394043
[32m[Pascal][0m Total time 0.08103752136230469
[32m[Pascal][0m Total time 0.0803995132446289
[32m[Pascal][0m Total time 0.08038759231567383
[32m[Pascal][0m Total time 0.08002758026123047
[32m[Pascal][0m Total time 0.0800161361694336
[32m[Pascal][0m Total time 0.07980060577392578
[32m[Pascal][0m Total time 0.07996201515197754
[32m[Pascal][0m Cores: 1 Input: 1 
[32m[Pascal][0m Total time 0.6039595603942871
[32m[Pascal][0m Total time 0.6050209999084473
[32m[Pascal][0m Total time 0.6027119159698486
[32m[Pascal][0m Total time 0.6035046577453613
[32m[Pascal][0m Total time 0.6017045974731445
[32m[Pascal][0m Total time 0.6031486988067627
[32m[Pascal][0m Total time 0.6027882099151611
[32m[Pascal][0m Total time 0.601433515548706
[32m[Pascal][0m Total time 0.6030056476593018
[32m[Pascal][0m Total time 0.6028969287872314
[32m[Pascal][0m Cores: 1 Input: 2 
[32m[Pascal][0m Total time 4.7553534507751465
[32m[Pascal][0m Total time 4.762560129165649
[32m[Pascal][0m Total time 4.753456115722656
[32m[Pascal][0m Total time 4.76231837272644
[32m[Pascal][0m Total time 4.757169961929321
[32m[Pascal][0m Total time 4.7622857093811035
[32m[Pascal][0m Total time 4.75958776473999
[32m[Pascal][0m Total time 4.761244535446167
[32m[Pascal][0m Total time 4.763532876968384
[32m[Pascal][0m Total time 4.758954286575317
[32m[Pascal][0m Cores: 1 Input: 3 
[32m[Pascal][0m Total time 38.29060363769531
[32m[Pascal][0m Total time 38.281622648239136
[32m[Pascal][0m Total time 38.40335822105408
[32m[Pascal][0m Total time 38.20138096809387
[32m[Pascal][0m Total time 38.10569143295288
[32m[Pascal][0m Total time 38.331953287124634
[32m[Pascal][0m Total time 38.27626323699951
[32m[Pascal][0m Total time 38.275299310684204
[32m[Pascal][0m Total time 38.16369032859802
[32m[Pascal][0m Total time 38.20024633407593
[32m[Pascal][0m Cores: 1 Input: 4 
[32m[Pascal][0m Total time 310.34815192222595
[32m[Pascal][0m Total time 311.9947738647461
[32m[Pascal][0m Total time 311.6490249633789
[32m[Pascal][0m Total time 315.0099766254425
[32m[Pascal][0m Total time 315.0102171897888
[32m[Pascal][0m Total time 312.9961235523224
[32m[Pascal][0m Total time 312.80194115638733
[32m[Pascal][0m Total time 315.82769870758057
[32m[Pascal][0m Total time 317.059024810791
[32m[Pascal][0m Total time 316.29084062576294
[32m[Pascal][0m ***** Done! *****
[32m[Pascal][0m Saving data
