[32m[Pascal][0m Running with ['cores', 'input', 'repetitions']
[32m[Pascal][0m Cores: 128 Input: 0 
[32m[Pascal][0m Total time 0.01770186424255371
[32m[Pascal][0m Total time 0.01675868034362793
[32m[Pascal][0m Total time 0.016219377517700195
[32m[Pascal][0m Total time 0.016744136810302734
[32m[Pascal][0m Total time 0.01541280746459961
[32m[Pascal][0m Total time 0.015483856201171875
[32m[Pascal][0m Total time 0.014152765274047852
[32m[Pascal][0m Total time 0.01790475845336914
[32m[Pascal][0m Total time 0.017176389694213867
[32m[Pascal][0m Total time 0.015054941177368164
[32m[Pascal][0m Cores: 128 Input: 1 
[32m[Pascal][0m Total time 0.025603294372558594
[32m[Pascal][0m Total time 0.023392200469970703
[32m[Pascal][0m Total time 0.02521657943725586
[32m[Pascal][0m Total time 0.02598428726196289
[32m[Pascal][0m Total time 0.0240328311920166
[32m[Pascal][0m Total time 0.026495695114135742
[32m[Pascal][0m Total time 0.02429819107055664
[32m[Pascal][0m Total time 0.025799989700317383
[32m[Pascal][0m Total time 0.026211977005004883
[32m[Pascal][0m Total time 0.025935888290405273
[32m[Pascal][0m Cores: 128 Input: 2 
[32m[Pascal][0m Total time 0.09363627433776855
[32m[Pascal][0m Total time 0.08502936363220215
[32m[Pascal][0m Total time 0.09236669540405273
[32m[Pascal][0m Total time 0.09211611747741699
[32m[Pascal][0m Total time 0.09618449211120605
[32m[Pascal][0m Total time 0.09847187995910645
[32m[Pascal][0m Total time 0.08833432197570801
[32m[Pascal][0m Total time 0.08603906631469727
[32m[Pascal][0m Total time 0.09323287010192871
[32m[Pascal][0m Total time 0.09630632400512695
[32m[Pascal][0m Cores: 128 Input: 3 
[32m[Pascal][0m Total time 0.5570564270019531
[32m[Pascal][0m Total time 0.5614771842956543
[32m[Pascal][0m Total time 0.5635125637054443
[32m[Pascal][0m Total time 0.5422563552856445
[32m[Pascal][0m Total time 0.5839667320251465
[32m[Pascal][0m Total time 0.5675432682037354
[32m[Pascal][0m Total time 0.5917279720306396
[32m[Pascal][0m Total time 0.5575504302978516
[32m[Pascal][0m Total time 0.5692458152770996
[32m[Pascal][0m Total time 0.5675334930419922
[32m[Pascal][0m Cores: 128 Input: 4 
[32m[Pascal][0m Total time 5.0823655128479
[32m[Pascal][0m Total time 4.725349426269531
[32m[Pascal][0m Total time 5.0032360553741455
[32m[Pascal][0m Total time 4.883953332901001
[32m[Pascal][0m Total time 5.008436441421509
[32m[Pascal][0m Total time 4.749701976776123
[32m[Pascal][0m Total time 4.973136901855469
[32m[Pascal][0m Total time 4.895378112792969
[32m[Pascal][0m Total time 4.9940104484558105
[32m[Pascal][0m Total time 5.113075017929077
[32m[Pascal][0m Cores: 64 Input: 0 
[32m[Pascal][0m Total time 0.013987064361572266
[32m[Pascal][0m Total time 0.01449728012084961
[32m[Pascal][0m Total time 0.013886690139770508
[32m[Pascal][0m Total time 0.015290498733520508
[32m[Pascal][0m Total time 0.016274690628051758
[32m[Pascal][0m Total time 0.015394210815429688
[32m[Pascal][0m Total time 0.014900922775268555
[32m[Pascal][0m Total time 0.01488637924194336
[32m[Pascal][0m Total time 0.014652729034423828
[32m[Pascal][0m Total time 0.013610363006591797
[32m[Pascal][0m Cores: 64 Input: 1 
[32m[Pascal][0m Total time 0.0295560359954834
[32m[Pascal][0m Total time 0.029732704162597656
[32m[Pascal][0m Total time 0.030739307403564453
[32m[Pascal][0m Total time 0.02974724769592285
[32m[Pascal][0m Total time 0.261458158493042
[32m[Pascal][0m Total time 0.02637338638305664
[32m[Pascal][0m Total time 0.025655508041381836
[32m[Pascal][0m Total time 0.02711963653564453
[32m[Pascal][0m Total time 0.0376584529876709
[32m[Pascal][0m Total time 0.02577066421508789
[32m[Pascal][0m Cores: 64 Input: 2 
[32m[Pascal][0m Total time 0.12190890312194824
[32m[Pascal][0m Total time 0.13091778755187988
[32m[Pascal][0m Total time 0.12713909149169922
[32m[Pascal][0m Total time 0.12532687187194824
[32m[Pascal][0m Total time 0.12498021125793457
[32m[Pascal][0m Total time 0.1369338035583496
[32m[Pascal][0m Total time 0.1260218620300293
[32m[Pascal][0m Total time 0.1293199062347412
[32m[Pascal][0m Total time 0.12763237953186035
[32m[Pascal][0m Total time 0.1415858268737793
[32m[Pascal][0m Cores: 64 Input: 3 
[32m[Pascal][0m Total time 0.8829004764556885
[32m[Pascal][0m Total time 0.8883368968963623
[32m[Pascal][0m Total time 0.879417896270752
[32m[Pascal][0m Total time 0.8839116096496582
[32m[Pascal][0m Total time 0.8814988136291504
[32m[Pascal][0m Total time 0.8830220699310303
[32m[Pascal][0m Total time 0.880194902420044
[32m[Pascal][0m Total time 0.8804702758789062
[32m[Pascal][0m Total time 0.8742127418518066
[32m[Pascal][0m Total time 0.8805232048034668
[32m[Pascal][0m Cores: 64 Input: 4 
[32m[Pascal][0m Total time 7.452601194381714
[32m[Pascal][0m Total time 7.383616924285889
[32m[Pascal][0m Total time 7.714569807052612
[32m[Pascal][0m Total time 7.360521078109741
[32m[Pascal][0m Total time 7.379188299179077
[32m[Pascal][0m Total time 7.320327281951904
[32m[Pascal][0m Total time 7.494381666183472
[32m[Pascal][0m Total time 7.5277557373046875
[32m[Pascal][0m Total time 7.644665956497192
[32m[Pascal][0m Total time 7.412057876586914
[32m[Pascal][0m Cores: 32 Input: 0 
[32m[Pascal][0m Total time 0.013957738876342773
[32m[Pascal][0m Total time 0.01432490348815918
[32m[Pascal][0m Total time 0.013720273971557617
[32m[Pascal][0m Total time 0.014112472534179688
[32m[Pascal][0m Total time 0.013219594955444336
[32m[Pascal][0m Total time 0.014348030090332031
[32m[Pascal][0m Total time 0.013620853424072266
[32m[Pascal][0m Total time 0.01275944709777832
[32m[Pascal][0m Total time 0.012560606002807617
[32m[Pascal][0m Total time 0.012893915176391602
[32m[Pascal][0m Cores: 32 Input: 1 
[32m[Pascal][0m Total time 0.03798794746398926
[32m[Pascal][0m Total time 0.03987264633178711
[32m[Pascal][0m Total time 0.038817405700683594
[32m[Pascal][0m Total time 0.03812384605407715
[32m[Pascal][0m Total time 0.03738141059875488
[32m[Pascal][0m Total time 0.038413047790527344
[32m[Pascal][0m Total time 0.038495779037475586
[32m[Pascal][0m Total time 0.04054760932922363
[32m[Pascal][0m Total time 0.03819918632507324
[32m[Pascal][0m Total time 0.037593841552734375
[32m[Pascal][0m Cores: 32 Input: 2 
[32m[Pascal][0m Total time 0.22365665435791016
[32m[Pascal][0m Total time 0.22467541694641113
[32m[Pascal][0m Total time 0.23783040046691895
[32m[Pascal][0m Total time 0.22417950630187988
[32m[Pascal][0m Total time 0.2255089282989502
[32m[Pascal][0m Total time 0.2276144027709961
[32m[Pascal][0m Total time 0.2275543212890625
[32m[Pascal][0m Total time 0.22488617897033691
[32m[Pascal][0m Total time 0.22363567352294922
[32m[Pascal][0m Total time 0.2249162197113037
[32m[Pascal][0m Cores: 32 Input: 3 
[32m[Pascal][0m Total time 1.7606980800628662
[32m[Pascal][0m Total time 1.7384490966796875
[32m[Pascal][0m Total time 1.752396821975708
[32m[Pascal][0m Total time 1.71828031539917
[32m[Pascal][0m Total time 1.866943120956421
[32m[Pascal][0m Total time 1.7360446453094482
[32m[Pascal][0m Total time 1.7313907146453857
[32m[Pascal][0m Total time 1.7615966796875
[32m[Pascal][0m Total time 1.839909553527832
[32m[Pascal][0m Total time 1.7559406757354736
[32m[Pascal][0m Cores: 32 Input: 4 
[32m[Pascal][0m Total time 14.971209287643433
[32m[Pascal][0m Total time 14.93097710609436
[32m[Pascal][0m Total time 14.69940996170044
[32m[Pascal][0m Total time 14.795476913452148
[32m[Pascal][0m Total time 14.842899084091187
[32m[Pascal][0m Total time 14.724199295043945
[32m[Pascal][0m Total time 14.64321231842041
[32m[Pascal][0m Total time 14.871947765350342
[32m[Pascal][0m Total time 14.866158485412598
[32m[Pascal][0m Total time 14.939380645751953
[32m[Pascal][0m Cores: 16 Input: 0 
[32m[Pascal][0m Total time 0.016091585159301758
[32m[Pascal][0m Total time 0.015324592590332031
[32m[Pascal][0m Total time 0.014491081237792969
[32m[Pascal][0m Total time 0.017179489135742188
[32m[Pascal][0m Total time 0.015941619873046875
[32m[Pascal][0m Total time 0.014843463897705078
[32m[Pascal][0m Total time 0.016489505767822266
[32m[Pascal][0m Total time 0.015897274017333984
[32m[Pascal][0m Total time 0.01622605323791504
[32m[Pascal][0m Total time 0.015776872634887695
[32m[Pascal][0m Cores: 16 Input: 1 
[32m[Pascal][0m Total time 0.06257820129394531
[32m[Pascal][0m Total time 0.06512069702148438
[32m[Pascal][0m Total time 0.06383728981018066
[32m[Pascal][0m Total time 0.06150937080383301
[32m[Pascal][0m Total time 0.0626833438873291
[32m[Pascal][0m Total time 0.0643618106842041
[32m[Pascal][0m Total time 0.06235074996948242
[32m[Pascal][0m Total time 0.06334948539733887
[32m[Pascal][0m Total time 0.06306004524230957
[32m[Pascal][0m Total time 0.06250405311584473
[32m[Pascal][0m Cores: 16 Input: 2 
[32m[Pascal][0m Total time 0.4270186424255371
[32m[Pascal][0m Total time 0.43340516090393066
[32m[Pascal][0m Total time 0.4302701950073242
[32m[Pascal][0m Total time 0.43088459968566895
[32m[Pascal][0m Total time 0.42635512351989746
[32m[Pascal][0m Total time 0.4286046028137207
[32m[Pascal][0m Total time 0.4276695251464844
[32m[Pascal][0m Total time 0.4300198554992676
[32m[Pascal][0m Total time 0.4264671802520752
[32m[Pascal][0m Total time 0.43246960639953613
[32m[Pascal][0m Cores: 16 Input: 3 
[32m[Pascal][0m Total time 3.399061441421509
[32m[Pascal][0m Total time 3.4143893718719482
[32m[Pascal][0m Total time 3.411036729812622
[32m[Pascal][0m Total time 3.4143407344818115
[32m[Pascal][0m Total time 3.4123077392578125
[32m[Pascal][0m Total time 3.395078182220459
[32m[Pascal][0m Total time 3.4168150424957275
[32m[Pascal][0m Total time 3.409830093383789
[32m[Pascal][0m Total time 3.413577079772949
[32m[Pascal][0m Total time 3.513296604156494
[32m[Pascal][0m Cores: 16 Input: 4 
[32m[Pascal][0m Total time 29.40034508705139
[32m[Pascal][0m Total time 30.064520120620728
[32m[Pascal][0m Total time 29.618703365325928
[32m[Pascal][0m Total time 29.826083660125732
[32m[Pascal][0m Total time 29.829362154006958
[32m[Pascal][0m Total time 29.745781898498535
[32m[Pascal][0m Total time 29.629223585128784
[32m[Pascal][0m Total time 30.04265022277832
[32m[Pascal][0m Total time 30.183406352996826
[32m[Pascal][0m Total time 29.40248727798462
[32m[Pascal][0m Cores: 8 Input: 0 
[32m[Pascal][0m Total time 0.02228689193725586
[32m[Pascal][0m Total time 0.022342443466186523
[32m[Pascal][0m Total time 0.025549650192260742
[32m[Pascal][0m Total time 0.022005558013916016
[32m[Pascal][0m Total time 0.022408485412597656
[32m[Pascal][0m Total time 0.024381399154663086
[32m[Pascal][0m Total time 0.029291629791259766
[32m[Pascal][0m Total time 0.0220491886138916
[32m[Pascal][0m Total time 0.025094032287597656
[32m[Pascal][0m Total time 0.024399280548095703
[32m[Pascal][0m Cores: 8 Input: 1 
[32m[Pascal][0m Total time 0.11313128471374512
[32m[Pascal][0m Total time 0.11486649513244629
[32m[Pascal][0m Total time 0.11683225631713867
[32m[Pascal][0m Total time 0.11580920219421387
[32m[Pascal][0m Total time 0.1135096549987793
[32m[Pascal][0m Total time 0.11772751808166504
[32m[Pascal][0m Total time 0.11489009857177734
[32m[Pascal][0m Total time 0.11285591125488281
[32m[Pascal][0m Total time 0.11467623710632324
[32m[Pascal][0m Total time 0.12408185005187988
[32m[Pascal][0m Cores: 8 Input: 2 
[32m[Pascal][0m Total time 0.836249828338623
[32m[Pascal][0m Total time 0.8313181400299072
[32m[Pascal][0m Total time 0.8311707973480225
[32m[Pascal][0m Total time 0.8316755294799805
[32m[Pascal][0m Total time 0.8296573162078857
[32m[Pascal][0m Total time 0.8288309574127197
[32m[Pascal][0m Total time 0.8445346355438232
[32m[Pascal][0m Total time 0.8266642093658447
[32m[Pascal][0m Total time 0.8297398090362549
[32m[Pascal][0m Total time 0.8296351432800293
[32m[Pascal][0m Cores: 8 Input: 3 
[32m[Pascal][0m Total time 6.618542194366455
[32m[Pascal][0m Total time 6.623408317565918
[32m[Pascal][0m Total time 6.649721384048462
[32m[Pascal][0m Total time 6.623646974563599
[32m[Pascal][0m Total time 7.61225438117981
[32m[Pascal][0m Total time 6.6633265018463135
[32m[Pascal][0m Total time 6.6229329109191895
[32m[Pascal][0m Total time 6.662286996841431
[32m[Pascal][0m Total time 6.62076473236084
[32m[Pascal][0m Total time 6.635220766067505
[32m[Pascal][0m Cores: 8 Input: 4 
[32m[Pascal][0m Total time 60.2302987575531
[32m[Pascal][0m Total time 59.94994854927063
[32m[Pascal][0m Total time 59.44760060310364
[32m[Pascal][0m Total time 60.043030977249146
[32m[Pascal][0m Total time 60.12404727935791
[32m[Pascal][0m Total time 59.65596318244934
[32m[Pascal][0m Total time 59.575000524520874
[32m[Pascal][0m Total time 59.520933628082275
[32m[Pascal][0m Total time 59.189982891082764
[32m[Pascal][0m Total time 59.50371170043945
[32m[Pascal][0m Cores: 4 Input: 0 
[32m[Pascal][0m Total time 0.034877777099609375
[32m[Pascal][0m Total time 0.032982587814331055
[32m[Pascal][0m Total time 0.033621788024902344
[32m[Pascal][0m Total time 0.03467679023742676
[32m[Pascal][0m Total time 0.03801679611206055
[32m[Pascal][0m Total time 0.03457951545715332
[32m[Pascal][0m Total time 0.0347599983215332
[32m[Pascal][0m Total time 0.03345823287963867
[32m[Pascal][0m Total time 0.03358864784240723
[32m[Pascal][0m Total time 0.036672353744506836
[32m[Pascal][0m Cores: 4 Input: 1 
[32m[Pascal][0m Total time 0.21466517448425293
[32m[Pascal][0m Total time 0.21539688110351562
[32m[Pascal][0m Total time 0.217057466506958
[32m[Pascal][0m Total time 0.21392273902893066
[32m[Pascal][0m Total time 0.21741127967834473
[32m[Pascal][0m Total time 0.21664166450500488
[32m[Pascal][0m Total time 0.21271014213562012
[32m[Pascal][0m Total time 0.21599650382995605
[32m[Pascal][0m Total time 0.2130451202392578
[32m[Pascal][0m Total time 0.2115941047668457
[32m[Pascal][0m Cores: 4 Input: 2 
[32m[Pascal][0m Total time 1.6441292762756348
[32m[Pascal][0m Total time 1.6368811130523682
[32m[Pascal][0m Total time 1.6382617950439453
[32m[Pascal][0m Total time 1.6449494361877441
[32m[Pascal][0m Total time 1.6454384326934814
[32m[Pascal][0m Total time 1.6460239887237549
[32m[Pascal][0m Total time 1.641432523727417
[32m[Pascal][0m Total time 1.6323363780975342
[32m[Pascal][0m Total time 1.6393935680389404
[32m[Pascal][0m Total time 1.6376135349273682
[32m[Pascal][0m Cores: 4 Input: 3 
[32m[Pascal][0m Total time 13.195473194122314
[32m[Pascal][0m Total time 13.073181867599487
[32m[Pascal][0m Total time 13.139504671096802
[32m[Pascal][0m Total time 13.157080888748169
[32m[Pascal][0m Total time 14.602021932601929
[32m[Pascal][0m Total time 13.19368314743042
[32m[Pascal][0m Total time 13.152903318405151
[32m[Pascal][0m Total time 13.095349788665771
[32m[Pascal][0m Total time 13.150612115859985
[32m[Pascal][0m Total time 13.070931673049927
[32m[Pascal][0m Cores: 4 Input: 4 
[32m[Pascal][0m Total time 109.89815783500671
[32m[Pascal][0m Total time 126.06951308250427
[32m[Pascal][0m Total time 126.33605217933655
[32m[Pascal][0m Total time 114.23394894599915
[32m[Pascal][0m Total time 127.56199145317078
[32m[Pascal][0m Total time 117.96897268295288
[32m[Pascal][0m Total time 116.02975416183472
[32m[Pascal][0m Total time 110.6745457649231
[32m[Pascal][0m Total time 130.10505890846252
[32m[Pascal][0m Total time 125.607834815979
[32m[Pascal][0m Cores: 2 Input: 0 
[32m[Pascal][0m Total time 0.05971336364746094
[32m[Pascal][0m Total time 0.057674407958984375
[32m[Pascal][0m Total time 0.05830740928649902
[32m[Pascal][0m Total time 0.05775713920593262
[32m[Pascal][0m Total time 0.058485984802246094
[32m[Pascal][0m Total time 0.058634281158447266
[32m[Pascal][0m Total time 0.05674624443054199
[32m[Pascal][0m Total time 0.05744767189025879
[32m[Pascal][0m Total time 0.05883169174194336
[32m[Pascal][0m Total time 0.058218955993652344
[32m[Pascal][0m Cores: 2 Input: 1 
[32m[Pascal][0m Total time 0.4125525951385498
[32m[Pascal][0m Total time 0.41068601608276367
[32m[Pascal][0m Total time 0.412247896194458
[32m[Pascal][0m Total time 0.4110596179962158
[32m[Pascal][0m Total time 0.4112539291381836
[32m[Pascal][0m Total time 0.41099095344543457
[32m[Pascal][0m Total time 0.4104599952697754
[32m[Pascal][0m Total time 0.41083621978759766
[32m[Pascal][0m Total time 0.40982651710510254
[32m[Pascal][0m Total time 0.4110903739929199
[32m[Pascal][0m Cores: 2 Input: 2 
[32m[Pascal][0m Total time 3.222527265548706
[32m[Pascal][0m Total time 3.232426881790161
[32m[Pascal][0m Total time 3.2260074615478516
[32m[Pascal][0m Total time 3.2323246002197266
[32m[Pascal][0m Total time 3.232393503189087
[32m[Pascal][0m Total time 3.248297929763794
[32m[Pascal][0m Total time 3.4624171257019043
[32m[Pascal][0m Total time 3.2305498123168945
[32m[Pascal][0m Total time 3.2296369075775146
[32m[Pascal][0m Total time 3.2324466705322266
[32m[Pascal][0m Cores: 2 Input: 3 
[32m[Pascal][0m Total time 26.066312074661255
[32m[Pascal][0m Total time 26.162333726882935
[32m[Pascal][0m Total time 25.87995982170105
[32m[Pascal][0m Total time 25.758195400238037
[32m[Pascal][0m Total time 25.984910011291504
[32m[Pascal][0m Total time 25.904529571533203
[32m[Pascal][0m Total time 25.889942169189453
[32m[Pascal][0m Total time 25.90562391281128
[32m[Pascal][0m Total time 25.998145580291748
[32m[Pascal][0m Total time 26.653428554534912
[32m[Pascal][0m Cores: 2 Input: 4 
[32m[Pascal][0m Total time 211.6790361404419
[32m[Pascal][0m Total time 213.74587559700012
[32m[Pascal][0m Total time 209.86182594299316
[32m[Pascal][0m Total time 215.08111548423767
[32m[Pascal][0m Total time 211.01670217514038
[32m[Pascal][0m Total time 212.39457058906555
[32m[Pascal][0m Total time 208.81116032600403
[32m[Pascal][0m Total time 210.4782099723816
[32m[Pascal][0m Total time 209.0891284942627
[32m[Pascal][0m Total time 213.37664985656738
[32m[Pascal][0m Cores: 1 Input: 0 
[32m[Pascal][0m Total time 0.10962200164794922
[32m[Pascal][0m Total time 0.10830140113830566
[32m[Pascal][0m Total time 0.1084747314453125
[32m[Pascal][0m Total time 0.11645388603210449
[32m[Pascal][0m Total time 0.10725831985473633
[32m[Pascal][0m Total time 0.10700345039367676
[32m[Pascal][0m Total time 0.1069803237915039
[32m[Pascal][0m Total time 0.10720229148864746
[32m[Pascal][0m Total time 0.10668516159057617
[32m[Pascal][0m Total time 0.10704374313354492
[32m[Pascal][0m Cores: 1 Input: 1 
[32m[Pascal][0m Total time 0.813164234161377
[32m[Pascal][0m Total time 0.8126630783081055
[32m[Pascal][0m Total time 0.8138599395751953
[32m[Pascal][0m Total time 0.8125355243682861
[32m[Pascal][0m Total time 0.8160109519958496
[32m[Pascal][0m Total time 0.81512451171875
[32m[Pascal][0m Total time 0.8139736652374268
[32m[Pascal][0m Total time 0.8131241798400879
[32m[Pascal][0m Total time 0.8131279945373535
[32m[Pascal][0m Total time 0.8150193691253662
[32m[Pascal][0m Cores: 1 Input: 2 
[32m[Pascal][0m Total time 6.431809186935425
[32m[Pascal][0m Total time 6.441174745559692
[32m[Pascal][0m Total time 6.437387466430664
[32m[Pascal][0m Total time 6.437626600265503
[32m[Pascal][0m Total time 6.440809488296509
[32m[Pascal][0m Total time 6.441867351531982
[32m[Pascal][0m Total time 6.440908908843994
[32m[Pascal][0m Total time 6.432469367980957
[32m[Pascal][0m Total time 6.440952777862549
[32m[Pascal][0m Total time 6.429700136184692
[32m[Pascal][0m Cores: 1 Input: 3 
[32m[Pascal][0m Total time 51.722119092941284
[32m[Pascal][0m Total time 51.60436391830444
[32m[Pascal][0m Total time 51.69990849494934
[32m[Pascal][0m Total time 51.46488094329834
[32m[Pascal][0m Total time 51.58855438232422
[32m[Pascal][0m Total time 51.41932272911072
[32m[Pascal][0m Total time 51.65688705444336
[32m[Pascal][0m Total time 51.78497529029846
[32m[Pascal][0m Total time 52.065574407577515
[32m[Pascal][0m Total time 51.42626357078552
[32m[Pascal][0m Cores: 1 Input: 4 
[32m[Pascal][0m Total time 422.97829151153564
[32m[Pascal][0m Total time 421.2702977657318
[32m[Pascal][0m Total time 421.96736240386963
[32m[Pascal][0m Total time 417.9674336910248
[32m[Pascal][0m Total time 418.10118341445923
[32m[Pascal][0m Total time 418.4896152019501
[32m[Pascal][0m Total time 420.04550647735596
[32m[Pascal][0m Total time 417.57116961479187
[32m[Pascal][0m Total time 418.603031873703
[32m[Pascal][0m Total time 417.7616491317749
[32m[Pascal][0m ***** Done! *****
[32m[Pascal][0m Saving data
