[32m[Pascal][0m Running with ['cores', 'input', 'repetitions']
[32m[Pascal][0m Cores: 128 Input: 0 
[32m[Pascal][0m Total time 0.019629716873168945
[32m[Pascal][0m Total time 0.01814746856689453
[32m[Pascal][0m Total time 0.017020702362060547
[32m[Pascal][0m Total time 0.01749587059020996
[32m[Pascal][0m Total time 0.015434026718139648
[32m[Pascal][0m Total time 0.017035722732543945
[32m[Pascal][0m Total time 0.014475584030151367
[32m[Pascal][0m Total time 0.017340660095214844
[32m[Pascal][0m Total time 0.017190217971801758
[32m[Pascal][0m Total time 0.015346050262451172
[32m[Pascal][0m Cores: 128 Input: 1 
[32m[Pascal][0m Total time 0.0384368896484375
[32m[Pascal][0m Total time 0.030753612518310547
[32m[Pascal][0m Total time 0.030138731002807617
[32m[Pascal][0m Total time 0.0406498908996582
[32m[Pascal][0m Total time 0.040285348892211914
[32m[Pascal][0m Total time 0.02980494499206543
[32m[Pascal][0m Total time 0.06829237937927246
[32m[Pascal][0m Total time 0.030414104461669922
[32m[Pascal][0m Total time 0.033428192138671875
[32m[Pascal][0m Total time 0.039846181869506836
[32m[Pascal][0m Cores: 128 Input: 2 
[32m[Pascal][0m Total time 0.14433073997497559
[32m[Pascal][0m Total time 0.16724634170532227
[32m[Pascal][0m Total time 0.17447614669799805
[32m[Pascal][0m Total time 0.1621096134185791
[32m[Pascal][0m Total time 0.2188715934753418
[32m[Pascal][0m Total time 0.1777644157409668
[32m[Pascal][0m Total time 0.1638023853302002
[32m[Pascal][0m Total time 0.16960740089416504
[32m[Pascal][0m Total time 0.1780226230621338
[32m[Pascal][0m Total time 0.16237282752990723
[32m[Pascal][0m Cores: 128 Input: 3 
[32m[Pascal][0m Total time 1.7291221618652344
[32m[Pascal][0m Total time 1.0608277320861816
[32m[Pascal][0m Total time 0.9996261596679688
[32m[Pascal][0m Total time 1.000840663909912
[32m[Pascal][0m Total time 1.0292744636535645
[32m[Pascal][0m Total time 1.4517946243286133
[32m[Pascal][0m Total time 6.203686952590942
[32m[Pascal][0m Total time 1.02665114402771
[32m[Pascal][0m Total time 1.0149736404418945
[32m[Pascal][0m Total time 1.0395257472991943
[32m[Pascal][0m Cores: 128 Input: 4 
[32m[Pascal][0m Total time 9.5580472946167
[32m[Pascal][0m Total time 9.483821153640747
[32m[Pascal][0m Total time 9.811573266983032
[32m[Pascal][0m Total time 9.761803150177002
[32m[Pascal][0m Total time 9.765687227249146
[32m[Pascal][0m Total time 9.442938327789307
[32m[Pascal][0m Total time 9.608925819396973
[32m[Pascal][0m Total time 12.201355218887329
[32m[Pascal][0m Total time 10.220932960510254
[32m[Pascal][0m Total time 10.165671110153198
[32m[Pascal][0m Cores: 64 Input: 0 
[32m[Pascal][0m Total time 0.016480445861816406
[32m[Pascal][0m Total time 0.016490936279296875
[32m[Pascal][0m Total time 0.01627945899963379
[32m[Pascal][0m Total time 0.016098499298095703
[32m[Pascal][0m Total time 0.014030218124389648
[32m[Pascal][0m Total time 0.014083147048950195
[32m[Pascal][0m Total time 0.016346216201782227
[32m[Pascal][0m Total time 0.014742136001586914
[32m[Pascal][0m Total time 0.014404773712158203
[32m[Pascal][0m Total time 0.014495372772216797
[32m[Pascal][0m Cores: 64 Input: 1 
[32m[Pascal][0m Total time 0.03766965866088867
[32m[Pascal][0m Total time 0.037232160568237305
[32m[Pascal][0m Total time 0.03612661361694336
[32m[Pascal][0m Total time 0.03769350051879883
[32m[Pascal][0m Total time 0.03877139091491699
[32m[Pascal][0m Total time 0.04010319709777832
[32m[Pascal][0m Total time 0.04018235206604004
[32m[Pascal][0m Total time 0.038360595703125
[32m[Pascal][0m Total time 0.05743002891540527
[32m[Pascal][0m Total time 0.03922128677368164
[32m[Pascal][0m Cores: 64 Input: 2 
[32m[Pascal][0m Total time 0.22210407257080078
[32m[Pascal][0m Total time 0.21936297416687012
[32m[Pascal][0m Total time 0.2258920669555664
[32m[Pascal][0m Total time 0.25670862197875977
[32m[Pascal][0m Total time 0.346116304397583
[32m[Pascal][0m Total time 0.22099924087524414
[32m[Pascal][0m Total time 0.2194361686706543
[32m[Pascal][0m Total time 0.22111272811889648
[32m[Pascal][0m Total time 0.2185649871826172
[32m[Pascal][0m Total time 0.22033405303955078
[32m[Pascal][0m Cores: 64 Input: 3 
[32m[Pascal][0m Total time 1.71016263961792
[32m[Pascal][0m Total time 2.2217774391174316
[32m[Pascal][0m Total time 1.7100105285644531
[32m[Pascal][0m Total time 1.6912391185760498
[32m[Pascal][0m Total time 1.7369229793548584
[32m[Pascal][0m Total time 2.0336525440216064
[32m[Pascal][0m Total time 1.7004485130310059
[32m[Pascal][0m Total time 1.6790692806243896
[32m[Pascal][0m Total time 1.6844596862792969
[32m[Pascal][0m Total time 1.7322678565979004
[32m[Pascal][0m Cores: 64 Input: 4 
[32m[Pascal][0m Total time 58.637434005737305
[32m[Pascal][0m Total time 14.855477809906006
[32m[Pascal][0m Total time 16.985431671142578
[32m[Pascal][0m Total time 14.585354089736938
[32m[Pascal][0m Total time 14.64272665977478
[32m[Pascal][0m Total time 14.454171419143677
[32m[Pascal][0m Total time 14.511833429336548
[32m[Pascal][0m Total time 14.742721319198608
[32m[Pascal][0m Total time 14.877811431884766
[32m[Pascal][0m Total time 14.711623907089233
[32m[Pascal][0m Cores: 32 Input: 0 
[32m[Pascal][0m Total time 0.01836848258972168
[32m[Pascal][0m Total time 0.019100666046142578
[32m[Pascal][0m Total time 0.017596006393432617
[32m[Pascal][0m Total time 0.017604827880859375
[32m[Pascal][0m Total time 0.017728805541992188
[32m[Pascal][0m Total time 0.018980979919433594
[32m[Pascal][0m Total time 0.01896190643310547
[32m[Pascal][0m Total time 0.017983436584472656
[32m[Pascal][0m Total time 0.01706719398498535
[32m[Pascal][0m Total time 0.01751708984375
[32m[Pascal][0m Cores: 32 Input: 1 
[32m[Pascal][0m Total time 0.0926065444946289
[32m[Pascal][0m Total time 0.06313228607177734
[32m[Pascal][0m Total time 0.06136202812194824
[32m[Pascal][0m Total time 0.06276798248291016
[32m[Pascal][0m Total time 0.062332868576049805
[32m[Pascal][0m Total time 0.06220269203186035
[32m[Pascal][0m Total time 0.061463117599487305
[32m[Pascal][0m Total time 0.06125640869140625
[32m[Pascal][0m Total time 0.06310915946960449
[32m[Pascal][0m Total time 0.06029653549194336
[32m[Pascal][0m Cores: 32 Input: 2 
[32m[Pascal][0m Total time 0.41422080993652344
[32m[Pascal][0m Total time 0.41484665870666504
[32m[Pascal][0m Total time 0.4189026355743408
[32m[Pascal][0m Total time 0.5724647045135498
[32m[Pascal][0m Total time 0.4199824333190918
[32m[Pascal][0m Total time 0.41669631004333496
[32m[Pascal][0m Total time 0.42023396492004395
[32m[Pascal][0m Total time 0.41826772689819336
[32m[Pascal][0m Total time 0.4165365695953369
[32m[Pascal][0m Total time 0.41873788833618164
[32m[Pascal][0m Cores: 32 Input: 3 
[32m[Pascal][0m Total time 3.3367807865142822
[32m[Pascal][0m Total time 3.3554799556732178
[32m[Pascal][0m Total time 3.3442928791046143
[32m[Pascal][0m Total time 3.3403913974761963
[32m[Pascal][0m Total time 3.3641223907470703
[32m[Pascal][0m Total time 3.3636281490325928
[32m[Pascal][0m Total time 3.714390516281128
[32m[Pascal][0m Total time 3.3603875637054443
[32m[Pascal][0m Total time 4.115596532821655
[32m[Pascal][0m Total time 3.361743450164795
[32m[Pascal][0m Cores: 32 Input: 4 
[32m[Pascal][0m Total time 28.263354539871216
[32m[Pascal][0m Total time 29.77241563796997
[32m[Pascal][0m Total time 28.35088872909546
[32m[Pascal][0m Total time 29.37635612487793
[32m[Pascal][0m Total time 29.232633113861084
[32m[Pascal][0m Total time 29.004994869232178
[32m[Pascal][0m Total time 31.248088836669922
[32m[Pascal][0m Total time 29.55491614341736
[32m[Pascal][0m Total time 29.08461570739746
[32m[Pascal][0m Total time 29.419227600097656
[32m[Pascal][0m Cores: 16 Input: 0 
[32m[Pascal][0m Total time 0.023570775985717773
[32m[Pascal][0m Total time 0.025883197784423828
[32m[Pascal][0m Total time 0.023051738739013672
[32m[Pascal][0m Total time 0.022020578384399414
[32m[Pascal][0m Total time 0.024386167526245117
[32m[Pascal][0m Total time 0.024167776107788086
[32m[Pascal][0m Total time 0.021722793579101562
[32m[Pascal][0m Total time 0.022406578063964844
[32m[Pascal][0m Total time 0.024244070053100586
[32m[Pascal][0m Total time 0.024938106536865234
[32m[Pascal][0m Cores: 16 Input: 1 
[32m[Pascal][0m Total time 0.1127314567565918
[32m[Pascal][0m Total time 0.11359500885009766
[32m[Pascal][0m Total time 0.1128990650177002
[32m[Pascal][0m Total time 0.11273837089538574
[32m[Pascal][0m Total time 0.11166548728942871
[32m[Pascal][0m Total time 0.11494612693786621
[32m[Pascal][0m Total time 0.11548995971679688
[32m[Pascal][0m Total time 0.11377120018005371
[32m[Pascal][0m Total time 0.10968565940856934
[32m[Pascal][0m Total time 0.11237621307373047
[32m[Pascal][0m Cores: 16 Input: 2 
[32m[Pascal][0m Total time 0.9326887130737305
[32m[Pascal][0m Total time 0.8174076080322266
[32m[Pascal][0m Total time 0.8164758682250977
[32m[Pascal][0m Total time 0.8139889240264893
[32m[Pascal][0m Total time 0.8133208751678467
[32m[Pascal][0m Total time 0.8186731338500977
[32m[Pascal][0m Total time 0.8199038505554199
[32m[Pascal][0m Total time 0.8162729740142822
[32m[Pascal][0m Total time 0.814734697341919
[32m[Pascal][0m Total time 0.814422607421875
[32m[Pascal][0m Cores: 16 Input: 3 
[32m[Pascal][0m Total time 6.7768120765686035
[32m[Pascal][0m Total time 7.322603225708008
[32m[Pascal][0m Total time 6.632183313369751
[32m[Pascal][0m Total time 6.667218446731567
[32m[Pascal][0m Total time 6.60531210899353
[32m[Pascal][0m Total time 7.089139699935913
[32m[Pascal][0m Total time 6.607267141342163
[32m[Pascal][0m Total time 6.653058767318726
[32m[Pascal][0m Total time 6.675005912780762
[32m[Pascal][0m Total time 7.163237571716309
[32m[Pascal][0m Cores: 16 Input: 4 
[32m[Pascal][0m Total time 60.515392541885376
[32m[Pascal][0m Total time 60.276220083236694
[32m[Pascal][0m Total time 60.74528741836548
[32m[Pascal][0m Total time 59.60400438308716
[32m[Pascal][0m Total time 58.79195737838745
[32m[Pascal][0m Total time 57.71806454658508
[32m[Pascal][0m Total time 59.92464208602905
[32m[Pascal][0m Total time 58.96405577659607
[32m[Pascal][0m Total time 59.75453591346741
[32m[Pascal][0m Total time 59.94641351699829
[32m[Pascal][0m Cores: 8 Input: 0 
[32m[Pascal][0m Total time 0.034348487854003906
[32m[Pascal][0m Total time 0.0339665412902832
[32m[Pascal][0m Total time 0.0381314754486084
[32m[Pascal][0m Total time 0.035064697265625
[32m[Pascal][0m Total time 0.032121896743774414
[32m[Pascal][0m Total time 0.03718686103820801
[32m[Pascal][0m Total time 0.034867286682128906
[32m[Pascal][0m Total time 0.03807187080383301
[32m[Pascal][0m Total time 0.0368046760559082
[32m[Pascal][0m Total time 0.037009477615356445
[32m[Pascal][0m Cores: 8 Input: 1 
[32m[Pascal][0m Total time 0.20649933815002441
[32m[Pascal][0m Total time 0.2091996669769287
[32m[Pascal][0m Total time 0.3356654644012451
[32m[Pascal][0m Total time 0.2066669464111328
[32m[Pascal][0m Total time 0.25482797622680664
[32m[Pascal][0m Total time 0.20692849159240723
[32m[Pascal][0m Total time 0.25186705589294434
[32m[Pascal][0m Total time 0.20995116233825684
[32m[Pascal][0m Total time 0.20941591262817383
[32m[Pascal][0m Total time 0.21249699592590332
[32m[Pascal][0m Cores: 8 Input: 2 
[32m[Pascal][0m Total time 1.5891480445861816
[32m[Pascal][0m Total time 1.5987849235534668
[32m[Pascal][0m Total time 1.612736463546753
[32m[Pascal][0m Total time 1.619460105895996
[32m[Pascal][0m Total time 1.6125342845916748
[32m[Pascal][0m Total time 1.6150131225585938
[32m[Pascal][0m Total time 1.6116249561309814
[32m[Pascal][0m Total time 1.6111161708831787
[32m[Pascal][0m Total time 1.612259864807129
[32m[Pascal][0m Total time 1.615086555480957
[32m[Pascal][0m Cores: 8 Input: 3 
[32m[Pascal][0m Total time 13.02428388595581
[32m[Pascal][0m Total time 13.129105806350708
[32m[Pascal][0m Total time 13.08934497833252
[32m[Pascal][0m Total time 13.158475160598755
[32m[Pascal][0m Total time 13.081131935119629
[32m[Pascal][0m Total time 13.414511919021606
[32m[Pascal][0m Total time 13.12099003791809
[32m[Pascal][0m Total time 13.102067470550537
[32m[Pascal][0m Total time 13.06886887550354
[32m[Pascal][0m Total time 13.020349264144897
[32m[Pascal][0m Cores: 8 Input: 4 
[32m[Pascal][0m Total time 120.71298170089722
[32m[Pascal][0m Total time 117.98431730270386
[32m[Pascal][0m Total time 118.23306727409363
[32m[Pascal][0m Total time 116.07602572441101
[32m[Pascal][0m Total time 115.04096746444702
[32m[Pascal][0m Total time 119.26923441886902
[32m[Pascal][0m Total time 121.85905647277832
[32m[Pascal][0m Total time 118.98746299743652
[32m[Pascal][0m Total time 123.43502688407898
[32m[Pascal][0m Total time 116.78595638275146
[32m[Pascal][0m Cores: 4 Input: 0 
[32m[Pascal][0m Total time 0.05894613265991211
[32m[Pascal][0m Total time 0.05836057662963867
[32m[Pascal][0m Total time 0.0641167163848877
[32m[Pascal][0m Total time 0.061063528060913086
[32m[Pascal][0m Total time 0.0730733871459961
[32m[Pascal][0m Total time 0.05718493461608887
[32m[Pascal][0m Total time 0.05792832374572754
[32m[Pascal][0m Total time 0.06349754333496094
[32m[Pascal][0m Total time 0.060256004333496094
[32m[Pascal][0m Total time 0.06148934364318848
[32m[Pascal][0m Cores: 4 Input: 1 
[32m[Pascal][0m Total time 0.40381407737731934
[32m[Pascal][0m Total time 0.4075644016265869
[32m[Pascal][0m Total time 0.4041922092437744
[32m[Pascal][0m Total time 0.40018486976623535
[32m[Pascal][0m Total time 0.4013540744781494
[32m[Pascal][0m Total time 0.4026632308959961
[32m[Pascal][0m Total time 0.4020669460296631
[32m[Pascal][0m Total time 0.4027535915374756
[32m[Pascal][0m Total time 0.40238451957702637
[32m[Pascal][0m Total time 0.401350736618042
[32m[Pascal][0m Cores: 4 Input: 2 
[32m[Pascal][0m Total time 3.1548261642456055
[32m[Pascal][0m Total time 3.3019275665283203
[32m[Pascal][0m Total time 3.198084592819214
[32m[Pascal][0m Total time 3.165806770324707
[32m[Pascal][0m Total time 3.1842706203460693
[32m[Pascal][0m Total time 3.1860580444335938
[32m[Pascal][0m Total time 3.171429395675659
[32m[Pascal][0m Total time 3.3209779262542725
[32m[Pascal][0m Total time 3.1806864738464355
[32m[Pascal][0m Total time 3.213881015777588
[32m[Pascal][0m Cores: 4 Input: 3 
[32m[Pascal][0m Total time 25.745529413223267
[32m[Pascal][0m Total time 28.916520833969116
[32m[Pascal][0m Total time 26.16364288330078
[32m[Pascal][0m Total time 25.767887353897095
[32m[Pascal][0m Total time 25.732532739639282
[32m[Pascal][0m Total time 26.16631293296814
[32m[Pascal][0m Total time 25.547051191329956
[32m[Pascal][0m Total time 25.17474341392517
[32m[Pascal][0m Total time 25.76442527770996
[32m[Pascal][0m Total time 25.73184108734131
[32m[Pascal][0m Cores: 4 Input: 4 
[32m[Pascal][0m Total time 243.47475838661194
[32m[Pascal][0m Total time 220.81777024269104
[32m[Pascal][0m Total time 216.85942220687866
[32m[Pascal][0m Total time 239.58617782592773
[32m[Pascal][0m Total time 217.4989800453186
[32m[Pascal][0m Total time 216.24113869667053
[32m[Pascal][0m Total time 211.40873312950134
[32m[Pascal][0m Total time 217.11829495429993
[32m[Pascal][0m Total time 208.55395078659058
[32m[Pascal][0m Total time 253.01518630981445
[32m[Pascal][0m Cores: 2 Input: 0 
[32m[Pascal][0m Total time 0.10545659065246582
[32m[Pascal][0m Total time 0.10125398635864258
[32m[Pascal][0m Total time 0.10190510749816895
[32m[Pascal][0m Total time 0.10197019577026367
[32m[Pascal][0m Total time 0.10325193405151367
[32m[Pascal][0m Total time 0.10463285446166992
[32m[Pascal][0m Total time 0.10220909118652344
[32m[Pascal][0m Total time 0.10340523719787598
[32m[Pascal][0m Total time 0.10264253616333008
[32m[Pascal][0m Total time 0.10219693183898926
[32m[Pascal][0m Cores: 2 Input: 1 
[32m[Pascal][0m Total time 0.7881739139556885
[32m[Pascal][0m Total time 0.7884714603424072
[32m[Pascal][0m Total time 0.7881271839141846
[32m[Pascal][0m Total time 0.7881324291229248
[32m[Pascal][0m Total time 0.7911908626556396
[32m[Pascal][0m Total time 0.7909770011901855
[32m[Pascal][0m Total time 0.7894237041473389
[32m[Pascal][0m Total time 0.7893879413604736
[32m[Pascal][0m Total time 0.7877194881439209
[32m[Pascal][0m Total time 0.7882544994354248
[32m[Pascal][0m Cores: 2 Input: 2 
[32m[Pascal][0m Total time 6.319304466247559
[32m[Pascal][0m Total time 6.314767360687256
[32m[Pascal][0m Total time 6.308355093002319
[32m[Pascal][0m Total time 6.316538333892822
[32m[Pascal][0m Total time 6.311536550521851
[32m[Pascal][0m Total time 6.317982196807861
[32m[Pascal][0m Total time 6.380605936050415
[32m[Pascal][0m Total time 6.310598373413086
[32m[Pascal][0m Total time 6.313050746917725
[32m[Pascal][0m Total time 6.319228887557983
[32m[Pascal][0m Cores: 2 Input: 3 
[32m[Pascal][0m Total time 51.26398277282715
[32m[Pascal][0m Total time 51.47930288314819
[32m[Pascal][0m Total time 50.85947585105896
[32m[Pascal][0m Total time 50.55341863632202
[32m[Pascal][0m Total time 51.173118114471436
[32m[Pascal][0m Total time 51.317651987075806
[32m[Pascal][0m Total time 51.21286654472351
[32m[Pascal][0m Total time 51.726279735565186
[32m[Pascal][0m Total time 49.911032915115356
[32m[Pascal][0m Total time 51.387877464294434
[32m[Pascal][0m Cores: 2 Input: 4 
[32m[Pascal][0m Total time 415.6729552745819
[32m[Pascal][0m Total time 407.4173583984375
[32m[Pascal][0m Total time 403.09261679649353
[32m[Pascal][0m Total time 401.8136591911316
[32m[Pascal][0m Total time 404.1505856513977
[32m[Pascal][0m Total time 407.63226532936096
[32m[Pascal][0m Total time 402.7573425769806
[32m[Pascal][0m Total time 400.57403540611267
[32m[Pascal][0m Total time 402.27145171165466
[32m[Pascal][0m Total time 401.75145649909973
[32m[Pascal][0m Cores: 1 Input: 0 
[32m[Pascal][0m Total time 0.20065712928771973
[32m[Pascal][0m Total time 0.1996147632598877
[32m[Pascal][0m Total time 0.19763755798339844
[32m[Pascal][0m Total time 0.1978616714477539
[32m[Pascal][0m Total time 0.19762706756591797
[32m[Pascal][0m Total time 0.19779157638549805
[32m[Pascal][0m Total time 0.1972823143005371
[32m[Pascal][0m Total time 0.19827675819396973
[32m[Pascal][0m Total time 0.19792437553405762
[32m[Pascal][0m Total time 0.19795918464660645
[32m[Pascal][0m Cores: 1 Input: 1 
[32m[Pascal][0m Total time 1.564634084701538
[32m[Pascal][0m Total time 1.5665867328643799
[32m[Pascal][0m Total time 1.5671756267547607
[32m[Pascal][0m Total time 1.5669834613800049
[32m[Pascal][0m Total time 1.5662813186645508
[32m[Pascal][0m Total time 1.5679638385772705
[32m[Pascal][0m Total time 1.5689501762390137
[32m[Pascal][0m Total time 1.567507266998291
[32m[Pascal][0m Total time 1.5713732242584229
[32m[Pascal][0m Total time 1.5673999786376953
[32m[Pascal][0m Cores: 1 Input: 2 
[32m[Pascal][0m Total time 12.581869125366211
[32m[Pascal][0m Total time 12.59063720703125
[32m[Pascal][0m Total time 12.599512577056885
[32m[Pascal][0m Total time 12.576374292373657
[32m[Pascal][0m Total time 12.585507154464722
[32m[Pascal][0m Total time 12.78214406967163
[32m[Pascal][0m Total time 12.587888479232788
[32m[Pascal][0m Total time 12.583584547042847
[32m[Pascal][0m Total time 12.576871156692505
[32m[Pascal][0m Total time 12.58225393295288
[32m[Pascal][0m Cores: 1 Input: 3 
[32m[Pascal][0m Total time 101.63149857521057
[32m[Pascal][0m Total time 98.66176676750183
[32m[Pascal][0m Total time 102.74784874916077
[32m[Pascal][0m Total time 100.82979607582092
[32m[Pascal][0m Total time 102.07826590538025
[32m[Pascal][0m Total time 102.2449471950531
[32m[Pascal][0m Total time 98.87125062942505
[32m[Pascal][0m Total time 101.87243628501892
[32m[Pascal][0m Total time 100.9645128250122
[32m[Pascal][0m Total time 102.84678101539612
[32m[Pascal][0m Cores: 1 Input: 4 
[32m[Pascal][0m Total time 811.7334775924683
[32m[Pascal][0m Total time 803.6676421165466
[32m[Pascal][0m Total time 802.8317494392395
[32m[Pascal][0m Total time 800.7492353916168
[32m[Pascal][0m Total time 803.0470688343048
[32m[Pascal][0m Total time 801.4636368751526
[32m[Pascal][0m Total time 800.7400817871094
[32m[Pascal][0m Total time 801.358585357666
[32m[Pascal][0m Total time 803.561338186264
[32m[Pascal][0m Total time 798.2231194972992
[32m[Pascal][0m ***** Done! *****
[32m[Pascal][0m Saving data
