[32m[Pascal][0m Running with ['cores', 'input', 'repetitions']
[32m[Pascal][0m Cores: 128 Input: 0 
[32m[Pascal][0m Total time 0.12883329391479492
[32m[Pascal][0m Total time 0.023784875869750977
[32m[Pascal][0m Total time 0.0264434814453125
[32m[Pascal][0m Total time 0.0253298282623291
[32m[Pascal][0m Total time 0.024982213973999023
[32m[Pascal][0m Total time 0.022500991821289062
[32m[Pascal][0m Total time 0.0256807804107666
[32m[Pascal][0m Total time 0.0222322940826416
[32m[Pascal][0m Total time 0.0232694149017334
[32m[Pascal][0m Total time 0.02165818214416504
[32m[Pascal][0m Cores: 128 Input: 1 
[32m[Pascal][0m Total time 0.03725004196166992
[32m[Pascal][0m Total time 0.03997993469238281
[32m[Pascal][0m Total time 0.04008913040161133
[32m[Pascal][0m Total time 0.03862142562866211
[32m[Pascal][0m Total time 0.03856205940246582
[32m[Pascal][0m Total time 0.04099583625793457
[32m[Pascal][0m Total time 0.04155683517456055
[32m[Pascal][0m Total time 0.03862285614013672
[32m[Pascal][0m Total time 0.039900779724121094
[32m[Pascal][0m Total time 0.03869175910949707
[32m[Pascal][0m Cores: 128 Input: 2 
[32m[Pascal][0m Total time 0.07927417755126953
[32m[Pascal][0m Total time 0.08257365226745605
[32m[Pascal][0m Total time 0.08551526069641113
[32m[Pascal][0m Total time 0.08010411262512207
[32m[Pascal][0m Total time 0.0805215835571289
[32m[Pascal][0m Total time 0.08173918724060059
[32m[Pascal][0m Total time 0.08713197708129883
[32m[Pascal][0m Total time 0.08476829528808594
[32m[Pascal][0m Total time 0.09717059135437012
[32m[Pascal][0m Total time 0.0810861587524414
[32m[Pascal][0m Cores: 128 Input: 3 
[32m[Pascal][0m Total time 0.2131669521331787
[32m[Pascal][0m Total time 0.22428297996520996
[32m[Pascal][0m Total time 0.2343597412109375
[32m[Pascal][0m Total time 0.21802186965942383
[32m[Pascal][0m Total time 0.22853517532348633
[32m[Pascal][0m Total time 0.22677135467529297
[32m[Pascal][0m Total time 0.22203469276428223
[32m[Pascal][0m Total time 0.21964120864868164
[32m[Pascal][0m Total time 0.2328178882598877
[32m[Pascal][0m Total time 0.21868371963500977
[32m[Pascal][0m Cores: 64 Input: 0 
[32m[Pascal][0m Total time 0.021307706832885742
[32m[Pascal][0m Total time 0.019527196884155273
[32m[Pascal][0m Total time 0.020869731903076172
[32m[Pascal][0m Total time 0.021003007888793945
[32m[Pascal][0m Total time 0.0698244571685791
[32m[Pascal][0m Total time 0.021292686462402344
[32m[Pascal][0m Total time 0.019220829010009766
[32m[Pascal][0m Total time 0.021239042282104492
[32m[Pascal][0m Total time 0.02129340171813965
[32m[Pascal][0m Total time 0.018977642059326172
[32m[Pascal][0m Cores: 64 Input: 1 
[32m[Pascal][0m Total time 0.03576183319091797
[32m[Pascal][0m Total time 0.035230159759521484
[32m[Pascal][0m Total time 0.03245902061462402
[32m[Pascal][0m Total time 0.0354466438293457
[32m[Pascal][0m Total time 0.03328371047973633
[32m[Pascal][0m Total time 0.03421616554260254
[32m[Pascal][0m Total time 0.03258872032165527
[32m[Pascal][0m Total time 0.03331112861633301
[32m[Pascal][0m Total time 0.032534122467041016
[32m[Pascal][0m Total time 0.036443471908569336
[32m[Pascal][0m Cores: 64 Input: 2 
[32m[Pascal][0m Total time 0.0791466236114502
[32m[Pascal][0m Total time 0.07812261581420898
[32m[Pascal][0m Total time 0.08265900611877441
[32m[Pascal][0m Total time 0.08660769462585449
[32m[Pascal][0m Total time 0.07731938362121582
[32m[Pascal][0m Total time 0.08172273635864258
[32m[Pascal][0m Total time 0.08051085472106934
[32m[Pascal][0m Total time 0.07973289489746094
[32m[Pascal][0m Total time 0.0832984447479248
[32m[Pascal][0m Total time 0.08572244644165039
[32m[Pascal][0m Cores: 64 Input: 3 
[32m[Pascal][0m Total time 0.2405376434326172
[32m[Pascal][0m Total time 0.24216699600219727
[32m[Pascal][0m Total time 0.2429211139678955
[32m[Pascal][0m Total time 0.3104538917541504
[32m[Pascal][0m Total time 0.24171900749206543
[32m[Pascal][0m Total time 0.25222253799438477
[32m[Pascal][0m Total time 0.24971342086791992
[32m[Pascal][0m Total time 0.25660204887390137
[32m[Pascal][0m Total time 0.2505521774291992
[32m[Pascal][0m Total time 0.24570536613464355
[32m[Pascal][0m Cores: 32 Input: 0 
[32m[Pascal][0m Total time 0.021924495697021484
[32m[Pascal][0m Total time 0.018960952758789062
[32m[Pascal][0m Total time 0.01922130584716797
[32m[Pascal][0m Total time 0.019998788833618164
[32m[Pascal][0m Total time 0.02091503143310547
[32m[Pascal][0m Total time 0.018954753875732422
[32m[Pascal][0m Total time 0.01889514923095703
[32m[Pascal][0m Total time 0.01829838752746582
[32m[Pascal][0m Total time 0.019134998321533203
[32m[Pascal][0m Total time 0.020395994186401367
[32m[Pascal][0m Cores: 32 Input: 1 
[32m[Pascal][0m Total time 0.0416412353515625
[32m[Pascal][0m Total time 0.038451194763183594
[32m[Pascal][0m Total time 0.03665304183959961
[32m[Pascal][0m Total time 0.03897857666015625
[32m[Pascal][0m Total time 0.03535795211791992
[32m[Pascal][0m Total time 0.0385432243347168
[32m[Pascal][0m Total time 0.03644990921020508
[32m[Pascal][0m Total time 0.036504507064819336
[32m[Pascal][0m Total time 0.0381624698638916
[32m[Pascal][0m Total time 0.03693652153015137
[32m[Pascal][0m Cores: 32 Input: 2 
[32m[Pascal][0m Total time 0.09681916236877441
[32m[Pascal][0m Total time 0.17986845970153809
[32m[Pascal][0m Total time 0.1030886173248291
[32m[Pascal][0m Total time 0.09962654113769531
[32m[Pascal][0m Total time 0.09956622123718262
[32m[Pascal][0m Total time 0.10270380973815918
[32m[Pascal][0m Total time 0.09697818756103516
[32m[Pascal][0m Total time 0.09678196907043457
[32m[Pascal][0m Total time 0.10230088233947754
[32m[Pascal][0m Total time 0.10494089126586914
[32m[Pascal][0m Cores: 32 Input: 3 
[32m[Pascal][0m Total time 0.3156929016113281
[32m[Pascal][0m Total time 0.32477760314941406
[32m[Pascal][0m Total time 0.3256714344024658
[32m[Pascal][0m Total time 0.3196735382080078
[32m[Pascal][0m Total time 0.3235924243927002
[32m[Pascal][0m Total time 0.32425904273986816
[32m[Pascal][0m Total time 0.31810760498046875
[32m[Pascal][0m Total time 0.41061925888061523
[32m[Pascal][0m Total time 0.32818174362182617
[32m[Pascal][0m Total time 0.32683706283569336
[32m[Pascal][0m Cores: 16 Input: 0 
[32m[Pascal][0m Total time 0.02371525764465332
[32m[Pascal][0m Total time 0.0223386287689209
[32m[Pascal][0m Total time 0.02150726318359375
[32m[Pascal][0m Total time 0.021013736724853516
[32m[Pascal][0m Total time 0.02147078514099121
[32m[Pascal][0m Total time 0.02286672592163086
[32m[Pascal][0m Total time 0.019966840744018555
[32m[Pascal][0m Total time 0.0207974910736084
[32m[Pascal][0m Total time 0.02131485939025879
[32m[Pascal][0m Total time 0.02268242835998535
[32m[Pascal][0m Cores: 16 Input: 1 
[32m[Pascal][0m Total time 0.04762840270996094
[32m[Pascal][0m Total time 0.04931950569152832
[32m[Pascal][0m Total time 0.04805898666381836
[32m[Pascal][0m Total time 0.049916744232177734
[32m[Pascal][0m Total time 0.04924726486206055
[32m[Pascal][0m Total time 0.045831918716430664
[32m[Pascal][0m Total time 0.04559898376464844
[32m[Pascal][0m Total time 0.04839134216308594
[32m[Pascal][0m Total time 0.04497361183166504
[32m[Pascal][0m Total time 0.046697378158569336
[32m[Pascal][0m Cores: 16 Input: 2 
[32m[Pascal][0m Total time 0.1404428482055664
[32m[Pascal][0m Total time 0.14138245582580566
[32m[Pascal][0m Total time 0.14291763305664062
[32m[Pascal][0m Total time 0.13644862174987793
[32m[Pascal][0m Total time 0.1369328498840332
[32m[Pascal][0m Total time 0.14505958557128906
[32m[Pascal][0m Total time 0.14327383041381836
[32m[Pascal][0m Total time 0.14290475845336914
[32m[Pascal][0m Total time 0.14300775527954102
[32m[Pascal][0m Total time 0.14039134979248047
[32m[Pascal][0m Cores: 16 Input: 3 
[32m[Pascal][0m Total time 0.4858512878417969
[32m[Pascal][0m Total time 0.4848759174346924
[32m[Pascal][0m Total time 0.5979962348937988
[32m[Pascal][0m Total time 0.4846048355102539
[32m[Pascal][0m Total time 0.48929786682128906
[32m[Pascal][0m Total time 0.4924488067626953
[32m[Pascal][0m Total time 0.4847557544708252
[32m[Pascal][0m Total time 0.48775196075439453
[32m[Pascal][0m Total time 0.4869258403778076
[32m[Pascal][0m Total time 0.4925110340118408
[32m[Pascal][0m Cores: 8 Input: 0 
[32m[Pascal][0m Total time 0.027876615524291992
[32m[Pascal][0m Total time 0.02781987190246582
[32m[Pascal][0m Total time 0.0273439884185791
[32m[Pascal][0m Total time 0.027538776397705078
[32m[Pascal][0m Total time 0.02879500389099121
[32m[Pascal][0m Total time 0.027405500411987305
[32m[Pascal][0m Total time 0.028563976287841797
[32m[Pascal][0m Total time 0.029209375381469727
[32m[Pascal][0m Total time 0.028721094131469727
[32m[Pascal][0m Total time 0.027872562408447266
[32m[Pascal][0m Cores: 8 Input: 1 
[32m[Pascal][0m Total time 0.06647825241088867
[32m[Pascal][0m Total time 0.0660851001739502
[32m[Pascal][0m Total time 0.0684807300567627
[32m[Pascal][0m Total time 0.06714320182800293
[32m[Pascal][0m Total time 0.06618881225585938
[32m[Pascal][0m Total time 0.06791925430297852
[32m[Pascal][0m Total time 0.07041096687316895
[32m[Pascal][0m Total time 0.07032060623168945
[32m[Pascal][0m Total time 0.06771039962768555
[32m[Pascal][0m Total time 0.06720328330993652
[32m[Pascal][0m Cores: 8 Input: 2 
[32m[Pascal][0m Total time 0.2252514362335205
[32m[Pascal][0m Total time 0.2224733829498291
[32m[Pascal][0m Total time 0.22259187698364258
[32m[Pascal][0m Total time 0.22034740447998047
[32m[Pascal][0m Total time 0.2267308235168457
[32m[Pascal][0m Total time 0.21976947784423828
[32m[Pascal][0m Total time 0.2200000286102295
[32m[Pascal][0m Total time 0.2249619960784912
[32m[Pascal][0m Total time 0.2208998203277588
[32m[Pascal][0m Total time 0.22235107421875
[32m[Pascal][0m Cores: 8 Input: 3 
[32m[Pascal][0m Total time 0.8106825351715088
[32m[Pascal][0m Total time 0.9357726573944092
[32m[Pascal][0m Total time 0.8113052845001221
[32m[Pascal][0m Total time 0.8114004135131836
[32m[Pascal][0m Total time 0.8190581798553467
[32m[Pascal][0m Total time 0.8235902786254883
[32m[Pascal][0m Total time 0.8210632801055908
[32m[Pascal][0m Total time 0.8188319206237793
[32m[Pascal][0m Total time 0.8207402229309082
[32m[Pascal][0m Total time 0.8143050670623779
[32m[Pascal][0m Cores: 4 Input: 0 
[32m[Pascal][0m Total time 0.03827714920043945
[32m[Pascal][0m Total time 0.03676939010620117
[32m[Pascal][0m Total time 0.03745841979980469
[32m[Pascal][0m Total time 0.03744029998779297
[32m[Pascal][0m Total time 0.037322998046875
[32m[Pascal][0m Total time 0.0375971794128418
[32m[Pascal][0m Total time 0.03722357749938965
[32m[Pascal][0m Total time 0.0370640754699707
[32m[Pascal][0m Total time 0.037432193756103516
[32m[Pascal][0m Total time 0.03798699378967285
[32m[Pascal][0m Cores: 4 Input: 1 
[32m[Pascal][0m Total time 0.10726213455200195
[32m[Pascal][0m Total time 0.1071779727935791
[32m[Pascal][0m Total time 0.10764765739440918
[32m[Pascal][0m Total time 0.10731697082519531
[32m[Pascal][0m Total time 0.10707569122314453
[32m[Pascal][0m Total time 0.10837602615356445
[32m[Pascal][0m Total time 0.10720348358154297
[32m[Pascal][0m Total time 0.10725831985473633
[32m[Pascal][0m Total time 0.10772824287414551
[32m[Pascal][0m Total time 0.10799598693847656
[32m[Pascal][0m Cores: 4 Input: 2 
[32m[Pascal][0m Total time 0.38381218910217285
[32m[Pascal][0m Total time 0.38397789001464844
[32m[Pascal][0m Total time 0.3833763599395752
[32m[Pascal][0m Total time 0.3837313652038574
[32m[Pascal][0m Total time 0.38413524627685547
[32m[Pascal][0m Total time 0.38356518745422363
[32m[Pascal][0m Total time 0.38513684272766113
[32m[Pascal][0m Total time 0.3834972381591797
[32m[Pascal][0m Total time 0.38445377349853516
[32m[Pascal][0m Total time 0.38561129570007324
[32m[Pascal][0m Cores: 4 Input: 3 
[32m[Pascal][0m Total time 1.4761531352996826
[32m[Pascal][0m Total time 1.4761700630187988
[32m[Pascal][0m Total time 1.4752411842346191
[32m[Pascal][0m Total time 1.476008415222168
[32m[Pascal][0m Total time 1.4752404689788818
[32m[Pascal][0m Total time 1.6250779628753662
[32m[Pascal][0m Total time 1.4772312641143799
[32m[Pascal][0m Total time 1.4796152114868164
[32m[Pascal][0m Total time 1.4756355285644531
[32m[Pascal][0m Total time 1.4761734008789062
[32m[Pascal][0m Cores: 2 Input: 0 
[32m[Pascal][0m Total time 0.05875849723815918
[32m[Pascal][0m Total time 0.05826830863952637
[32m[Pascal][0m Total time 0.05914640426635742
[32m[Pascal][0m Total time 0.059677839279174805
[32m[Pascal][0m Total time 0.058780670166015625
[32m[Pascal][0m Total time 0.05888962745666504
[32m[Pascal][0m Total time 0.05906248092651367
[32m[Pascal][0m Total time 0.05845904350280762
[32m[Pascal][0m Total time 0.05860781669616699
[32m[Pascal][0m Total time 0.05868792533874512
[32m[Pascal][0m Cores: 2 Input: 1 
[32m[Pascal][0m Total time 0.1904442310333252
[32m[Pascal][0m Total time 0.18970966339111328
[32m[Pascal][0m Total time 0.18985557556152344
[32m[Pascal][0m Total time 0.19594526290893555
[32m[Pascal][0m Total time 0.1902756690979004
[32m[Pascal][0m Total time 0.19020962715148926
[32m[Pascal][0m Total time 0.18958640098571777
[32m[Pascal][0m Total time 0.18971753120422363
[32m[Pascal][0m Total time 0.19013333320617676
[32m[Pascal][0m Total time 0.18988037109375
[32m[Pascal][0m Cores: 2 Input: 2 
[32m[Pascal][0m Total time 0.7161417007446289
[32m[Pascal][0m Total time 0.7162928581237793
[32m[Pascal][0m Total time 0.7166883945465088
[32m[Pascal][0m Total time 0.7175724506378174
[32m[Pascal][0m Total time 0.7157666683197021
[32m[Pascal][0m Total time 0.718130350112915
[32m[Pascal][0m Total time 0.7168879508972168
[32m[Pascal][0m Total time 0.7173888683319092
[32m[Pascal][0m Total time 0.7169625759124756
[32m[Pascal][0m Total time 0.7159433364868164
[32m[Pascal][0m Cores: 2 Input: 3 
[32m[Pascal][0m Total time 2.807495355606079
[32m[Pascal][0m Total time 2.8088552951812744
[32m[Pascal][0m Total time 2.8097314834594727
[32m[Pascal][0m Total time 2.8123703002929688
[32m[Pascal][0m Total time 2.812526226043701
[32m[Pascal][0m Total time 2.8087077140808105
[32m[Pascal][0m Total time 2.8115029335021973
[32m[Pascal][0m Total time 2.8099608421325684
[32m[Pascal][0m Total time 2.809203624725342
[32m[Pascal][0m Total time 2.810246706008911
[32m[Pascal][0m Cores: 1 Input: 0 
[32m[Pascal][0m Total time 0.10134482383728027
[32m[Pascal][0m Total time 0.10070633888244629
[32m[Pascal][0m Total time 0.10112714767456055
[32m[Pascal][0m Total time 0.10032105445861816
[32m[Pascal][0m Total time 0.10167813301086426
[32m[Pascal][0m Total time 0.10042834281921387
[32m[Pascal][0m Total time 0.09993982315063477
[32m[Pascal][0m Total time 0.09998345375061035
[32m[Pascal][0m Total time 0.10105586051940918
[32m[Pascal][0m Total time 0.10036110877990723
[32m[Pascal][0m Cores: 1 Input: 1 
[32m[Pascal][0m Total time 0.3535172939300537
[32m[Pascal][0m Total time 0.3531496524810791
[32m[Pascal][0m Total time 0.35379981994628906
[32m[Pascal][0m Total time 0.35401034355163574
[32m[Pascal][0m Total time 0.3533766269683838
[32m[Pascal][0m Total time 0.3532721996307373
[32m[Pascal][0m Total time 0.35354137420654297
[32m[Pascal][0m Total time 0.37539005279541016
[32m[Pascal][0m Total time 0.35409069061279297
[32m[Pascal][0m Total time 0.3535122871398926
[32m[Pascal][0m Cores: 1 Input: 2 
[32m[Pascal][0m Total time 1.380004644393921
[32m[Pascal][0m Total time 1.3752970695495605
[32m[Pascal][0m Total time 1.37565016746521
[32m[Pascal][0m Total time 1.3749651908874512
[32m[Pascal][0m Total time 1.3757922649383545
[32m[Pascal][0m Total time 1.3763015270233154
[32m[Pascal][0m Total time 1.3747503757476807
[32m[Pascal][0m Total time 1.3748753070831299
[32m[Pascal][0m Total time 1.3749489784240723
[32m[Pascal][0m Total time 1.3743598461151123
[32m[Pascal][0m Cores: 1 Input: 3 
[32m[Pascal][0m Total time 5.471334934234619
[32m[Pascal][0m Total time 5.471355199813843
[32m[Pascal][0m Total time 5.494904279708862
[32m[Pascal][0m Total time 5.470836877822876
[32m[Pascal][0m Total time 5.470983028411865
[32m[Pascal][0m Total time 5.468990325927734
[32m[Pascal][0m Total time 5.468449115753174
[32m[Pascal][0m Total time 5.4713335037231445
[32m[Pascal][0m Total time 5.470327854156494
[32m[Pascal][0m Total time 5.502699613571167
[32m[Pascal][0m ***** Done! *****
[32m[Pascal][0m Saving data
