[32m[Pascal][0m Running with ['cores', 'input', 'repetitions']
[32m[Pascal][0m Cores: 128 Input: 0 
[32m[Pascal][0m Total time 0.031244993209838867
[32m[Pascal][0m Total time 0.028696060180664062
[32m[Pascal][0m Total time 0.02895355224609375
[32m[Pascal][0m Total time 0.028749465942382812
[32m[Pascal][0m Total time 0.028825759887695312
[32m[Pascal][0m Total time 0.02761363983154297
[32m[Pascal][0m Total time 0.02748727798461914
[32m[Pascal][0m Total time 0.029314517974853516
[32m[Pascal][0m Total time 0.027342796325683594
[32m[Pascal][0m Total time 0.027585268020629883
[32m[Pascal][0m Cores: 128 Input: 1 
[32m[Pascal][0m Total time 0.05923008918762207
[32m[Pascal][0m Total time 0.058573246002197266
[32m[Pascal][0m Total time 0.060750484466552734
[32m[Pascal][0m Total time 0.05967068672180176
[32m[Pascal][0m Total time 0.060280799865722656
[32m[Pascal][0m Total time 0.05991649627685547
[32m[Pascal][0m Total time 0.05829000473022461
[32m[Pascal][0m Total time 0.06270670890808105
[32m[Pascal][0m Total time 0.05763602256774902
[32m[Pascal][0m Total time 0.060961246490478516
[32m[Pascal][0m Cores: 128 Input: 2 
[32m[Pascal][0m Total time 0.1466078758239746
[32m[Pascal][0m Total time 0.15017247200012207
[32m[Pascal][0m Total time 0.14896178245544434
[32m[Pascal][0m Total time 0.15104985237121582
[32m[Pascal][0m Total time 0.1512751579284668
[32m[Pascal][0m Total time 0.15056419372558594
[32m[Pascal][0m Total time 0.15123772621154785
[32m[Pascal][0m Total time 0.1499333381652832
[32m[Pascal][0m Total time 0.15419983863830566
[32m[Pascal][0m Total time 0.14992761611938477
[32m[Pascal][0m Cores: 128 Input: 3 
[32m[Pascal][0m Total time 0.4962904453277588
[32m[Pascal][0m Total time 0.49890851974487305
[32m[Pascal][0m Total time 0.5011487007141113
[32m[Pascal][0m Total time 0.5012979507446289
[32m[Pascal][0m Total time 0.501054048538208
[32m[Pascal][0m Total time 0.4999885559082031
[32m[Pascal][0m Total time 0.5018432140350342
[32m[Pascal][0m Total time 0.5027790069580078
[32m[Pascal][0m Total time 0.5020623207092285
[32m[Pascal][0m Total time 0.501255989074707
[32m[Pascal][0m Cores: 64 Input: 0 
[32m[Pascal][0m Total time 0.03322577476501465
[32m[Pascal][0m Total time 0.03147459030151367
[32m[Pascal][0m Total time 0.033220767974853516
[32m[Pascal][0m Total time 0.032929182052612305
[32m[Pascal][0m Total time 0.030650854110717773
[32m[Pascal][0m Total time 0.06233072280883789
[32m[Pascal][0m Total time 0.03104877471923828
[32m[Pascal][0m Total time 0.030837059020996094
[32m[Pascal][0m Total time 0.030819177627563477
[32m[Pascal][0m Total time 0.03042769432067871
[32m[Pascal][0m Cores: 64 Input: 1 
[32m[Pascal][0m Total time 0.07131004333496094
[32m[Pascal][0m Total time 0.07085800170898438
[32m[Pascal][0m Total time 0.06955766677856445
[32m[Pascal][0m Total time 0.07105779647827148
[32m[Pascal][0m Total time 0.06863927841186523
[32m[Pascal][0m Total time 0.06929755210876465
[32m[Pascal][0m Total time 0.0701899528503418
[32m[Pascal][0m Total time 0.06943893432617188
[32m[Pascal][0m Total time 0.07006311416625977
[32m[Pascal][0m Total time 0.06961846351623535
[32m[Pascal][0m Cores: 64 Input: 2 
[32m[Pascal][0m Total time 0.22356796264648438
[32m[Pascal][0m Total time 0.22386479377746582
[32m[Pascal][0m Total time 0.22311663627624512
[32m[Pascal][0m Total time 0.22372794151306152
[32m[Pascal][0m Total time 0.22427868843078613
[32m[Pascal][0m Total time 0.22301268577575684
[32m[Pascal][0m Total time 0.22503995895385742
[32m[Pascal][0m Total time 0.2234792709350586
[32m[Pascal][0m Total time 0.2240128517150879
[32m[Pascal][0m Total time 0.22416019439697266
[32m[Pascal][0m Cores: 64 Input: 3 
[32m[Pascal][0m Total time 0.80572509765625
[32m[Pascal][0m Total time 0.8016691207885742
[32m[Pascal][0m Total time 0.8029098510742188
[32m[Pascal][0m Total time 0.8138563632965088
[32m[Pascal][0m Total time 0.8035974502563477
[32m[Pascal][0m Total time 0.803168535232544
[32m[Pascal][0m Total time 0.8023107051849365
[32m[Pascal][0m Total time 0.8030035495758057
[32m[Pascal][0m Total time 0.8022069931030273
[32m[Pascal][0m Total time 0.8035361766815186
[32m[Pascal][0m Cores: 32 Input: 0 
[32m[Pascal][0m Total time 0.0382695198059082
[32m[Pascal][0m Total time 0.03984379768371582
[32m[Pascal][0m Total time 0.03772616386413574
[32m[Pascal][0m Total time 0.03708338737487793
[32m[Pascal][0m Total time 0.03889179229736328
[32m[Pascal][0m Total time 0.037665367126464844
[32m[Pascal][0m Total time 0.03774404525756836
[32m[Pascal][0m Total time 0.03866386413574219
[32m[Pascal][0m Total time 0.03612971305847168
[32m[Pascal][0m Total time 0.03803205490112305
[32m[Pascal][0m Cores: 32 Input: 1 
[32m[Pascal][0m Total time 0.1068267822265625
[32m[Pascal][0m Total time 0.10882711410522461
[32m[Pascal][0m Total time 0.10904598236083984
[32m[Pascal][0m Total time 0.10836148262023926
[32m[Pascal][0m Total time 0.1073458194732666
[32m[Pascal][0m Total time 0.10747599601745605
[32m[Pascal][0m Total time 0.10734081268310547
[32m[Pascal][0m Total time 0.10946893692016602
[32m[Pascal][0m Total time 0.10898613929748535
[32m[Pascal][0m Total time 0.10889887809753418
[32m[Pascal][0m Cores: 32 Input: 2 
[32m[Pascal][0m Total time 0.37718749046325684
[32m[Pascal][0m Total time 0.44287729263305664
[32m[Pascal][0m Total time 0.3779306411743164
[32m[Pascal][0m Total time 0.37776684761047363
[32m[Pascal][0m Total time 0.37786006927490234
[32m[Pascal][0m Total time 0.3768727779388428
[32m[Pascal][0m Total time 0.37694668769836426
[32m[Pascal][0m Total time 0.37723851203918457
[32m[Pascal][0m Total time 0.37721967697143555
[32m[Pascal][0m Total time 0.3792262077331543
[32m[Pascal][0m Cores: 32 Input: 3 
[32m[Pascal][0m Total time 1.426192283630371
[32m[Pascal][0m Total time 1.4284131526947021
[32m[Pascal][0m Total time 1.427718162536621
[32m[Pascal][0m Total time 1.4282655715942383
[32m[Pascal][0m Total time 1.4292864799499512
[32m[Pascal][0m Total time 1.427210807800293
[32m[Pascal][0m Total time 1.4297657012939453
[32m[Pascal][0m Total time 1.4284775257110596
[32m[Pascal][0m Total time 1.4263174533843994
[32m[Pascal][0m Total time 1.4261338710784912
[32m[Pascal][0m Cores: 16 Input: 0 
[32m[Pascal][0m Total time 0.05864667892456055
[32m[Pascal][0m Total time 0.055556535720825195
[32m[Pascal][0m Total time 0.056381940841674805
[32m[Pascal][0m Total time 0.05547285079956055
[32m[Pascal][0m Total time 0.05584383010864258
[32m[Pascal][0m Total time 0.055297136306762695
[32m[Pascal][0m Total time 0.05460238456726074
[32m[Pascal][0m Total time 0.05603599548339844
[32m[Pascal][0m Total time 0.05444598197937012
[32m[Pascal][0m Total time 0.05470681190490723
[32m[Pascal][0m Cores: 16 Input: 1 
[32m[Pascal][0m Total time 0.18231654167175293
[32m[Pascal][0m Total time 0.18199658393859863
[32m[Pascal][0m Total time 0.18265342712402344
[32m[Pascal][0m Total time 0.1820383071899414
[32m[Pascal][0m Total time 0.18211627006530762
[32m[Pascal][0m Total time 0.18210721015930176
[32m[Pascal][0m Total time 0.18230724334716797
[32m[Pascal][0m Total time 0.18224549293518066
[32m[Pascal][0m Total time 0.1829357147216797
[32m[Pascal][0m Total time 0.18271636962890625
[32m[Pascal][0m Cores: 16 Input: 2 
[32m[Pascal][0m Total time 0.6892342567443848
[32m[Pascal][0m Total time 0.6898186206817627
[32m[Pascal][0m Total time 0.6907567977905273
[32m[Pascal][0m Total time 0.6915411949157715
[32m[Pascal][0m Total time 0.6922259330749512
[32m[Pascal][0m Total time 0.6898117065429688
[32m[Pascal][0m Total time 0.6899595260620117
[32m[Pascal][0m Total time 0.6921689510345459
[32m[Pascal][0m Total time 0.6903553009033203
[32m[Pascal][0m Total time 0.6897759437561035
[32m[Pascal][0m Cores: 16 Input: 3 
[32m[Pascal][0m Total time 2.681443214416504
[32m[Pascal][0m Total time 2.6803667545318604
[32m[Pascal][0m Total time 2.7530765533447266
[32m[Pascal][0m Total time 2.6819443702697754
[32m[Pascal][0m Total time 2.6825695037841797
[32m[Pascal][0m Total time 2.68082594871521
[32m[Pascal][0m Total time 2.6806328296661377
[32m[Pascal][0m Total time 2.680929660797119
[32m[Pascal][0m Total time 2.6807048320770264
[32m[Pascal][0m Total time 2.682760000228882
[32m[Pascal][0m Cores: 8 Input: 0 
[32m[Pascal][0m Total time 0.09453678131103516
[32m[Pascal][0m Total time 0.09278678894042969
[32m[Pascal][0m Total time 0.09490227699279785
[32m[Pascal][0m Total time 0.09312248229980469
[32m[Pascal][0m Total time 0.09296131134033203
[32m[Pascal][0m Total time 0.09237909317016602
[32m[Pascal][0m Total time 0.09284353256225586
[32m[Pascal][0m Total time 0.09248161315917969
[32m[Pascal][0m Total time 0.0926828384399414
[32m[Pascal][0m Total time 0.0926511287689209
[32m[Pascal][0m Cores: 8 Input: 1 
[32m[Pascal][0m Total time 0.3397972583770752
[32m[Pascal][0m Total time 0.3399038314819336
[32m[Pascal][0m Total time 0.3404123783111572
[32m[Pascal][0m Total time 0.3397533893585205
[32m[Pascal][0m Total time 0.3393433094024658
[32m[Pascal][0m Total time 0.33930063247680664
[32m[Pascal][0m Total time 0.3392059803009033
[32m[Pascal][0m Total time 0.3401494026184082
[32m[Pascal][0m Total time 0.3403942584991455
[32m[Pascal][0m Total time 0.3400561809539795
[32m[Pascal][0m Cores: 8 Input: 2 
[32m[Pascal][0m Total time 1.3169000148773193
[32m[Pascal][0m Total time 1.3161005973815918
[32m[Pascal][0m Total time 1.3192479610443115
[32m[Pascal][0m Total time 1.319239616394043
[32m[Pascal][0m Total time 1.316873550415039
[32m[Pascal][0m Total time 1.3161351680755615
[32m[Pascal][0m Total time 1.3192636966705322
[32m[Pascal][0m Total time 1.3159818649291992
[32m[Pascal][0m Total time 1.3183531761169434
[32m[Pascal][0m Total time 1.3207237720489502
[32m[Pascal][0m Cores: 8 Input: 3 
[32m[Pascal][0m Total time 5.19211483001709
[32m[Pascal][0m Total time 5.264700412750244
[32m[Pascal][0m Total time 5.188711404800415
[32m[Pascal][0m Total time 5.19265604019165
[32m[Pascal][0m Total time 5.18889307975769
[32m[Pascal][0m Total time 5.190969944000244
[32m[Pascal][0m Total time 5.192443609237671
[32m[Pascal][0m Total time 5.190237760543823
[32m[Pascal][0m Total time 5.188866853713989
[32m[Pascal][0m Total time 5.191936016082764
[32m[Pascal][0m Cores: 4 Input: 0 
[32m[Pascal][0m Total time 0.17141008377075195
[32m[Pascal][0m Total time 0.17158174514770508
[32m[Pascal][0m Total time 0.17131733894348145
[32m[Pascal][0m Total time 0.17140460014343262
[32m[Pascal][0m Total time 0.17163634300231934
[32m[Pascal][0m Total time 0.1711888313293457
[32m[Pascal][0m Total time 0.17266535758972168
[32m[Pascal][0m Total time 0.17161083221435547
[32m[Pascal][0m Total time 0.17125535011291504
[32m[Pascal][0m Total time 0.1712203025817871
[32m[Pascal][0m Cores: 4 Input: 1 
[32m[Pascal][0m Total time 0.6528773307800293
[32m[Pascal][0m Total time 0.652482271194458
[32m[Pascal][0m Total time 0.6520323753356934
[32m[Pascal][0m Total time 0.6519310474395752
[32m[Pascal][0m Total time 0.6523942947387695
[32m[Pascal][0m Total time 0.6526987552642822
[32m[Pascal][0m Total time 0.6521801948547363
[32m[Pascal][0m Total time 0.6525008678436279
[32m[Pascal][0m Total time 0.6527407169342041
[32m[Pascal][0m Total time 0.6518728733062744
[32m[Pascal][0m Cores: 4 Input: 2 
[32m[Pascal][0m Total time 2.570751428604126
[32m[Pascal][0m Total time 2.572378635406494
[32m[Pascal][0m Total time 2.5720996856689453
[32m[Pascal][0m Total time 2.5716159343719482
[32m[Pascal][0m Total time 2.5715103149414062
[32m[Pascal][0m Total time 2.572122812271118
[32m[Pascal][0m Total time 2.573234796524048
[32m[Pascal][0m Total time 2.5717029571533203
[32m[Pascal][0m Total time 2.572383403778076
[32m[Pascal][0m Total time 2.572920083999634
[32m[Pascal][0m Cores: 4 Input: 3 
[32m[Pascal][0m Total time 10.217109441757202
[32m[Pascal][0m Total time 10.217547416687012
[32m[Pascal][0m Total time 10.216940641403198
[32m[Pascal][0m Total time 10.215996980667114
[32m[Pascal][0m Total time 10.21595573425293
[32m[Pascal][0m Total time 10.326313257217407
[32m[Pascal][0m Total time 10.221552610397339
[32m[Pascal][0m Total time 10.218579292297363
[32m[Pascal][0m Total time 10.222573041915894
[32m[Pascal][0m Total time 10.215583324432373
[32m[Pascal][0m Cores: 2 Input: 0 
[32m[Pascal][0m Total time 0.327716588973999
[32m[Pascal][0m Total time 0.32604074478149414
[32m[Pascal][0m Total time 0.32644224166870117
[32m[Pascal][0m Total time 0.3259246349334717
[32m[Pascal][0m Total time 0.325669527053833
[32m[Pascal][0m Total time 0.3264768123626709
[32m[Pascal][0m Total time 0.32579874992370605
[32m[Pascal][0m Total time 0.3259303569793701
[32m[Pascal][0m Total time 0.3259601593017578
[32m[Pascal][0m Total time 0.325641393661499
[32m[Pascal][0m Cores: 2 Input: 1 
[32m[Pascal][0m Total time 1.2764108180999756
[32m[Pascal][0m Total time 1.2757532596588135
[32m[Pascal][0m Total time 1.2767446041107178
[32m[Pascal][0m Total time 1.2760305404663086
[32m[Pascal][0m Total time 1.2776226997375488
[32m[Pascal][0m Total time 1.276409387588501
[32m[Pascal][0m Total time 1.275573492050171
[32m[Pascal][0m Total time 1.2768089771270752
[32m[Pascal][0m Total time 1.2751765251159668
[32m[Pascal][0m Total time 1.275965690612793
[32m[Pascal][0m Cores: 2 Input: 2 
[32m[Pascal][0m Total time 5.0813679695129395
[32m[Pascal][0m Total time 5.087903261184692
[32m[Pascal][0m Total time 5.084359645843506
[32m[Pascal][0m Total time 5.083987474441528
[32m[Pascal][0m Total time 5.083966255187988
[32m[Pascal][0m Total time 5.0844409465789795
[32m[Pascal][0m Total time 5.082314729690552
[32m[Pascal][0m Total time 5.0812764167785645
[32m[Pascal][0m Total time 5.081744909286499
[32m[Pascal][0m Total time 5.085151433944702
[32m[Pascal][0m Cores: 2 Input: 3 
[32m[Pascal][0m Total time 20.274252891540527
[32m[Pascal][0m Total time 20.37771964073181
[32m[Pascal][0m Total time 20.271549224853516
[32m[Pascal][0m Total time 20.27493643760681
[32m[Pascal][0m Total time 20.342909812927246
[32m[Pascal][0m Total time 20.269636392593384
[32m[Pascal][0m Total time 20.276766061782837
[32m[Pascal][0m Total time 20.285481214523315
[32m[Pascal][0m Total time 20.292430639266968
[32m[Pascal][0m Total time 20.267266750335693
[32m[Pascal][0m Cores: 1 Input: 0 
[32m[Pascal][0m Total time 0.634411096572876
[32m[Pascal][0m Total time 0.6338841915130615
[32m[Pascal][0m Total time 0.6327300071716309
[32m[Pascal][0m Total time 0.6328029632568359
[32m[Pascal][0m Total time 0.6329257488250732
[32m[Pascal][0m Total time 0.6325044631958008
[32m[Pascal][0m Total time 0.6337056159973145
[32m[Pascal][0m Total time 0.6326580047607422
[32m[Pascal][0m Total time 0.6327712535858154
[32m[Pascal][0m Total time 0.632612943649292
[32m[Pascal][0m Cores: 1 Input: 1 
[32m[Pascal][0m Total time 2.5212574005126953
[32m[Pascal][0m Total time 2.5198428630828857
[32m[Pascal][0m Total time 2.521378755569458
[32m[Pascal][0m Total time 2.5217032432556152
[32m[Pascal][0m Total time 2.5254805088043213
[32m[Pascal][0m Total time 2.521289348602295
[32m[Pascal][0m Total time 2.5194344520568848
[32m[Pascal][0m Total time 2.523108959197998
[32m[Pascal][0m Total time 2.5219228267669678
[32m[Pascal][0m Total time 2.519028902053833
[32m[Pascal][0m Cores: 1 Input: 2 
[32m[Pascal][0m Total time 10.105491638183594
[32m[Pascal][0m Total time 10.10405707359314
[32m[Pascal][0m Total time 10.105329036712646
[32m[Pascal][0m Total time 10.105260372161865
[32m[Pascal][0m Total time 10.105406999588013
[32m[Pascal][0m Total time 10.10480284690857
[32m[Pascal][0m Total time 10.107271194458008
[32m[Pascal][0m Total time 10.111478805541992
[32m[Pascal][0m Total time 10.103101015090942
[32m[Pascal][0m Total time 10.106118202209473
[32m[Pascal][0m Cores: 1 Input: 3 
[32m[Pascal][0m Total time 40.73069357872009
[32m[Pascal][0m Total time 40.46282958984375
[32m[Pascal][0m Total time 40.60556101799011
[32m[Pascal][0m Total time 40.381120681762695
[32m[Pascal][0m Total time 40.491331577301025
[32m[Pascal][0m Total time 40.37979745864868
[32m[Pascal][0m Total time 40.54417538642883
[32m[Pascal][0m Total time 40.612656116485596
[32m[Pascal][0m Total time 40.38055348396301
[32m[Pascal][0m Total time 40.40977430343628
[32m[Pascal][0m ***** Done! *****
[32m[Pascal][0m Saving data
