[32m[Pascal][0m Running with ['cores', 'input', 'repetitions']
[32m[Pascal][0m Cores: 128 Input: 0 
[32m[Pascal][0m Total time 0.06851887702941895
[32m[Pascal][0m Total time 0.06685757637023926
[32m[Pascal][0m Total time 0.06596183776855469
[32m[Pascal][0m Total time 0.06663370132446289
[32m[Pascal][0m Total time 0.06669473648071289
[32m[Pascal][0m Total time 0.06708002090454102
[32m[Pascal][0m Total time 0.06654763221740723
[32m[Pascal][0m Total time 0.06645369529724121
[32m[Pascal][0m Total time 0.06641411781311035
[32m[Pascal][0m Total time 0.06657958030700684
[32m[Pascal][0m Cores: 128 Input: 1 
[32m[Pascal][0m Total time 0.1893916130065918
[32m[Pascal][0m Total time 0.18961620330810547
[32m[Pascal][0m Total time 0.18921470642089844
[32m[Pascal][0m Total time 0.18827223777770996
[32m[Pascal][0m Total time 0.18944811820983887
[32m[Pascal][0m Total time 0.19079804420471191
[32m[Pascal][0m Total time 0.18989086151123047
[32m[Pascal][0m Total time 0.1889936923980713
[32m[Pascal][0m Total time 0.1881580352783203
[32m[Pascal][0m Total time 0.18857574462890625
[32m[Pascal][0m Cores: 128 Input: 2 
[32m[Pascal][0m Total time 0.6598324775695801
[32m[Pascal][0m Total time 0.6618304252624512
[32m[Pascal][0m Total time 0.6614634990692139
[32m[Pascal][0m Total time 0.6632475852966309
[32m[Pascal][0m Total time 0.6621999740600586
[32m[Pascal][0m Total time 0.6622834205627441
[32m[Pascal][0m Total time 0.6608710289001465
[32m[Pascal][0m Total time 0.6619055271148682
[32m[Pascal][0m Total time 0.6625773906707764
[32m[Pascal][0m Total time 0.66274094581604
[32m[Pascal][0m Cores: 128 Input: 3 
[32m[Pascal][0m Total time 2.470775842666626
[32m[Pascal][0m Total time 2.479027509689331
[32m[Pascal][0m Total time 2.4798316955566406
[32m[Pascal][0m Total time 2.4794914722442627
[32m[Pascal][0m Total time 2.4831809997558594
[32m[Pascal][0m Total time 2.4815115928649902
[32m[Pascal][0m Total time 2.4804584980010986
[32m[Pascal][0m Total time 2.480588912963867
[32m[Pascal][0m Total time 2.481113910675049
[32m[Pascal][0m Total time 2.478501558303833
[32m[Pascal][0m Cores: 64 Input: 0 
[32m[Pascal][0m Total time 0.09764409065246582
[32m[Pascal][0m Total time 0.09708142280578613
[32m[Pascal][0m Total time 0.09498000144958496
[32m[Pascal][0m Total time 0.09563422203063965
[32m[Pascal][0m Total time 0.09582042694091797
[32m[Pascal][0m Total time 0.11562943458557129
[32m[Pascal][0m Total time 0.09644770622253418
[32m[Pascal][0m Total time 0.09499645233154297
[32m[Pascal][0m Total time 0.09587764739990234
[32m[Pascal][0m Total time 0.09648680686950684
[32m[Pascal][0m Cores: 64 Input: 1 
[32m[Pascal][0m Total time 0.3254997730255127
[32m[Pascal][0m Total time 0.3250408172607422
[32m[Pascal][0m Total time 0.3255908489227295
[32m[Pascal][0m Total time 0.325547456741333
[32m[Pascal][0m Total time 0.3254985809326172
[32m[Pascal][0m Total time 0.3263733386993408
[32m[Pascal][0m Total time 0.3255763053894043
[32m[Pascal][0m Total time 0.32559633255004883
[32m[Pascal][0m Total time 0.3254892826080322
[32m[Pascal][0m Total time 0.3247950077056885
[32m[Pascal][0m Cores: 64 Input: 2 
[32m[Pascal][0m Total time 1.2105238437652588
[32m[Pascal][0m Total time 1.2093102931976318
[32m[Pascal][0m Total time 1.2115275859832764
[32m[Pascal][0m Total time 1.2107462882995605
[32m[Pascal][0m Total time 1.210533618927002
[32m[Pascal][0m Total time 1.211435317993164
[32m[Pascal][0m Total time 1.2104346752166748
[32m[Pascal][0m Total time 1.211195945739746
[32m[Pascal][0m Total time 1.2102222442626953
[32m[Pascal][0m Total time 1.2098395824432373
[32m[Pascal][0m Cores: 64 Input: 3 
[32m[Pascal][0m Total time 4.675214767456055
[32m[Pascal][0m Total time 4.676353931427002
[32m[Pascal][0m Total time 4.67587685585022
[32m[Pascal][0m Total time 4.673816919326782
[32m[Pascal][0m Total time 4.672496318817139
[32m[Pascal][0m Total time 4.677057266235352
[32m[Pascal][0m Total time 4.678606271743774
[32m[Pascal][0m Total time 4.676358461380005
[32m[Pascal][0m Total time 4.676555633544922
[32m[Pascal][0m Total time 4.674845218658447
[32m[Pascal][0m Cores: 32 Input: 0 
[32m[Pascal][0m Total time 0.18395686149597168
[32m[Pascal][0m Total time 0.1678926944732666
[32m[Pascal][0m Total time 0.1661536693572998
[32m[Pascal][0m Total time 0.1645219326019287
[32m[Pascal][0m Total time 0.16490411758422852
[32m[Pascal][0m Total time 0.1658625602722168
[32m[Pascal][0m Total time 0.16475224494934082
[32m[Pascal][0m Total time 0.16411972045898438
[32m[Pascal][0m Total time 0.16268181800842285
[32m[Pascal][0m Total time 0.16254258155822754
[32m[Pascal][0m Cores: 32 Input: 1 
[32m[Pascal][0m Total time 0.6006994247436523
[32m[Pascal][0m Total time 0.6018538475036621
[32m[Pascal][0m Total time 0.6005921363830566
[32m[Pascal][0m Total time 0.5994918346405029
[32m[Pascal][0m Total time 0.6023590564727783
[32m[Pascal][0m Total time 0.603182315826416
[32m[Pascal][0m Total time 0.602663516998291
[32m[Pascal][0m Total time 0.6015424728393555
[32m[Pascal][0m Total time 0.6005351543426514
[32m[Pascal][0m Total time 0.6017446517944336
[32m[Pascal][0m Cores: 32 Input: 2 
[32m[Pascal][0m Total time 2.3151938915252686
[32m[Pascal][0m Total time 2.3458075523376465
[32m[Pascal][0m Total time 2.3107783794403076
[32m[Pascal][0m Total time 2.312641143798828
[32m[Pascal][0m Total time 2.3117518424987793
[32m[Pascal][0m Total time 2.3123891353607178
[32m[Pascal][0m Total time 2.3129935264587402
[32m[Pascal][0m Total time 2.312788486480713
[32m[Pascal][0m Total time 2.311939001083374
[32m[Pascal][0m Total time 2.311990737915039
[32m[Pascal][0m Cores: 32 Input: 3 
[32m[Pascal][0m Total time 9.128031015396118
[32m[Pascal][0m Total time 9.129439353942871
[32m[Pascal][0m Total time 9.130208015441895
[32m[Pascal][0m Total time 9.130651235580444
[32m[Pascal][0m Total time 9.130179405212402
[32m[Pascal][0m Total time 9.129982948303223
[32m[Pascal][0m Total time 9.134514331817627
[32m[Pascal][0m Total time 9.130918264389038
[32m[Pascal][0m Total time 9.134878396987915
[32m[Pascal][0m Total time 9.13063383102417
[32m[Pascal][0m Cores: 16 Input: 0 
[32m[Pascal][0m Total time 0.30539488792419434
[32m[Pascal][0m Total time 0.30527544021606445
[32m[Pascal][0m Total time 0.30231332778930664
[32m[Pascal][0m Total time 0.3012714385986328
[32m[Pascal][0m Total time 0.3031783103942871
[32m[Pascal][0m Total time 0.3034331798553467
[32m[Pascal][0m Total time 0.30301451683044434
[32m[Pascal][0m Total time 0.30162596702575684
[32m[Pascal][0m Total time 0.3008697032928467
[32m[Pascal][0m Total time 0.3178410530090332
[32m[Pascal][0m Cores: 16 Input: 1 
[32m[Pascal][0m Total time 1.1500742435455322
[32m[Pascal][0m Total time 1.1523518562316895
[32m[Pascal][0m Total time 1.1534836292266846
[32m[Pascal][0m Total time 1.1544189453125
[32m[Pascal][0m Total time 1.1527924537658691
[32m[Pascal][0m Total time 1.1517579555511475
[32m[Pascal][0m Total time 1.1519629955291748
[32m[Pascal][0m Total time 1.151862621307373
[32m[Pascal][0m Total time 1.1515374183654785
[32m[Pascal][0m Total time 1.152524471282959
[32m[Pascal][0m Cores: 16 Input: 2 
[32m[Pascal][0m Total time 4.537270545959473
[32m[Pascal][0m Total time 4.5372443199157715
[32m[Pascal][0m Total time 4.5392913818359375
[32m[Pascal][0m Total time 4.5372314453125
[32m[Pascal][0m Total time 4.537557125091553
[32m[Pascal][0m Total time 4.536816596984863
[32m[Pascal][0m Total time 4.539211750030518
[32m[Pascal][0m Total time 4.537020683288574
[32m[Pascal][0m Total time 4.54008936882019
[32m[Pascal][0m Total time 4.537858247756958
[32m[Pascal][0m Cores: 16 Input: 3 
[32m[Pascal][0m Total time 18.039713621139526
[32m[Pascal][0m Total time 18.039432764053345
[32m[Pascal][0m Total time 18.09977078437805
[32m[Pascal][0m Total time 18.036919116973877
[32m[Pascal][0m Total time 18.03386354446411
[32m[Pascal][0m Total time 18.033170700073242
[32m[Pascal][0m Total time 18.034323692321777
[32m[Pascal][0m Total time 18.042889833450317
[32m[Pascal][0m Total time 18.035025596618652
[32m[Pascal][0m Total time 18.029299020767212
[32m[Pascal][0m Cores: 8 Input: 0 
[32m[Pascal][0m Total time 0.5808553695678711
[32m[Pascal][0m Total time 0.5817549228668213
[32m[Pascal][0m Total time 0.5790746212005615
[32m[Pascal][0m Total time 0.5794978141784668
[32m[Pascal][0m Total time 0.5785815715789795
[32m[Pascal][0m Total time 0.5792922973632812
[32m[Pascal][0m Total time 0.5795118808746338
[32m[Pascal][0m Total time 0.5792431831359863
[32m[Pascal][0m Total time 0.5793924331665039
[32m[Pascal][0m Total time 0.5783112049102783
[32m[Pascal][0m Cores: 8 Input: 1 
[32m[Pascal][0m Total time 2.2620887756347656
[32m[Pascal][0m Total time 2.2682483196258545
[32m[Pascal][0m Total time 2.263046979904175
[32m[Pascal][0m Total time 2.262125015258789
[32m[Pascal][0m Total time 2.2638959884643555
[32m[Pascal][0m Total time 2.2615935802459717
[32m[Pascal][0m Total time 2.2626967430114746
[32m[Pascal][0m Total time 2.2648565769195557
[32m[Pascal][0m Total time 2.2613842487335205
[32m[Pascal][0m Total time 2.2640931606292725
[32m[Pascal][0m Cores: 8 Input: 2 
[32m[Pascal][0m Total time 8.999984502792358
[32m[Pascal][0m Total time 8.983508110046387
[32m[Pascal][0m Total time 8.98983907699585
[32m[Pascal][0m Total time 8.97739863395691
[32m[Pascal][0m Total time 8.977005243301392
[32m[Pascal][0m Total time 8.990479946136475
[32m[Pascal][0m Total time 8.976760149002075
[32m[Pascal][0m Total time 8.976453304290771
[32m[Pascal][0m Total time 8.979227066040039
[32m[Pascal][0m Total time 8.977548122406006
[32m[Pascal][0m Cores: 8 Input: 3 
[32m[Pascal][0m Total time 35.78775334358215
[32m[Pascal][0m Total time 35.83503770828247
[32m[Pascal][0m Total time 35.80838584899902
[32m[Pascal][0m Total time 35.81463074684143
[32m[Pascal][0m Total time 35.80649209022522
[32m[Pascal][0m Total time 35.791343450546265
[32m[Pascal][0m Total time 35.787556886672974
[32m[Pascal][0m Total time 35.80889678001404
[32m[Pascal][0m Total time 35.809139013290405
[32m[Pascal][0m Total time 35.80222225189209
[32m[Pascal][0m Cores: 4 Input: 0 
[32m[Pascal][0m Total time 1.132209300994873
[32m[Pascal][0m Total time 1.1327645778656006
[32m[Pascal][0m Total time 1.1330955028533936
[32m[Pascal][0m Total time 1.1342742443084717
[32m[Pascal][0m Total time 1.132580041885376
[32m[Pascal][0m Total time 1.1322598457336426
[32m[Pascal][0m Total time 1.132338285446167
[32m[Pascal][0m Total time 1.1324207782745361
[32m[Pascal][0m Total time 1.132171869277954
[32m[Pascal][0m Total time 1.1328272819519043
[32m[Pascal][0m Cores: 4 Input: 1 
[32m[Pascal][0m Total time 4.477166652679443
[32m[Pascal][0m Total time 4.477912425994873
[32m[Pascal][0m Total time 4.476598262786865
[32m[Pascal][0m Total time 4.502235412597656
[32m[Pascal][0m Total time 4.477885007858276
[32m[Pascal][0m Total time 4.485700368881226
[32m[Pascal][0m Total time 4.478121995925903
[32m[Pascal][0m Total time 4.476860761642456
[32m[Pascal][0m Total time 4.475860357284546
[32m[Pascal][0m Total time 4.47738790512085
[32m[Pascal][0m Cores: 4 Input: 2 
[32m[Pascal][0m Total time 17.87907338142395
[32m[Pascal][0m Total time 17.885491609573364
[32m[Pascal][0m Total time 17.856292963027954
[32m[Pascal][0m Total time 17.87302541732788
[32m[Pascal][0m Total time 17.891320943832397
[32m[Pascal][0m Total time 17.87282943725586
[32m[Pascal][0m Total time 17.880908012390137
[32m[Pascal][0m Total time 17.850568771362305
[32m[Pascal][0m Total time 17.85838031768799
[32m[Pascal][0m Total time 17.90189790725708
[32m[Pascal][0m Cores: 4 Input: 3 
[32m[Pascal][0m Total time 71.37489247322083
[32m[Pascal][0m Total time 71.38832116127014
[32m[Pascal][0m Total time 71.37036228179932
[32m[Pascal][0m Total time 71.37582087516785
[32m[Pascal][0m Total time 71.40301418304443
[32m[Pascal][0m Total time 71.35336804389954
[32m[Pascal][0m Total time 71.36331582069397
[32m[Pascal][0m Total time 71.48228073120117
[32m[Pascal][0m Total time 71.38689756393433
[32m[Pascal][0m Total time 71.41000533103943
[32m[Pascal][0m Cores: 2 Input: 0 
[32m[Pascal][0m Total time 2.2352375984191895
[32m[Pascal][0m Total time 2.257657289505005
[32m[Pascal][0m Total time 2.2343225479125977
[32m[Pascal][0m Total time 2.2356276512145996
[32m[Pascal][0m Total time 2.234769582748413
[32m[Pascal][0m Total time 2.2329835891723633
[32m[Pascal][0m Total time 2.234724521636963
[32m[Pascal][0m Total time 2.23404860496521
[32m[Pascal][0m Total time 2.2347874641418457
[32m[Pascal][0m Total time 2.2339961528778076
[32m[Pascal][0m Cores: 2 Input: 1 
[32m[Pascal][0m Total time 8.914463996887207
[32m[Pascal][0m Total time 8.952852487564087
[32m[Pascal][0m Total time 8.904706716537476
[32m[Pascal][0m Total time 8.905219793319702
[32m[Pascal][0m Total time 8.965430498123169
[32m[Pascal][0m Total time 8.929014444351196
[32m[Pascal][0m Total time 8.94371485710144
[32m[Pascal][0m Total time 8.907212734222412
[32m[Pascal][0m Total time 8.906722784042358
[32m[Pascal][0m Total time 8.904592275619507
[32m[Pascal][0m Cores: 2 Input: 2 
[32m[Pascal][0m Total time 35.65033411979675
[32m[Pascal][0m Total time 35.62350392341614
[32m[Pascal][0m Total time 35.64763069152832
[32m[Pascal][0m Total time 35.65680932998657
[32m[Pascal][0m Total time 35.62199854850769
[32m[Pascal][0m Total time 35.62239122390747
[32m[Pascal][0m Total time 35.616106271743774
[32m[Pascal][0m Total time 35.62329125404358
[32m[Pascal][0m Total time 35.782137393951416
[32m[Pascal][0m Total time 35.8270959854126
[32m[Pascal][0m Cores: 2 Input: 3 
[32m[Pascal][0m Total time 142.60134100914001
[32m[Pascal][0m Total time 142.49411392211914
[32m[Pascal][0m Total time 142.53031134605408
[32m[Pascal][0m Total time 142.54719519615173
[32m[Pascal][0m Total time 142.5176374912262
[32m[Pascal][0m Total time 142.55203580856323
[32m[Pascal][0m Total time 142.4637565612793
[32m[Pascal][0m Total time 142.58685493469238
[32m[Pascal][0m Total time 142.47735381126404
[32m[Pascal][0m Total time 142.519873380661
[32m[Pascal][0m Cores: 1 Input: 0 
[32m[Pascal][0m Total time 4.439645290374756
[32m[Pascal][0m Total time 4.4385316371917725
[32m[Pascal][0m Total time 4.43621301651001
[32m[Pascal][0m Total time 4.478469610214233
[32m[Pascal][0m Total time 4.438117504119873
[32m[Pascal][0m Total time 4.440475225448608
[32m[Pascal][0m Total time 4.436800003051758
[32m[Pascal][0m Total time 4.437288045883179
[32m[Pascal][0m Total time 4.44791579246521
[32m[Pascal][0m Total time 4.435730695724487
[32m[Pascal][0m Cores: 1 Input: 1 
[32m[Pascal][0m Total time 17.764881372451782
[32m[Pascal][0m Total time 17.7740740776062
[32m[Pascal][0m Total time 17.766148328781128
[32m[Pascal][0m Total time 17.764015674591064
[32m[Pascal][0m Total time 17.893847465515137
[32m[Pascal][0m Total time 17.850754022598267
[32m[Pascal][0m Total time 17.766124963760376
[32m[Pascal][0m Total time 17.76870036125183
[32m[Pascal][0m Total time 17.76369285583496
[32m[Pascal][0m Total time 17.8003671169281
[32m[Pascal][0m Cores: 1 Input: 2 
[32m[Pascal][0m Total time 71.25249552726746
[32m[Pascal][0m Total time 71.15567302703857
[32m[Pascal][0m Total time 71.14269971847534
[32m[Pascal][0m Total time 71.31336808204651
[32m[Pascal][0m Total time 71.16954517364502
[32m[Pascal][0m Total time 71.25792860984802
[32m[Pascal][0m Total time 71.16037917137146
[32m[Pascal][0m Total time 71.15422201156616
[32m[Pascal][0m Total time 71.21865749359131
[32m[Pascal][0m Total time 71.15566658973694
[32m[Pascal][0m Cores: 1 Input: 3 
[32m[Pascal][0m Total time 284.8506655693054
[32m[Pascal][0m Total time 285.11648964881897
[32m[Pascal][0m Total time 284.8412172794342
[32m[Pascal][0m Total time 284.8745856285095
[32m[Pascal][0m Total time 284.8795893192291
[32m[Pascal][0m Total time 284.8498396873474
[32m[Pascal][0m Total time 284.8358807563782
[32m[Pascal][0m Total time 284.8792884349823
[32m[Pascal][0m Total time 284.9107446670532
[32m[Pascal][0m Total time 284.87361550331116
[32m[Pascal][0m ***** Done! *****
[32m[Pascal][0m Saving data
