[32m[Pascal][0m Running with ['cores', 'input', 'repetitions']
[32m[Pascal][0m Cores: 128 Input: 0 
[32m[Pascal][0m Total time 0.10951709747314453
[32m[Pascal][0m Total time 0.10871434211730957
[32m[Pascal][0m Total time 0.10870504379272461
[32m[Pascal][0m Total time 0.10856294631958008
[32m[Pascal][0m Total time 0.10669636726379395
[32m[Pascal][0m Total time 0.10866761207580566
[32m[Pascal][0m Total time 0.10811209678649902
[32m[Pascal][0m Total time 0.10766983032226562
[32m[Pascal][0m Total time 0.10740947723388672
[32m[Pascal][0m Total time 0.10664892196655273
[32m[Pascal][0m Cores: 128 Input: 1 
[32m[Pascal][0m Total time 0.35245800018310547
[32m[Pascal][0m Total time 0.35203051567077637
[32m[Pascal][0m Total time 0.3523681163787842
[32m[Pascal][0m Total time 0.35137152671813965
[32m[Pascal][0m Total time 0.35365939140319824
[32m[Pascal][0m Total time 0.3520646095275879
[32m[Pascal][0m Total time 0.3537774085998535
[32m[Pascal][0m Total time 0.35288190841674805
[32m[Pascal][0m Total time 0.35283994674682617
[32m[Pascal][0m Total time 0.3539910316467285
[32m[Pascal][0m Cores: 128 Input: 2 
[32m[Pascal][0m Total time 1.285677194595337
[32m[Pascal][0m Total time 1.2868688106536865
[32m[Pascal][0m Total time 1.2870724201202393
[32m[Pascal][0m Total time 1.2887234687805176
[32m[Pascal][0m Total time 1.2879934310913086
[32m[Pascal][0m Total time 1.2991266250610352
[32m[Pascal][0m Total time 1.2875597476959229
[32m[Pascal][0m Total time 1.2881779670715332
[32m[Pascal][0m Total time 1.2862212657928467
[32m[Pascal][0m Total time 1.28810453414917
[32m[Pascal][0m Cores: 128 Input: 3 
[32m[Pascal][0m Total time 4.92732048034668
[32m[Pascal][0m Total time 4.925074338912964
[32m[Pascal][0m Total time 4.928956985473633
[32m[Pascal][0m Total time 4.9306252002716064
[32m[Pascal][0m Total time 4.927355051040649
[32m[Pascal][0m Total time 4.929399728775024
[32m[Pascal][0m Total time 4.930258750915527
[32m[Pascal][0m Total time 4.933450698852539
[32m[Pascal][0m Total time 4.928311824798584
[32m[Pascal][0m Total time 4.931048631668091
[32m[Pascal][0m Cores: 64 Input: 0 
[32m[Pascal][0m Total time 0.17891407012939453
[32m[Pascal][0m Total time 0.18048596382141113
[32m[Pascal][0m Total time 0.17923378944396973
[32m[Pascal][0m Total time 0.17652225494384766
[32m[Pascal][0m Total time 0.17833709716796875
[32m[Pascal][0m Total time 0.1898348331451416
[32m[Pascal][0m Total time 0.1776447296142578
[32m[Pascal][0m Total time 0.17827272415161133
[32m[Pascal][0m Total time 0.1775679588317871
[32m[Pascal][0m Total time 0.17791986465454102
[32m[Pascal][0m Cores: 64 Input: 1 
[32m[Pascal][0m Total time 0.6366794109344482
[32m[Pascal][0m Total time 0.6375515460968018
[32m[Pascal][0m Total time 0.637143611907959
[32m[Pascal][0m Total time 0.6374144554138184
[32m[Pascal][0m Total time 0.6369438171386719
[32m[Pascal][0m Total time 0.637474536895752
[32m[Pascal][0m Total time 0.6378262042999268
[32m[Pascal][0m Total time 0.6376221179962158
[32m[Pascal][0m Total time 0.6383392810821533
[32m[Pascal][0m Total time 0.6386158466339111
[32m[Pascal][0m Cores: 64 Input: 2 
[32m[Pascal][0m Total time 2.434626817703247
[32m[Pascal][0m Total time 2.4344444274902344
[32m[Pascal][0m Total time 2.4335596561431885
[32m[Pascal][0m Total time 2.4344680309295654
[32m[Pascal][0m Total time 2.434432029724121
[32m[Pascal][0m Total time 2.4336977005004883
[32m[Pascal][0m Total time 2.4334285259246826
[32m[Pascal][0m Total time 2.435051441192627
[32m[Pascal][0m Total time 2.4351389408111572
[32m[Pascal][0m Total time 2.4344708919525146
[32m[Pascal][0m Cores: 64 Input: 3 
[32m[Pascal][0m Total time 9.536163091659546
[32m[Pascal][0m Total time 9.531330347061157
[32m[Pascal][0m Total time 9.53667688369751
[32m[Pascal][0m Total time 9.531482219696045
[32m[Pascal][0m Total time 9.532625913619995
[32m[Pascal][0m Total time 9.529957294464111
[32m[Pascal][0m Total time 9.530699253082275
[32m[Pascal][0m Total time 9.532405853271484
[32m[Pascal][0m Total time 9.53272557258606
[32m[Pascal][0m Total time 9.528087377548218
[32m[Pascal][0m Cores: 32 Input: 0 
[32m[Pascal][0m Total time 0.32456302642822266
[32m[Pascal][0m Total time 0.32442307472229004
[32m[Pascal][0m Total time 0.3210489749908447
[32m[Pascal][0m Total time 0.3237879276275635
[32m[Pascal][0m Total time 0.3234550952911377
[32m[Pascal][0m Total time 0.32080817222595215
[32m[Pascal][0m Total time 0.32079482078552246
[32m[Pascal][0m Total time 0.32210588455200195
[32m[Pascal][0m Total time 0.32158756256103516
[32m[Pascal][0m Total time 0.3204312324523926
[32m[Pascal][0m Cores: 32 Input: 1 
[32m[Pascal][0m Total time 1.2143728733062744
[32m[Pascal][0m Total time 1.2149732112884521
[32m[Pascal][0m Total time 1.2153820991516113
[32m[Pascal][0m Total time 1.2134792804718018
[32m[Pascal][0m Total time 1.2137629985809326
[32m[Pascal][0m Total time 1.2152011394500732
[32m[Pascal][0m Total time 1.215378761291504
[32m[Pascal][0m Total time 1.2141225337982178
[32m[Pascal][0m Total time 1.2140119075775146
[32m[Pascal][0m Total time 1.2184767723083496
[32m[Pascal][0m Cores: 32 Input: 2 
[32m[Pascal][0m Total time 4.738653182983398
[32m[Pascal][0m Total time 4.736746549606323
[32m[Pascal][0m Total time 4.741326808929443
[32m[Pascal][0m Total time 4.745419263839722
[32m[Pascal][0m Total time 4.739798545837402
[32m[Pascal][0m Total time 4.7420430183410645
[32m[Pascal][0m Total time 4.737718343734741
[32m[Pascal][0m Total time 4.738063335418701
[32m[Pascal][0m Total time 4.738741874694824
[32m[Pascal][0m Total time 4.739167928695679
[32m[Pascal][0m Cores: 32 Input: 3 
[32m[Pascal][0m Total time 18.781858444213867
[32m[Pascal][0m Total time 18.78501272201538
[32m[Pascal][0m Total time 18.782318353652954
[32m[Pascal][0m Total time 18.78462862968445
[32m[Pascal][0m Total time 18.78578782081604
[32m[Pascal][0m Total time 18.790266513824463
[32m[Pascal][0m Total time 18.783916234970093
[32m[Pascal][0m Total time 18.7929105758667
[32m[Pascal][0m Total time 18.788936138153076
[32m[Pascal][0m Total time 18.7847421169281
[32m[Pascal][0m Cores: 16 Input: 0 
[32m[Pascal][0m Total time 0.6169023513793945
[32m[Pascal][0m Total time 0.6154317855834961
[32m[Pascal][0m Total time 0.6104757785797119
[32m[Pascal][0m Total time 0.6102006435394287
[32m[Pascal][0m Total time 0.6109156608581543
[32m[Pascal][0m Total time 0.6112120151519775
[32m[Pascal][0m Total time 0.6098878383636475
[32m[Pascal][0m Total time 0.6104683876037598
[32m[Pascal][0m Total time 0.6096532344818115
[32m[Pascal][0m Total time 0.6098663806915283
[32m[Pascal][0m Cores: 16 Input: 1 
[32m[Pascal][0m Total time 2.3705685138702393
[32m[Pascal][0m Total time 2.3684709072113037
[32m[Pascal][0m Total time 2.367248058319092
[32m[Pascal][0m Total time 2.3688673973083496
[32m[Pascal][0m Total time 2.3689417839050293
[32m[Pascal][0m Total time 2.3666248321533203
[32m[Pascal][0m Total time 2.3688361644744873
[32m[Pascal][0m Total time 2.3675105571746826
[32m[Pascal][0m Total time 2.3667850494384766
[32m[Pascal][0m Total time 2.367788791656494
[32m[Pascal][0m Cores: 16 Input: 2 
[32m[Pascal][0m Total time 9.358869791030884
[32m[Pascal][0m Total time 9.360994577407837
[32m[Pascal][0m Total time 9.364346504211426
[32m[Pascal][0m Total time 9.363197326660156
[32m[Pascal][0m Total time 9.362874984741211
[32m[Pascal][0m Total time 9.364758491516113
[32m[Pascal][0m Total time 9.358665227890015
[32m[Pascal][0m Total time 9.360292673110962
[32m[Pascal][0m Total time 9.36210584640503
[32m[Pascal][0m Total time 9.356590509414673
[32m[Pascal][0m Cores: 16 Input: 3 
[32m[Pascal][0m Total time 37.27113604545593
[32m[Pascal][0m Total time 37.26488661766052
[32m[Pascal][0m Total time 37.35673260688782
[32m[Pascal][0m Total time 37.257465839385986
[32m[Pascal][0m Total time 37.273261070251465
[32m[Pascal][0m Total time 37.27434182167053
[32m[Pascal][0m Total time 37.282289028167725
[32m[Pascal][0m Total time 37.27535009384155
[32m[Pascal][0m Total time 37.29379892349243
[32m[Pascal][0m Total time 37.27306270599365
[32m[Pascal][0m Cores: 8 Input: 0 
[32m[Pascal][0m Total time 1.1862001419067383
[32m[Pascal][0m Total time 1.1914069652557373
[32m[Pascal][0m Total time 1.1899847984313965
[32m[Pascal][0m Total time 1.1900928020477295
[32m[Pascal][0m Total time 1.188086986541748
[32m[Pascal][0m Total time 1.1891627311706543
[32m[Pascal][0m Total time 1.1881866455078125
[32m[Pascal][0m Total time 1.1879298686981201
[32m[Pascal][0m Total time 1.1893932819366455
[32m[Pascal][0m Total time 1.1882076263427734
[32m[Pascal][0m Cores: 8 Input: 1 
[32m[Pascal][0m Total time 4.673918008804321
[32m[Pascal][0m Total time 4.674464702606201
[32m[Pascal][0m Total time 4.674752950668335
[32m[Pascal][0m Total time 4.675724744796753
[32m[Pascal][0m Total time 4.673120021820068
[32m[Pascal][0m Total time 4.672806262969971
[32m[Pascal][0m Total time 4.673587322235107
[32m[Pascal][0m Total time 4.674072027206421
[32m[Pascal][0m Total time 4.674635171890259
[32m[Pascal][0m Total time 4.673277139663696
[32m[Pascal][0m Cores: 8 Input: 2 
[32m[Pascal][0m Total time 18.590673685073853
[32m[Pascal][0m Total time 18.603727340698242
[32m[Pascal][0m Total time 18.58716106414795
[32m[Pascal][0m Total time 18.608020544052124
[32m[Pascal][0m Total time 18.602790594100952
[32m[Pascal][0m Total time 18.592379093170166
[32m[Pascal][0m Total time 18.600494623184204
[32m[Pascal][0m Total time 18.602481842041016
[32m[Pascal][0m Total time 18.58575940132141
[32m[Pascal][0m Total time 18.587336778640747
[32m[Pascal][0m Cores: 8 Input: 3 
[32m[Pascal][0m Total time 74.26051640510559
[32m[Pascal][0m Total time 74.23860120773315
[32m[Pascal][0m Total time 74.22185397148132
[32m[Pascal][0m Total time 74.20709896087646
[32m[Pascal][0m Total time 74.2935082912445
[32m[Pascal][0m Total time 74.25232768058777
[32m[Pascal][0m Total time 74.2800943851471
[32m[Pascal][0m Total time 74.25591087341309
[32m[Pascal][0m Total time 74.23175692558289
[32m[Pascal][0m Total time 74.202481508255
[32m[Pascal][0m Cores: 4 Input: 0 
[32m[Pascal][0m Total time 2.340653657913208
[32m[Pascal][0m Total time 2.3390748500823975
[32m[Pascal][0m Total time 2.340203046798706
[32m[Pascal][0m Total time 2.3397388458251953
[32m[Pascal][0m Total time 2.3390629291534424
[32m[Pascal][0m Total time 2.3384766578674316
[32m[Pascal][0m Total time 2.339918613433838
[32m[Pascal][0m Total time 2.3379526138305664
[32m[Pascal][0m Total time 2.3389642238616943
[32m[Pascal][0m Total time 2.3385605812072754
[32m[Pascal][0m Cores: 4 Input: 1 
[32m[Pascal][0m Total time 9.289103746414185
[32m[Pascal][0m Total time 9.293179035186768
[32m[Pascal][0m Total time 9.288113355636597
[32m[Pascal][0m Total time 9.319951057434082
[32m[Pascal][0m Total time 9.30941390991211
[32m[Pascal][0m Total time 9.288330316543579
[32m[Pascal][0m Total time 9.323127269744873
[32m[Pascal][0m Total time 9.296705961227417
[32m[Pascal][0m Total time 9.28781509399414
[32m[Pascal][0m Total time 9.289285898208618
[32m[Pascal][0m Cores: 4 Input: 2 
[32m[Pascal][0m Total time 37.1032497882843
[32m[Pascal][0m Total time 37.0663583278656
[32m[Pascal][0m Total time 37.083948850631714
[32m[Pascal][0m Total time 37.08673334121704
[32m[Pascal][0m Total time 37.15103340148926
[32m[Pascal][0m Total time 37.06786251068115
[32m[Pascal][0m Total time 37.08546018600464
[32m[Pascal][0m Total time 37.08419966697693
[32m[Pascal][0m Total time 37.06970691680908
[32m[Pascal][0m Total time 37.09329533576965
[32m[Pascal][0m Cores: 4 Input: 3 
[32m[Pascal][0m Total time 148.14822626113892
[32m[Pascal][0m Total time 148.30055689811707
[32m[Pascal][0m Total time 148.24740147590637
[32m[Pascal][0m Total time 148.16189575195312
[32m[Pascal][0m Total time 148.14526534080505
[32m[Pascal][0m Total time 148.70091795921326
[32m[Pascal][0m Total time 148.13680720329285
[32m[Pascal][0m Total time 148.1484944820404
[32m[Pascal][0m Total time 148.15387654304504
[32m[Pascal][0m Total time 148.15005040168762
[32m[Pascal][0m Cores: 2 Input: 0 
[32m[Pascal][0m Total time 4.645356893539429
[32m[Pascal][0m Total time 4.644295930862427
[32m[Pascal][0m Total time 4.643831491470337
[32m[Pascal][0m Total time 4.6431355476379395
[32m[Pascal][0m Total time 4.644887447357178
[32m[Pascal][0m Total time 4.639371395111084
[32m[Pascal][0m Total time 4.641088962554932
[32m[Pascal][0m Total time 4.644972324371338
[32m[Pascal][0m Total time 4.6450514793396
[32m[Pascal][0m Total time 4.647073030471802
[32m[Pascal][0m Cores: 2 Input: 1 
[32m[Pascal][0m Total time 18.515188694000244
[32m[Pascal][0m Total time 18.524340867996216
[32m[Pascal][0m Total time 18.652098894119263
[32m[Pascal][0m Total time 18.51425552368164
[32m[Pascal][0m Total time 18.528992652893066
[32m[Pascal][0m Total time 18.52015972137451
[32m[Pascal][0m Total time 18.72907590866089
[32m[Pascal][0m Total time 18.518882036209106
[32m[Pascal][0m Total time 18.52307629585266
[32m[Pascal][0m Total time 18.520231008529663
[32m[Pascal][0m Cores: 2 Input: 2 
[32m[Pascal][0m Total time 74.01595735549927
[32m[Pascal][0m Total time 74.3113808631897
[32m[Pascal][0m Total time 74.18981289863586
[32m[Pascal][0m Total time 74.03675770759583
[32m[Pascal][0m Total time 74.03383874893188
[32m[Pascal][0m Total time 74.0177571773529
[32m[Pascal][0m Total time 74.04192733764648
[32m[Pascal][0m Total time 74.00921082496643
[32m[Pascal][0m Total time 74.26609683036804
[32m[Pascal][0m Total time 74.04287314414978
[32m[Pascal][0m Cores: 2 Input: 3 
[32m[Pascal][0m Total time 296.0283930301666
[32m[Pascal][0m Total time 296.0098614692688
[32m[Pascal][0m Total time 296.1435077190399
[32m[Pascal][0m Total time 296.0751507282257
[32m[Pascal][0m Total time 296.1015074253082
[32m[Pascal][0m Total time 296.180073261261
[32m[Pascal][0m Total time 296.5631744861603
[32m[Pascal][0m Total time 296.23725414276123
[32m[Pascal][0m Total time 296.0711705684662
[32m[Pascal][0m Total time 296.23444056510925
[32m[Pascal][0m Cores: 1 Input: 0 
[32m[Pascal][0m Total time 9.289684057235718
[32m[Pascal][0m Total time 9.25128436088562
[32m[Pascal][0m Total time 9.250843524932861
[32m[Pascal][0m Total time 9.251062870025635
[32m[Pascal][0m Total time 9.251384496688843
[32m[Pascal][0m Total time 9.251320123672485
[32m[Pascal][0m Total time 9.251780033111572
[32m[Pascal][0m Total time 9.251684427261353
[32m[Pascal][0m Total time 9.266921997070312
[32m[Pascal][0m Total time 9.252259969711304
[32m[Pascal][0m Cores: 1 Input: 1 
[32m[Pascal][0m Total time 36.98778414726257
[32m[Pascal][0m Total time 37.02782225608826
[32m[Pascal][0m Total time 36.983108043670654
[32m[Pascal][0m Total time 36.99233293533325
[32m[Pascal][0m Total time 37.09216237068176
[32m[Pascal][0m Total time 36.98581600189209
[32m[Pascal][0m Total time 36.9921875
[32m[Pascal][0m Total time 36.983083963394165
[32m[Pascal][0m Total time 37.004390716552734
[32m[Pascal][0m Total time 36.98273038864136
[32m[Pascal][0m Cores: 1 Input: 2 
[32m[Pascal][0m Total time 147.98146104812622
[32m[Pascal][0m Total time 147.98721885681152
[32m[Pascal][0m Total time 147.95203638076782
[32m[Pascal][0m Total time 148.21866273880005
[32m[Pascal][0m Total time 147.95069003105164
[32m[Pascal][0m Total time 148.13521671295166
[32m[Pascal][0m Total time 147.95170998573303
[32m[Pascal][0m Total time 147.9629189968109
[32m[Pascal][0m Total time 147.9497890472412
[32m[Pascal][0m Total time 148.00237917900085
[32m[Pascal][0m Cores: 1 Input: 3 
[32m[Pascal][0m Total time 591.8609046936035
[32m[Pascal][0m Total time 591.8917996883392
[32m[Pascal][0m Total time 591.850640296936
[32m[Pascal][0m Total time 591.8708899021149
[32m[Pascal][0m Total time 591.8946568965912
[32m[Pascal][0m Total time 591.8298585414886
[32m[Pascal][0m Total time 591.847081899643
[32m[Pascal][0m Total time 592.009599685669
[32m[Pascal][0m Total time 591.8579516410828
[32m[Pascal][0m Total time 591.8364796638489
[32m[Pascal][0m ***** Done! *****
[32m[Pascal][0m Saving data
