[32m[Pascal][0m Running with ['cores', 'input', 'repetitions']
[32m[Pascal][0m Cores: 128 Input: 0 
[32m[Pascal][0m Total time 0.2717618942260742
[32m[Pascal][0m Total time 0.16505837440490723
[32m[Pascal][0m Total time 0.1624302864074707
[32m[Pascal][0m Total time 0.16286706924438477
[32m[Pascal][0m Total time 0.1637725830078125
[32m[Pascal][0m Total time 0.1626119613647461
[32m[Pascal][0m Total time 0.16084623336791992
[32m[Pascal][0m Total time 0.163801908493042
[32m[Pascal][0m Total time 0.16329288482666016
[32m[Pascal][0m Total time 0.16173815727233887
[32m[Pascal][0m Cores: 128 Input: 1 
[32m[Pascal][0m Total time 0.6068198680877686
[32m[Pascal][0m Total time 0.6089391708374023
[32m[Pascal][0m Total time 0.6072423458099365
[32m[Pascal][0m Total time 0.6083316802978516
[32m[Pascal][0m Total time 0.6067826747894287
[32m[Pascal][0m Total time 0.606316089630127
[32m[Pascal][0m Total time 0.6073229312896729
[32m[Pascal][0m Total time 0.6081902980804443
[32m[Pascal][0m Total time 0.6085457801818848
[32m[Pascal][0m Total time 0.6054775714874268
[32m[Pascal][0m Cores: 128 Input: 2 
[32m[Pascal][0m Total time 2.3766605854034424
[32m[Pascal][0m Total time 2.3819873332977295
[32m[Pascal][0m Total time 2.3821399211883545
[32m[Pascal][0m Total time 2.37709903717041
[32m[Pascal][0m Total time 2.379657506942749
[32m[Pascal][0m Total time 2.3799562454223633
[32m[Pascal][0m Total time 2.377406120300293
[32m[Pascal][0m Total time 2.3787429332733154
[32m[Pascal][0m Total time 2.3805220127105713
[32m[Pascal][0m Total time 2.3846709728240967
[32m[Pascal][0m Cores: 128 Input: 3 
[32m[Pascal][0m Total time 9.42365550994873
[32m[Pascal][0m Total time 9.421583890914917
[32m[Pascal][0m Total time 9.426302194595337
[32m[Pascal][0m Total time 9.436767101287842
[32m[Pascal][0m Total time 9.439944744110107
[32m[Pascal][0m Total time 9.426724672317505
[32m[Pascal][0m Total time 9.42191743850708
[32m[Pascal][0m Total time 9.449758529663086
[32m[Pascal][0m Total time 9.431172847747803
[32m[Pascal][0m Total time 9.441693305969238
[32m[Pascal][0m Cores: 64 Input: 0 
[32m[Pascal][0m Total time 0.3079366683959961
[32m[Pascal][0m Total time 0.30973196029663086
[32m[Pascal][0m Total time 0.3084900379180908
[32m[Pascal][0m Total time 0.3087158203125
[32m[Pascal][0m Total time 0.3083376884460449
[32m[Pascal][0m Total time 0.34003686904907227
[32m[Pascal][0m Total time 0.3078477382659912
[32m[Pascal][0m Total time 0.3078887462615967
[32m[Pascal][0m Total time 0.3065800666809082
[32m[Pascal][0m Total time 0.30704259872436523
[32m[Pascal][0m Cores: 64 Input: 1 
[32m[Pascal][0m Total time 1.1870248317718506
[32m[Pascal][0m Total time 1.1823108196258545
[32m[Pascal][0m Total time 1.1819279193878174
[32m[Pascal][0m Total time 1.1832776069641113
[32m[Pascal][0m Total time 1.1842491626739502
[32m[Pascal][0m Total time 1.1862068176269531
[32m[Pascal][0m Total time 1.1839354038238525
[32m[Pascal][0m Total time 1.183609962463379
[32m[Pascal][0m Total time 1.1883018016815186
[32m[Pascal][0m Total time 1.1860980987548828
[32m[Pascal][0m Cores: 64 Input: 2 
[32m[Pascal][0m Total time 4.68318772315979
[32m[Pascal][0m Total time 4.682833909988403
[32m[Pascal][0m Total time 4.680502891540527
[32m[Pascal][0m Total time 4.681426286697388
[32m[Pascal][0m Total time 4.6825032234191895
[32m[Pascal][0m Total time 4.682758331298828
[32m[Pascal][0m Total time 4.680680751800537
[32m[Pascal][0m Total time 4.678994655609131
[32m[Pascal][0m Total time 4.681389331817627
[32m[Pascal][0m Total time 4.680534839630127
[32m[Pascal][0m Cores: 64 Input: 3 
[32m[Pascal][0m Total time 18.671730279922485
[32m[Pascal][0m Total time 18.66939640045166
[32m[Pascal][0m Total time 18.668222904205322
[32m[Pascal][0m Total time 18.66488742828369
[32m[Pascal][0m Total time 18.669513463974
[32m[Pascal][0m Total time 18.670990467071533
[32m[Pascal][0m Total time 18.6670138835907
[32m[Pascal][0m Total time 18.671788215637207
[32m[Pascal][0m Total time 18.667545318603516
[32m[Pascal][0m Total time 18.670245885849
[32m[Pascal][0m Cores: 32 Input: 0 
[32m[Pascal][0m Total time 0.595017671585083
[32m[Pascal][0m Total time 0.5971786975860596
[32m[Pascal][0m Total time 0.5956082344055176
[32m[Pascal][0m Total time 0.594505786895752
[32m[Pascal][0m Total time 0.5943403244018555
[32m[Pascal][0m Total time 0.5952529907226562
[32m[Pascal][0m Total time 0.5928270816802979
[32m[Pascal][0m Total time 0.5951013565063477
[32m[Pascal][0m Total time 0.5932235717773438
[32m[Pascal][0m Total time 0.5951797962188721
[32m[Pascal][0m Cores: 32 Input: 1 
[32m[Pascal][0m Total time 2.336949348449707
[32m[Pascal][0m Total time 2.3370044231414795
[32m[Pascal][0m Total time 2.3372104167938232
[32m[Pascal][0m Total time 2.33701229095459
[32m[Pascal][0m Total time 2.337482213973999
[32m[Pascal][0m Total time 2.338449001312256
[32m[Pascal][0m Total time 2.338289499282837
[32m[Pascal][0m Total time 2.3383407592773438
[32m[Pascal][0m Total time 2.3387813568115234
[32m[Pascal][0m Total time 2.3352596759796143
[32m[Pascal][0m Cores: 32 Input: 2 
[32m[Pascal][0m Total time 9.30649995803833
[32m[Pascal][0m Total time 9.305001497268677
[32m[Pascal][0m Total time 9.301357507705688
[32m[Pascal][0m Total time 9.305942058563232
[32m[Pascal][0m Total time 9.304293870925903
[32m[Pascal][0m Total time 9.304508209228516
[32m[Pascal][0m Total time 9.306803941726685
[32m[Pascal][0m Total time 9.301871538162231
[32m[Pascal][0m Total time 9.305466175079346
[32m[Pascal][0m Total time 9.304532766342163
[32m[Pascal][0m Cores: 32 Input: 3 
[32m[Pascal][0m Total time 37.164833068847656
[32m[Pascal][0m Total time 37.16815638542175
[32m[Pascal][0m Total time 37.16657018661499
[32m[Pascal][0m Total time 37.16711688041687
[32m[Pascal][0m Total time 37.17283892631531
[32m[Pascal][0m Total time 37.16750383377075
[32m[Pascal][0m Total time 37.17161011695862
[32m[Pascal][0m Total time 37.16568613052368
[32m[Pascal][0m Total time 37.169374227523804
[32m[Pascal][0m Total time 37.170116901397705
[32m[Pascal][0m Cores: 16 Input: 0 
[32m[Pascal][0m Total time 1.1733343601226807
[32m[Pascal][0m Total time 1.177382469177246
[32m[Pascal][0m Total time 1.1740620136260986
[32m[Pascal][0m Total time 1.1760449409484863
[32m[Pascal][0m Total time 1.1735177040100098
[32m[Pascal][0m Total time 1.1745595932006836
[32m[Pascal][0m Total time 1.1738073825836182
[32m[Pascal][0m Total time 1.1731367111206055
[32m[Pascal][0m Total time 1.1733732223510742
[32m[Pascal][0m Total time 1.1753270626068115
[32m[Pascal][0m Cores: 16 Input: 1 
[32m[Pascal][0m Total time 4.6506431102752686
[32m[Pascal][0m Total time 4.651777267456055
[32m[Pascal][0m Total time 4.653242349624634
[32m[Pascal][0m Total time 4.648322820663452
[32m[Pascal][0m Total time 4.651637554168701
[32m[Pascal][0m Total time 4.652782440185547
[32m[Pascal][0m Total time 4.652340412139893
[32m[Pascal][0m Total time 4.6512064933776855
[32m[Pascal][0m Total time 4.6503989696502686
[32m[Pascal][0m Total time 4.652114629745483
[32m[Pascal][0m Cores: 16 Input: 2 
[32m[Pascal][0m Total time 18.550772428512573
[32m[Pascal][0m Total time 18.55712389945984
[32m[Pascal][0m Total time 18.55492091178894
[32m[Pascal][0m Total time 18.55216884613037
[32m[Pascal][0m Total time 18.555245399475098
[32m[Pascal][0m Total time 18.5516197681427
[32m[Pascal][0m Total time 18.559332132339478
[32m[Pascal][0m Total time 18.553715705871582
[32m[Pascal][0m Total time 18.555331468582153
[32m[Pascal][0m Total time 18.55397343635559
[32m[Pascal][0m Cores: 16 Input: 3 
[32m[Pascal][0m Total time 74.15639328956604
[32m[Pascal][0m Total time 74.1635229587555
[32m[Pascal][0m Total time 74.16677331924438
[32m[Pascal][0m Total time 74.16202306747437
[32m[Pascal][0m Total time 74.16340947151184
[32m[Pascal][0m Total time 74.16697144508362
[32m[Pascal][0m Total time 74.1724181175232
[32m[Pascal][0m Total time 74.1664068698883
[32m[Pascal][0m Total time 74.16272020339966
[32m[Pascal][0m Total time 74.17064476013184
[32m[Pascal][0m Cores: 8 Input: 0 
[32m[Pascal][0m Total time 2.331488847732544
[32m[Pascal][0m Total time 2.334378957748413
[32m[Pascal][0m Total time 2.332583427429199
[32m[Pascal][0m Total time 2.332850456237793
[32m[Pascal][0m Total time 2.333468198776245
[32m[Pascal][0m Total time 2.3329877853393555
[32m[Pascal][0m Total time 2.3342785835266113
[32m[Pascal][0m Total time 2.3291072845458984
[32m[Pascal][0m Total time 2.3336052894592285
[32m[Pascal][0m Total time 2.33227801322937
[32m[Pascal][0m Cores: 8 Input: 1 
[32m[Pascal][0m Total time 9.273196697235107
[32m[Pascal][0m Total time 9.275152444839478
[32m[Pascal][0m Total time 9.274499654769897
[32m[Pascal][0m Total time 9.274388551712036
[32m[Pascal][0m Total time 9.27409553527832
[32m[Pascal][0m Total time 9.272085666656494
[32m[Pascal][0m Total time 9.276272535324097
[32m[Pascal][0m Total time 9.272610187530518
[32m[Pascal][0m Total time 9.288861751556396
[32m[Pascal][0m Total time 9.273576974868774
[32m[Pascal][0m Cores: 8 Input: 2 
[32m[Pascal][0m Total time 37.041314125061035
[32m[Pascal][0m Total time 37.02976107597351
[32m[Pascal][0m Total time 37.0301296710968
[32m[Pascal][0m Total time 37.03356862068176
[32m[Pascal][0m Total time 37.040361166000366
[32m[Pascal][0m Total time 37.03272795677185
[32m[Pascal][0m Total time 37.040040016174316
[32m[Pascal][0m Total time 37.054991245269775
[32m[Pascal][0m Total time 37.0316960811615
[32m[Pascal][0m Total time 37.0359673500061
[32m[Pascal][0m Cores: 8 Input: 3 
[32m[Pascal][0m Total time 148.08263874053955
[32m[Pascal][0m Total time 148.11623907089233
[32m[Pascal][0m Total time 148.11545181274414
[32m[Pascal][0m Total time 148.13868951797485
[32m[Pascal][0m Total time 148.07193422317505
[32m[Pascal][0m Total time 148.1232931613922
[32m[Pascal][0m Total time 148.11735081672668
[32m[Pascal][0m Total time 148.1422209739685
[32m[Pascal][0m Total time 148.08152055740356
[32m[Pascal][0m Total time 148.0932652950287
[32m[Pascal][0m Cores: 4 Input: 0 
[32m[Pascal][0m Total time 4.6494927406311035
[32m[Pascal][0m Total time 4.646504163742065
[32m[Pascal][0m Total time 4.647658109664917
[32m[Pascal][0m Total time 4.645832300186157
[32m[Pascal][0m Total time 4.647669315338135
[32m[Pascal][0m Total time 4.646303176879883
[32m[Pascal][0m Total time 4.646924734115601
[32m[Pascal][0m Total time 4.646052360534668
[32m[Pascal][0m Total time 4.646812915802002
[32m[Pascal][0m Total time 4.647047281265259
[32m[Pascal][0m Cores: 4 Input: 1 
[32m[Pascal][0m Total time 18.52009654045105
[32m[Pascal][0m Total time 18.523432970046997
[32m[Pascal][0m Total time 18.52290940284729
[32m[Pascal][0m Total time 18.52165913581848
[32m[Pascal][0m Total time 18.55432629585266
[32m[Pascal][0m Total time 18.52254009246826
[32m[Pascal][0m Total time 18.543892860412598
[32m[Pascal][0m Total time 18.520336151123047
[32m[Pascal][0m Total time 18.56709361076355
[32m[Pascal][0m Total time 18.528366088867188
[32m[Pascal][0m Cores: 4 Input: 2 
[32m[Pascal][0m Total time 74.02234864234924
[32m[Pascal][0m Total time 74.01826477050781
[32m[Pascal][0m Total time 74.02674865722656
[32m[Pascal][0m Total time 74.03049755096436
[32m[Pascal][0m Total time 74.04002904891968
[32m[Pascal][0m Total time 74.02609944343567
[32m[Pascal][0m Total time 74.02382278442383
[32m[Pascal][0m Total time 74.03151726722717
[32m[Pascal][0m Total time 74.02081394195557
[32m[Pascal][0m Total time 74.07091164588928
[32m[Pascal][0m Cores: 4 Input: 3 
[32m[Pascal][0m Total time 295.9694924354553
[32m[Pascal][0m Total time 295.97770500183105
[32m[Pascal][0m Total time 295.986750125885
[32m[Pascal][0m Total time 295.9781062602997
[32m[Pascal][0m Total time 296.1208176612854
[32m[Pascal][0m Total time 295.9794819355011
[32m[Pascal][0m Total time 295.98041248321533
[32m[Pascal][0m Total time 295.9690508842468
[32m[Pascal][0m Total time 296.0550332069397
[32m[Pascal][0m Total time 295.9778015613556
[32m[Pascal][0m Cores: 2 Input: 0 
[32m[Pascal][0m Total time 9.274743795394897
[32m[Pascal][0m Total time 9.276272535324097
[32m[Pascal][0m Total time 9.279589891433716
[32m[Pascal][0m Total time 9.273198366165161
[32m[Pascal][0m Total time 9.27387809753418
[32m[Pascal][0m Total time 9.283278942108154
[32m[Pascal][0m Total time 9.277907609939575
[32m[Pascal][0m Total time 9.283714771270752
[32m[Pascal][0m Total time 9.286214590072632
[32m[Pascal][0m Total time 9.275538921356201
[32m[Pascal][0m Cores: 2 Input: 1 
[32m[Pascal][0m Total time 37.03249168395996
[32m[Pascal][0m Total time 37.01785063743591
[32m[Pascal][0m Total time 37.03699541091919
[32m[Pascal][0m Total time 37.01854634284973
[32m[Pascal][0m Total time 37.02236270904541
[32m[Pascal][0m Total time 37.01623558998108
[32m[Pascal][0m Total time 37.22202706336975
[32m[Pascal][0m Total time 37.03189778327942
[32m[Pascal][0m Total time 37.04189848899841
[32m[Pascal][0m Total time 37.0506808757782
[32m[Pascal][0m Cores: 2 Input: 2 
[32m[Pascal][0m Total time 147.9918611049652
[32m[Pascal][0m Total time 147.99704909324646
[32m[Pascal][0m Total time 147.992258310318
[32m[Pascal][0m Total time 148.0031864643097
[32m[Pascal][0m Total time 147.99111819267273
[32m[Pascal][0m Total time 147.99439573287964
[32m[Pascal][0m Total time 147.99711775779724
[32m[Pascal][0m Total time 148.03126692771912
[32m[Pascal][0m Total time 147.99830222129822
[32m[Pascal][0m Total time 147.99641919136047
[32m[Pascal][0m Cores: 2 Input: 3 
[32m[Pascal][0m Total time 591.8614134788513
[32m[Pascal][0m Total time 591.9301841259003
[32m[Pascal][0m Total time 591.8652896881104
[32m[Pascal][0m Total time 592.0655720233917
[32m[Pascal][0m Total time 591.945306301117
[32m[Pascal][0m Total time 591.8640596866608
[32m[Pascal][0m Total time 591.9367005825043
[32m[Pascal][0m Total time 591.8762180805206
[32m[Pascal][0m Total time 591.8681552410126
[32m[Pascal][0m Total time 591.9432604312897
[32m[Pascal][0m Cores: 1 Input: 0 
[32m[Pascal][0m Total time 18.524966955184937
[32m[Pascal][0m Total time 18.55757713317871
[32m[Pascal][0m Total time 18.523612022399902
[32m[Pascal][0m Total time 18.569050312042236
[32m[Pascal][0m Total time 18.58985424041748
[32m[Pascal][0m Total time 18.523322820663452
[32m[Pascal][0m Total time 18.52615237236023
[32m[Pascal][0m Total time 18.525887489318848
[32m[Pascal][0m Total time 18.54173183441162
[32m[Pascal][0m Total time 18.522456169128418
[32m[Pascal][0m Cores: 1 Input: 1 
[32m[Pascal][0m Total time 74.0132098197937
[32m[Pascal][0m Total time 74.01321339607239
[32m[Pascal][0m Total time 74.25837564468384
[32m[Pascal][0m Total time 74.01301383972168
[32m[Pascal][0m Total time 74.01463103294373
[32m[Pascal][0m Total time 74.02303171157837
[32m[Pascal][0m Total time 74.07835030555725
[32m[Pascal][0m Total time 74.01312518119812
[32m[Pascal][0m Total time 74.01912021636963
[32m[Pascal][0m Total time 74.0137128829956
[32m[Pascal][0m Cores: 1 Input: 2 
[32m[Pascal][0m Total time 296.01535391807556
[32m[Pascal][0m Total time 295.9773414134979
[32m[Pascal][0m Total time 295.97109508514404
[32m[Pascal][0m Total time 295.9721975326538
[32m[Pascal][0m Total time 295.96931076049805
[32m[Pascal][0m Total time 295.95708751678467
[32m[Pascal][0m Total time 295.9572641849518
[32m[Pascal][0m Total time 296.0236077308655
[32m[Pascal][0m Total time 296.00177788734436
[32m[Pascal][0m Total time 296.0582799911499
[32m[Pascal][0m Cores: 1 Input: 3 
[32m[Pascal][0m Total time 1183.77920794487
[32m[Pascal][0m Total time 1183.7444667816162
[32m[Pascal][0m Total time 1183.839376449585
[32m[Pascal][0m Total time 1183.7562708854675
[32m[Pascal][0m Total time 1183.8042764663696
[32m[Pascal][0m Total time 1183.7195165157318
[32m[Pascal][0m Total time 1183.6942262649536
[32m[Pascal][0m Total time 1183.7577192783356
[32m[Pascal][0m Total time 1183.7677369117737
[32m[Pascal][0m Total time 1183.8367443084717
[32m[Pascal][0m ***** Done! *****
[32m[Pascal][0m Saving data
