[32m[Pascal][0m Running with ['cores', 'input', 'repetitions']
[32m[Pascal][0m Cores: 128 Input: 0 
[32m[Pascal][0m Total time 0.0278012752532959
[32m[Pascal][0m Total time 0.026205062866210938
[32m[Pascal][0m Total time 0.021633625030517578
[32m[Pascal][0m Total time 0.022213220596313477
[32m[Pascal][0m Total time 0.024601459503173828
[32m[Pascal][0m Total time 0.023231983184814453
[32m[Pascal][0m Total time 0.02540898323059082
[32m[Pascal][0m Total time 0.024590253829956055
[32m[Pascal][0m Total time 0.025289535522460938
[32m[Pascal][0m Total time 0.021915912628173828
[32m[Pascal][0m Cores: 128 Input: 1 
[32m[Pascal][0m Total time 0.039458274841308594
[32m[Pascal][0m Total time 0.04106950759887695
[32m[Pascal][0m Total time 0.042348623275756836
[32m[Pascal][0m Total time 0.04376816749572754
[32m[Pascal][0m Total time 0.040613651275634766
[32m[Pascal][0m Total time 0.04005789756774902
[32m[Pascal][0m Total time 0.039108991622924805
[32m[Pascal][0m Total time 0.039449214935302734
[32m[Pascal][0m Total time 0.03856539726257324
[32m[Pascal][0m Total time 0.039934396743774414
[32m[Pascal][0m Cores: 128 Input: 2 
[32m[Pascal][0m Total time 0.08310937881469727
[32m[Pascal][0m Total time 0.08668184280395508
[32m[Pascal][0m Total time 0.08890819549560547
[32m[Pascal][0m Total time 0.08316254615783691
[32m[Pascal][0m Total time 0.08299136161804199
[32m[Pascal][0m Total time 0.08202099800109863
[32m[Pascal][0m Total time 0.0902097225189209
[32m[Pascal][0m Total time 0.08029723167419434
[32m[Pascal][0m Total time 0.09744119644165039
[32m[Pascal][0m Total time 0.08194494247436523
[32m[Pascal][0m Cores: 128 Input: 3 
[32m[Pascal][0m Total time 0.2184600830078125
[32m[Pascal][0m Total time 0.22402238845825195
[32m[Pascal][0m Total time 0.2172393798828125
[32m[Pascal][0m Total time 0.2105097770690918
[32m[Pascal][0m Total time 0.21172595024108887
[32m[Pascal][0m Total time 0.21308088302612305
[32m[Pascal][0m Total time 0.23178625106811523
[32m[Pascal][0m Total time 0.22983932495117188
[32m[Pascal][0m Total time 0.21962332725524902
[32m[Pascal][0m Total time 0.21571779251098633
[32m[Pascal][0m Cores: 64 Input: 0 
[32m[Pascal][0m Total time 0.023573875427246094
[32m[Pascal][0m Total time 0.023304224014282227
[32m[Pascal][0m Total time 0.022165775299072266
[32m[Pascal][0m Total time 0.021989107131958008
[32m[Pascal][0m Total time 0.07824540138244629
[32m[Pascal][0m Total time 0.020410537719726562
[32m[Pascal][0m Total time 0.020478248596191406
[32m[Pascal][0m Total time 0.01920628547668457
[32m[Pascal][0m Total time 0.019945621490478516
[32m[Pascal][0m Total time 0.022908687591552734
[32m[Pascal][0m Cores: 64 Input: 1 
[32m[Pascal][0m Total time 0.03710174560546875
[32m[Pascal][0m Total time 0.0378878116607666
[32m[Pascal][0m Total time 0.036546945571899414
[32m[Pascal][0m Total time 0.0377957820892334
[32m[Pascal][0m Total time 0.03753376007080078
[32m[Pascal][0m Total time 0.03826761245727539
[32m[Pascal][0m Total time 0.03590536117553711
[32m[Pascal][0m Total time 0.038197994232177734
[32m[Pascal][0m Total time 0.038730621337890625
[32m[Pascal][0m Total time 0.040027618408203125
[32m[Pascal][0m Cores: 64 Input: 2 
[32m[Pascal][0m Total time 0.08285832405090332
[32m[Pascal][0m Total time 0.0844571590423584
[32m[Pascal][0m Total time 0.08554315567016602
[32m[Pascal][0m Total time 0.08284568786621094
[32m[Pascal][0m Total time 0.0850987434387207
[32m[Pascal][0m Total time 0.08516740798950195
[32m[Pascal][0m Total time 0.08404231071472168
[32m[Pascal][0m Total time 0.08618474006652832
[32m[Pascal][0m Total time 0.09929823875427246
[32m[Pascal][0m Total time 0.08203887939453125
[32m[Pascal][0m Cores: 64 Input: 3 
[32m[Pascal][0m Total time 0.2509634494781494
[32m[Pascal][0m Total time 0.24850773811340332
[32m[Pascal][0m Total time 0.28249025344848633
[32m[Pascal][0m Total time 0.33828067779541016
[32m[Pascal][0m Total time 0.24716544151306152
[32m[Pascal][0m Total time 0.24826693534851074
[32m[Pascal][0m Total time 0.24837207794189453
[32m[Pascal][0m Total time 0.24955415725708008
[32m[Pascal][0m Total time 0.25128841400146484
[32m[Pascal][0m Total time 0.2470691204071045
[32m[Pascal][0m Cores: 32 Input: 0 
[32m[Pascal][0m Total time 0.023881912231445312
[32m[Pascal][0m Total time 0.024873971939086914
[32m[Pascal][0m Total time 0.026703357696533203
[32m[Pascal][0m Total time 0.024257659912109375
[32m[Pascal][0m Total time 0.022376060485839844
[32m[Pascal][0m Total time 0.021970272064208984
[32m[Pascal][0m Total time 0.02293872833251953
[32m[Pascal][0m Total time 0.023473262786865234
[32m[Pascal][0m Total time 0.024959802627563477
[32m[Pascal][0m Total time 0.023139476776123047
[32m[Pascal][0m Cores: 32 Input: 1 
[32m[Pascal][0m Total time 0.03981184959411621
[32m[Pascal][0m Total time 0.04023337364196777
[32m[Pascal][0m Total time 0.04114723205566406
[32m[Pascal][0m Total time 0.03845524787902832
[32m[Pascal][0m Total time 0.04286813735961914
[32m[Pascal][0m Total time 0.041977882385253906
[32m[Pascal][0m Total time 0.04066157341003418
[32m[Pascal][0m Total time 0.03777623176574707
[32m[Pascal][0m Total time 0.04082918167114258
[32m[Pascal][0m Total time 0.04261517524719238
[32m[Pascal][0m Cores: 32 Input: 2 
[32m[Pascal][0m Total time 0.10210609436035156
[32m[Pascal][0m Total time 0.19706201553344727
[32m[Pascal][0m Total time 0.09733033180236816
[32m[Pascal][0m Total time 0.10246920585632324
[32m[Pascal][0m Total time 0.10073661804199219
[32m[Pascal][0m Total time 0.10109186172485352
[32m[Pascal][0m Total time 0.09890580177307129
[32m[Pascal][0m Total time 0.1036379337310791
[32m[Pascal][0m Total time 0.10341954231262207
[32m[Pascal][0m Total time 0.10363650321960449
[32m[Pascal][0m Cores: 32 Input: 3 
[32m[Pascal][0m Total time 0.3163607120513916
[32m[Pascal][0m Total time 0.31858134269714355
[32m[Pascal][0m Total time 0.32462596893310547
[32m[Pascal][0m Total time 0.31575942039489746
[32m[Pascal][0m Total time 0.31911277770996094
[32m[Pascal][0m Total time 0.3208041191101074
[32m[Pascal][0m Total time 0.31685686111450195
[32m[Pascal][0m Total time 0.4627685546875
[32m[Pascal][0m Total time 0.32142043113708496
[32m[Pascal][0m Total time 0.32024121284484863
[32m[Pascal][0m Cores: 16 Input: 0 
[32m[Pascal][0m Total time 0.02708745002746582
[32m[Pascal][0m Total time 0.02826666831970215
[32m[Pascal][0m Total time 0.025495052337646484
[32m[Pascal][0m Total time 0.02716374397277832
[32m[Pascal][0m Total time 0.027118921279907227
[32m[Pascal][0m Total time 0.025746583938598633
[32m[Pascal][0m Total time 0.0283052921295166
[32m[Pascal][0m Total time 0.026373624801635742
[32m[Pascal][0m Total time 0.025386571884155273
[32m[Pascal][0m Total time 0.02812981605529785
[32m[Pascal][0m Cores: 16 Input: 1 
[32m[Pascal][0m Total time 0.04979419708251953
[32m[Pascal][0m Total time 0.05281877517700195
[32m[Pascal][0m Total time 0.04872703552246094
[32m[Pascal][0m Total time 0.05118513107299805
[32m[Pascal][0m Total time 0.05020427703857422
[32m[Pascal][0m Total time 0.05011916160583496
[32m[Pascal][0m Total time 0.05190253257751465
[32m[Pascal][0m Total time 0.051438093185424805
[32m[Pascal][0m Total time 0.05182075500488281
[32m[Pascal][0m Total time 0.05012917518615723
[32m[Pascal][0m Cores: 16 Input: 2 
[32m[Pascal][0m Total time 0.1420130729675293
[32m[Pascal][0m Total time 0.14096975326538086
[32m[Pascal][0m Total time 0.14211130142211914
[32m[Pascal][0m Total time 0.14337778091430664
[32m[Pascal][0m Total time 0.142958402633667
[32m[Pascal][0m Total time 0.14155888557434082
[32m[Pascal][0m Total time 0.14450287818908691
[32m[Pascal][0m Total time 0.14298009872436523
[32m[Pascal][0m Total time 0.14069128036499023
[32m[Pascal][0m Total time 0.14214205741882324
[32m[Pascal][0m Cores: 16 Input: 3 
[32m[Pascal][0m Total time 0.4864501953125
[32m[Pascal][0m Total time 0.4849228858947754
[32m[Pascal][0m Total time 0.6051042079925537
[32m[Pascal][0m Total time 0.4854142665863037
[32m[Pascal][0m Total time 0.48790669441223145
[32m[Pascal][0m Total time 0.48431968688964844
[32m[Pascal][0m Total time 0.4889564514160156
[32m[Pascal][0m Total time 0.48352932929992676
[32m[Pascal][0m Total time 0.49030065536499023
[32m[Pascal][0m Total time 0.4903383255004883
[32m[Pascal][0m Cores: 8 Input: 0 
[32m[Pascal][0m Total time 0.03206276893615723
[32m[Pascal][0m Total time 0.0336766242980957
[32m[Pascal][0m Total time 0.02996206283569336
[32m[Pascal][0m Total time 0.0341954231262207
[32m[Pascal][0m Total time 0.03044867515563965
[32m[Pascal][0m Total time 0.02773451805114746
[32m[Pascal][0m Total time 0.031558990478515625
[32m[Pascal][0m Total time 0.035097599029541016
[32m[Pascal][0m Total time 0.03240680694580078
[32m[Pascal][0m Total time 0.031351327896118164
[32m[Pascal][0m Cores: 8 Input: 1 
[32m[Pascal][0m Total time 0.06823086738586426
[32m[Pascal][0m Total time 0.0703730583190918
[32m[Pascal][0m Total time 0.07231640815734863
[32m[Pascal][0m Total time 0.07509469985961914
[32m[Pascal][0m Total time 0.07359170913696289
[32m[Pascal][0m Total time 0.07307767868041992
[32m[Pascal][0m Total time 0.07604837417602539
[32m[Pascal][0m Total time 0.07365679740905762
[32m[Pascal][0m Total time 0.06647753715515137
[32m[Pascal][0m Total time 0.06946420669555664
[32m[Pascal][0m Cores: 8 Input: 2 
[32m[Pascal][0m Total time 0.22477030754089355
[32m[Pascal][0m Total time 0.2266066074371338
[32m[Pascal][0m Total time 0.22772574424743652
[32m[Pascal][0m Total time 0.22815299034118652
[32m[Pascal][0m Total time 0.22661256790161133
[32m[Pascal][0m Total time 0.2270340919494629
[32m[Pascal][0m Total time 0.22680282592773438
[32m[Pascal][0m Total time 0.22783803939819336
[32m[Pascal][0m Total time 0.22880983352661133
[32m[Pascal][0m Total time 0.2281348705291748
[32m[Pascal][0m Cores: 8 Input: 3 
[32m[Pascal][0m Total time 0.8236715793609619
[32m[Pascal][0m Total time 0.9685070514678955
[32m[Pascal][0m Total time 0.818497896194458
[32m[Pascal][0m Total time 0.8197875022888184
[32m[Pascal][0m Total time 0.8252644538879395
[32m[Pascal][0m Total time 0.8163766860961914
[32m[Pascal][0m Total time 0.8197224140167236
[32m[Pascal][0m Total time 0.8213839530944824
[32m[Pascal][0m Total time 0.8178620338439941
[32m[Pascal][0m Total time 0.8183321952819824
[32m[Pascal][0m Cores: 4 Input: 0 
[32m[Pascal][0m Total time 0.04286694526672363
[32m[Pascal][0m Total time 0.04150748252868652
[32m[Pascal][0m Total time 0.041289329528808594
[32m[Pascal][0m Total time 0.04324674606323242
[32m[Pascal][0m Total time 0.03633403778076172
[32m[Pascal][0m Total time 0.041474342346191406
[32m[Pascal][0m Total time 0.04175257682800293
[32m[Pascal][0m Total time 0.046649932861328125
[32m[Pascal][0m Total time 0.043836116790771484
[32m[Pascal][0m Total time 0.03675079345703125
[32m[Pascal][0m Cores: 4 Input: 1 
[32m[Pascal][0m Total time 0.11338376998901367
[32m[Pascal][0m Total time 0.11179447174072266
[32m[Pascal][0m Total time 0.11150383949279785
[32m[Pascal][0m Total time 0.11077570915222168
[32m[Pascal][0m Total time 0.11052536964416504
[32m[Pascal][0m Total time 0.11075067520141602
[32m[Pascal][0m Total time 0.10908794403076172
[32m[Pascal][0m Total time 0.1094062328338623
[32m[Pascal][0m Total time 0.11338543891906738
[32m[Pascal][0m Total time 0.10993385314941406
[32m[Pascal][0m Cores: 4 Input: 2 
[32m[Pascal][0m Total time 0.38952159881591797
[32m[Pascal][0m Total time 0.3922429084777832
[32m[Pascal][0m Total time 0.3946220874786377
[32m[Pascal][0m Total time 0.39366579055786133
[32m[Pascal][0m Total time 0.3941681385040283
[32m[Pascal][0m Total time 0.3928711414337158
[32m[Pascal][0m Total time 0.39514827728271484
[32m[Pascal][0m Total time 0.3931245803833008
[32m[Pascal][0m Total time 0.3934519290924072
[32m[Pascal][0m Total time 0.39232587814331055
[32m[Pascal][0m Cores: 4 Input: 3 
[32m[Pascal][0m Total time 1.4921059608459473
[32m[Pascal][0m Total time 1.484788179397583
[32m[Pascal][0m Total time 1.4885671138763428
[32m[Pascal][0m Total time 1.4854423999786377
[32m[Pascal][0m Total time 1.4897410869598389
[32m[Pascal][0m Total time 1.6904098987579346
[32m[Pascal][0m Total time 1.4913368225097656
[32m[Pascal][0m Total time 1.4895806312561035
[32m[Pascal][0m Total time 1.4881377220153809
[32m[Pascal][0m Total time 1.4896063804626465
[32m[Pascal][0m Cores: 2 Input: 0 
[32m[Pascal][0m Total time 0.06364297866821289
[32m[Pascal][0m Total time 0.05784964561462402
[32m[Pascal][0m Total time 0.06294560432434082
[32m[Pascal][0m Total time 0.06312227249145508
[32m[Pascal][0m Total time 0.058216094970703125
[32m[Pascal][0m Total time 0.0582425594329834
[32m[Pascal][0m Total time 0.06255817413330078
[32m[Pascal][0m Total time 0.05796027183532715
[32m[Pascal][0m Total time 0.0573885440826416
[32m[Pascal][0m Total time 0.057849884033203125
[32m[Pascal][0m Cores: 2 Input: 1 
[32m[Pascal][0m Total time 0.19309067726135254
[32m[Pascal][0m Total time 0.19229435920715332
[32m[Pascal][0m Total time 0.19210219383239746
[32m[Pascal][0m Total time 0.19178223609924316
[32m[Pascal][0m Total time 0.19273090362548828
[32m[Pascal][0m Total time 0.19403767585754395
[32m[Pascal][0m Total time 0.1915416717529297
[32m[Pascal][0m Total time 0.19414567947387695
[32m[Pascal][0m Total time 0.19384527206420898
[32m[Pascal][0m Total time 0.19353532791137695
[32m[Pascal][0m Cores: 2 Input: 2 
[32m[Pascal][0m Total time 0.7245457172393799
[32m[Pascal][0m Total time 0.7241153717041016
[32m[Pascal][0m Total time 0.7216637134552002
[32m[Pascal][0m Total time 0.7220039367675781
[32m[Pascal][0m Total time 0.7217667102813721
[32m[Pascal][0m Total time 0.7242858409881592
[32m[Pascal][0m Total time 0.7218210697174072
[32m[Pascal][0m Total time 0.723792314529419
[32m[Pascal][0m Total time 0.7210543155670166
[32m[Pascal][0m Total time 0.7220702171325684
[32m[Pascal][0m Cores: 2 Input: 3 
[32m[Pascal][0m Total time 2.8148176670074463
[32m[Pascal][0m Total time 2.813983678817749
[32m[Pascal][0m Total time 2.81571626663208
[32m[Pascal][0m Total time 2.813858985900879
[32m[Pascal][0m Total time 2.812110185623169
[32m[Pascal][0m Total time 2.812871217727661
[32m[Pascal][0m Total time 2.8152239322662354
[32m[Pascal][0m Total time 2.8163273334503174
[32m[Pascal][0m Total time 2.8153421878814697
[32m[Pascal][0m Total time 2.8147664070129395
[32m[Pascal][0m Cores: 1 Input: 0 
[32m[Pascal][0m Total time 0.10571455955505371
[32m[Pascal][0m Total time 0.099700927734375
[32m[Pascal][0m Total time 0.0994570255279541
[32m[Pascal][0m Total time 0.09959197044372559
[32m[Pascal][0m Total time 0.09951996803283691
[32m[Pascal][0m Total time 0.09867620468139648
[32m[Pascal][0m Total time 0.09936833381652832
[32m[Pascal][0m Total time 0.10157084465026855
[32m[Pascal][0m Total time 0.09986114501953125
[32m[Pascal][0m Total time 0.09970784187316895
[32m[Pascal][0m Cores: 1 Input: 1 
[32m[Pascal][0m Total time 0.3529841899871826
[32m[Pascal][0m Total time 0.3560457229614258
[32m[Pascal][0m Total time 0.3550550937652588
[32m[Pascal][0m Total time 0.3557744026184082
[32m[Pascal][0m Total time 0.3556358814239502
[32m[Pascal][0m Total time 0.35508012771606445
[32m[Pascal][0m Total time 0.3549776077270508
[32m[Pascal][0m Total time 0.35578131675720215
[32m[Pascal][0m Total time 0.35515499114990234
[32m[Pascal][0m Total time 0.354647159576416
[32m[Pascal][0m Cores: 1 Input: 2 
[32m[Pascal][0m Total time 1.6755516529083252
[32m[Pascal][0m Total time 1.3794643878936768
[32m[Pascal][0m Total time 1.3809680938720703
[32m[Pascal][0m Total time 1.3830280303955078
[32m[Pascal][0m Total time 1.3823108673095703
[32m[Pascal][0m Total time 1.382246971130371
[32m[Pascal][0m Total time 1.3837497234344482
[32m[Pascal][0m Total time 1.381824254989624
[32m[Pascal][0m Total time 1.384352207183838
[32m[Pascal][0m Total time 1.3828675746917725
[32m[Pascal][0m Cores: 1 Input: 3 
[32m[Pascal][0m Total time 5.481724739074707
[32m[Pascal][0m Total time 5.4787890911102295
[32m[Pascal][0m Total time 5.478018283843994
[32m[Pascal][0m Total time 5.479225397109985
[32m[Pascal][0m Total time 5.477989435195923
[32m[Pascal][0m Total time 5.4813783168792725
[32m[Pascal][0m Total time 5.4773266315460205
[32m[Pascal][0m Total time 5.476784706115723
[32m[Pascal][0m Total time 5.477187633514404
[32m[Pascal][0m Total time 5.479548215866089
[32m[Pascal][0m ***** Done! *****
[32m[Pascal][0m Saving data
