[32m[Pascal][0m Running with ['cores', 'input', 'repetitions']
[32m[Pascal][0m Cores: 128 Input: 0 
[32m[Pascal][0m Total time 0.13648462295532227
[32m[Pascal][0m Total time 0.02905583381652832
[32m[Pascal][0m Total time 0.02993941307067871
[32m[Pascal][0m Total time 0.02943873405456543
[32m[Pascal][0m Total time 0.029536962509155273
[32m[Pascal][0m Total time 0.03185296058654785
[32m[Pascal][0m Total time 0.029199600219726562
[32m[Pascal][0m Total time 0.030020475387573242
[32m[Pascal][0m Total time 0.031172752380371094
[32m[Pascal][0m Total time 0.02926182746887207
[32m[Pascal][0m Cores: 128 Input: 1 
[32m[Pascal][0m Total time 0.05966043472290039
[32m[Pascal][0m Total time 0.05962395668029785
[32m[Pascal][0m Total time 0.06093454360961914
[32m[Pascal][0m Total time 0.05935478210449219
[32m[Pascal][0m Total time 0.060622453689575195
[32m[Pascal][0m Total time 0.06088757514953613
[32m[Pascal][0m Total time 0.06075739860534668
[32m[Pascal][0m Total time 0.05945754051208496
[32m[Pascal][0m Total time 0.05907773971557617
[32m[Pascal][0m Total time 0.059194087982177734
[32m[Pascal][0m Cores: 128 Input: 2 
[32m[Pascal][0m Total time 0.15029621124267578
[32m[Pascal][0m Total time 0.15116381645202637
[32m[Pascal][0m Total time 0.14886212348937988
[32m[Pascal][0m Total time 0.14899063110351562
[32m[Pascal][0m Total time 0.15181779861450195
[32m[Pascal][0m Total time 0.14960503578186035
[32m[Pascal][0m Total time 0.15038275718688965
[32m[Pascal][0m Total time 0.15044736862182617
[32m[Pascal][0m Total time 0.1588900089263916
[32m[Pascal][0m Total time 0.1502065658569336
[32m[Pascal][0m Cores: 128 Input: 3 
[32m[Pascal][0m Total time 0.4932992458343506
[32m[Pascal][0m Total time 0.5039799213409424
[32m[Pascal][0m Total time 0.5002667903900146
[32m[Pascal][0m Total time 0.5085384845733643
[32m[Pascal][0m Total time 0.5043330192565918
[32m[Pascal][0m Total time 0.5051343441009521
[32m[Pascal][0m Total time 0.501258134841919
[32m[Pascal][0m Total time 0.5021507740020752
[32m[Pascal][0m Total time 0.49901580810546875
[32m[Pascal][0m Total time 0.5054993629455566
[32m[Pascal][0m Cores: 64 Input: 0 
[32m[Pascal][0m Total time 0.03523683547973633
[32m[Pascal][0m Total time 0.03437662124633789
[32m[Pascal][0m Total time 0.03429460525512695
[32m[Pascal][0m Total time 0.033148765563964844
[32m[Pascal][0m Total time 0.035369873046875
[32m[Pascal][0m Total time 0.06867051124572754
[32m[Pascal][0m Total time 0.034064531326293945
[32m[Pascal][0m Total time 0.031606197357177734
[32m[Pascal][0m Total time 0.03472161293029785
[32m[Pascal][0m Total time 0.032524824142456055
[32m[Pascal][0m Cores: 64 Input: 1 
[32m[Pascal][0m Total time 0.07306480407714844
[32m[Pascal][0m Total time 0.0725853443145752
[32m[Pascal][0m Total time 0.07275176048278809
[32m[Pascal][0m Total time 0.07606887817382812
[32m[Pascal][0m Total time 0.07406330108642578
[32m[Pascal][0m Total time 0.07204437255859375
[32m[Pascal][0m Total time 0.07353663444519043
[32m[Pascal][0m Total time 0.07407999038696289
[32m[Pascal][0m Total time 0.07168698310852051
[32m[Pascal][0m Total time 0.07440781593322754
[32m[Pascal][0m Cores: 64 Input: 2 
[32m[Pascal][0m Total time 0.22735857963562012
[32m[Pascal][0m Total time 0.22731256484985352
[32m[Pascal][0m Total time 0.22957825660705566
[32m[Pascal][0m Total time 0.23015189170837402
[32m[Pascal][0m Total time 0.2264399528503418
[32m[Pascal][0m Total time 0.22728848457336426
[32m[Pascal][0m Total time 0.22655367851257324
[32m[Pascal][0m Total time 0.22789907455444336
[32m[Pascal][0m Total time 0.22909879684448242
[32m[Pascal][0m Total time 0.2281792163848877
[32m[Pascal][0m Cores: 64 Input: 3 
[32m[Pascal][0m Total time 0.8042891025543213
[32m[Pascal][0m Total time 0.8042755126953125
[32m[Pascal][0m Total time 0.8171718120574951
[32m[Pascal][0m Total time 0.853813648223877
[32m[Pascal][0m Total time 0.80645751953125
[32m[Pascal][0m Total time 0.8033437728881836
[32m[Pascal][0m Total time 0.8096621036529541
[32m[Pascal][0m Total time 0.8037478923797607
[32m[Pascal][0m Total time 0.8053746223449707
[32m[Pascal][0m Total time 0.816016435623169
[32m[Pascal][0m Cores: 32 Input: 0 
[32m[Pascal][0m Total time 0.04133033752441406
[32m[Pascal][0m Total time 0.04088997840881348
[32m[Pascal][0m Total time 0.038260698318481445
[32m[Pascal][0m Total time 0.038527727127075195
[32m[Pascal][0m Total time 0.04106497764587402
[32m[Pascal][0m Total time 0.03851890563964844
[32m[Pascal][0m Total time 0.0424199104309082
[32m[Pascal][0m Total time 0.04046511650085449
[32m[Pascal][0m Total time 0.03989696502685547
[32m[Pascal][0m Total time 0.04102349281311035
[32m[Pascal][0m Cores: 32 Input: 1 
[32m[Pascal][0m Total time 0.11139225959777832
[32m[Pascal][0m Total time 0.1136012077331543
[32m[Pascal][0m Total time 0.11201024055480957
[32m[Pascal][0m Total time 0.11349368095397949
[32m[Pascal][0m Total time 0.11141037940979004
[32m[Pascal][0m Total time 0.11282157897949219
[32m[Pascal][0m Total time 0.11135172843933105
[32m[Pascal][0m Total time 0.11186051368713379
[32m[Pascal][0m Total time 0.1106863021850586
[32m[Pascal][0m Total time 0.11043143272399902
[32m[Pascal][0m Cores: 32 Input: 2 
[32m[Pascal][0m Total time 0.38240528106689453
[32m[Pascal][0m Total time 0.4733097553253174
[32m[Pascal][0m Total time 0.3835277557373047
[32m[Pascal][0m Total time 0.38126039505004883
[32m[Pascal][0m Total time 0.3846399784088135
[32m[Pascal][0m Total time 0.38177013397216797
[32m[Pascal][0m Total time 0.3832588195800781
[32m[Pascal][0m Total time 0.3836941719055176
[32m[Pascal][0m Total time 0.382648229598999
[32m[Pascal][0m Total time 0.3826768398284912
[32m[Pascal][0m Cores: 32 Input: 3 
[32m[Pascal][0m Total time 1.4337084293365479
[32m[Pascal][0m Total time 1.4334383010864258
[32m[Pascal][0m Total time 1.4391188621520996
[32m[Pascal][0m Total time 1.4350042343139648
[32m[Pascal][0m Total time 1.43550705909729
[32m[Pascal][0m Total time 1.4391405582427979
[32m[Pascal][0m Total time 1.4331748485565186
[32m[Pascal][0m Total time 1.4336986541748047
[32m[Pascal][0m Total time 1.4346458911895752
[32m[Pascal][0m Total time 1.438995361328125
[32m[Pascal][0m Cores: 16 Input: 0 
[32m[Pascal][0m Total time 0.062348127365112305
[32m[Pascal][0m Total time 0.06295347213745117
[32m[Pascal][0m Total time 0.061818599700927734
[32m[Pascal][0m Total time 0.058081865310668945
[32m[Pascal][0m Total time 0.06146955490112305
[32m[Pascal][0m Total time 0.06044602394104004
[32m[Pascal][0m Total time 0.06165623664855957
[32m[Pascal][0m Total time 0.06056547164916992
[32m[Pascal][0m Total time 0.06138300895690918
[32m[Pascal][0m Total time 0.061421871185302734
[32m[Pascal][0m Cores: 16 Input: 1 
[32m[Pascal][0m Total time 0.18904829025268555
[32m[Pascal][0m Total time 0.18699097633361816
[32m[Pascal][0m Total time 0.1881716251373291
[32m[Pascal][0m Total time 0.19095969200134277
[32m[Pascal][0m Total time 0.18828630447387695
[32m[Pascal][0m Total time 0.19004249572753906
[32m[Pascal][0m Total time 0.18948030471801758
[32m[Pascal][0m Total time 0.1871798038482666
[32m[Pascal][0m Total time 0.18964219093322754
[32m[Pascal][0m Total time 0.19127631187438965
[32m[Pascal][0m Cores: 16 Input: 2 
[32m[Pascal][0m Total time 0.69753098487854
[32m[Pascal][0m Total time 0.6983652114868164
[32m[Pascal][0m Total time 0.699270486831665
[32m[Pascal][0m Total time 0.6990511417388916
[32m[Pascal][0m Total time 0.6963140964508057
[32m[Pascal][0m Total time 0.6991603374481201
[32m[Pascal][0m Total time 0.6985924243927002
[32m[Pascal][0m Total time 0.6984784603118896
[32m[Pascal][0m Total time 0.6981322765350342
[32m[Pascal][0m Total time 0.6996335983276367
[32m[Pascal][0m Cores: 16 Input: 3 
[32m[Pascal][0m Total time 2.6929500102996826
[32m[Pascal][0m Total time 2.6919093132019043
[32m[Pascal][0m Total time 2.7853193283081055
[32m[Pascal][0m Total time 2.6881611347198486
[32m[Pascal][0m Total time 2.691922903060913
[32m[Pascal][0m Total time 2.69110369682312
[32m[Pascal][0m Total time 2.696777820587158
[32m[Pascal][0m Total time 2.687363624572754
[32m[Pascal][0m Total time 2.6911025047302246
[32m[Pascal][0m Total time 2.694788694381714
[32m[Pascal][0m Cores: 8 Input: 0 
[32m[Pascal][0m Total time 0.09843134880065918
[32m[Pascal][0m Total time 0.10128188133239746
[32m[Pascal][0m Total time 0.1025998592376709
[32m[Pascal][0m Total time 0.10128450393676758
[32m[Pascal][0m Total time 0.10185742378234863
[32m[Pascal][0m Total time 0.10082268714904785
[32m[Pascal][0m Total time 0.10024118423461914
[32m[Pascal][0m Total time 0.10062384605407715
[32m[Pascal][0m Total time 0.09582901000976562
[32m[Pascal][0m Total time 0.09846043586730957
[32m[Pascal][0m Cores: 8 Input: 1 
[32m[Pascal][0m Total time 0.3426933288574219
[32m[Pascal][0m Total time 0.347806453704834
[32m[Pascal][0m Total time 0.3509097099304199
[32m[Pascal][0m Total time 0.34944605827331543
[32m[Pascal][0m Total time 0.3477942943572998
[32m[Pascal][0m Total time 0.35088014602661133
[32m[Pascal][0m Total time 0.34628772735595703
[32m[Pascal][0m Total time 0.3502011299133301
[32m[Pascal][0m Total time 0.3496875762939453
[32m[Pascal][0m Total time 0.347196102142334
[32m[Pascal][0m Cores: 8 Input: 2 
[32m[Pascal][0m Total time 1.329773187637329
[32m[Pascal][0m Total time 1.330073595046997
[32m[Pascal][0m Total time 1.3274602890014648
[32m[Pascal][0m Total time 1.327876091003418
[32m[Pascal][0m Total time 1.3288943767547607
[32m[Pascal][0m Total time 1.329698085784912
[32m[Pascal][0m Total time 1.3270349502563477
[32m[Pascal][0m Total time 1.329103708267212
[32m[Pascal][0m Total time 1.3304340839385986
[32m[Pascal][0m Total time 1.327979564666748
[32m[Pascal][0m Cores: 8 Input: 3 
[32m[Pascal][0m Total time 5.207406282424927
[32m[Pascal][0m Total time 5.380235433578491
[32m[Pascal][0m Total time 5.200685739517212
[32m[Pascal][0m Total time 5.2048492431640625
[32m[Pascal][0m Total time 5.207594156265259
[32m[Pascal][0m Total time 5.2022705078125
[32m[Pascal][0m Total time 5.202845811843872
[32m[Pascal][0m Total time 5.205667018890381
[32m[Pascal][0m Total time 5.209298849105835
[32m[Pascal][0m Total time 5.197874546051025
[32m[Pascal][0m Cores: 4 Input: 0 
[32m[Pascal][0m Total time 0.17206954956054688
[32m[Pascal][0m Total time 0.1783614158630371
[32m[Pascal][0m Total time 0.1759953498840332
[32m[Pascal][0m Total time 0.17088556289672852
[32m[Pascal][0m Total time 0.17339825630187988
[32m[Pascal][0m Total time 0.17366909980773926
[32m[Pascal][0m Total time 0.17687177658081055
[32m[Pascal][0m Total time 0.1762080192565918
[32m[Pascal][0m Total time 0.17387723922729492
[32m[Pascal][0m Total time 0.1722862720489502
[32m[Pascal][0m Cores: 4 Input: 1 
[32m[Pascal][0m Total time 0.6521556377410889
[32m[Pascal][0m Total time 0.654212474822998
[32m[Pascal][0m Total time 0.6531622409820557
[32m[Pascal][0m Total time 0.6531097888946533
[32m[Pascal][0m Total time 0.6541213989257812
[32m[Pascal][0m Total time 0.6606500148773193
[32m[Pascal][0m Total time 0.6564228534698486
[32m[Pascal][0m Total time 0.6573381423950195
[32m[Pascal][0m Total time 0.6531140804290771
[32m[Pascal][0m Total time 0.6550674438476562
[32m[Pascal][0m Cores: 4 Input: 2 
[32m[Pascal][0m Total time 2.576267957687378
[32m[Pascal][0m Total time 2.5755090713500977
[32m[Pascal][0m Total time 2.576904058456421
[32m[Pascal][0m Total time 2.5810670852661133
[32m[Pascal][0m Total time 2.582244634628296
[32m[Pascal][0m Total time 2.579761266708374
[32m[Pascal][0m Total time 2.5793800354003906
[32m[Pascal][0m Total time 2.5818872451782227
[32m[Pascal][0m Total time 2.5820271968841553
[32m[Pascal][0m Total time 2.58221435546875
[32m[Pascal][0m Cores: 4 Input: 3 
[32m[Pascal][0m Total time 10.239201545715332
[32m[Pascal][0m Total time 10.242876529693604
[32m[Pascal][0m Total time 10.244042158126831
[32m[Pascal][0m Total time 10.231176137924194
[32m[Pascal][0m Total time 10.234553337097168
[32m[Pascal][0m Total time 10.391533851623535
[32m[Pascal][0m Total time 10.230681657791138
[32m[Pascal][0m Total time 10.246135234832764
[32m[Pascal][0m Total time 10.234364032745361
[32m[Pascal][0m Total time 10.231972455978394
[32m[Pascal][0m Cores: 2 Input: 0 
[32m[Pascal][0m Total time 0.3264658451080322
[32m[Pascal][0m Total time 0.32637476921081543
[32m[Pascal][0m Total time 0.32532691955566406
[32m[Pascal][0m Total time 0.3241770267486572
[32m[Pascal][0m Total time 0.32415294647216797
[32m[Pascal][0m Total time 0.32573580741882324
[32m[Pascal][0m Total time 0.32473182678222656
[32m[Pascal][0m Total time 0.3262934684753418
[32m[Pascal][0m Total time 0.3245105743408203
[32m[Pascal][0m Total time 0.3259773254394531
[32m[Pascal][0m Cores: 2 Input: 1 
[32m[Pascal][0m Total time 1.2750627994537354
[32m[Pascal][0m Total time 1.2773425579071045
[32m[Pascal][0m Total time 1.2765843868255615
[32m[Pascal][0m Total time 1.2765803337097168
[32m[Pascal][0m Total time 1.277801275253296
[32m[Pascal][0m Total time 1.2765862941741943
[32m[Pascal][0m Total time 1.2763209342956543
[32m[Pascal][0m Total time 1.2770240306854248
[32m[Pascal][0m Total time 1.2761118412017822
[32m[Pascal][0m Total time 1.2761077880859375
[32m[Pascal][0m Cores: 2 Input: 2 
[32m[Pascal][0m Total time 5.085164546966553
[32m[Pascal][0m Total time 5.084295749664307
[32m[Pascal][0m Total time 5.0833823680877686
[32m[Pascal][0m Total time 5.0857462882995605
[32m[Pascal][0m Total time 5.084072828292847
[32m[Pascal][0m Total time 5.085763692855835
[32m[Pascal][0m Total time 5.08554744720459
[32m[Pascal][0m Total time 5.0859620571136475
[32m[Pascal][0m Total time 5.083665609359741
[32m[Pascal][0m Total time 5.084286689758301
[32m[Pascal][0m Cores: 2 Input: 3 
[32m[Pascal][0m Total time 20.281564235687256
[32m[Pascal][0m Total time 20.28618597984314
[32m[Pascal][0m Total time 20.294849634170532
[32m[Pascal][0m Total time 20.284148454666138
[32m[Pascal][0m Total time 20.283474445343018
[32m[Pascal][0m Total time 20.279114246368408
[32m[Pascal][0m Total time 20.277634382247925
[32m[Pascal][0m Total time 20.282872915267944
[32m[Pascal][0m Total time 20.279927015304565
[32m[Pascal][0m Total time 20.27438259124756
[32m[Pascal][0m Cores: 1 Input: 0 
[32m[Pascal][0m Total time 0.6321265697479248
[32m[Pascal][0m Total time 0.6310505867004395
[32m[Pascal][0m Total time 0.6304616928100586
[32m[Pascal][0m Total time 0.6297502517700195
[32m[Pascal][0m Total time 0.6308138370513916
[32m[Pascal][0m Total time 0.6305837631225586
[32m[Pascal][0m Total time 0.6302604675292969
[32m[Pascal][0m Total time 0.6299867630004883
[32m[Pascal][0m Total time 0.6303150653839111
[32m[Pascal][0m Total time 0.6305088996887207
[32m[Pascal][0m Cores: 1 Input: 1 
[32m[Pascal][0m Total time 2.518258571624756
[32m[Pascal][0m Total time 2.519415855407715
[32m[Pascal][0m Total time 2.518664598464966
[32m[Pascal][0m Total time 2.520289659500122
[32m[Pascal][0m Total time 2.520395517349243
[32m[Pascal][0m Total time 2.5198066234588623
[32m[Pascal][0m Total time 2.5202722549438477
[32m[Pascal][0m Total time 2.5194759368896484
[32m[Pascal][0m Total time 2.520439386367798
[32m[Pascal][0m Total time 2.5199337005615234
[32m[Pascal][0m Cores: 1 Input: 2 
[32m[Pascal][0m Total time 10.104876518249512
[32m[Pascal][0m Total time 10.104850053787231
[32m[Pascal][0m Total time 10.102175235748291
[32m[Pascal][0m Total time 10.105686664581299
[32m[Pascal][0m Total time 10.100728034973145
[32m[Pascal][0m Total time 10.108139514923096
[32m[Pascal][0m Total time 10.10094165802002
[32m[Pascal][0m Total time 10.102705001831055
[32m[Pascal][0m Total time 10.100806713104248
[32m[Pascal][0m Total time 10.104681491851807
[32m[Pascal][0m Cores: 1 Input: 3 
[32m[Pascal][0m Total time 40.373440742492676
[32m[Pascal][0m Total time 40.38339948654175
[32m[Pascal][0m Total time 40.37135195732117
[32m[Pascal][0m Total time 40.38489365577698
[32m[Pascal][0m Total time 40.3711097240448
[32m[Pascal][0m Total time 40.382120847702026
[32m[Pascal][0m Total time 40.37268137931824
[32m[Pascal][0m Total time 40.37951588630676
[32m[Pascal][0m Total time 40.37276101112366
[32m[Pascal][0m Total time 40.375998973846436
[32m[Pascal][0m ***** Done! *****
[32m[Pascal][0m Saving data
