[32m[Pascal][0m Running with ['cores', 'input', 'repetitions']
[32m[Pascal][0m Cores: 128 Input: 0 
[32m[Pascal][0m Total time 0.06659173965454102
[32m[Pascal][0m Total time 0.06701970100402832
[32m[Pascal][0m Total time 0.06711912155151367
[32m[Pascal][0m Total time 0.06675958633422852
[32m[Pascal][0m Total time 0.06393289566040039
[32m[Pascal][0m Total time 0.06477594375610352
[32m[Pascal][0m Total time 0.0648951530456543
[32m[Pascal][0m Total time 0.06624674797058105
[32m[Pascal][0m Total time 0.06592369079589844
[32m[Pascal][0m Total time 0.06614947319030762
[32m[Pascal][0m Cores: 128 Input: 1 
[32m[Pascal][0m Total time 0.18747544288635254
[32m[Pascal][0m Total time 0.1883859634399414
[32m[Pascal][0m Total time 0.18837499618530273
[32m[Pascal][0m Total time 0.18717455863952637
[32m[Pascal][0m Total time 0.18728137016296387
[32m[Pascal][0m Total time 0.18902015686035156
[32m[Pascal][0m Total time 0.19318532943725586
[32m[Pascal][0m Total time 0.18837785720825195
[32m[Pascal][0m Total time 0.1901557445526123
[32m[Pascal][0m Total time 0.18845629692077637
[32m[Pascal][0m Cores: 128 Input: 2 
[32m[Pascal][0m Total time 0.6578588485717773
[32m[Pascal][0m Total time 0.6584367752075195
[32m[Pascal][0m Total time 0.6623530387878418
[32m[Pascal][0m Total time 0.6666533946990967
[32m[Pascal][0m Total time 0.6580204963684082
[32m[Pascal][0m Total time 0.6613316535949707
[32m[Pascal][0m Total time 0.6588280200958252
[32m[Pascal][0m Total time 0.6611907482147217
[32m[Pascal][0m Total time 0.6580531597137451
[32m[Pascal][0m Total time 0.6609058380126953
[32m[Pascal][0m Cores: 128 Input: 3 
[32m[Pascal][0m Total time 2.5077645778656006
[32m[Pascal][0m Total time 2.5236661434173584
[32m[Pascal][0m Total time 2.496635675430298
[32m[Pascal][0m Total time 2.5081310272216797
[32m[Pascal][0m Total time 2.4905247688293457
[32m[Pascal][0m Total time 2.5031638145446777
[32m[Pascal][0m Total time 2.5026133060455322
[32m[Pascal][0m Total time 2.503772735595703
[32m[Pascal][0m Total time 2.498234510421753
[32m[Pascal][0m Total time 2.494903564453125
[32m[Pascal][0m Cores: 64 Input: 0 
[32m[Pascal][0m Total time 0.09714198112487793
[32m[Pascal][0m Total time 0.09807205200195312
[32m[Pascal][0m Total time 0.09712982177734375
[32m[Pascal][0m Total time 0.09611749649047852
[32m[Pascal][0m Total time 0.09642481803894043
[32m[Pascal][0m Total time 0.11932992935180664
[32m[Pascal][0m Total time 0.0975039005279541
[32m[Pascal][0m Total time 0.09654545783996582
[32m[Pascal][0m Total time 0.0974724292755127
[32m[Pascal][0m Total time 0.10027360916137695
[32m[Pascal][0m Cores: 64 Input: 1 
[32m[Pascal][0m Total time 0.32646965980529785
[32m[Pascal][0m Total time 0.32825326919555664
[32m[Pascal][0m Total time 0.3258647918701172
[32m[Pascal][0m Total time 0.3275282382965088
[32m[Pascal][0m Total time 0.32660770416259766
[32m[Pascal][0m Total time 0.3287925720214844
[32m[Pascal][0m Total time 0.3262507915496826
[32m[Pascal][0m Total time 0.32820868492126465
[32m[Pascal][0m Total time 0.32741260528564453
[32m[Pascal][0m Total time 0.32735586166381836
[32m[Pascal][0m Cores: 64 Input: 2 
[32m[Pascal][0m Total time 1.2157669067382812
[32m[Pascal][0m Total time 1.213653802871704
[32m[Pascal][0m Total time 1.213386058807373
[32m[Pascal][0m Total time 1.2188003063201904
[32m[Pascal][0m Total time 1.2126774787902832
[32m[Pascal][0m Total time 1.2116148471832275
[32m[Pascal][0m Total time 1.2151556015014648
[32m[Pascal][0m Total time 1.21724271774292
[32m[Pascal][0m Total time 1.2139763832092285
[32m[Pascal][0m Total time 1.2146193981170654
[32m[Pascal][0m Cores: 64 Input: 3 
[32m[Pascal][0m Total time 4.678646564483643
[32m[Pascal][0m Total time 4.712393760681152
[32m[Pascal][0m Total time 4.68705940246582
[32m[Pascal][0m Total time 4.711127996444702
[32m[Pascal][0m Total time 4.678866624832153
[32m[Pascal][0m Total time 4.677829742431641
[32m[Pascal][0m Total time 4.7341718673706055
[32m[Pascal][0m Total time 4.67960000038147
[32m[Pascal][0m Total time 4.678227663040161
[32m[Pascal][0m Total time 4.721349000930786
[32m[Pascal][0m Cores: 32 Input: 0 
[32m[Pascal][0m Total time 0.16562914848327637
[32m[Pascal][0m Total time 0.1682298183441162
[32m[Pascal][0m Total time 0.16746878623962402
[32m[Pascal][0m Total time 0.16557812690734863
[32m[Pascal][0m Total time 0.16794562339782715
[32m[Pascal][0m Total time 0.16657233238220215
[32m[Pascal][0m Total time 0.1682267189025879
[32m[Pascal][0m Total time 0.16693758964538574
[32m[Pascal][0m Total time 0.16751933097839355
[32m[Pascal][0m Total time 0.16594243049621582
[32m[Pascal][0m Cores: 32 Input: 1 
[32m[Pascal][0m Total time 0.6038863658905029
[32m[Pascal][0m Total time 0.6007354259490967
[32m[Pascal][0m Total time 0.6008439064025879
[32m[Pascal][0m Total time 0.6015706062316895
[32m[Pascal][0m Total time 0.602348804473877
[32m[Pascal][0m Total time 0.6025912761688232
[32m[Pascal][0m Total time 0.602590799331665
[32m[Pascal][0m Total time 0.602067232131958
[32m[Pascal][0m Total time 0.6044771671295166
[32m[Pascal][0m Total time 0.603384256362915
[32m[Pascal][0m Cores: 32 Input: 2 
[32m[Pascal][0m Total time 2.3174774646759033
[32m[Pascal][0m Total time 2.361734628677368
[32m[Pascal][0m Total time 2.315762996673584
[32m[Pascal][0m Total time 2.3191006183624268
[32m[Pascal][0m Total time 2.319215774536133
[32m[Pascal][0m Total time 2.313981294631958
[32m[Pascal][0m Total time 2.312558650970459
[32m[Pascal][0m Total time 2.3184144496917725
[32m[Pascal][0m Total time 2.3144173622131348
[32m[Pascal][0m Total time 2.314272880554199
[32m[Pascal][0m Cores: 32 Input: 3 
[32m[Pascal][0m Total time 9.145906448364258
[32m[Pascal][0m Total time 9.15236210823059
[32m[Pascal][0m Total time 9.14848804473877
[32m[Pascal][0m Total time 9.150892496109009
[32m[Pascal][0m Total time 9.149357557296753
[32m[Pascal][0m Total time 9.149493932723999
[32m[Pascal][0m Total time 9.146297931671143
[32m[Pascal][0m Total time 9.146217584609985
[32m[Pascal][0m Total time 9.141369342803955
[32m[Pascal][0m Total time 9.144791603088379
[32m[Pascal][0m Cores: 16 Input: 0 
[32m[Pascal][0m Total time 0.3063852787017822
[32m[Pascal][0m Total time 0.30509090423583984
[32m[Pascal][0m Total time 0.3024930953979492
[32m[Pascal][0m Total time 0.3016791343688965
[32m[Pascal][0m Total time 0.3075144290924072
[32m[Pascal][0m Total time 0.30539441108703613
[32m[Pascal][0m Total time 0.3055441379547119
[32m[Pascal][0m Total time 0.3023858070373535
[32m[Pascal][0m Total time 0.30205297470092773
[32m[Pascal][0m Total time 0.30539417266845703
[32m[Pascal][0m Cores: 16 Input: 1 
[32m[Pascal][0m Total time 1.1563470363616943
[32m[Pascal][0m Total time 1.1559770107269287
[32m[Pascal][0m Total time 1.1553783416748047
[32m[Pascal][0m Total time 1.1567258834838867
[32m[Pascal][0m Total time 1.1569623947143555
[32m[Pascal][0m Total time 1.1533269882202148
[32m[Pascal][0m Total time 1.1590864658355713
[32m[Pascal][0m Total time 1.1575400829315186
[32m[Pascal][0m Total time 1.156639814376831
[32m[Pascal][0m Total time 1.1540672779083252
[32m[Pascal][0m Cores: 16 Input: 2 
[32m[Pascal][0m Total time 4.540999889373779
[32m[Pascal][0m Total time 4.54298210144043
[32m[Pascal][0m Total time 4.543105125427246
[32m[Pascal][0m Total time 4.543827772140503
[32m[Pascal][0m Total time 4.547386407852173
[32m[Pascal][0m Total time 4.544724225997925
[32m[Pascal][0m Total time 4.547551393508911
[32m[Pascal][0m Total time 4.546741962432861
[32m[Pascal][0m Total time 4.541475534439087
[32m[Pascal][0m Total time 4.5421364307403564
[32m[Pascal][0m Cores: 16 Input: 3 
[32m[Pascal][0m Total time 18.056925535202026
[32m[Pascal][0m Total time 18.0607590675354
[32m[Pascal][0m Total time 18.138092041015625
[32m[Pascal][0m Total time 18.049976110458374
[32m[Pascal][0m Total time 18.061514616012573
[32m[Pascal][0m Total time 18.05768060684204
[32m[Pascal][0m Total time 18.060014963150024
[32m[Pascal][0m Total time 18.05790948867798
[32m[Pascal][0m Total time 18.0666184425354
[32m[Pascal][0m Total time 18.05865216255188
[32m[Pascal][0m Cores: 8 Input: 0 
[32m[Pascal][0m Total time 0.5771651268005371
[32m[Pascal][0m Total time 0.5829014778137207
[32m[Pascal][0m Total time 0.5813820362091064
[32m[Pascal][0m Total time 0.5796787738800049
[32m[Pascal][0m Total time 0.5833866596221924
[32m[Pascal][0m Total time 0.5813593864440918
[32m[Pascal][0m Total time 0.5799057483673096
[32m[Pascal][0m Total time 0.5823445320129395
[32m[Pascal][0m Total time 0.5814764499664307
[32m[Pascal][0m Total time 0.582381010055542
[32m[Pascal][0m Cores: 8 Input: 1 
[32m[Pascal][0m Total time 2.265933036804199
[32m[Pascal][0m Total time 2.2636234760284424
[32m[Pascal][0m Total time 2.266134738922119
[32m[Pascal][0m Total time 2.264906883239746
[32m[Pascal][0m Total time 2.263645887374878
[32m[Pascal][0m Total time 2.265413761138916
[32m[Pascal][0m Total time 2.2632529735565186
[32m[Pascal][0m Total time 2.264336347579956
[32m[Pascal][0m Total time 2.2694599628448486
[32m[Pascal][0m Total time 2.2675979137420654
[32m[Pascal][0m Cores: 8 Input: 2 
[32m[Pascal][0m Total time 9.000166177749634
[32m[Pascal][0m Total time 8.994023084640503
[32m[Pascal][0m Total time 8.992682695388794
[32m[Pascal][0m Total time 8.996272325515747
[32m[Pascal][0m Total time 8.998600244522095
[32m[Pascal][0m Total time 8.990849256515503
[32m[Pascal][0m Total time 8.991054058074951
[32m[Pascal][0m Total time 8.996939897537231
[32m[Pascal][0m Total time 8.994592189788818
[32m[Pascal][0m Total time 8.9998619556427
[32m[Pascal][0m Cores: 8 Input: 3 
[32m[Pascal][0m Total time 35.85662293434143
[32m[Pascal][0m Total time 35.85849142074585
[32m[Pascal][0m Total time 35.85159873962402
[32m[Pascal][0m Total time 35.85004210472107
[32m[Pascal][0m Total time 35.88048791885376
[32m[Pascal][0m Total time 35.86576056480408
[32m[Pascal][0m Total time 35.85257411003113
[32m[Pascal][0m Total time 35.83939719200134
[32m[Pascal][0m Total time 35.858569622039795
[32m[Pascal][0m Total time 35.86520195007324
[32m[Pascal][0m Cores: 4 Input: 0 
[32m[Pascal][0m Total time 1.1301722526550293
[32m[Pascal][0m Total time 1.129260778427124
[32m[Pascal][0m Total time 1.1296300888061523
[32m[Pascal][0m Total time 1.129991054534912
[32m[Pascal][0m Total time 1.1315948963165283
[32m[Pascal][0m Total time 1.1308636665344238
[32m[Pascal][0m Total time 1.130324363708496
[32m[Pascal][0m Total time 1.1302428245544434
[32m[Pascal][0m Total time 1.1296932697296143
[32m[Pascal][0m Total time 1.1287593841552734
[32m[Pascal][0m Cores: 4 Input: 1 
[32m[Pascal][0m Total time 4.47724461555481
[32m[Pascal][0m Total time 4.4785850048065186
[32m[Pascal][0m Total time 4.481302261352539
[32m[Pascal][0m Total time 4.480113506317139
[32m[Pascal][0m Total time 4.477645635604858
[32m[Pascal][0m Total time 4.482333660125732
[32m[Pascal][0m Total time 4.486907005310059
[32m[Pascal][0m Total time 4.487732648849487
[32m[Pascal][0m Total time 4.48602557182312
[32m[Pascal][0m Total time 4.4773969650268555
[32m[Pascal][0m Cores: 4 Input: 2 
[32m[Pascal][0m Total time 17.867733478546143
[32m[Pascal][0m Total time 17.872668027877808
[32m[Pascal][0m Total time 17.867587089538574
[32m[Pascal][0m Total time 17.86140489578247
[32m[Pascal][0m Total time 17.86161470413208
[32m[Pascal][0m Total time 17.873239994049072
[32m[Pascal][0m Total time 17.869219303131104
[32m[Pascal][0m Total time 17.86627745628357
[32m[Pascal][0m Total time 17.88841676712036
[32m[Pascal][0m Total time 17.870636701583862
[32m[Pascal][0m Cores: 4 Input: 3 
[32m[Pascal][0m Total time 71.40971851348877
[32m[Pascal][0m Total time 71.43677592277527
[32m[Pascal][0m Total time 71.42054891586304
[32m[Pascal][0m Total time 71.52221512794495
[32m[Pascal][0m Total time 71.48132014274597
[32m[Pascal][0m Total time 71.49975156784058
[32m[Pascal][0m Total time 71.47273349761963
[32m[Pascal][0m Total time 71.42326521873474
[32m[Pascal][0m Total time 71.41060256958008
[32m[Pascal][0m Total time 71.40165615081787
[32m[Pascal][0m Cores: 2 Input: 0 
[32m[Pascal][0m Total time 2.2312276363372803
[32m[Pascal][0m Total time 2.2305028438568115
[32m[Pascal][0m Total time 2.230689525604248
[32m[Pascal][0m Total time 2.2299139499664307
[32m[Pascal][0m Total time 2.2304718494415283
[32m[Pascal][0m Total time 2.2291085720062256
[32m[Pascal][0m Total time 2.2289345264434814
[32m[Pascal][0m Total time 2.2300095558166504
[32m[Pascal][0m Total time 2.229621410369873
[32m[Pascal][0m Total time 2.2289416790008545
[32m[Pascal][0m Cores: 2 Input: 1 
[32m[Pascal][0m Total time 8.903881549835205
[32m[Pascal][0m Total time 8.90391755104065
[32m[Pascal][0m Total time 8.904507637023926
[32m[Pascal][0m Total time 8.904368162155151
[32m[Pascal][0m Total time 8.907205581665039
[32m[Pascal][0m Total time 8.909094095230103
[32m[Pascal][0m Total time 8.902934789657593
[32m[Pascal][0m Total time 8.907171726226807
[32m[Pascal][0m Total time 8.902706861495972
[32m[Pascal][0m Total time 8.904117107391357
[32m[Pascal][0m Cores: 2 Input: 2 
[32m[Pascal][0m Total time 35.640923261642456
[32m[Pascal][0m Total time 35.63923716545105
[32m[Pascal][0m Total time 35.635228395462036
[32m[Pascal][0m Total time 35.64323616027832
[32m[Pascal][0m Total time 35.643224239349365
[32m[Pascal][0m Total time 35.65696883201599
[32m[Pascal][0m Total time 35.63578462600708
[32m[Pascal][0m Total time 35.63024425506592
[32m[Pascal][0m Total time 35.63131928443909
[32m[Pascal][0m Total time 35.63354992866516
[32m[Pascal][0m Cores: 2 Input: 3 
[32m[Pascal][0m Total time 142.61942100524902
[32m[Pascal][0m Total time 142.63296723365784
[32m[Pascal][0m Total time 142.59821915626526
[32m[Pascal][0m Total time 142.60083436965942
[32m[Pascal][0m Total time 142.63546991348267
[32m[Pascal][0m Total time 142.5803165435791
[32m[Pascal][0m Total time 142.6455900669098
[32m[Pascal][0m Total time 142.5977702140808
[32m[Pascal][0m Total time 142.57766580581665
[32m[Pascal][0m Total time 142.62976217269897
[32m[Pascal][0m Cores: 1 Input: 0 
[32m[Pascal][0m Total time 4.431785583496094
[32m[Pascal][0m Total time 4.430718660354614
[32m[Pascal][0m Total time 4.4322144985198975
[32m[Pascal][0m Total time 4.430190801620483
[32m[Pascal][0m Total time 4.429722547531128
[32m[Pascal][0m Total time 4.430796384811401
[32m[Pascal][0m Total time 4.430592060089111
[32m[Pascal][0m Total time 4.42992377281189
[32m[Pascal][0m Total time 4.43139910697937
[32m[Pascal][0m Total time 4.4305219650268555
[32m[Pascal][0m Cores: 1 Input: 1 
[32m[Pascal][0m Total time 17.75810670852661
[32m[Pascal][0m Total time 17.759622812271118
[32m[Pascal][0m Total time 17.759652614593506
[32m[Pascal][0m Total time 17.756390810012817
[32m[Pascal][0m Total time 17.758237838745117
[32m[Pascal][0m Total time 17.763983011245728
[32m[Pascal][0m Total time 17.759931564331055
[32m[Pascal][0m Total time 17.755425453186035
[32m[Pascal][0m Total time 17.760433435440063
[32m[Pascal][0m Total time 17.757356643676758
[32m[Pascal][0m Cores: 1 Input: 2 
[32m[Pascal][0m Total time 71.15795636177063
[32m[Pascal][0m Total time 71.1781861782074
[32m[Pascal][0m Total time 71.15575337409973
[32m[Pascal][0m Total time 71.15544843673706
[32m[Pascal][0m Total time 71.17543864250183
[32m[Pascal][0m Total time 71.1855936050415
[32m[Pascal][0m Total time 71.21106839179993
[32m[Pascal][0m Total time 71.1886658668518
[32m[Pascal][0m Total time 71.18916463851929
[32m[Pascal][0m Total time 71.18547177314758
[32m[Pascal][0m Cores: 1 Input: 3 
[32m[Pascal][0m Total time 284.9125602245331
[32m[Pascal][0m Total time 284.90947246551514
[32m[Pascal][0m Total time 284.9585020542145
[32m[Pascal][0m Total time 284.90256333351135
[32m[Pascal][0m Total time 284.8997378349304
[32m[Pascal][0m Total time 284.97171902656555
[32m[Pascal][0m Total time 284.95132756233215
[32m[Pascal][0m Total time 284.9244246482849
[32m[Pascal][0m Total time 284.92450881004333
[32m[Pascal][0m Total time 284.8841326236725
[32m[Pascal][0m ***** Done! *****
[32m[Pascal][0m Saving data
