[32m[Pascal][0m Running with ['cores', 'input', 'repetitions']
[32m[Pascal][0m Cores: 128 Input: 0 
[32m[Pascal][0m Total time 0.10784411430358887
[32m[Pascal][0m Total time 0.10782313346862793
[32m[Pascal][0m Total time 0.10814714431762695
[32m[Pascal][0m Total time 0.10779690742492676
[32m[Pascal][0m Total time 0.10711956024169922
[32m[Pascal][0m Total time 0.10758614540100098
[32m[Pascal][0m Total time 0.10726428031921387
[32m[Pascal][0m Total time 0.10565948486328125
[32m[Pascal][0m Total time 0.10687541961669922
[32m[Pascal][0m Total time 0.10776448249816895
[32m[Pascal][0m Cores: 128 Input: 1 
[32m[Pascal][0m Total time 0.35009169578552246
[32m[Pascal][0m Total time 0.35119199752807617
[32m[Pascal][0m Total time 0.3537476062774658
[32m[Pascal][0m Total time 0.3511018753051758
[32m[Pascal][0m Total time 0.35107898712158203
[32m[Pascal][0m Total time 0.3527507781982422
[32m[Pascal][0m Total time 0.3517012596130371
[32m[Pascal][0m Total time 0.3513505458831787
[32m[Pascal][0m Total time 0.3516561985015869
[32m[Pascal][0m Total time 0.3515458106994629
[32m[Pascal][0m Cores: 128 Input: 2 
[32m[Pascal][0m Total time 1.2918457984924316
[32m[Pascal][0m Total time 1.2821946144104004
[32m[Pascal][0m Total time 1.2835114002227783
[32m[Pascal][0m Total time 1.2884390354156494
[32m[Pascal][0m Total time 1.2812271118164062
[32m[Pascal][0m Total time 1.2823946475982666
[32m[Pascal][0m Total time 1.284205675125122
[32m[Pascal][0m Total time 1.2909026145935059
[32m[Pascal][0m Total time 1.2821946144104004
[32m[Pascal][0m Total time 1.2828893661499023
[32m[Pascal][0m Cores: 128 Input: 3 
[32m[Pascal][0m Total time 4.963364124298096
[32m[Pascal][0m Total time 4.947640419006348
[32m[Pascal][0m Total time 4.960489511489868
[32m[Pascal][0m Total time 4.9725341796875
[32m[Pascal][0m Total time 4.9557459354400635
[32m[Pascal][0m Total time 4.952856063842773
[32m[Pascal][0m Total time 4.977906227111816
[32m[Pascal][0m Total time 4.959677219390869
[32m[Pascal][0m Total time 4.9651994705200195
[32m[Pascal][0m Total time 4.946961402893066
[32m[Pascal][0m Cores: 64 Input: 0 
[32m[Pascal][0m Total time 0.1780257225036621
[32m[Pascal][0m Total time 0.17865586280822754
[32m[Pascal][0m Total time 0.1776576042175293
[32m[Pascal][0m Total time 0.17631173133850098
[32m[Pascal][0m Total time 0.17858505249023438
[32m[Pascal][0m Total time 0.19774293899536133
[32m[Pascal][0m Total time 0.17796850204467773
[32m[Pascal][0m Total time 0.17682886123657227
[32m[Pascal][0m Total time 0.17814993858337402
[32m[Pascal][0m Total time 0.17853808403015137
[32m[Pascal][0m Cores: 64 Input: 1 
[32m[Pascal][0m Total time 0.636326789855957
[32m[Pascal][0m Total time 0.6388425827026367
[32m[Pascal][0m Total time 0.635570764541626
[32m[Pascal][0m Total time 0.6376876831054688
[32m[Pascal][0m Total time 0.643775463104248
[32m[Pascal][0m Total time 0.6398262977600098
[32m[Pascal][0m Total time 0.6438806056976318
[32m[Pascal][0m Total time 0.641840934753418
[32m[Pascal][0m Total time 0.6415903568267822
[32m[Pascal][0m Total time 0.641718864440918
[32m[Pascal][0m Cores: 64 Input: 2 
[32m[Pascal][0m Total time 2.434454917907715
[32m[Pascal][0m Total time 2.4364378452301025
[32m[Pascal][0m Total time 2.4356234073638916
[32m[Pascal][0m Total time 2.434302806854248
[32m[Pascal][0m Total time 2.433896064758301
[32m[Pascal][0m Total time 2.436530828475952
[32m[Pascal][0m Total time 2.436577081680298
[32m[Pascal][0m Total time 2.4367353916168213
[32m[Pascal][0m Total time 2.4370155334472656
[32m[Pascal][0m Total time 2.436098575592041
[32m[Pascal][0m Cores: 64 Input: 3 
[32m[Pascal][0m Total time 9.542569637298584
[32m[Pascal][0m Total time 9.5550537109375
[32m[Pascal][0m Total time 9.554257869720459
[32m[Pascal][0m Total time 9.539487838745117
[32m[Pascal][0m Total time 9.556248664855957
[32m[Pascal][0m Total time 9.577097654342651
[32m[Pascal][0m Total time 9.561171770095825
[32m[Pascal][0m Total time 9.554217100143433
[32m[Pascal][0m Total time 9.541694164276123
[32m[Pascal][0m Total time 9.568447589874268
[32m[Pascal][0m Cores: 32 Input: 0 
[32m[Pascal][0m Total time 0.32291603088378906
[32m[Pascal][0m Total time 0.32315850257873535
[32m[Pascal][0m Total time 0.32664942741394043
[32m[Pascal][0m Total time 0.32311010360717773
[32m[Pascal][0m Total time 0.3226497173309326
[32m[Pascal][0m Total time 0.3226015567779541
[32m[Pascal][0m Total time 0.3227360248565674
[32m[Pascal][0m Total time 0.32378673553466797
[32m[Pascal][0m Total time 0.32590317726135254
[32m[Pascal][0m Total time 0.32346105575561523
[32m[Pascal][0m Cores: 32 Input: 1 
[32m[Pascal][0m Total time 1.2159359455108643
[32m[Pascal][0m Total time 1.2170209884643555
[32m[Pascal][0m Total time 1.2181928157806396
[32m[Pascal][0m Total time 1.218597412109375
[32m[Pascal][0m Total time 1.216991662979126
[32m[Pascal][0m Total time 1.2169370651245117
[32m[Pascal][0m Total time 1.215484619140625
[32m[Pascal][0m Total time 1.2157340049743652
[32m[Pascal][0m Total time 1.2195260524749756
[32m[Pascal][0m Total time 1.2168819904327393
[32m[Pascal][0m Cores: 32 Input: 2 
[32m[Pascal][0m Total time 4.747513294219971
[32m[Pascal][0m Total time 4.739545583724976
[32m[Pascal][0m Total time 4.743566989898682
[32m[Pascal][0m Total time 4.744842529296875
[32m[Pascal][0m Total time 4.741254806518555
[32m[Pascal][0m Total time 4.743383169174194
[32m[Pascal][0m Total time 4.748855113983154
[32m[Pascal][0m Total time 4.743152618408203
[32m[Pascal][0m Total time 4.745355606079102
[32m[Pascal][0m Total time 4.744580268859863
[32m[Pascal][0m Cores: 32 Input: 3 
[32m[Pascal][0m Total time 18.808039903640747
[32m[Pascal][0m Total time 18.820808172225952
[32m[Pascal][0m Total time 18.804309129714966
[32m[Pascal][0m Total time 18.812086820602417
[32m[Pascal][0m Total time 18.80589008331299
[32m[Pascal][0m Total time 18.798271894454956
[32m[Pascal][0m Total time 18.808281183242798
[32m[Pascal][0m Total time 18.807158708572388
[32m[Pascal][0m Total time 18.834283590316772
[32m[Pascal][0m Total time 18.809836387634277
[32m[Pascal][0m Cores: 16 Input: 0 
[32m[Pascal][0m Total time 0.6138617992401123
[32m[Pascal][0m Total time 0.6154203414916992
[32m[Pascal][0m Total time 0.6158881187438965
[32m[Pascal][0m Total time 0.6141207218170166
[32m[Pascal][0m Total time 0.6114752292633057
[32m[Pascal][0m Total time 0.6119096279144287
[32m[Pascal][0m Total time 0.6129758358001709
[32m[Pascal][0m Total time 0.6126940250396729
[32m[Pascal][0m Total time 0.6155383586883545
[32m[Pascal][0m Total time 0.6143200397491455
[32m[Pascal][0m Cores: 16 Input: 1 
[32m[Pascal][0m Total time 2.3702921867370605
[32m[Pascal][0m Total time 2.3727920055389404
[32m[Pascal][0m Total time 2.3735244274139404
[32m[Pascal][0m Total time 2.372689962387085
[32m[Pascal][0m Total time 2.373798370361328
[32m[Pascal][0m Total time 2.3714122772216797
[32m[Pascal][0m Total time 2.373433828353882
[32m[Pascal][0m Total time 2.37246036529541
[32m[Pascal][0m Total time 2.3741214275360107
[32m[Pascal][0m Total time 2.3701958656311035
[32m[Pascal][0m Cores: 16 Input: 2 
[32m[Pascal][0m Total time 9.372474431991577
[32m[Pascal][0m Total time 9.37270212173462
[32m[Pascal][0m Total time 9.368486404418945
[32m[Pascal][0m Total time 9.377363920211792
[32m[Pascal][0m Total time 9.37118673324585
[32m[Pascal][0m Total time 9.371963739395142
[32m[Pascal][0m Total time 9.371962785720825
[32m[Pascal][0m Total time 9.374348878860474
[32m[Pascal][0m Total time 9.377857446670532
[32m[Pascal][0m Total time 9.374827146530151
[32m[Pascal][0m Cores: 16 Input: 3 
[32m[Pascal][0m Total time 37.32990097999573
[32m[Pascal][0m Total time 37.321515798568726
[32m[Pascal][0m Total time 37.35735011100769
[32m[Pascal][0m Total time 37.29221820831299
[32m[Pascal][0m Total time 37.31052923202515
[32m[Pascal][0m Total time 37.333407402038574
[32m[Pascal][0m Total time 37.303354024887085
[32m[Pascal][0m Total time 37.29630446434021
[32m[Pascal][0m Total time 37.29714822769165
[32m[Pascal][0m Total time 37.31259512901306
[32m[Pascal][0m Cores: 8 Input: 0 
[32m[Pascal][0m Total time 1.1873822212219238
[32m[Pascal][0m Total time 1.1882009506225586
[32m[Pascal][0m Total time 1.1939635276794434
[32m[Pascal][0m Total time 1.1923201084136963
[32m[Pascal][0m Total time 1.18983793258667
[32m[Pascal][0m Total time 1.1931390762329102
[32m[Pascal][0m Total time 1.19331693649292
[32m[Pascal][0m Total time 1.1923868656158447
[32m[Pascal][0m Total time 1.192237377166748
[32m[Pascal][0m Total time 1.1897742748260498
[32m[Pascal][0m Cores: 8 Input: 1 
[32m[Pascal][0m Total time 4.680638551712036
[32m[Pascal][0m Total time 4.679193735122681
[32m[Pascal][0m Total time 4.678367853164673
[32m[Pascal][0m Total time 4.680784702301025
[32m[Pascal][0m Total time 4.681002616882324
[32m[Pascal][0m Total time 4.68307089805603
[32m[Pascal][0m Total time 4.680022478103638
[32m[Pascal][0m Total time 4.686961889266968
[32m[Pascal][0m Total time 4.680527448654175
[32m[Pascal][0m Total time 4.693486213684082
[32m[Pascal][0m Cores: 8 Input: 2 
[32m[Pascal][0m Total time 18.627875328063965
[32m[Pascal][0m Total time 18.62354326248169
[32m[Pascal][0m Total time 18.619185209274292
[32m[Pascal][0m Total time 18.623960256576538
[32m[Pascal][0m Total time 18.62386727333069
[32m[Pascal][0m Total time 18.614954471588135
[32m[Pascal][0m Total time 18.6192626953125
[32m[Pascal][0m Total time 18.625778198242188
[32m[Pascal][0m Total time 18.62445569038391
[32m[Pascal][0m Total time 18.620887279510498
[32m[Pascal][0m Cores: 8 Input: 3 
[32m[Pascal][0m Total time 74.37552261352539
[32m[Pascal][0m Total time 74.38129377365112
[32m[Pascal][0m Total time 74.3321270942688
[32m[Pascal][0m Total time 74.31497192382812
[32m[Pascal][0m Total time 74.36398267745972
[32m[Pascal][0m Total time 74.32801389694214
[32m[Pascal][0m Total time 74.283775806427
[32m[Pascal][0m Total time 74.32146430015564
[32m[Pascal][0m Total time 74.36654710769653
[32m[Pascal][0m Total time 74.31765627861023
[32m[Pascal][0m Cores: 4 Input: 0 
[32m[Pascal][0m Total time 2.338696241378784
[32m[Pascal][0m Total time 2.3395097255706787
[32m[Pascal][0m Total time 2.338705539703369
[32m[Pascal][0m Total time 2.338369369506836
[32m[Pascal][0m Total time 2.3384158611297607
[32m[Pascal][0m Total time 2.3393564224243164
[32m[Pascal][0m Total time 2.342782974243164
[32m[Pascal][0m Total time 2.340383768081665
[32m[Pascal][0m Total time 2.344715118408203
[32m[Pascal][0m Total time 2.340191602706909
[32m[Pascal][0m Cores: 4 Input: 1 
[32m[Pascal][0m Total time 9.30510950088501
[32m[Pascal][0m Total time 9.299078226089478
[32m[Pascal][0m Total time 9.2970712184906
[32m[Pascal][0m Total time 9.299990177154541
[32m[Pascal][0m Total time 9.292414665222168
[32m[Pascal][0m Total time 9.300661563873291
[32m[Pascal][0m Total time 9.30208683013916
[32m[Pascal][0m Total time 9.299054622650146
[32m[Pascal][0m Total time 9.301544666290283
[32m[Pascal][0m Total time 9.300291538238525
[32m[Pascal][0m Cores: 4 Input: 2 
[32m[Pascal][0m Total time 37.10318636894226
[32m[Pascal][0m Total time 37.13252782821655
[32m[Pascal][0m Total time 37.11558699607849
[32m[Pascal][0m Total time 37.103686809539795
[32m[Pascal][0m Total time 37.14173102378845
[32m[Pascal][0m Total time 37.08802318572998
[32m[Pascal][0m Total time 37.11138892173767
[32m[Pascal][0m Total time 37.098931312561035
[32m[Pascal][0m Total time 37.101343870162964
[32m[Pascal][0m Total time 37.095635414123535
[32m[Pascal][0m Cores: 4 Input: 3 
[32m[Pascal][0m Total time 148.2749845981598
[32m[Pascal][0m Total time 148.26509046554565
[32m[Pascal][0m Total time 148.3252820968628
[32m[Pascal][0m Total time 148.38758420944214
[32m[Pascal][0m Total time 148.32283926010132
[32m[Pascal][0m Total time 148.3195996284485
[32m[Pascal][0m Total time 148.23140954971313
[32m[Pascal][0m Total time 148.29287767410278
[32m[Pascal][0m Total time 148.66563177108765
[32m[Pascal][0m Total time 148.38797879219055
[32m[Pascal][0m Cores: 2 Input: 0 
[32m[Pascal][0m Total time 4.644989252090454
[32m[Pascal][0m Total time 4.6408140659332275
[32m[Pascal][0m Total time 4.640530109405518
[32m[Pascal][0m Total time 4.640050649642944
[32m[Pascal][0m Total time 4.640478610992432
[32m[Pascal][0m Total time 4.64319634437561
[32m[Pascal][0m Total time 4.642029047012329
[32m[Pascal][0m Total time 4.643438339233398
[32m[Pascal][0m Total time 4.642504692077637
[32m[Pascal][0m Total time 4.6436567306518555
[32m[Pascal][0m Cores: 2 Input: 1 
[32m[Pascal][0m Total time 18.53539228439331
[32m[Pascal][0m Total time 18.52991771697998
[32m[Pascal][0m Total time 18.531848192214966
[32m[Pascal][0m Total time 18.53730034828186
[32m[Pascal][0m Total time 18.529475450515747
[32m[Pascal][0m Total time 18.526870727539062
[32m[Pascal][0m Total time 18.53875160217285
[32m[Pascal][0m Total time 18.53095293045044
[32m[Pascal][0m Total time 18.52363348007202
[32m[Pascal][0m Total time 18.527522563934326
[32m[Pascal][0m Cores: 2 Input: 2 
[32m[Pascal][0m Total time 74.09820628166199
[32m[Pascal][0m Total time 74.09843611717224
[32m[Pascal][0m Total time 74.0807535648346
[32m[Pascal][0m Total time 74.06058287620544
[32m[Pascal][0m Total time 74.11115908622742
[32m[Pascal][0m Total time 74.09107828140259
[32m[Pascal][0m Total time 74.04717087745667
[32m[Pascal][0m Total time 74.08871030807495
[32m[Pascal][0m Total time 74.07739090919495
[32m[Pascal][0m Total time 74.0677137374878
[32m[Pascal][0m Cores: 2 Input: 3 
[32m[Pascal][0m Total time 296.2671899795532
[32m[Pascal][0m Total time 296.2953028678894
[32m[Pascal][0m Total time 296.26887106895447
[32m[Pascal][0m Total time 296.26253509521484
[32m[Pascal][0m Total time 296.18523359298706
[32m[Pascal][0m Total time 296.2133159637451
[32m[Pascal][0m Total time 296.2329144477844
[32m[Pascal][0m Total time 296.11149549484253
[32m[Pascal][0m Total time 296.18929076194763
[32m[Pascal][0m Total time 296.13200187683105
[32m[Pascal][0m Cores: 1 Input: 0 
[32m[Pascal][0m Total time 9.2494375705719
[32m[Pascal][0m Total time 9.24708867073059
[32m[Pascal][0m Total time 9.248448133468628
[32m[Pascal][0m Total time 9.24608826637268
[32m[Pascal][0m Total time 9.24701738357544
[32m[Pascal][0m Total time 9.248293161392212
[32m[Pascal][0m Total time 9.248119115829468
[32m[Pascal][0m Total time 9.250331401824951
[32m[Pascal][0m Total time 9.249508380889893
[32m[Pascal][0m Total time 9.246930122375488
[32m[Pascal][0m Cores: 1 Input: 1 
[32m[Pascal][0m Total time 36.989651679992676
[32m[Pascal][0m Total time 36.99750471115112
[32m[Pascal][0m Total time 36.99639678001404
[32m[Pascal][0m Total time 36.99428129196167
[32m[Pascal][0m Total time 36.994890213012695
[32m[Pascal][0m Total time 36.992239236831665
[32m[Pascal][0m Total time 36.99264335632324
[32m[Pascal][0m Total time 36.99812126159668
[32m[Pascal][0m Total time 36.98626732826233
[32m[Pascal][0m Total time 37.00372290611267
[32m[Pascal][0m Cores: 1 Input: 2 
[32m[Pascal][0m Total time 148.00218033790588
[32m[Pascal][0m Total time 148.0862500667572
[32m[Pascal][0m Total time 148.03001403808594
[32m[Pascal][0m Total time 148.0047299861908
[32m[Pascal][0m Total time 147.9772355556488
[32m[Pascal][0m Total time 148.00866079330444
[32m[Pascal][0m Total time 148.00013208389282
[32m[Pascal][0m Total time 148.02074241638184
[32m[Pascal][0m Total time 147.96894359588623
[32m[Pascal][0m Total time 148.01243090629578
[32m[Pascal][0m Cores: 1 Input: 3 
[32m[Pascal][0m Total time 592.152943611145
[32m[Pascal][0m Total time 592.1026093959808
[32m[Pascal][0m Total time 592.1593754291534
[32m[Pascal][0m Total time 592.1541931629181
[32m[Pascal][0m Total time 592.1642346382141
[32m[Pascal][0m Total time 592.1300518512726
[32m[Pascal][0m Total time 592.1826448440552
[32m[Pascal][0m Total time 592.2781279087067
[32m[Pascal][0m Total time 592.2991924285889
[32m[Pascal][0m Total time 592.2724170684814
[32m[Pascal][0m ***** Done! *****
[32m[Pascal][0m Saving data
