[32m[Pascal][0m Running with ['cores', 'input', 'repetitions']
[32m[Pascal][0m Cores: 128 Input: 0 
[32m[Pascal][0m Total time 0.26653409004211426
[32m[Pascal][0m Total time 0.16232013702392578
[32m[Pascal][0m Total time 0.1624298095703125
[32m[Pascal][0m Total time 0.16305875778198242
[32m[Pascal][0m Total time 0.16006731986999512
[32m[Pascal][0m Total time 0.16197490692138672
[32m[Pascal][0m Total time 0.16194677352905273
[32m[Pascal][0m Total time 0.1623697280883789
[32m[Pascal][0m Total time 0.16333818435668945
[32m[Pascal][0m Total time 0.16182589530944824
[32m[Pascal][0m Cores: 128 Input: 1 
[32m[Pascal][0m Total time 0.606266975402832
[32m[Pascal][0m Total time 0.6058058738708496
[32m[Pascal][0m Total time 0.6198716163635254
[32m[Pascal][0m Total time 0.6053178310394287
[32m[Pascal][0m Total time 0.6049973964691162
[32m[Pascal][0m Total time 0.6049141883850098
[32m[Pascal][0m Total time 0.612680196762085
[32m[Pascal][0m Total time 0.6042909622192383
[32m[Pascal][0m Total time 0.6075441837310791
[32m[Pascal][0m Total time 0.6054201126098633
[32m[Pascal][0m Cores: 128 Input: 2 
[32m[Pascal][0m Total time 2.38043475151062
[32m[Pascal][0m Total time 2.383652925491333
[32m[Pascal][0m Total time 2.380253314971924
[32m[Pascal][0m Total time 2.3720500469207764
[32m[Pascal][0m Total time 2.371636152267456
[32m[Pascal][0m Total time 2.3751778602600098
[32m[Pascal][0m Total time 2.3769707679748535
[32m[Pascal][0m Total time 2.3728861808776855
[32m[Pascal][0m Total time 2.375460624694824
[32m[Pascal][0m Total time 2.3731703758239746
[32m[Pascal][0m Cores: 128 Input: 3 
[32m[Pascal][0m Total time 9.511669635772705
[32m[Pascal][0m Total time 9.419168949127197
[32m[Pascal][0m Total time 9.445503950119019
[32m[Pascal][0m Total time 9.467867374420166
[32m[Pascal][0m Total time 9.455577373504639
[32m[Pascal][0m Total time 9.447497844696045
[32m[Pascal][0m Total time 9.467837572097778
[32m[Pascal][0m Total time 9.456873416900635
[32m[Pascal][0m Total time 9.447194814682007
[32m[Pascal][0m Total time 9.470972299575806
[32m[Pascal][0m Cores: 64 Input: 0 
[32m[Pascal][0m Total time 0.3042316436767578
[32m[Pascal][0m Total time 0.3054497241973877
[32m[Pascal][0m Total time 0.30696845054626465
[32m[Pascal][0m Total time 0.3042943477630615
[32m[Pascal][0m Total time 0.305438756942749
[32m[Pascal][0m Total time 0.32941722869873047
[32m[Pascal][0m Total time 0.3065204620361328
[32m[Pascal][0m Total time 0.30483555793762207
[32m[Pascal][0m Total time 0.3041999340057373
[32m[Pascal][0m Total time 0.3048121929168701
[32m[Pascal][0m Cores: 64 Input: 1 
[32m[Pascal][0m Total time 1.185326099395752
[32m[Pascal][0m Total time 1.1839704513549805
[32m[Pascal][0m Total time 1.183187484741211
[32m[Pascal][0m Total time 1.1846871376037598
[32m[Pascal][0m Total time 1.1821930408477783
[32m[Pascal][0m Total time 1.185962438583374
[32m[Pascal][0m Total time 1.1859757900238037
[32m[Pascal][0m Total time 1.185197114944458
[32m[Pascal][0m Total time 1.1854803562164307
[32m[Pascal][0m Total time 1.1871778964996338
[32m[Pascal][0m Cores: 64 Input: 2 
[32m[Pascal][0m Total time 4.688190221786499
[32m[Pascal][0m Total time 4.688652038574219
[32m[Pascal][0m Total time 4.682685136795044
[32m[Pascal][0m Total time 4.687716960906982
[32m[Pascal][0m Total time 4.6872289180755615
[32m[Pascal][0m Total time 4.684913158416748
[32m[Pascal][0m Total time 4.687427043914795
[32m[Pascal][0m Total time 4.686544179916382
[32m[Pascal][0m Total time 4.686609745025635
[32m[Pascal][0m Total time 4.687429428100586
[32m[Pascal][0m Cores: 64 Input: 3 
[32m[Pascal][0m Total time 18.709537506103516
[32m[Pascal][0m Total time 18.721859216690063
[32m[Pascal][0m Total time 18.698889017105103
[32m[Pascal][0m Total time 18.711392164230347
[32m[Pascal][0m Total time 18.68682050704956
[32m[Pascal][0m Total time 18.700981855392456
[32m[Pascal][0m Total time 18.69479537010193
[32m[Pascal][0m Total time 18.70181894302368
[32m[Pascal][0m Total time 18.703264713287354
[32m[Pascal][0m Total time 18.71801733970642
[32m[Pascal][0m Cores: 32 Input: 0 
[32m[Pascal][0m Total time 0.594315767288208
[32m[Pascal][0m Total time 0.5956530570983887
[32m[Pascal][0m Total time 0.5948359966278076
[32m[Pascal][0m Total time 0.5963380336761475
[32m[Pascal][0m Total time 0.5948822498321533
[32m[Pascal][0m Total time 0.5963947772979736
[32m[Pascal][0m Total time 0.5946657657623291
[32m[Pascal][0m Total time 0.5935053825378418
[32m[Pascal][0m Total time 0.5939610004425049
[32m[Pascal][0m Total time 0.5960984230041504
[32m[Pascal][0m Cores: 32 Input: 1 
[32m[Pascal][0m Total time 2.343182325363159
[32m[Pascal][0m Total time 2.3411004543304443
[32m[Pascal][0m Total time 2.3417727947235107
[32m[Pascal][0m Total time 2.342346429824829
[32m[Pascal][0m Total time 2.341683864593506
[32m[Pascal][0m Total time 2.3446779251098633
[32m[Pascal][0m Total time 2.341968059539795
[32m[Pascal][0m Total time 2.3410911560058594
[32m[Pascal][0m Total time 2.343876838684082
[32m[Pascal][0m Total time 2.340883255004883
[32m[Pascal][0m Cores: 32 Input: 2 
[32m[Pascal][0m Total time 9.325663089752197
[32m[Pascal][0m Total time 9.319554805755615
[32m[Pascal][0m Total time 9.322573900222778
[32m[Pascal][0m Total time 9.31744647026062
[32m[Pascal][0m Total time 9.324403285980225
[32m[Pascal][0m Total time 9.318789958953857
[32m[Pascal][0m Total time 9.314631462097168
[32m[Pascal][0m Total time 9.317822933197021
[32m[Pascal][0m Total time 9.321977376937866
[32m[Pascal][0m Total time 9.31630825996399
[32m[Pascal][0m Cores: 32 Input: 3 
[32m[Pascal][0m Total time 37.223124504089355
[32m[Pascal][0m Total time 37.233752489089966
[32m[Pascal][0m Total time 37.21834421157837
[32m[Pascal][0m Total time 37.223708629608154
[32m[Pascal][0m Total time 37.229291915893555
[32m[Pascal][0m Total time 37.21924591064453
[32m[Pascal][0m Total time 37.26627230644226
[32m[Pascal][0m Total time 37.21948790550232
[32m[Pascal][0m Total time 37.22128200531006
[32m[Pascal][0m Total time 37.223122119903564
[32m[Pascal][0m Cores: 16 Input: 0 
[32m[Pascal][0m Total time 1.1727161407470703
[32m[Pascal][0m Total time 1.1730444431304932
[32m[Pascal][0m Total time 1.176811695098877
[32m[Pascal][0m Total time 1.1753811836242676
[32m[Pascal][0m Total time 1.1771764755249023
[32m[Pascal][0m Total time 1.176142692565918
[32m[Pascal][0m Total time 1.1771888732910156
[32m[Pascal][0m Total time 1.1760470867156982
[32m[Pascal][0m Total time 1.1741273403167725
[32m[Pascal][0m Total time 1.173936367034912
[32m[Pascal][0m Cores: 16 Input: 1 
[32m[Pascal][0m Total time 4.657411336898804
[32m[Pascal][0m Total time 4.654661417007446
[32m[Pascal][0m Total time 4.6536853313446045
[32m[Pascal][0m Total time 4.657012462615967
[32m[Pascal][0m Total time 4.656177043914795
[32m[Pascal][0m Total time 4.653351783752441
[32m[Pascal][0m Total time 4.653991460800171
[32m[Pascal][0m Total time 4.656521797180176
[32m[Pascal][0m Total time 4.6591269969940186
[32m[Pascal][0m Total time 4.658197641372681
[32m[Pascal][0m Cores: 16 Input: 2 
[32m[Pascal][0m Total time 18.577691316604614
[32m[Pascal][0m Total time 18.56886649131775
[32m[Pascal][0m Total time 18.567707300186157
[32m[Pascal][0m Total time 18.569690942764282
[32m[Pascal][0m Total time 18.57876944541931
[32m[Pascal][0m Total time 18.57021689414978
[32m[Pascal][0m Total time 18.575114011764526
[32m[Pascal][0m Total time 18.56721329689026
[32m[Pascal][0m Total time 18.565559148788452
[32m[Pascal][0m Total time 18.569411993026733
[32m[Pascal][0m Cores: 16 Input: 3 
[32m[Pascal][0m Total time 74.22418403625488
[32m[Pascal][0m Total time 74.27835702896118
[32m[Pascal][0m Total time 74.2815010547638
[32m[Pascal][0m Total time 74.25121092796326
[32m[Pascal][0m Total time 74.25743126869202
[32m[Pascal][0m Total time 74.26473069190979
[32m[Pascal][0m Total time 74.21825575828552
[32m[Pascal][0m Total time 74.27290558815002
[32m[Pascal][0m Total time 74.21125054359436
[32m[Pascal][0m Total time 74.21894669532776
[32m[Pascal][0m Cores: 8 Input: 0 
[32m[Pascal][0m Total time 2.3330886363983154
[32m[Pascal][0m Total time 2.3338751792907715
[32m[Pascal][0m Total time 2.333648920059204
[32m[Pascal][0m Total time 2.3314454555511475
[32m[Pascal][0m Total time 2.330989122390747
[32m[Pascal][0m Total time 2.333491086959839
[32m[Pascal][0m Total time 2.335129737854004
[32m[Pascal][0m Total time 2.3333280086517334
[32m[Pascal][0m Total time 2.3338990211486816
[32m[Pascal][0m Total time 2.3349814414978027
[32m[Pascal][0m Cores: 8 Input: 1 
[32m[Pascal][0m Total time 9.284498691558838
[32m[Pascal][0m Total time 9.286377906799316
[32m[Pascal][0m Total time 9.287954807281494
[32m[Pascal][0m Total time 9.285431385040283
[32m[Pascal][0m Total time 9.28595232963562
[32m[Pascal][0m Total time 9.286762475967407
[32m[Pascal][0m Total time 9.283190250396729
[32m[Pascal][0m Total time 9.288302898406982
[32m[Pascal][0m Total time 9.288331508636475
[32m[Pascal][0m Total time 9.28551697731018
[32m[Pascal][0m Cores: 8 Input: 2 
[32m[Pascal][0m Total time 37.086488246917725
[32m[Pascal][0m Total time 37.08826756477356
[32m[Pascal][0m Total time 37.09163022041321
[32m[Pascal][0m Total time 37.089855670928955
[32m[Pascal][0m Total time 37.07666611671448
[32m[Pascal][0m Total time 37.08729314804077
[32m[Pascal][0m Total time 37.08812952041626
[32m[Pascal][0m Total time 37.07847833633423
[32m[Pascal][0m Total time 37.08358192443848
[32m[Pascal][0m Total time 37.08576965332031
[32m[Pascal][0m Cores: 8 Input: 3 
[32m[Pascal][0m Total time 148.29189372062683
[32m[Pascal][0m Total time 148.27535104751587
[32m[Pascal][0m Total time 148.25069546699524
[32m[Pascal][0m Total time 148.28918266296387
[32m[Pascal][0m Total time 148.2787606716156
[32m[Pascal][0m Total time 148.25828170776367
[32m[Pascal][0m Total time 148.2983136177063
[32m[Pascal][0m Total time 148.26311445236206
[32m[Pascal][0m Total time 148.29685735702515
[32m[Pascal][0m Total time 148.2393479347229
[32m[Pascal][0m Cores: 4 Input: 0 
[32m[Pascal][0m Total time 4.644268035888672
[32m[Pascal][0m Total time 4.645706415176392
[32m[Pascal][0m Total time 4.6461992263793945
[32m[Pascal][0m Total time 4.65276312828064
[32m[Pascal][0m Total time 4.649155139923096
[32m[Pascal][0m Total time 4.6503987312316895
[32m[Pascal][0m Total time 4.644217491149902
[32m[Pascal][0m Total time 4.651202201843262
[32m[Pascal][0m Total time 4.641492128372192
[32m[Pascal][0m Total time 4.64219856262207
[32m[Pascal][0m Cores: 4 Input: 1 
[32m[Pascal][0m Total time 18.525870323181152
[32m[Pascal][0m Total time 18.54039716720581
[32m[Pascal][0m Total time 18.539474964141846
[32m[Pascal][0m Total time 18.545711040496826
[32m[Pascal][0m Total time 18.538870811462402
[32m[Pascal][0m Total time 18.53974747657776
[32m[Pascal][0m Total time 18.536413192749023
[32m[Pascal][0m Total time 18.540359020233154
[32m[Pascal][0m Total time 18.531317949295044
[32m[Pascal][0m Total time 18.53732442855835
[32m[Pascal][0m Cores: 4 Input: 2 
[32m[Pascal][0m Total time 74.06304883956909
[32m[Pascal][0m Total time 74.05476236343384
[32m[Pascal][0m Total time 74.10469126701355
[32m[Pascal][0m Total time 74.11227011680603
[32m[Pascal][0m Total time 74.1138346195221
[32m[Pascal][0m Total time 74.06066584587097
[32m[Pascal][0m Total time 74.0734293460846
[32m[Pascal][0m Total time 74.06144571304321
[32m[Pascal][0m Total time 74.1079912185669
[32m[Pascal][0m Total time 74.08652520179749
[32m[Pascal][0m Cores: 4 Input: 3 
[32m[Pascal][0m Total time 296.20635747909546
[32m[Pascal][0m Total time 296.1879539489746
[32m[Pascal][0m Total time 296.24457716941833
[32m[Pascal][0m Total time 296.2062005996704
[32m[Pascal][0m Total time 296.2802221775055
[32m[Pascal][0m Total time 296.19834089279175
[32m[Pascal][0m Total time 296.1919310092926
[32m[Pascal][0m Total time 296.1851089000702
[32m[Pascal][0m Total time 296.19263982772827
[32m[Pascal][0m Total time 296.21800899505615
[32m[Pascal][0m Cores: 2 Input: 0 
[32m[Pascal][0m Total time 9.265055418014526
[32m[Pascal][0m Total time 9.265042066574097
[32m[Pascal][0m Total time 9.26633906364441
[32m[Pascal][0m Total time 9.264677047729492
[32m[Pascal][0m Total time 9.264362096786499
[32m[Pascal][0m Total time 9.263879537582397
[32m[Pascal][0m Total time 9.263556241989136
[32m[Pascal][0m Total time 9.264655590057373
[32m[Pascal][0m Total time 9.26513934135437
[32m[Pascal][0m Total time 9.264179229736328
[32m[Pascal][0m Cores: 2 Input: 1 
[32m[Pascal][0m Total time 37.02326679229736
[32m[Pascal][0m Total time 37.02232503890991
[32m[Pascal][0m Total time 37.02454423904419
[32m[Pascal][0m Total time 37.01834416389465
[32m[Pascal][0m Total time 37.02592873573303
[32m[Pascal][0m Total time 37.02709937095642
[32m[Pascal][0m Total time 37.02539086341858
[32m[Pascal][0m Total time 37.02640771865845
[32m[Pascal][0m Total time 37.0199339389801
[32m[Pascal][0m Total time 37.014426708221436
[32m[Pascal][0m Cores: 2 Input: 2 
[32m[Pascal][0m Total time 148.0253074169159
[32m[Pascal][0m Total time 148.03254675865173
[32m[Pascal][0m Total time 148.0606291294098
[32m[Pascal][0m Total time 148.04419875144958
[32m[Pascal][0m Total time 148.05242586135864
[32m[Pascal][0m Total time 148.04441213607788
[32m[Pascal][0m Total time 148.03024077415466
[32m[Pascal][0m Total time 148.0427441596985
[32m[Pascal][0m Total time 148.02756452560425
[32m[Pascal][0m Total time 148.03142595291138
[32m[Pascal][0m Cores: 2 Input: 3 
[32m[Pascal][0m Total time 592.1356499195099
[32m[Pascal][0m Total time 592.1389920711517
[32m[Pascal][0m Total time 592.0782561302185
[32m[Pascal][0m Total time 592.1763548851013
[32m[Pascal][0m Total time 592.121940612793
[32m[Pascal][0m Total time 592.0936398506165
[32m[Pascal][0m Total time 592.1646196842194
[32m[Pascal][0m Total time 592.1616537570953
[32m[Pascal][0m Total time 592.2097613811493
[32m[Pascal][0m Total time 592.0815422534943
[32m[Pascal][0m Cores: 1 Input: 0 
[32m[Pascal][0m Total time 18.516777276992798
[32m[Pascal][0m Total time 18.501937866210938
[32m[Pascal][0m Total time 18.50394058227539
[32m[Pascal][0m Total time 18.503681421279907
[32m[Pascal][0m Total time 18.506532192230225
[32m[Pascal][0m Total time 18.5046865940094
[32m[Pascal][0m Total time 18.506956338882446
[32m[Pascal][0m Total time 18.508331537246704
[32m[Pascal][0m Total time 18.506924390792847
[32m[Pascal][0m Total time 18.50527548789978
[32m[Pascal][0m Cores: 1 Input: 1 
[32m[Pascal][0m Total time 73.98549675941467
[32m[Pascal][0m Total time 74.01232481002808
[32m[Pascal][0m Total time 74.0037693977356
[32m[Pascal][0m Total time 73.98792123794556
[32m[Pascal][0m Total time 74.01196646690369
[32m[Pascal][0m Total time 74.00525379180908
[32m[Pascal][0m Total time 73.99919295310974
[32m[Pascal][0m Total time 74.00213956832886
[32m[Pascal][0m Total time 73.98033618927002
[32m[Pascal][0m Total time 74.00731468200684
[32m[Pascal][0m Cores: 1 Input: 2 
[32m[Pascal][0m Total time 295.9858000278473
[32m[Pascal][0m Total time 295.9859206676483
[32m[Pascal][0m Total time 295.9761416912079
[32m[Pascal][0m Total time 296.0313494205475
[32m[Pascal][0m Total time 296.0924575328827
[32m[Pascal][0m Total time 295.94929218292236
[32m[Pascal][0m Total time 295.93198442459106
[32m[Pascal][0m Total time 296.00880670547485
[32m[Pascal][0m Total time 296.06063866615295
[32m[Pascal][0m Total time 296.05529522895813
[32m[Pascal][0m Cores: 1 Input: 3 
[32m[Pascal][0m Total time 1184.13676404953
[32m[Pascal][0m Total time 1184.1800498962402
[32m[Pascal][0m Total time 1184.1333632469177
[32m[Pascal][0m Total time 1183.6684656143188
[32m[Pascal][0m Total time 1184.14461684227
[32m[Pascal][0m Total time 1184.0923297405243
[32m[Pascal][0m Total time 1183.7848551273346
[32m[Pascal][0m Total time 1183.9335429668427
[32m[Pascal][0m Total time 1184.181438446045
[32m[Pascal][0m Total time 1184.0912890434265
[32m[Pascal][0m ***** Done! *****
[32m[Pascal][0m Saving data
